#
# A fatal error has been detected by the Java Runtime Environment:
#
#  SIGBUS (0xa) at pc=0x000000010dec14f0, pid=2316, tid=34315
#
# JRE version: OpenJDK Runtime Environment Temurin-17.0.2+8 (17.0.2+8) (build 17.0.2+8)
# Java VM: OpenJDK 64-Bit Server VM Temurin-17.0.2+8 (17.0.2+8, mixed mode, tiered, compressed oops, compressed class ptrs, g1 gc, bsd-aarch64)
# Problematic frame:
# v  ~StubRoutines::SafeFetchN
#
# No core dump will be written. Core dumps have been disabled. To enable core dumping, try "ulimit -c unlimited" before starting Java again
#
# If you would like to submit a bug report, please visit:
#   https://github.com/adoptium/adoptium-support/issues
# The crash happened outside the Java Virtual Machine in native code.
# See problematic frame for where to report the bug.
#

---------------  S U M M A R Y ------------

Command Line: -javaagent:/Applications/IntelliJ IDEA CE.app/Contents/lib/idea_rt.jar=50086:/Applications/IntelliJ IDEA CE.app/Contents/bin -Dfile.encoding=UTF-8 --module-path=/Users/abheektripathy/IdeaProjects/ZeusFx-MP/target/classes:/Users/abheektripathy/.m2/repository/org/openjfx/javafx-controls/17.0.1/javafx-controls-17.0.1-mac-aarch64.jar:/Users/abheektripathy/.m2/repository/org/openjfx/javafx-fxml/17.0.1/javafx-fxml-17.0.1-mac-aarch64.jar:/Users/abheektripathy/.m2/repository/org/openjfx/javafx-base/17.0.1/javafx-base-17.0.1-mac-aarch64.jar:/Users/abheektripathy/.m2/repository/org/openjfx/javafx-graphics/17.0.1/javafx-graphics-17.0.1-mac-aarch64.jar:/Users/abheektripathy/.m2/repository/org/openjfx/javafx-media/17.0.1/javafx-media-17.0.1-mac-aarch64.jar -Djdk.module.main=com.tripathy.zeusfxmp com.tripathy.zeusfxmp/com.tripathy.zeusfxmp.HelloApplication

Host: "MacBookPro17,1" arm64 1 MHz, 8 cores, 8G, Darwin 21.5.0, macOS 12.4 (21F79)
Time: Tue Jun 14 16:02:04 2022 IST elapsed time: 4.635584 seconds (0d 0h 0m 4s)

---------------  T H R E A D  ---------------

Current thread (0x000000011e80e600):  JavaThread "InvokeLaterDispatcher" daemon [_thread_in_native, id=34315, stack(0x000000016e780000,0x000000016e983000)]

Stack: [0x000000016e780000,0x000000016e983000],  sp=0x000000016e982780,  free space=2057k
Native frames: (J=compiled Java code, j=interpreted, Vv=VM code, C=native code)
v  ~StubRoutines::SafeFetchN
V  [libjvm.dylib+0x7ba2dc]  _ZN10OopStorage7releaseEPKP7oopDesc+0x20
V  [libjvm.dylib+0x4c5750]  jni_DeleteGlobalRef+0xd8
C  [libglass.dylib+0xab08]  -[GlassRunnable dealloc]+0x34
C  [Foundation+0x85318]  -[_NSThreadPerformInfo dealloc]+0x30
C  [Foundation+0x518ac]  -[NSObject(NSThreadPerformAdditions) performSelectorOnMainThread:withObject:waitUntilDone:]+0x88
C  0xb90180010dec98ac
j  com.sun.glass.ui.mac.MacApplication.submitForLaterInvocation(Ljava/lang/Runnable;)V+2 javafx.graphics
j  com.sun.glass.ui.InvokeLaterDispatcher.run()V+82 javafx.graphics
v  ~StubRoutines::call_stub
V  [libjvm.dylib+0x46a8f0]  _ZN9JavaCalls11call_helperEP9JavaValueRK12methodHandleP17JavaCallArgumentsP10JavaThread+0x38c
V  [libjvm.dylib+0x46990c]  _ZN9JavaCalls12call_virtualEP9JavaValueP5KlassP6SymbolS5_P17JavaCallArgumentsP10JavaThread+0x11c
V  [libjvm.dylib+0x4699d8]  _ZN9JavaCalls12call_virtualEP9JavaValue6HandleP5KlassP6SymbolS6_P10JavaThread+0x64
V  [libjvm.dylib+0x521e64]  _ZL12thread_entryP10JavaThreadS0_+0xc4
V  [libjvm.dylib+0x99aac0]  _ZN10JavaThread17thread_main_innerEv+0x13c
V  [libjvm.dylib+0x99919c]  _ZN6Thread8call_runEv+0x128
V  [libjvm.dylib+0x7c1124]  _ZL19thread_native_entryP6Thread+0x158
C  [libsystem_pthread.dylib+0x726c]  _pthread_start+0x94

Java frames: (J=compiled Java code, j=interpreted, Vv=VM code)
j  com.sun.glass.ui.mac.MacApplication._submitForLaterInvocation(Ljava/lang/Runnable;)V+0 javafx.graphics
j  com.sun.glass.ui.mac.MacApplication.submitForLaterInvocation(Ljava/lang/Runnable;)V+2 javafx.graphics
j  com.sun.glass.ui.InvokeLaterDispatcher.run()V+82 javafx.graphics
v  ~StubRoutines::call_stub

siginfo: si_signo: 10 (SIGBUS), si_code: 1 (BUS_ADRALN), si_addr: 0x000000010dec14f0

Register to memory mapping:

 x0=0x000000012f005b48 points into unknown readable memory: 0x0000000000000000 | 00 00 00 00 00 00 00 00
 x1=0x0 is NULL
 x2=0x0000000787f4d0b0 is an oop: com.sun.glass.ui.InvokeLaterDispatcher$Future 
{0x0000000787f4d0b0} - klass: 'com/sun/glass/ui/InvokeLaterDispatcher$Future'
 - ---- fields (total size 3 words):
 - private 'done' 'Z' @12  true
 - private final 'runnable' 'Ljava/lang/Runnable;' @16  a 'com/sun/javafx/application/PlatformImpl$$Lambda$92+0x0000000800115278'{0x00000007864de148} (f0c9bc29)
 - final synthetic 'this$0' 'Lcom/sun/glass/ui/InvokeLaterDispatcher;' @20  a 'com/sun/glass/ui/InvokeLaterDispatcher'{0x00000007800dad40} (f001b5a8)
 x3=0x0 is NULL
 x4=0x00000000000130a8 is an unknown value
 x5=0x0 is NULL
 x6=0x0 is NULL
 x7=0x0 is NULL
 x8=0x000000010dec14ec is at begin+0 in a stub
StubRoutines::SafeFetchN [0x000000010dec14ec, 0x000000010dec14f8] (12 bytes)
 x9=0x0 is NULL
x10=0x2010000030300000 is an unknown value
x11=0x0000000000000007 is an unknown value
x12=0x0 is NULL
x13=0x0000600001c39af0 points into unknown readable memory: 0x0000000000000000 | 00 00 00 00 00 00 00 00
x14=0x00000e0000000000 is an unknown value
x15=0x000000011e299f98: OBJC_CLASS_$_GlassRunnable+0 in /Users/abheektripathy/.openjfx/cache/17.0.1/libglass.dylib at 0x000000011e254000
x16=0x000000019c5670fc: pthread_getspecific+0 in /usr/lib/system/libsystem_pthread.dylib at 0x000000019c565000
x17=0x0000600001605680 points into unknown readable memory: 0xfffffffffffffffe | fe ff ff ff ff ff ff ff
x18=0x0 is NULL
x19=0x0000600001900690 points into unknown readable memory: 0x00006000030282c0 | c0 82 02 03 00 60 00 00
x20=0x000000012f005940 points into unknown readable memory: 0x0000600001c00580 | 80 05 c0 01 00 60 00 00
x21=0x000000012f005b48 points into unknown readable memory: 0x0000000000000000 | 00 00 00 00 00 00 00 00
x22=0x000000011e80e600 is a thread
x23=0x0000000000000001 is an unknown value
x24=0x000000012f005b00 is a global jni handle
x25=0x00000001060b3a08: _ZN12StubRoutines17_safefetchN_entryE+0 in /Library/Java/JavaVirtualMachines/temurin-17.jdk/Contents/Home/lib/server/libjvm.dylib at 0x0000000105458000
x26=0x0000000143054ca8 is pointing into metadata
x27=0x0 is NULL
x28=0x000000011e80e600 is a thread


Registers:
 x0=0x000000012f005b48  x1=0x0000000000000000  x2=0x0000000787f4d0b0  x3=0x0000000000000000
 x4=0x00000000000130a8  x5=0x0000000000000000  x6=0x0000000000000000  x7=0x0000000000000000
 x8=0x000000010dec14ec  x9=0x0000000000000000 x10=0x2010000030300000 x11=0x0000000000000007
x12=0x0000000000000000 x13=0x0000600001c39af0 x14=0x00000e0000000000 x15=0x000000011e299f98
x16=0x000000019c5670fc x17=0x0000600001605680 x18=0x0000000000000000 x19=0x0000600001900690
x20=0x000000012f005940 x21=0x000000012f005b48 x22=0x000000011e80e600 x23=0x0000000000000001
x24=0x000000012f005b00 x25=0x00000001060b3a08 x26=0x0000000143054ca8 x27=0x0000000000000000
x28=0x000000011e80e600  fp=0x000000016e9827c0  lr=0x0000000105c110ac  sp=0x000000016e982780
pc=0x000000010dec14f0 cpsr=0x0000000060001000
Top of Stack: (sp=0x000000016e982780)
0x000000016e982780:   0000000143054ca8 0000000000000001
0x000000016e982790:   000000016e982988 0000000000000000
0x000000016e9827a0:   000000011f252aa8 000000012f005b18
0x000000016e9827b0:   000000012f005b18 0000600001900690
0x000000016e9827c0:   000000016e982800 0000000105c122dc
0x000000016e9827d0:   0000000000000001 000000012f005b18
0x000000016e9827e0:   000000011f252aa8 000000012f005b18
0x000000016e9827f0:   0000000000000001 000000011f252800
0x000000016e982800:   000000016e982840 000000010591d750
0x000000016e982810:   000000016e982988 000060000301a5f0
0x000000016e982820:   000060000301a670 00000001e682530c
0x000000016e982830:   0000000000000000 000060000301a670
0x000000016e982840:   000000016e982870 000000011e25eb08
0x000000016e982850:   d65edc62dffd00c4 0000000000000000
0x000000016e982860:   0000000000000000 0000600002790a80
0x000000016e982870:   000000016e9828b0 000000019d53c318
0x000000016e982880:   000000016e982988 000060000301a5f0
0x000000016e982890:   000060000301a670 d65edc62dffd00c4
0x000000016e9828a0:   0000000000000000 0000000000000000
0x000000016e9828b0:   000000016e9828f0 856c00019d5088ac
0x000000016e9828c0:   000000016e982988 000000010dec87c0
0x000000016e9828d0:   0000000000000000 00000001060bb3c8
0x000000016e9828e0:   000000016e982900 000000010dec7730
0x000000016e9828f0:   000000016e982960 b90180010dec98ac
0x000000016e982900:   000000016e982968 0000000143170108
0x000000016e982910:   000000016e982910 0000000000000000
0x000000016e982920:   000000016e982988 0000000143054ca8
0x000000016e982930:   0000000780134e30 0000000000000000
0x000000016e982940:   0000000000000000 000000014302c8f0
0x000000016e982950:   0000000000000000 000000016e982960
0x000000016e982960:   000000016e9829e0 000000010dec5fc8
0x000000016e982970:   0000000000000000 0000000000000000 

Instructions: (pc=0x000000010dec14f0)
0x000000010dec13f0:   f2a0c109 f2c00029 6d425935 1e640886
0x000000010dec1400:   0c402d31 1e6408c7 1f5654d0 1e6c1017
0x000000010dec1410:   1f5050d0 1f504cd0 1f5048d0 1e650af6
0x000000010dec1420:   1f50d8f6 1f5694d6 1f5158f6 1e762880
0x000000010dec1430:   36000501 1e614000 14000026 2e251ca5
0x000000010dec1440:   d2803009 f2a0c109 f2c00029 6d425d36
0x000000010dec1450:   1e600806 0c402d32 1f5758c7 1e6c101a
0x000000010dec1460:   1f4754c7 1e650805 1f4750c7 d2866668
0x000000010dec1470:   f2a7fa68 1f474cc7 1e6608c0 1f4748c7
0x000000010dec1480:   1e6e1019 eb08007f 540000ac 1f479400
0x000000010dec1490:   1f460340 1e603b20 1400000e d2a7fd29
0x000000010dec14a0:   eb09007f 540000ac 51480069 d3607d29
0x000000010dec14b0:   9e670121 14000002 1e6a5001 1f679417
0x000000010dec14c0:   1f668742 1e613b23 1e773857 1e773860
0x000000010dec14d0:   a8c17ff3 910003bf a8c17bfd d65f03c0
0x000000010dec14e0:   b9400001 aa0103e0 d65f03c0 f9400001
0x000000010dec14f0:   aa0103e0 d65f03c0 00000000 00000000
0x000000010dec1500:   00000000 00000000 00000000 00000000
0x000000010dec1510:   00000000 00000000 00000000 00000000
0x000000010dec1520:   00000000 00000000 00000000 00000000
0x000000010dec1530:   00000000 00000000 00000000 00000000
0x000000010dec1540:   00000000 00000000 00000000 00000000
0x000000010dec1550:   00000000 00000000 00000000 00000000
0x000000010dec1560:   00000000 00000000 00000000 00000000
0x000000010dec1570:   00000000 00000000 00000000 00000000
0x000000010dec1580:   00000000 00000000 00000000 00000000
0x000000010dec1590:   00000000 00000000 00000000 00000000
0x000000010dec15a0:   00000000 00000000 00000000 00000000
0x000000010dec15b0:   00000000 00000000 00000000 00000000
0x000000010dec15c0:   00000000 00000000 00000000 00000000
0x000000010dec15d0:   00000000 00000000 00000000 00000000
0x000000010dec15e0:   00000000 00000000 00000000 00000000 


Stack slot to memory mapping:
stack at sp + 0 slots: 0x0000000143054ca8 is pointing into metadata
stack at sp + 1 slots: 0x0000000000000001 is an unknown value
stack at sp + 2 slots: 0x000000016e982988 is pointing into the stack for thread: 0x000000011e80e600
stack at sp + 3 slots: 0x0 is NULL
stack at sp + 4 slots: 0x000000011f252aa8 points into unknown readable memory: 0x000000010606e888 | 88 e8 06 06 01 00 00 00
stack at sp + 5 slots: 0x000000012f005b18 is a global jni handle
stack at sp + 6 slots: 0x000000012f005b18 is a global jni handle
stack at sp + 7 slots: 0x0000600001900690 points into unknown readable memory: 0x00006000030282c0 | c0 82 02 03 00 60 00 00

StubRoutines::SafeFetchN [0x000000010dec14ec, 0x000000010dec14f8] (12 bytes)
[MachCode]
  0x000000010dec14ec: 0100 40f9 | e003 01aa | c003 5fd6 
[/MachCode]

---------------  P R O C E S S  ---------------

Threads class SMR info:
_java_thread_list=0x00006000032139c0, length=26, elements={
0x000000011f008a00, 0x000000011f0c9000, 0x000000011f0cb800, 0x000000012f814200,
0x000000012f815000, 0x000000012f815600, 0x000000012f815c00, 0x000000012f816200,
0x000000012f81c200, 0x000000011f0c9c00, 0x000000012f8ea800, 0x000000014280a400,
0x000000011f009000, 0x000000011e80e600, 0x000000011f252800, 0x000000011d84a600,
0x000000011f29f800, 0x000000011f2b9400, 0x000000011f255a00, 0x000000012e98fa00,
0x000000011ea60800, 0x000000011f6e7000, 0x000000011ea7e000, 0x000000012eb23600,
0x000000011f88c400, 0x000000011d84c000
}

Java Threads: ( => current thread )
  0x000000011f008a00 JavaThread "main" [_thread_blocked, id=9987, stack(0x000000016bd78000,0x000000016bf7b000)]
  0x000000011f0c9000 JavaThread "Reference Handler" daemon [_thread_blocked, id=17667, stack(0x000000016cbcc000,0x000000016cdcf000)]
  0x000000011f0cb800 JavaThread "Finalizer" daemon [_thread_blocked, id=16387, stack(0x000000016cdd8000,0x000000016cfdb000)]
  0x000000012f814200 JavaThread "Signal Dispatcher" daemon [_thread_blocked, id=42243, stack(0x000000016d0fc000,0x000000016d2ff000)]
  0x000000012f815000 JavaThread "Service Thread" daemon [_thread_blocked, id=22787, stack(0x000000016d308000,0x000000016d50b000)]
  0x000000012f815600 JavaThread "Monitor Deflation Thread" daemon [_thread_blocked, id=23299, stack(0x000000016d514000,0x000000016d717000)]
  0x000000012f815c00 JavaThread "C2 CompilerThread0" daemon [_thread_blocked, id=41731, stack(0x000000016d720000,0x000000016d923000)]
  0x000000012f816200 JavaThread "C1 CompilerThread0" daemon [_thread_blocked, id=24067, stack(0x000000016d92c000,0x000000016db2f000)]
  0x000000012f81c200 JavaThread "Sweeper thread" daemon [_thread_blocked, id=41475, stack(0x000000016db38000,0x000000016dd3b000)]
  0x000000011f0c9c00 JavaThread "Common-Cleaner" daemon [_thread_blocked, id=24835, stack(0x000000016dd44000,0x000000016df47000)]
  0x000000012f8ea800 JavaThread "Monitor Ctrl-Break" daemon [_thread_in_native, id=40963, stack(0x000000016df50000,0x000000016e153000)]
  0x000000014280a400 JavaThread "Notification Thread" daemon [_thread_blocked, id=25347, stack(0x000000016e15c000,0x000000016e35f000)]
  0x000000011f009000 JavaThread "QuantumRenderer-0" daemon [_thread_blocked, id=25603, stack(0x000000016e574000,0x000000016e777000)]
=>0x000000011e80e600 JavaThread "InvokeLaterDispatcher" daemon [_thread_in_native, id=34315, stack(0x000000016e780000,0x000000016e983000)]
  0x000000011f252800 JavaThread "JavaFX Application Thread" [_thread_in_vm, id=259, stack(0x000000016b4f0000,0x000000016bcec000)]
  0x000000011d84a600 JavaThread "JavaFX-Launcher" [_thread_blocked, id=52743, stack(0x000000016ec24000,0x000000016ee27000)]
  0x000000011f29f800 JavaThread "Attach Listener" daemon [_thread_blocked, id=77835, stack(0x000000016fc84000,0x000000016fe87000)]
  0x000000011f2b9400 JavaThread "JFXMedia Player EventQueueThread" daemon [_thread_blocked, id=59399, stack(0x0000000280004000,0x0000000280207000)]
  0x000000011f255a00 JavaThread "Prism Font Disposer" daemon [_thread_blocked, id=170759, stack(0x0000000280328000,0x000000028052b000)]
  0x000000012e98fa00 JavaThread "Media Resource Disposer" daemon [_thread_blocked, id=165639, stack(0x0000000281e00000,0x0000000282003000)]
  0x000000011ea60800 JavaThread "Cleaner-0" daemon [_thread_blocked, id=163863, stack(0x000000028200c000,0x000000028220f000)]
  0x000000011f6e7000 JavaThread "JFXMedia Player EventQueueThread" daemon [_thread_blocked, id=160547, stack(0x00000002829c4000,0x0000000282bc7000)]
  0x000000011ea7e000 JavaThread "Timer-0" [_thread_blocked, id=159747, stack(0x0000000282c5c000,0x0000000282e5f000)]
  0x000000012eb23600 JavaThread "Timer-1" daemon [_thread_blocked, id=1311, stack(0x0000000282e68000,0x000000028306b000)]
  0x000000011f88c400 JavaThread "Timer-2" [_thread_blocked, id=158211, stack(0x0000000283100000,0x0000000283303000)]
  0x000000011d84c000 JavaThread "PulseTimer-CVDisplayLink thread" daemon [_thread_in_native, id=158751, stack(0x000000028029c000,0x000000028031f000)]

Other Threads:
  0x000000011e60c4a0 VMThread "VM Thread" [stack: 0x000000016c9c0000,0x000000016cbc3000] [id=18435]
  0x000000012e70e3f0 WatcherThread [stack: 0x000000016e368000,0x000000016e56b000] [id=40451]
  0x000000011e606650 GCTaskThread "GC Thread#0" [stack: 0x000000016bf84000,0x000000016c187000] [id=12803]
  0x000000011e71a140 GCTaskThread "GC Thread#1" [stack: 0x000000016ee30000,0x000000016f033000] [id=56323]
  0x000000011e71a5c0 GCTaskThread "GC Thread#2" [stack: 0x000000016f03c000,0x000000016f23f000] [id=71683]
  0x000000011e71aa40 GCTaskThread "GC Thread#3" [stack: 0x000000016f248000,0x000000016f44b000] [id=71427]
  0x000000011e71b2b0 GCTaskThread "GC Thread#4" [stack: 0x000000016f454000,0x000000016f657000] [id=57091]
  0x000000011e71bb20 GCTaskThread "GC Thread#5" [stack: 0x000000016f660000,0x000000016f863000] [id=57603]
  0x000000011e71c7d0 GCTaskThread "GC Thread#6" [stack: 0x000000016f86c000,0x000000016fa6f000] [id=71171]
  0x000000012e710f30 GCTaskThread "GC Thread#7" [stack: 0x000000016fa78000,0x000000016fc7b000] [id=70915]
  0x000000011e606d00 ConcurrentGCThread "G1 Main Marker" [stack: 0x000000016c190000,0x000000016c393000] [id=13059]
  0x0000000105304080 ConcurrentGCThread "G1 Conc#0" [stack: 0x000000016c39c000,0x000000016c59f000] [id=19459]
  0x000000011e74f680 ConcurrentGCThread "G1 Conc#1" [stack: 0x0000000280534000,0x0000000280737000] [id=92419]
  0x000000011e608b80 ConcurrentGCThread "G1 Refine#0" [stack: 0x000000016c5a8000,0x000000016c7ab000] [id=14083]
  0x000000012e7043a0 ConcurrentGCThread "G1 Service" [stack: 0x000000016c7b4000,0x000000016c9b7000] [id=14595]

Threads with active compile tasks:

VM state: not at safepoint (normal execution)

VM Mutex/Monitor currently owned by a thread: None

Heap address: 0x0000000780000000, size: 2048 MB, Compressed Oops mode: Zero based, Oop shift amount: 3

CDS archive(s) not mapped
Compressed class space mapped at: 0x0000000800000000-0x0000000840000000, reserved size: 1073741824
Narrow klass base: 0x0000000800000000, Narrow klass shift: 0, Narrow klass range: 0x40000000

GC Precious Log:
 CPUs: 8 total, 8 available
 Memory: 8192M
 Large Page Support: Disabled
 NUMA Support: Disabled
 Compressed Oops: Enabled (Zero based)
 Heap Region Size: 1M
 Heap Min Capacity: 8M
 Heap Initial Capacity: 128M
 Heap Max Capacity: 2G
 Pre-touch: Disabled
 Parallel Workers: 8
 Concurrent Workers: 2
 Concurrent Refinement Workers: 8
 Periodic GC: Disabled

Heap:
 garbage-first heap   total 34816K, used 13161K [0x0000000780000000, 0x0000000800000000)
  region size 1024K, 3 young (3072K), 1 survivors (1024K)
 Metaspace       used 25564K, committed 25856K, reserved 1073152K
  class space    used 3313K, committed 3456K, reserved 1048576K

Heap Regions: E=young(eden), S=young(survivor), O=old, HS=humongous(starts), HC=humongous(continues), CS=collection set, F=free, OA=open archive, CA=closed archive, TAMS=top-at-mark-start (previous, next)
|   0|0x0000000780000000, 0x0000000780100000, 0x0000000780100000|100%| O|  |TAMS 0x00000007800c2600, 0x0000000780000000| Untracked 
|   1|0x0000000780100000, 0x0000000780200000, 0x0000000780200000|100%| O|  |TAMS 0x0000000780100000, 0x0000000780100000| Untracked 
|   2|0x0000000780200000, 0x0000000780300000, 0x0000000780300000|100%| O|  |TAMS 0x0000000780200000, 0x0000000780200000| Untracked 
|   3|0x0000000780300000, 0x0000000780300000, 0x0000000780400000|  0%| F|  |TAMS 0x0000000780300000, 0x0000000780300000| Untracked 
|   4|0x0000000780400000, 0x0000000780500000, 0x0000000780500000|100%|HS|  |TAMS 0x0000000780400000, 0x0000000780400000| Complete 
|   5|0x0000000780500000, 0x0000000780600000, 0x0000000780600000|100%|HC|  |TAMS 0x0000000780500000, 0x0000000780500000| Complete 
|   6|0x0000000780600000, 0x0000000780700000, 0x0000000780700000|100%| O|  |TAMS 0x0000000780600000, 0x0000000780600000| Untracked 
|   7|0x0000000780700000, 0x0000000780800000, 0x0000000780800000|100%| O|  |TAMS 0x0000000780700000, 0x0000000780700000| Untracked 
|   8|0x0000000780800000, 0x0000000780900000, 0x0000000780900000|100%| O|  |TAMS 0x0000000780800000, 0x0000000780800000| Untracked 
|   9|0x0000000780900000, 0x0000000780a00000, 0x0000000780a00000|100%| O|  |TAMS 0x0000000780900000, 0x0000000780900000| Untracked 
|  10|0x0000000780a00000, 0x0000000780b00000, 0x0000000780b00000|100%| O|  |TAMS 0x0000000780a00000, 0x0000000780a00000| Untracked 
|  11|0x0000000780b00000, 0x0000000780c00000, 0x0000000780c00000|100%| O|  |TAMS 0x0000000780b00000, 0x0000000780b00000| Untracked 
|  12|0x0000000780c00000, 0x0000000780c00000, 0x0000000780d00000|  0%| F|  |TAMS 0x0000000780c00000, 0x0000000780c00000| Untracked 
|  13|0x0000000780d00000, 0x0000000780d00000, 0x0000000780e00000|  0%| F|  |TAMS 0x0000000780d00000, 0x0000000780d00000| Untracked 
|  14|0x0000000780e00000, 0x0000000780e88e00, 0x0000000780f00000| 53%| O|  |TAMS 0x0000000780e00000, 0x0000000780e00000| Untracked 
|  15|0x0000000780f00000, 0x0000000780f00000, 0x0000000781000000|  0%| F|  |TAMS 0x0000000780f00000, 0x0000000780f00000| Untracked 
|  16|0x0000000781000000, 0x0000000781000000, 0x0000000781100000|  0%| F|  |TAMS 0x0000000781000000, 0x0000000781000000| Untracked 
|  17|0x0000000781100000, 0x0000000781100000, 0x0000000781200000|  0%| F|  |TAMS 0x0000000781100000, 0x0000000781100000| Untracked 
|  18|0x0000000781200000, 0x0000000781200000, 0x0000000781300000|  0%| F|  |TAMS 0x0000000781200000, 0x0000000781200000| Untracked 
|  19|0x0000000781300000, 0x0000000781300000, 0x0000000781400000|  0%| F|  |TAMS 0x0000000781300000, 0x0000000781300000| Untracked 
|  20|0x0000000781400000, 0x0000000781400000, 0x0000000781500000|  0%| F|  |TAMS 0x0000000781400000, 0x0000000781400000| Untracked 
|  21|0x0000000781500000, 0x0000000781500000, 0x0000000781600000|  0%| F|  |TAMS 0x0000000781500000, 0x0000000781500000| Untracked 
|  22|0x0000000781600000, 0x0000000781600000, 0x0000000781700000|  0%| F|  |TAMS 0x0000000781600000, 0x0000000781600000| Untracked 
|  23|0x0000000781700000, 0x0000000781700000, 0x0000000781800000|  0%| F|  |TAMS 0x0000000781700000, 0x0000000781700000| Untracked 
|  24|0x0000000781800000, 0x0000000781800000, 0x0000000781900000|  0%| F|  |TAMS 0x0000000781800000, 0x0000000781800000| Untracked 
|  25|0x0000000781900000, 0x0000000781900000, 0x0000000781a00000|  0%| F|  |TAMS 0x0000000781900000, 0x0000000781900000| Untracked 
|  26|0x0000000781a00000, 0x0000000781a00000, 0x0000000781b00000|  0%| F|  |TAMS 0x0000000781a00000, 0x0000000781a00000| Untracked 
|  27|0x0000000781b00000, 0x0000000781b00000, 0x0000000781c00000|  0%| F|  |TAMS 0x0000000781b00000, 0x0000000781b00000| Untracked 
|  97|0x0000000786100000, 0x0000000786100000, 0x0000000786200000|  0%| F|  |TAMS 0x0000000786100000, 0x0000000786100000| Untracked 
|  98|0x0000000786200000, 0x0000000786200000, 0x0000000786300000|  0%| F|  |TAMS 0x0000000786200000, 0x0000000786200000| Untracked 
|  99|0x0000000786300000, 0x0000000786300000, 0x0000000786400000|  0%| F|  |TAMS 0x0000000786300000, 0x0000000786300000| Untracked 
| 100|0x0000000786400000, 0x00000007864ea9d0, 0x0000000786500000| 91%| E|  |TAMS 0x0000000786400000, 0x0000000786400000| Complete 
| 101|0x0000000786500000, 0x0000000786551870, 0x0000000786600000| 31%| S|CS|TAMS 0x0000000786500000, 0x0000000786500000| Complete 
| 127|0x0000000787f00000, 0x0000000788000000, 0x0000000788000000|100%| E|CS|TAMS 0x0000000787f00000, 0x0000000787f00000| Complete 

Card table byte_map: [0x0000000104a30000,0x0000000104e30000] _byte_map_base: 0x0000000100e30000

Marking Bits (Prev, Next): (CMBitMap*) 0x000000011f02dc50, (CMBitMap*) 0x000000011f02dc10
 Prev Bits: [0x000000012a000000, 0x000000012c000000)
 Next Bits: [0x0000000128000000, 0x000000012a000000)

Polling page: 0x0000000104298000

Metaspace:

Usage:
  Non-class:     21.73 MB used.
      Class:      3.24 MB used.
       Both:     24.97 MB used.

Virtual space:
  Non-class space:       24.00 MB reserved,      21.88 MB ( 91%) committed,  3 nodes.
      Class space:        1.00 GB reserved,       3.38 MB ( <1%) committed,  1 nodes.
             Both:        1.02 GB reserved,      25.25 MB (  2%) committed. 

Chunk freelists:
   Non-Class:  2.16 MB
       Class:  636.00 KB
        Both:  2.78 MB

MaxMetaspaceSize: unlimited
CompressedClassSpaceSize: 1.00 GB
Initial GC threshold: 21.00 MB
Current GC threshold: 35.25 MB
CDS: off
MetaspaceReclaimPolicy: balanced
 - commit_granule_bytes: 65536.
 - commit_granule_words: 8192.
 - virtual_space_node_default_size: 1048576.
 - enlarge_chunks_in_place: 1.
 - new_chunks_are_fully_committed: 0.
 - uncommit_free_chunks: 1.
 - use_allocation_guard: 0.
 - handle_deallocations: 1.


Internal statistics:

num_allocs_failed_limit: 3.
num_arena_births: 206.
num_arena_deaths: 0.
num_vsnodes_births: 4.
num_vsnodes_deaths: 0.
num_space_committed: 404.
num_space_uncommitted: 0.
num_chunks_returned_to_freelist: 3.
num_chunks_taken_from_freelist: 777.
num_chunk_merges: 3.
num_chunk_splits: 519.
num_chunks_enlarged: 396.
num_purges: 0.
num_inconsistent_stats: 0.

CodeHeap 'non-profiled nmethods': size=120032Kb used=1003Kb max_used=1003Kb free=119028Kb
 bounds [0x0000000115988000, 0x0000000115bf8000, 0x000000011cec0000]
CodeHeap 'profiled nmethods': size=120016Kb used=4746Kb max_used=4746Kb free=115269Kb
 bounds [0x000000010e454000, 0x000000010e904000, 0x0000000115988000]
CodeHeap 'non-nmethods': size=5712Kb used=1401Kb max_used=1460Kb free=4310Kb
 bounds [0x000000010dec0000, 0x000000010e130000, 0x000000010e454000]
 total_blobs=3184 nmethods=2386 adapters=714
 compilation: enabled
              stopped_count=0, restarted_count=0
 full_count=0

Compilation events (20 events):
Event: 4.472 Thread 0x000000012f816200 2450       3       java.util.concurrent.atomic.AtomicBoolean::set (14 bytes)
Event: 4.473 Thread 0x000000012f816200 nmethod 2450 0x000000010e8eba10 code [0x000000010e8ebbc0, 0x000000010e8ebd68]
Event: 4.474 Thread 0x000000012f816200 2451       3       java.util.concurrent.atomic.AtomicBoolean::getAndSet (25 bytes)
Event: 4.476 Thread 0x000000012f816200 nmethod 2451 0x000000010e8ebe10 code [0x000000010e8ec0c0, 0x000000010e8ec9c8]
Event: 4.476 Thread 0x000000012f816200 2452       3       java.lang.invoke.VarHandleInts$FieldInstanceReadWrite::getAndSet (28 bytes)
Event: 4.476 Thread 0x000000012f816200 nmethod 2452 0x000000010e8ecd10 code [0x000000010e8ecf40, 0x000000010e8ed4f8]
Event: 4.482 Thread 0x000000012f816200 2453       1       com.sun.javafx.geom.transform.Translate2D::isTranslateOrIdentity (2 bytes)
Event: 4.482 Thread 0x000000012f816200 nmethod 2453 0x0000000115a81910 code [0x0000000115a81a80, 0x0000000115a81b68]
Event: 4.483 Thread 0x000000012f816200 2454       3       com.sun.javafx.sg.prism.NGNode::computeNodeRenderRoot (112 bytes)
Event: 4.483 Thread 0x000000012f816200 nmethod 2454 0x000000010e8ed790 code [0x000000010e8eda40, 0x000000010e8ee418]
Event: 4.483 Thread 0x000000012f816200 2455       3       com.sun.javafx.sg.prism.NGNode::isClean (23 bytes)
Event: 4.484 Thread 0x000000012f816200 nmethod 2455 0x000000010e8ee790 code [0x000000010e8ee940, 0x000000010e8eeb28]
Event: 4.531 Thread 0x000000012f816200 2456       3       com.sun.javafx.geom.Vec3d::<init> (5 bytes)
Event: 4.531 Thread 0x000000012f816200 nmethod 2456 0x000000010e8eec10 code [0x000000010e8eedc0, 0x000000010e8eef68]
Event: 4.532 Thread 0x000000012f816200 2457       3       javafx.scene.Node::getCursor (21 bytes)
Event: 4.532 Thread 0x000000012f816200 nmethod 2457 0x000000010e8ef010 code [0x000000010e8ef200, 0x000000010e8ef818]
Event: 4.564 Thread 0x000000012f816200 2458       3       com.sun.javafx.geom.transform.Identity::inverseTransform (20 bytes)
Event: 4.564 Thread 0x000000012f816200 nmethod 2458 0x000000010e8ef990 code [0x000000010e8efb80, 0x000000010e8effa8]
Event: 4.633 Thread 0x000000012f816200 2459       3       javafx.scene.layout.Region::snappedRightInset (21 bytes)
Event: 4.633 Thread 0x000000012f815c00 2462       4       java.util.RegularEnumSet::contains (57 bytes)

GC Heap History (8 events):
Event: 0.682 GC heap before
{Heap before GC invocations=0 (full 0):
 garbage-first heap   total 131072K, used 22528K [0x0000000780000000, 0x0000000800000000)
  region size 1024K, 23 young (23552K), 0 survivors (0K)
 Metaspace       used 15794K, committed 16000K, reserved 1064960K
  class space    used 1700K, committed 1792K, reserved 1048576K
}
Event: 0.688 GC heap after
{Heap after GC invocations=1 (full 0):
 garbage-first heap   total 131072K, used 3849K [0x0000000780000000, 0x0000000800000000)
  region size 1024K, 3 young (3072K), 3 survivors (3072K)
 Metaspace       used 15794K, committed 16000K, reserved 1064960K
  class space    used 1700K, committed 1792K, reserved 1048576K
}
Event: 1.315 GC heap before
{Heap before GC invocations=1 (full 0):
 garbage-first heap   total 131072K, used 26377K [0x0000000780000000, 0x0000000800000000)
  region size 1024K, 26 young (26624K), 3 survivors (3072K)
 Metaspace       used 21369K, committed 21504K, reserved 1073152K
  class space    used 2565K, committed 2624K, reserved 1048576K
}
Event: 1.318 GC heap after
{Heap after GC invocations=2 (full 0):
 garbage-first heap   total 131072K, used 8023K [0x0000000780000000, 0x0000000800000000)
  region size 1024K, 5 young (5120K), 5 survivors (5120K)
 Metaspace       used 21369K, committed 21504K, reserved 1073152K
  class space    used 2565K, committed 2624K, reserved 1048576K
}
Event: 1.612 GC heap before
{Heap before GC invocations=3 (full 0):
 garbage-first heap   total 34816K, used 24407K [0x0000000780000000, 0x0000000800000000)
  region size 1024K, 20 young (20480K), 5 survivors (5120K)
 Metaspace       used 25016K, committed 25280K, reserved 1073152K
  class space    used 3252K, committed 3392K, reserved 1048576K
}
Event: 1.616 GC heap after
{Heap after GC invocations=4 (full 0):
 garbage-first heap   total 34816K, used 11723K [0x0000000780000000, 0x0000000800000000)
  region size 1024K, 2 young (2048K), 2 survivors (2048K)
 Metaspace       used 25016K, committed 25280K, reserved 1073152K
  class space    used 3252K, committed 3392K, reserved 1048576K
}
Event: 1.866 GC heap before
{Heap before GC invocations=4 (full 0):
 garbage-first heap   total 34816K, used 11723K [0x0000000780000000, 0x0000000800000000)
  region size 1024K, 3 young (3072K), 2 survivors (2048K)
 Metaspace       used 25258K, committed 25472K, reserved 1073152K
  class space    used 3285K, committed 3392K, reserved 1048576K
}
Event: 1.869 GC heap after
{Heap after GC invocations=5 (full 0):
 garbage-first heap   total 34816K, used 12137K [0x0000000780000000, 0x0000000800000000)
  region size 1024K, 1 young (1024K), 1 survivors (1024K)
 Metaspace       used 25258K, committed 25472K, reserved 1073152K
  class space    used 3285K, committed 3392K, reserved 1048576K
}

Deoptimization events (20 events):
Event: 1.600 Thread 0x000000011f009000 DEOPT PACKING pc=0x000000010e840ab8 sp=0x000000016e7754b0
Event: 1.600 Thread 0x000000011f009000 DEOPT UNPACKING pc=0x000000010defeb7c sp=0x000000016e775110 mode 0
Event: 1.916 Thread 0x000000011f009000 DEOPT PACKING pc=0x000000010e86b380 sp=0x000000016e7756d0
Event: 1.916 Thread 0x000000011f009000 DEOPT UNPACKING pc=0x000000010defeb7c sp=0x000000016e7752d0 mode 0
Event: 1.916 Thread 0x000000011f009000 DEOPT PACKING pc=0x000000010e870054 sp=0x000000016e7757f0
Event: 1.916 Thread 0x000000011f009000 DEOPT UNPACKING pc=0x000000010defeb7c sp=0x000000016e775410 mode 0
Event: 2.387 Thread 0x000000011f009000 DEOPT PACKING pc=0x000000010e86ba14 sp=0x000000016e7756d0
Event: 2.387 Thread 0x000000011f009000 DEOPT UNPACKING pc=0x000000010defeb7c sp=0x000000016e7752d0 mode 0
Event: 2.387 Thread 0x000000011f009000 DEOPT PACKING pc=0x000000010e86f660 sp=0x000000016e7757b0
Event: 2.387 Thread 0x000000011f009000 DEOPT UNPACKING pc=0x000000010defeb7c sp=0x000000016e775450 mode 0
Event: 2.388 Thread 0x000000011f009000 DEOPT PACKING pc=0x000000010e86baa4 sp=0x000000016e7756d0
Event: 2.388 Thread 0x000000011f009000 DEOPT UNPACKING pc=0x000000010defeb7c sp=0x000000016e7752d0 mode 0
Event: 2.390 Thread 0x000000011f009000 DEOPT PACKING pc=0x000000010e86f660 sp=0x000000016e7757b0
Event: 2.390 Thread 0x000000011f009000 DEOPT UNPACKING pc=0x000000010defeb7c sp=0x000000016e775450 mode 0
Event: 2.391 Thread 0x000000011f009000 DEOPT PACKING pc=0x000000010e86baa4 sp=0x000000016e7756d0
Event: 2.391 Thread 0x000000011f009000 DEOPT UNPACKING pc=0x000000010defeb7c sp=0x000000016e7752d0 mode 0
Event: 2.392 Thread 0x000000011f009000 DEOPT PACKING pc=0x000000010e86b380 sp=0x000000016e7756d0
Event: 2.392 Thread 0x000000011f009000 DEOPT UNPACKING pc=0x000000010defeb7c sp=0x000000016e7752d0 mode 0
Event: 2.392 Thread 0x000000011f009000 DEOPT PACKING pc=0x000000010e86f660 sp=0x000000016e7757b0
Event: 2.392 Thread 0x000000011f009000 DEOPT UNPACKING pc=0x000000010defeb7c sp=0x000000016e775450 mode 0

Classes unloaded (0 events):
No events

Classes redefined (0 events):
No events

Internal exceptions (20 events):
Event: 1.196 Thread 0x000000011f252800 Exception <a 'sun/nio/fs/UnixException'{0x00000007871d0d58}> (0x00000007871d0d58) 
thrown [../../src/hotspot/share/prims/jni.cpp, line 516]
Event: 1.240 Thread 0x000000011f252800 Implicit null exception at 0x00000001159dd194 to 0x00000001159dd51c
Event: 1.241 Thread 0x000000011f252800 Implicit null exception at 0x00000001159db854 to 0x00000001159dbba0
Event: 1.315 Thread 0x000000011f252800 Exception <a 'java/lang/NoSuchMethodError'{0x00000007869528a8}: 'java.lang.Object java.lang.invoke.DirectMethodHandle$Holder.invokeInterface(java.lang.Object, java.lang.Object, java.lang.Object)'> (0x00000007869528a8) 
thrown [../../src/hotspot/share/interpreter/linkResolver.cpp, line 766]
Event: 1.318 Thread 0x000000011f252800 Exception <a 'java/lang/IncompatibleClassChangeError'{0x0000000787f00210}: Found class java.lang.Object, but interface was expected> (0x0000000787f00210) 
thrown [../../src/hotspot/share/interpreter/linkResolver.cpp, line 833]
Event: 1.337 Thread 0x000000011f252800 Exception <a 'java/lang/ClassNotFoundException'{0x0000000781b91ca0}: com/sun/javafx/scene/control/skin/resources/controls> (0x0000000781b91ca0) 
thrown [../../src/hotspot/share/prims/jni.cpp, line 535]
Event: 1.337 Thread 0x000000011f252800 Exception <a 'java/lang/ClassNotFoundException'{0x0000000781b9fc40}: com/sun/javafx/scene/control/skin/resources/controls_en> (0x0000000781b9fc40) 
thrown [../../src/hotspot/share/prims/jni.cpp, line 535]
Event: 1.337 Thread 0x000000011f252800 Exception <a 'java/lang/ClassNotFoundException'{0x0000000781ba0bd8}: com/sun/javafx/scene/control/skin/resources/controls_en_IN> (0x0000000781ba0bd8) 
thrown [../../src/hotspot/share/prims/jni.cpp, line 535]
Event: 1.380 Thread 0x000000011f252800 Exception <a 'java/lang/NoSuchMethodError'{0x0000000781675998}: 'void java.lang.invoke.DirectMethodHandle$Holder.invokeSpecialIFC(java.lang.Object, java.lang.Object, java.lang.Object, java.lang.Object)'> (0x0000000781675998) 
thrown [../../src/hotspot/share/interpreter/linkResolver.cpp, line 766]
Event: 1.397 Thread 0x000000011f252800 Exception <a 'java/lang/NoSuchMethodError'{0x000000078145d648}: 'int java.lang.invoke.DirectMethodHandle$Holder.invokeSpecial(java.lang.Object, java.lang.Object, int)'> (0x000000078145d648) 
thrown [../../src/hotspot/share/interpreter/linkResolver.cpp, line 766]
Event: 1.445 Thread 0x000000011f252800 Exception <a 'java/lang/NoSuchMethodError'{0x00000007812b1328}: 'java.lang.Object java.lang.invoke.DirectMethodHandle$Holder.newInvokeSpecial(java.lang.Object, java.lang.Object, int)'> (0x00000007812b1328) 
thrown [../../src/hotspot/share/interpreter/linkResolver.cpp, line 766]
Event: 1.509 Thread 0x000000011f252800 Exception <a 'java/lang/NoSuchMethodError'{0x00000007812cd238}: 'void java.lang.invoke.DirectMethodHandle$Holder.invokeSpecial(java.lang.Object, java.lang.Object, double)'> (0x00000007812cd238) 
thrown [../../src/hotspot/share/interpreter/linkResolver.cpp, line 766]
Event: 1.509 Thread 0x000000011f252800 Exception <a 'java/lang/NoSuchMethodError'{0x00000007812d3690}: 'java.lang.Object java.lang.invoke.DirectMethodHandle$Holder.newInvokeSpecial(java.lang.Object, java.lang.Object, double)'> (0x00000007812d3690) 
thrown [../../src/hotspot/share/interpreter/linkResolver.cpp, line 766]
Event: 1.509 Thread 0x000000011f252800 Exception <a 'java/lang/NoSuchMethodError'{0x00000007812d7558}: 'java.lang.Object java.lang.invoke.DirectMethodHandle$Holder.invokeSpecial(java.lang.Object, java.lang.Object, java.lang.Object, double)'> (0x00000007812d7558) 
thrown [../../src/hotspot/share/interpreter/linkResolver.cpp, line 766]
Event: 1.541 Thread 0x000000011f009000 Exception <a 'java/lang/NoSuchMethodError'{0x0000000781069810}: 'int java.lang.invoke.DirectMethodHandle$Holder.invokeStaticInit(java.lang.Object, java.lang.Object)'> (0x0000000781069810) 
thrown [../../src/hotspot/share/interpreter/linkResolver.cpp, line 766]
Event: 1.619 Thread 0x000000011f009000 Exception <a 'java/lang/NoSuchMethodError'{0x0000000787f1ce10}: 'java.lang.Object java.lang.invoke.DirectMethodHandle$Holder.invokeStaticInit(java.lang.Object, int)'> (0x0000000787f1ce10) 
thrown [../../src/hotspot/share/interpreter/linkResolver.cpp, line 766]
Event: 2.382 Thread 0x000000011f252800 Exception <a 'java/lang/NoSuchMethodError'{0x0000000787fafe30}: 'long java.lang.invoke.DirectMethodHandle$Holder.invokeStatic(java.lang.Object, java.lang.Object, java.lang.Object)'> (0x0000000787fafe30) 
thrown [../../src/hotspot/share/interpreter/linkResolver.cpp, line 766]
Event: 2.382 Thread 0x000000011f252800 Exception <a 'java/lang/NoSuchMethodError'{0x0000000787fb35d8}: 'long java.lang.invoke.DirectMethodHandle$Holder.invokeStaticInit(java.lang.Object, java.lang.Object, java.lang.Object)'> (0x0000000787fb35d8) 
thrown [../../src/hotspot/share/interpreter/linkResolver.cpp, line 766]
Event: 2.384 Thread 0x000000011f252800 Exception <a 'java/lang/NoSuchMethodError'{0x0000000787fcb5e0}: 'java.lang.Object java.lang.invoke.DirectMethodHandle$Holder.newInvokeSpecial(java.lang.Object, java.lang.Object, long)'> (0x0000000787fcb5e0) 
thrown [../../src/hotspot/share/interpreter/linkResolver.cpp, line 766]
Event: 2.384 Thread 0x000000011f252800 Exception <a 'java/lang/NoSuchMethodError'{0x0000000787fceea8}: 'java.lang.Object java.lang.invoke.Invokers$Holder.linkToTargetMethod(java.lang.Object, long, java.lang.Object)'> (0x0000000787fceea8) 
thrown [../../src/hotspot/share/interpreter/linkResolver.cpp, line 766]

VM Operations (20 events):
Event: 1.315 Executing VM operation: CollectForMetadataAllocation
Event: 1.318 Executing VM operation: CollectForMetadataAllocation done
Event: 1.321 Executing VM operation: G1Concurrent
Event: 1.322 Executing VM operation: G1Concurrent done
Event: 1.323 Executing VM operation: G1Concurrent
Event: 1.323 Executing VM operation: G1Concurrent done
Event: 1.350 Executing VM operation: HandshakeAllThreads
Event: 1.350 Executing VM operation: HandshakeAllThreads done
Event: 1.374 Executing VM operation: HandshakeAllThreads
Event: 1.374 Executing VM operation: HandshakeAllThreads done
Event: 1.398 Executing VM operation: ICBufferFull
Event: 1.398 Executing VM operation: ICBufferFull done
Event: 1.612 Executing VM operation: G1CollectForAllocation
Event: 1.616 Executing VM operation: G1CollectForAllocation done
Event: 1.866 Executing VM operation: G1CollectForAllocation
Event: 1.869 Executing VM operation: G1CollectForAllocation done
Event: 2.874 Executing VM operation: Cleanup
Event: 2.874 Executing VM operation: Cleanup done
Event: 3.874 Executing VM operation: Cleanup
Event: 3.874 Executing VM operation: Cleanup done

Events (20 events):
Event: 2.472 Thread 0x000000012eb23600 Thread added: 0x000000012eb23600
Event: 2.472 Protecting memory [0x0000000282e68000,0x0000000282e74000] with protection modes 0
Event: 2.912 Thread 0x000000011f88c400 Thread added: 0x000000011f88c400
Event: 2.912 Protecting memory [0x0000000283100000,0x000000028310c000] with protection modes 0
Event: 3.764 Protecting memory [0x000000028029c000,0x00000002802a8000] with protection modes 3
Event: 3.764 Thread 0x000000011f2a4000 Thread exited: 0x000000011f2a4000
Event: 3.931 Protecting memory [0x000000028029c000,0x00000002802a8000] with protection modes 0
Event: 3.931 Thread 0x000000011d84c000 Thread added: 0x000000011d84c000
Event: 4.067 Protecting memory [0x0000000282bd0000,0x0000000282bdc000] with protection modes 0
Event: 4.067 Thread 0x0000000142030c00 Thread added: 0x0000000142030c00
Event: 4.068 Protecting memory [0x0000000282bd0000,0x0000000282bdc000] with protection modes 3
Event: 4.068 Thread 0x0000000142030c00 Thread exited: 0x0000000142030c00
Event: 4.069 Protecting memory [0x0000000282bd0000,0x0000000282bdc000] with protection modes 0
Event: 4.069 Thread 0x0000000142030c00 Thread added: 0x0000000142030c00
Event: 4.069 Protecting memory [0x0000000282bd0000,0x0000000282bdc000] with protection modes 3
Event: 4.069 Thread 0x0000000142030c00 Thread exited: 0x0000000142030c00
Event: 4.231 Protecting memory [0x000000028029c000,0x00000002802a8000] with protection modes 3
Event: 4.231 Thread 0x000000011d84c000 Thread exited: 0x000000011d84c000
Event: 4.247 Protecting memory [0x000000028029c000,0x00000002802a8000] with protection modes 0
Event: 4.247 Thread 0x000000011d84c000 Thread added: 0x000000011d84c000


Dynamic libraries:
0x0000000104248000 	/Library/Java/JavaVirtualMachines/temurin-17.jdk/Contents/Home/lib/libjli.dylib
0x00000001a7012000 	/usr/lib/libz.1.dylib
0x00000001a70c9000 	/usr/lib/libSystem.B.dylib
0x00000001a70c3000 	/usr/lib/system/libcache.dylib
0x00000001a7081000 	/usr/lib/system/libcommonCrypto.dylib
0x00000001a70aa000 	/usr/lib/system/libcompiler_rt.dylib
0x00000001a70a1000 	/usr/lib/system/libcopyfile.dylib
0x000000019c2ef000 	/usr/lib/system/libcorecrypto.dylib
0x000000019c3a4000 	/usr/lib/system/libdispatch.dylib
0x000000019c572000 	/usr/lib/system/libdyld.dylib
0x00000001a70b9000 	/usr/lib/system/libkeymgr.dylib
0x00000001a705c000 	/usr/lib/system/libmacho.dylib
0x00000001a674c000 	/usr/lib/system/libquarantine.dylib
0x00000001a70b6000 	/usr/lib/system/libremovefile.dylib
0x00000001a16e8000 	/usr/lib/system/libsystem_asl.dylib
0x000000019c291000 	/usr/lib/system/libsystem_blocks.dylib
0x000000019c42c000 	/usr/lib/system/libsystem_c.dylib
0x00000001a70ae000 	/usr/lib/system/libsystem_collections.dylib
0x00000001a5be1000 	/usr/lib/system/libsystem_configuration.dylib
0x00000001a4e3d000 	/usr/lib/system/libsystem_containermanager.dylib
0x00000001a6db9000 	/usr/lib/system/libsystem_coreservices.dylib
0x000000019eca2000 	/usr/lib/system/libsystem_darwin.dylib
0x00000001a70ba000 	/usr/lib/system/libsystem_dnssd.dylib
0x000000019c429000 	/usr/lib/system/libsystem_featureflags.dylib
0x000000019c587000 	/usr/lib/system/libsystem_info.dylib
0x00000001a7024000 	/usr/lib/system/libsystem_m.dylib
0x000000019c379000 	/usr/lib/system/libsystem_malloc.dylib
0x00000001a1676000 	/usr/lib/system/libsystem_networkextension.dylib
0x000000019f0fb000 	/usr/lib/system/libsystem_notify.dylib
0x00000001ad41c000 	/usr/lib/system/libsystem_product_info_filter.dylib
0x00000001a5be6000 	/usr/lib/system/libsystem_sandbox.dylib
0x00000001a70b3000 	/usr/lib/system/libsystem_secinit.dylib
0x000000019c52d000 	/usr/lib/system/libsystem_kernel.dylib
0x000000019c57f000 	/usr/lib/system/libsystem_platform.dylib
0x000000019c565000 	/usr/lib/system/libsystem_pthread.dylib
0x00000001a2e48000 	/usr/lib/system/libsystem_symptoms.dylib
0x000000019c2d5000 	/usr/lib/system/libsystem_trace.dylib
0x00000001a708e000 	/usr/lib/system/libunwind.dylib
0x000000019c293000 	/usr/lib/system/libxpc.dylib
0x000000019c515000 	/usr/lib/libc++abi.dylib
0x000000019c3eb000 	/usr/lib/libobjc.A.dylib
0x00000001a7099000 	/usr/lib/liboah.dylib
0x000000019c4ae000 	/usr/lib/libc++.1.dylib
0x00000001b2f42000 	/System/Library/Frameworks/Cocoa.framework/Versions/A/Cocoa
0x000000019f15c000 	/System/Library/Frameworks/AppKit.framework/Versions/C/AppKit
0x00000001a266f000 	/System/Library/Frameworks/CoreData.framework/Versions/A/CoreData
0x000000019d4b7000 	/System/Library/Frameworks/Foundation.framework/Versions/C/Foundation
0x00000001a0014000 	/System/Library/PrivateFrameworks/UIFoundation.framework/Versions/A/UIFoundation
0x00000001ad116000 	/System/Library/PrivateFrameworks/RemoteViewServices.framework/Versions/A/RemoteViewServices
0x00000001a5589000 	/System/Library/PrivateFrameworks/XCTTargetBootstrap.framework/Versions/A/XCTTargetBootstrap
0x00000001a8e09000 	/System/Library/PrivateFrameworks/InternationalSupport.framework/Versions/A/InternationalSupport
0x00000001a8e92000 	/System/Library/PrivateFrameworks/UserActivity.framework/Versions/A/UserActivity
0x00000001a8300000 	/usr/lib/libspindump.dylib
0x00000001a0285000 	/System/Library/Frameworks/UniformTypeIdentifiers.framework/Versions/A/UniformTypeIdentifiers
0x00000001a3ad3000 	/usr/lib/libapp_launch_measurement.dylib
0x00000001a2ffa000 	/System/Library/PrivateFrameworks/CoreAnalytics.framework/Versions/A/CoreAnalytics
0x00000001a3ad6000 	/System/Library/PrivateFrameworks/CoreAutoLayout.framework/Versions/A/CoreAutoLayout
0x00000001a4e7a000 	/System/Library/Frameworks/Metal.framework/Versions/A/Metal
0x00000001a5bf1000 	/usr/lib/liblangid.dylib
0x00000001a558e000 	/System/Library/PrivateFrameworks/CoreSVG.framework/Versions/A/CoreSVG
0x00000001a171c000 	/System/Library/PrivateFrameworks/SkyLight.framework/Versions/A/SkyLight
0x00000001a1af5000 	/System/Library/Frameworks/CoreGraphics.framework/Versions/A/CoreGraphics
0x00000001ad7e2000 	/System/Library/Frameworks/Accelerate.framework/Versions/A/Accelerate
0x00000001a7d77000 	/System/Library/PrivateFrameworks/IconServices.framework/Versions/A/IconServices
0x00000001a4e5c000 	/System/Library/Frameworks/IOSurface.framework/Versions/A/IOSurface
0x00000001a302b000 	/usr/lib/libDiagnosticMessagesClient.dylib
0x00000001b0ce3000 	/System/Library/Frameworks/ApplicationServices.framework/Versions/A/ApplicationServices
0x00000001a5571000 	/System/Library/PrivateFrameworks/DFRFoundation.framework/Versions/A/DFRFoundation
0x000000019e9ec000 	/usr/lib/libicucore.A.dylib
0x00000001a9cb6000 	/System/Library/Frameworks/AudioToolbox.framework/Versions/A/AudioToolbox
0x00000001a8e15000 	/System/Library/PrivateFrameworks/DataDetectorsCore.framework/Versions/A/DataDetectorsCore
0x00000001bf80f000 	/System/Library/PrivateFrameworks/TextInput.framework/Versions/A/TextInput
0x00000001a1691000 	/usr/lib/libMobileGestalt.dylib
0x00000001a523d000 	/System/Library/Frameworks/Carbon.framework/Versions/A/Frameworks/HIToolbox.framework/Versions/A/HIToolbox
0x00000001a34ab000 	/System/Library/Frameworks/QuartzCore.framework/Versions/A/QuartzCore
0x000000019e66d000 	/System/Library/Frameworks/Security.framework/Versions/A/Security
0x00000001ad156000 	/System/Library/Frameworks/Carbon.framework/Versions/A/Frameworks/SpeechRecognition.framework/Versions/A/SpeechRecognition
0x00000001a3829000 	/System/Library/PrivateFrameworks/CoreUI.framework/Versions/A/CoreUI
0x000000019df49000 	/System/Library/Frameworks/CoreAudio.framework/Versions/A/CoreAudio
0x00000001a311f000 	/System/Library/Frameworks/DiskArbitration.framework/Versions/A/DiskArbitration
0x00000001a870a000 	/System/Library/PrivateFrameworks/MultitouchSupport.framework/Versions/A/MultitouchSupport
0x00000001a168f000 	/usr/lib/libenergytrace.dylib
0x000000019f024000 	/System/Library/Frameworks/IOKit.framework/Versions/A/IOKit
0x00000001ad545000 	/System/Library/Frameworks/CoreServices.framework/Versions/A/CoreServices
0x00000001a3a63000 	/System/Library/PrivateFrameworks/PerformanceAnalysis.framework/Versions/A/PerformanceAnalysis
0x00000001fdc47000 	/System/Library/Frameworks/OpenGL.framework/Versions/A/OpenGL
0x00000001a6664000 	/System/Library/PrivateFrameworks/MobileKeyBag.framework/Versions/A/MobileKeyBag
0x00000001a2103000 	/System/Library/Frameworks/ColorSync.framework/Versions/A/ColorSync
0x000000019c5b4000 	/System/Library/Frameworks/CoreFoundation.framework/Versions/A/CoreFoundation
0x00000001a580d000 	/System/Library/Frameworks/CoreImage.framework/Versions/A/CoreImage
0x000000019dd6d000 	/System/Library/Frameworks/CoreText.framework/Versions/A/CoreText
0x00000001a55be000 	/System/Library/Frameworks/ImageIO.framework/Versions/A/ImageIO
0x00000001a70cf000 	/System/Library/PrivateFrameworks/SoftLinking.framework/Versions/A/SoftLinking
0x00000001a3b21000 	/usr/lib/libxml2.2.dylib
0x00000001a7368000 	/usr/lib/libcompression.dylib
0x00000001a8d65000 	/System/Library/PrivateFrameworks/TextureIO.framework/Versions/A/TextureIO
0x00000001a7a90000 	/usr/lib/libate.dylib
0x00000001a7955000 	/usr/lib/liblzma.5.dylib
0x000000019d1aa000 	/System/Library/Frameworks/SystemConfiguration.framework/Versions/A/SystemConfiguration
0x00000001a70cb000 	/usr/lib/libfakelink.dylib
0x00000001a11c1000 	/System/Library/Frameworks/CFNetwork.framework/Versions/A/CFNetwork
0x00000001a7211000 	/usr/lib/libarchive.2.dylib
0x00000001a5bed000 	/System/Library/PrivateFrameworks/AppleSystemInfo.framework/Versions/A/AppleSystemInfo
0x00000001a6777000 	/usr/lib/libbsm.0.dylib
0x00000001a072e000 	/usr/lib/libnetwork.dylib
0x00000001a7065000 	/usr/lib/system/libkxld.dylib
0x00000001a6391000 	/System/Library/PrivateFrameworks/IOMobileFramebuffer.framework/Versions/A/IOMobileFramebuffer
0x000000021b910000 	/usr/lib/libCoreEntitlements.dylib
0x00000001a6d9b000 	/System/Library/PrivateFrameworks/AppleFSCompression.framework/Versions/A/AppleFSCompression
0x00000001a675f000 	/usr/lib/libcoretls.dylib
0x00000001a796e000 	/usr/lib/libcoretls_cfhelpers.dylib
0x00000001a7363000 	/usr/lib/libpam.2.dylib
0x00000001a2a5f000 	/usr/lib/libsqlite3.dylib
0x00000001a79d7000 	/usr/lib/libxar.1.dylib
0x00000001a6dac000 	/usr/lib/libbz2.1.0.dylib
0x00000001a70d0000 	/usr/lib/libpcap.A.dylib
0x00000001a2e3f000 	/usr/lib/libdns_services.dylib
0x00000001a7336000 	/usr/lib/libapple_nghttp2.dylib
0x00000001a710d000 	/usr/lib/libiconv.2.dylib
0x00000001a705b000 	/usr/lib/libcharset.1.dylib
0x00000001a3a9f000 	/System/Library/Frameworks/CoreServices.framework/Versions/A/Frameworks/FSEvents.framework/Versions/A/FSEvents
0x000000019ecad000 	/System/Library/Frameworks/CoreServices.framework/Versions/A/Frameworks/CarbonCore.framework/Versions/A/CarbonCore
0x00000001a307f000 	/System/Library/Frameworks/CoreServices.framework/Versions/A/Frameworks/Metadata.framework/Versions/A/Metadata
0x00000001a6dbf000 	/System/Library/Frameworks/CoreServices.framework/Versions/A/Frameworks/OSServices.framework/Versions/A/OSServices
0x00000001a7297000 	/System/Library/Frameworks/CoreServices.framework/Versions/A/Frameworks/SearchKit.framework/Versions/A/SearchKit
0x00000001a2dce000 	/System/Library/Frameworks/CoreServices.framework/Versions/A/Frameworks/AE.framework/Versions/A/AE
0x000000019cafb000 	/System/Library/Frameworks/CoreServices.framework/Versions/A/Frameworks/LaunchServices.framework/Versions/A/LaunchServices
0x00000001a78fe000 	/System/Library/Frameworks/CoreServices.framework/Versions/A/Frameworks/DictionaryServices.framework/Versions/A/DictionaryServices
0x00000001a3aac000 	/System/Library/Frameworks/CoreServices.framework/Versions/A/Frameworks/SharedFileList.framework/Versions/A/SharedFileList
0x00000001a674f000 	/usr/lib/libCheckFix.dylib
0x00000001a1700000 	/System/Library/PrivateFrameworks/TCC.framework/Versions/A/TCC
0x00000001a5bf3000 	/System/Library/PrivateFrameworks/CoreNLP.framework/Versions/A/CoreNLP
0x00000001a302e000 	/System/Library/PrivateFrameworks/MetadataUtilities.framework/Versions/A/MetadataUtilities
0x000000019d264000 	/usr/lib/libmecabra.dylib
0x00000001a6788000 	/usr/lib/libmecab.dylib
0x000000019d230000 	/usr/lib/libCRFSuite.dylib
0x00000001a67e5000 	/usr/lib/libgermantok.dylib
0x00000001a730f000 	/usr/lib/libThaiTokenizer.dylib
0x00000001a3127000 	/System/Library/Frameworks/Accelerate.framework/Versions/A/Frameworks/vImage.framework/Versions/A/vImage
0x00000001ad51c000 	/System/Library/Frameworks/Accelerate.framework/Versions/A/Frameworks/vecLib.framework/Versions/A/vecLib
0x00000001a7a1c000 	/System/Library/Frameworks/Accelerate.framework/Versions/A/Frameworks/vecLib.framework/Versions/A/libvMisc.dylib
0x00000001a6298000 	/System/Library/Frameworks/Accelerate.framework/Versions/A/Frameworks/vecLib.framework/Versions/A/libvDSP.dylib
0x000000019ce85000 	/System/Library/Frameworks/Accelerate.framework/Versions/A/Frameworks/vecLib.framework/Versions/A/libBLAS.dylib
0x00000001a7439000 	/System/Library/Frameworks/Accelerate.framework/Versions/A/Frameworks/vecLib.framework/Versions/A/libLAPACK.dylib
0x00000001a67e8000 	/System/Library/Frameworks/Accelerate.framework/Versions/A/Frameworks/vecLib.framework/Versions/A/libLinearAlgebra.dylib
0x00000001a734e000 	/System/Library/Frameworks/Accelerate.framework/Versions/A/Frameworks/vecLib.framework/Versions/A/libSparseBLAS.dylib
0x00000001a7434000 	/System/Library/Frameworks/Accelerate.framework/Versions/A/Frameworks/vecLib.framework/Versions/A/libQuadrature.dylib
0x00000001a5cec000 	/System/Library/Frameworks/Accelerate.framework/Versions/A/Frameworks/vecLib.framework/Versions/A/libBNNS.dylib
0x000000019d143000 	/System/Library/Frameworks/Accelerate.framework/Versions/A/Frameworks/vecLib.framework/Versions/A/libSparse.dylib
0x00000001a5ce4000 	/System/Library/PrivateFrameworks/LinguisticData.framework/Versions/A/LinguisticData
0x000000019d0fb000 	/System/Library/PrivateFrameworks/Lexicon.framework/Versions/A/Lexicon
0x00000001a7a14000 	/usr/lib/libChineseTokenizer.dylib
0x000000019d8a9000 	/System/Library/PrivateFrameworks/LanguageModeling.framework/Versions/A/LanguageModeling
0x00000001a7311000 	/System/Library/PrivateFrameworks/AppleSauce.framework/Versions/A/AppleSauce
0x00000001a637e000 	/System/Library/PrivateFrameworks/CoreEmoji.framework/Versions/A/CoreEmoji
0x00000001a71ff000 	/usr/lib/libcmph.dylib
0x00000001a3a7f000 	/System/Library/Frameworks/OpenDirectory.framework/Versions/A/Frameworks/CFOpenDirectory.framework/Versions/A/CFOpenDirectory
0x00000001a3a6f000 	/System/Library/Frameworks/OpenDirectory.framework/Versions/A/OpenDirectory
0x00000001a7970000 	/System/Library/PrivateFrameworks/APFS.framework/Versions/A/APFS
0x00000001a669f000 	/System/Library/Frameworks/SecurityFoundation.framework/Versions/A/SecurityFoundation
0x00000001a79e6000 	/usr/lib/libutil.dylib
0x000000019efe6000 	/System/Library/PrivateFrameworks/CoreServicesStore.framework/Versions/A/CoreServicesStore
0x00000001a79ea000 	/usr/lib/libxslt.1.dylib
0x00000001a6733000 	/System/Library/PrivateFrameworks/BackgroundTaskManagement.framework/Versions/A/BackgroundTaskManagement
0x00000001a8c86000 	/System/Library/Frameworks/ImageIO.framework/Versions/A/Resources/libRadiance.dylib
0x00000001a8c8f000 	/System/Library/Frameworks/ImageIO.framework/Versions/A/Resources/libJPEG.dylib
0x00000001a8be2000 	/System/Library/Frameworks/ImageIO.framework/Versions/A/Resources/libPng.dylib
0x00000001a8c04000 	/System/Library/Frameworks/ImageIO.framework/Versions/A/Resources/libTIFF.dylib
0x00000001a8cea000 	/System/Library/Frameworks/ImageIO.framework/Versions/A/Resources/libGIF.dylib
0x00000001a861a000 	/System/Library/Frameworks/ImageIO.framework/Versions/A/Resources/libJP2.dylib
0x00000001a7d3c000 	/usr/lib/libexpat.1.dylib
0x00000001a85d5000 	/System/Library/PrivateFrameworks/AppleJPEG.framework/Versions/A/AppleJPEG
0x00000001a50f9000 	/System/Library/PrivateFrameworks/FontServices.framework/libFontParser.dylib
0x00000001a2d73000 	/System/Library/PrivateFrameworks/RunningBoardServices.framework/Versions/A/RunningBoardServices
0x00000001b3618000 	/System/Library/PrivateFrameworks/IOSurfaceAccelerator.framework/Versions/A/IOSurfaceAccelerator
0x00000001a8706000 	/System/Library/PrivateFrameworks/WatchdogClient.framework/Versions/A/WatchdogClient
0x000000019d9a9000 	/System/Library/Frameworks/CoreDisplay.framework/Versions/A/CoreDisplay
0x00000001a4fe3000 	/System/Library/Frameworks/CoreMedia.framework/Versions/A/CoreMedia
0x00000001a4e70000 	/System/Library/PrivateFrameworks/IOAccelerator.framework/Versions/A/IOAccelerator
0x00000001a3c0f000 	/System/Library/Frameworks/CoreVideo.framework/Versions/A/CoreVideo
0x00000001a7361000 	/System/Library/Frameworks/MetalPerformanceShaders.framework/Versions/A/MetalPerformanceShaders
0x00000001a8745000 	/System/Library/Frameworks/VideoToolbox.framework/Versions/A/VideoToolbox
0x00000001a2cb7000 	/System/Library/PrivateFrameworks/BaseBoard.framework/Versions/A/BaseBoard
0x00000001a2a45000 	/System/Library/PrivateFrameworks/ProtocolBuffer.framework/Versions/A/ProtocolBuffer
0x00000001a8c81000 	/System/Library/PrivateFrameworks/GPUWrangler.framework/Versions/A/GPUWrangler
0x00000001a8c61000 	/System/Library/PrivateFrameworks/IOPresentment.framework/Versions/A/IOPresentment
0x00000001a8c89000 	/System/Library/PrivateFrameworks/DSExternalDisplay.framework/Versions/A/DSExternalDisplay
0x00000001fdc3a000 	/System/Library/Frameworks/OpenGL.framework/Versions/A/Libraries/libCoreFSCache.dylib
0x0000000208400000 	/System/Library/PrivateFrameworks/GPUCompiler.framework/Versions/31001/Libraries/libGPUCompilerUtils.dylib
0x00000001a8cef000 	/System/Library/PrivateFrameworks/CMCaptureCore.framework/Versions/A/CMCaptureCore
0x00000001a82ed000 	/System/Library/PrivateFrameworks/AppServerSupport.framework/Versions/A/AppServerSupport
0x00000001aa573000 	/System/Library/PrivateFrameworks/perfdata.framework/Versions/A/perfdata
0x000000019dac9000 	/System/Library/PrivateFrameworks/AudioToolboxCore.framework/Versions/A/AudioToolboxCore
0x00000001a4fbc000 	/System/Library/PrivateFrameworks/caulk.framework/Versions/A/caulk
0x00000001a9e68000 	/usr/lib/libAudioStatistics.dylib
0x00000001bbe67000 	/System/Library/PrivateFrameworks/SystemPolicy.framework/Versions/A/SystemPolicy
0x00000001aa0d4000 	/usr/lib/libSMC.dylib
0x00000001b2e20000 	/System/Library/Frameworks/CoreMIDI.framework/Versions/A/CoreMIDI
0x00000001a8bb0000 	/usr/lib/libAudioToolboxUtility.dylib
0x00000001b7fd7000 	/System/Library/PrivateFrameworks/OSAServicesClient.framework/Versions/A/OSAServicesClient
0x00000001aa580000 	/usr/lib/libperfcheck.dylib
0x00000001bc983000 	/usr/lib/libmis.dylib
0x00000001fdc9c000 	/System/Library/Frameworks/OpenGL.framework/Versions/A/Libraries/libGLU.dylib
0x00000001fdc5b000 	/System/Library/Frameworks/OpenGL.framework/Versions/A/Libraries/libGFXShared.dylib
0x00000001fde48000 	/System/Library/Frameworks/OpenGL.framework/Versions/A/Libraries/libGL.dylib
0x00000001fdc64000 	/System/Library/Frameworks/OpenGL.framework/Versions/A/Libraries/libGLImage.dylib
0x00000001fdc58000 	/System/Library/Frameworks/OpenGL.framework/Versions/A/Libraries/libCVMSPluginSupport.dylib
0x00000001fdc41000 	/System/Library/Frameworks/OpenGL.framework/Versions/A/Libraries/libCoreVMClient.dylib
0x00000001a5b6d000 	/System/Library/Frameworks/MetalPerformanceShaders.framework/Versions/A/Frameworks/MPSCore.framework/Versions/A/MPSCore
0x00000001a6d0e000 	/System/Library/Frameworks/MetalPerformanceShaders.framework/Versions/A/Frameworks/MPSImage.framework/Versions/A/MPSImage
0x00000001a67fd000 	/System/Library/Frameworks/MetalPerformanceShaders.framework/Versions/A/Frameworks/MPSNeuralNetwork.framework/Versions/A/MPSNeuralNetwork
0x00000001a6c36000 	/System/Library/Frameworks/MetalPerformanceShaders.framework/Versions/A/Frameworks/MPSMatrix.framework/Versions/A/MPSMatrix
0x00000001a6a0f000 	/System/Library/Frameworks/MetalPerformanceShaders.framework/Versions/A/Frameworks/MPSRayIntersector.framework/Versions/A/MPSRayIntersector
0x00000001a6c67000 	/System/Library/Frameworks/MetalPerformanceShaders.framework/Versions/A/Frameworks/MPSNDArray.framework/Versions/A/MPSNDArray
0x0000000200063000 	/System/Library/Frameworks/MetalPerformanceShaders.framework/Versions/A/Frameworks/MPSFunctions.framework/Versions/A/MPSFunctions
0x000000019cd5c000 	/System/Library/PrivateFrameworks/MetalTools.framework/Versions/A/MetalTools
0x00000001a5beb000 	/System/Library/PrivateFrameworks/AggregateDictionary.framework/Versions/A/AggregateDictionary
0x00000001a7b21000 	/usr/lib/libIOReport.dylib
0x00000001b1e3d000 	/System/Library/PrivateFrameworks/ASEProcessing.framework/Versions/A/ASEProcessing
0x00000001a7e96000 	/System/Library/PrivateFrameworks/FaceCore.framework/Versions/A/FaceCore
0x00000001a7e88000 	/System/Library/PrivateFrameworks/GraphVisualizer.framework/Versions/A/GraphVisualizer
0x0000000208317000 	/System/Library/PrivateFrameworks/FontServices.framework/Versions/A/FontServices
0x00000001a82a9000 	/System/Library/PrivateFrameworks/OTSVG.framework/Versions/A/OTSVG
0x00000001a37d9000 	/System/Library/Frameworks/ApplicationServices.framework/Versions/A/Frameworks/ATS.framework/Versions/A/Resources/libFontRegistry.dylib
0x00000001a82f6000 	/System/Library/PrivateFrameworks/FontServices.framework/libhvf.dylib
0x0000000208318000 	/System/Library/PrivateFrameworks/FontServices.framework/libXTFontStaticRegistryData.dylib
0x00000001fdfe9000 	/System/Library/Frameworks/OpenCL.framework/Versions/A/OpenCL
0x00000001a7cf0000 	/System/Library/PrivateFrameworks/AppleVA.framework/Versions/A/AppleVA
0x00000001a9e90000 	/System/Library/Frameworks/ApplicationServices.framework/Versions/A/Frameworks/ATS.framework/Versions/A/ATS
0x00000001a2202000 	/System/Library/Frameworks/ApplicationServices.framework/Versions/A/Frameworks/HIServices.framework/Versions/A/HIServices
0x00000001a8cf9000 	/System/Library/Frameworks/ApplicationServices.framework/Versions/A/Frameworks/PrintCore.framework/Versions/A/PrintCore
0x00000001aa227000 	/System/Library/Frameworks/ApplicationServices.framework/Versions/A/Frameworks/QD.framework/Versions/A/QD
0x00000001aa21f000 	/System/Library/Frameworks/ApplicationServices.framework/Versions/A/Frameworks/ColorSyncLegacy.framework/Versions/A/ColorSyncLegacy
0x00000001a9e7c000 	/System/Library/Frameworks/ApplicationServices.framework/Versions/A/Frameworks/SpeechSynthesis.framework/Versions/A/SpeechSynthesis
0x00000001a8cba000 	/System/Library/Frameworks/ApplicationServices.framework/Versions/A/Frameworks/ATSUI.framework/Versions/A/ATSUI
0x00000001aa1b4000 	/usr/lib/libcups.2.dylib
0x00000001aa58e000 	/System/Library/Frameworks/Kerberos.framework/Versions/A/Kerberos
0x00000001aa59f000 	/System/Library/Frameworks/GSS.framework/Versions/A/GSS
0x00000001a9f00000 	/usr/lib/libresolv.9.dylib
0x00000001a8305000 	/System/Library/PrivateFrameworks/Heimdal.framework/Versions/A/Heimdal
0x00000001b1073000 	/System/Library/Frameworks/Kerberos.framework/Versions/A/Libraries/libHeimdalProxy.dylib
0x00000001a2e51000 	/System/Library/Frameworks/Network.framework/Versions/A/Network
0x00000001a7d57000 	/usr/lib/libheimdal-asn1.dylib
0x00000001aa5ef000 	/System/Library/PrivateFrameworks/CommonAuth.framework/Versions/A/CommonAuth
0x00000001a9df6000 	/System/Library/PrivateFrameworks/AudioSession.framework/Versions/A/AudioSession
0x00000001a7de9000 	/System/Library/PrivateFrameworks/MediaExperience.framework/Versions/A/MediaExperience
0x00000001a9c7c000 	/System/Library/PrivateFrameworks/AudioSession.framework/libSessionUtility.dylib
0x00000001aa233000 	/System/Library/PrivateFrameworks/AudioResourceArbitration.framework/Versions/A/AudioResourceArbitration
0x00000001ae3f9000 	/System/Library/PrivateFrameworks/PowerLog.framework/Versions/A/PowerLog
0x00000001a7d61000 	/System/Library/PrivateFrameworks/IconFoundation.framework/Versions/A/IconFoundation
0x00000001ad142000 	/System/Library/PrivateFrameworks/SpeechRecognitionCore.framework/Versions/A/SpeechRecognitionCore
0x0000000105458000 	/Library/Java/JavaVirtualMachines/temurin-17.jdk/Contents/Home/lib/server/libjvm.dylib
0x00000001042ac000 	/Library/Java/JavaVirtualMachines/temurin-17.jdk/Contents/Home/lib/libjimage.dylib
0x00000001042d8000 	/Library/Java/JavaVirtualMachines/temurin-17.jdk/Contents/Home/lib/libinstrument.dylib
0x0000000104324000 	/Library/Java/JavaVirtualMachines/temurin-17.jdk/Contents/Home/lib/libjava.dylib
0x0000000105298000 	/Library/Java/JavaVirtualMachines/temurin-17.jdk/Contents/Home/lib/libnio.dylib
0x00000001052b8000 	/Library/Java/JavaVirtualMachines/temurin-17.jdk/Contents/Home/lib/libnet.dylib
0x000000010430c000 	/Library/Java/JavaVirtualMachines/temurin-17.jdk/Contents/Home/lib/libzip.dylib
0x00000001052dc000 	/Users/abheektripathy/.openjfx/cache/17.0.1/libprism_es2.dylib
0x000000019efa9000 	/System/Library/PrivateFrameworks/CoreServicesInternal.framework/Versions/A/CoreServicesInternal
0x00000001fde52000 	/System/Library/Frameworks/OpenGL.framework/Versions/A/Resources/GLEngine.bundle/GLEngine
0x00000001fdcda000 	/System/Library/Frameworks/OpenGL.framework/Versions/A/Libraries/libGLProgrammability.dylib
0x000000011e2c0000 	/System/Library/Extensions/AppleMetalOpenGLRenderer.bundle/Contents/MacOS/AppleMetalOpenGLRenderer
0x00000001fdfc1000 	/System/Library/Frameworks/OpenGL.framework/Versions/A/Resources/GLRendererFloat.bundle/GLRendererFloat
0x00000001fe0c1000 	/System/Library/Extensions/AGXMetal13_3.bundle/Contents/MacOS/AGXMetal13_3
0x00000001bc99f000 	/System/Library/PrivateFrameworks/GPURawCounter.framework/Versions/A/GPURawCounter
0x00000001b7140000 	/System/Library/PrivateFrameworks/IOGPU.framework/Versions/A/IOGPU
0x000000011e254000 	/Users/abheektripathy/.openjfx/cache/17.0.1/libglass.dylib
0x00000001ae651000 	/System/Library/Frameworks/FileProvider.framework/Versions/A/FileProvider
0x00000001a2c1f000 	/System/Library/Frameworks/Accounts.framework/Versions/A/Accounts
0x00000001ae7d5000 	/System/Library/PrivateFrameworks/GenerationalStorage.framework/Versions/A/GenerationalStorage
0x00000001af398000 	/System/Library/PrivateFrameworks/CoreSymbolication.framework/Versions/A/CoreSymbolication
0x00000001ae3ed000 	/System/Library/PrivateFrameworks/SymptomDiagnosticReporter.framework/Versions/A/SymptomDiagnosticReporter
0x00000001a0299000 	/System/Library/PrivateFrameworks/DesktopServicesPriv.framework/Versions/A/DesktopServicesPriv
0x000000019f10b000 	/usr/lib/libsandbox.1.dylib
0x00000001a3c9d000 	/System/Library/PrivateFrameworks/UserManagement.framework/Versions/A/UserManagement
0x00000001af355000 	/System/Library/PrivateFrameworks/DebugSymbols.framework/Versions/A/DebugSymbols
0x00000001aa212000 	/System/Library/PrivateFrameworks/NetAuth.framework/Versions/A/NetAuth
0x00000001ab133000 	/System/Library/PrivateFrameworks/Sharing.framework/Versions/A/Sharing
0x00000001a3c6d000 	/System/Library/PrivateFrameworks/login.framework/Versions/A/Frameworks/loginsupport.framework/Versions/A/loginsupport
0x00000001b058a000 	/System/Library/PrivateFrameworks/Apple80211.framework/Versions/A/Apple80211
0x00000001a6df2000 	/System/Library/PrivateFrameworks/AuthKit.framework/Versions/A/AuthKit
0x00000001a647a000 	/System/Library/PrivateFrameworks/CoreUtils.framework/Versions/A/CoreUtils
0x00000001a639d000 	/System/Library/Frameworks/CoreWLAN.framework/Versions/A/CoreWLAN
0x00000001ab2a3000 	/System/Library/Frameworks/IOBluetooth.framework/Versions/A/IOBluetooth
0x00000001b05ea000 	/System/Library/PrivateFrameworks/CoreWiFi.framework/Versions/A/CoreWiFi
0x00000001aef35000 	/System/Library/PrivateFrameworks/FrontBoardServices.framework/Versions/A/FrontBoardServices
0x00000001aefcd000 	/System/Library/PrivateFrameworks/BoardServices.framework/Versions/A/BoardServices
0x00000001a668d000 	/System/Library/PrivateFrameworks/AssertionServices.framework/Versions/A/AssertionServices
0x00000001b0767000 	/System/Library/PrivateFrameworks/BackBoardServices.framework/Versions/A/BackBoardServices
0x00000001aa686000 	/System/Library/PrivateFrameworks/CorePhoneNumbers.framework/Versions/A/CorePhoneNumbers
0x00000001a9f2d000 	/System/Library/PrivateFrameworks/MultiverseSupport.framework/Versions/A/MultiverseSupport
0x00000001b09e8000 	/System/Library/PrivateFrameworks/RemoteServiceDiscovery.framework/Versions/A/RemoteServiceDiscovery
0x00000001ae51d000 	/System/Library/PrivateFrameworks/DiskManagement.framework/Versions/A/DiskManagement
0x00000001ae420000 	/System/Library/PrivateFrameworks/AppleIDAuthSupport.framework/Versions/A/AppleIDAuthSupport
0x000000020289f000 	/System/Library/PrivateFrameworks/AAAFoundation.framework/Versions/A/AAAFoundation
0x00000001aa665000 	/System/Library/PrivateFrameworks/KeychainCircle.framework/Versions/A/KeychainCircle
0x00000001b09f8000 	/System/Library/PrivateFrameworks/RemoteXPC.framework/Versions/A/RemoteXPC
0x00000001ae4e9000 	/System/Library/PrivateFrameworks/MediaKit.framework/Versions/A/MediaKit
0x00000001ae42d000 	/System/Library/Frameworks/DiscRecording.framework/Versions/A/DiscRecording
0x00000001a7c6c000 	/usr/lib/libCoreStorage.dylib
0x00000001b0a64000 	/usr/lib/libcsfde.dylib
0x00000001ab378000 	/System/Library/PrivateFrameworks/ProtectedCloudStorage.framework/Versions/A/ProtectedCloudStorage
0x00000001b0a5c000 	/System/Library/PrivateFrameworks/EFILogin.framework/Versions/A/EFILogin
0x00000001ae7fc000 	/System/Library/PrivateFrameworks/OctagonTrust.framework/Versions/A/OctagonTrust
0x000000020749e000 	/System/Library/PrivateFrameworks/CoreUtilsExtras.framework/Versions/A/CoreUtilsExtras
0x00000001ae352000 	/System/Library/Frameworks/CoreBluetooth.framework/Versions/A/CoreBluetooth
0x00000001b10f8000 	/System/Library/Frameworks/AudioUnit.framework/Versions/A/AudioUnit
0x00000001a7c64000 	/usr/lib/libMatch.1.dylib
0x00000001c0e85000 	/System/Library/Frameworks/Accelerate.framework/Versions/A/Frameworks/vImage.framework/Versions/A/Libraries/libCGInterfaces.dylib
0x000000012e5ec000 	/usr/lib/libobjc-trampolines.dylib
0x00000001a3967000 	/System/Library/PrivateFrameworks/ViewBridge.framework/Versions/A/ViewBridge
0x00000001a83c8000 	/System/Library/PrivateFrameworks/login.framework/Versions/A/login
0x00000001a7b2a000 	/System/Library/PrivateFrameworks/CrashReporterSupport.framework/Versions/A/CrashReporterSupport
0x00000001c8928000 	/System/Library/PrivateFrameworks/OSAnalytics.framework/Versions/A/OSAnalytics
0x00000001d3c74000 	/System/Library/PrivateFrameworks/Symbolication.framework/Versions/A/Symbolication
0x00000001bc960000 	/System/Library/PrivateFrameworks/MallocStackLogging.framework/Versions/A/MallocStackLogging
0x00000001467d8000 	/Users/abheektripathy/.openjfx/cache/17.0.1/libjavafx_font.dylib
0x000000021ba6d000 	/usr/lib/libRosetta.dylib
0x0000000147400000 	/Users/abheektripathy/.openjfx/cache/17.0.1/libglib-lite.dylib
0x000000014754c000 	/Users/abheektripathy/.openjfx/cache/17.0.1/libgstreamer-lite.dylib
0x0000000146a40000 	/Users/abheektripathy/.openjfx/cache/17.0.1/libjfxmedia.dylib
0x0000000146a80000 	/Users/abheektripathy/.openjfx/cache/17.0.1/libjfxmedia_avf.dylib
0x00000001bbc73000 	/System/Library/Frameworks/AVFoundation.framework/Versions/A/AVFoundation
0x00000001fec29000 	/System/Library/Frameworks/AVFAudio.framework/Versions/A/AVFAudio
0x00000001aed15000 	/System/Library/PrivateFrameworks/AVFCore.framework/Versions/A/AVFCore
0x00000001b5f83000 	/System/Library/PrivateFrameworks/AVFCapture.framework/Versions/A/AVFCapture
0x00000001ba83f000 	/System/Library/PrivateFrameworks/AirPlaySync.framework/Versions/A/AirPlaySync
0x00000001a8f00000 	/System/Library/Frameworks/MediaToolbox.framework/Versions/A/MediaToolbox
0x00000001ae61d000 	/System/Library/PrivateFrameworks/CoreAVCHD.framework/Versions/A/CoreAVCHD
0x00000001ad82d000 	/System/Library/Frameworks/MediaAccessibility.framework/Versions/A/MediaAccessibility
0x00000001ae619000 	/System/Library/PrivateFrameworks/Mangrove.framework/Versions/A/Mangrove
0x00000001ad83a000 	/System/Library/PrivateFrameworks/AlgosScoreFramework.framework/Versions/A/AlgosScoreFramework
0x0000000204580000 	/System/Library/PrivateFrameworks/CMPhoto.framework/Versions/A/CMPhoto
0x00000001ae60d000 	/System/Library/PrivateFrameworks/CoreAUC.framework/Versions/A/CoreAUC
0x0000000204566000 	/System/Library/PrivateFrameworks/CMImaging.framework/Versions/A/CMImaging
0x00000001b60dd000 	/System/Library/PrivateFrameworks/Quagga.framework/Versions/A/Quagga
0x00000001b61a1000 	/System/Library/PrivateFrameworks/CMCapture.framework/Versions/A/CMCapture
0x00000001a9ff1000 	/System/Library/Frameworks/CoreMediaIO.framework/Versions/A/CoreMediaIO
0x00000001b1234000 	/System/Library/PrivateFrameworks/Espresso.framework/Versions/A/Espresso
0x00000001b0ae2000 	/System/Library/PrivateFrameworks/AppSupport.framework/Versions/A/AppSupport
0x00000001e2926000 	/System/Library/PrivateFrameworks/ANECompiler.framework/Versions/A/ANECompiler
0x00000001b2da0000 	/System/Library/PrivateFrameworks/AppleNeuralEngine.framework/Versions/A/AppleNeuralEngine
0x000000020ae4a000 	/System/Library/PrivateFrameworks/MIL.framework/Versions/A/MIL
0x0000000200077000 	/System/Library/Frameworks/MetalPerformanceShadersGraph.framework/Versions/A/MetalPerformanceShadersGraph
0x00000001b1cbe000 	/System/Library/PrivateFrameworks/ANEServices.framework/Versions/A/ANEServices
0x00000001c0731000 	/usr/lib/libncurses.5.4.dylib
0x0000000146a20000 	/Users/abheektripathy/.openjfx/cache/17.0.1/libfxplugins.dylib
0x0000000202076000 	/System/Library/Frameworks/VideoDecodeAcceleration.framework/Versions/A/VideoDecodeAcceleration
0x00000001479f0000 	/System/Library/Components/CoreAudio.component/Contents/MacOS/CoreAudio
0x00000001618f8000 	/System/Library/Components/AudioCodecs.component/Contents/MacOS/AudioCodecs


VM Arguments:
jvm_args: -javaagent:/Applications/IntelliJ IDEA CE.app/Contents/lib/idea_rt.jar=50086:/Applications/IntelliJ IDEA CE.app/Contents/bin -Dfile.encoding=UTF-8 --module-path=/Users/abheektripathy/IdeaProjects/ZeusFx-MP/target/classes:/Users/abheektripathy/.m2/repository/org/openjfx/javafx-controls/17.0.1/javafx-controls-17.0.1-mac-aarch64.jar:/Users/abheektripathy/.m2/repository/org/openjfx/javafx-fxml/17.0.1/javafx-fxml-17.0.1-mac-aarch64.jar:/Users/abheektripathy/.m2/repository/org/openjfx/javafx-base/17.0.1/javafx-base-17.0.1-mac-aarch64.jar:/Users/abheektripathy/.m2/repository/org/openjfx/javafx-graphics/17.0.1/javafx-graphics-17.0.1-mac-aarch64.jar:/Users/abheektripathy/.m2/repository/org/openjfx/javafx-media/17.0.1/javafx-media-17.0.1-mac-aarch64.jar -Djdk.module.main=com.tripathy.zeusfxmp 
java_command: com.tripathy.zeusfxmp/com.tripathy.zeusfxmp.HelloApplication
java_class_path (initial): /Users/abheektripathy/.m2/repository/org/openjfx/javafx-controls/17.0.1/javafx-controls-17.0.1.jar:/Users/abheektripathy/.m2/repository/org/openjfx/javafx-graphics/17.0.1/javafx-graphics-17.0.1.jar:/Users/abheektripathy/.m2/repository/org/openjfx/javafx-base/17.0.1/javafx-base-17.0.1.jar:/Users/abheektripathy/.m2/repository/org/openjfx/javafx-fxml/17.0.1/javafx-fxml-17.0.1.jar:/Users/abheektripathy/.m2/repository/org/openjfx/javafx-media/17.0.1/javafx-media-17.0.1.jar
Launcher Type: SUN_STANDARD

[Global flags]
     intx CICompilerCount                          = 4                                         {product} {ergonomic}
     uint ConcGCThreads                            = 2                                         {product} {ergonomic}
     uint G1ConcRefinementThreads                  = 8                                         {product} {ergonomic}
   size_t G1HeapRegionSize                         = 1048576                                   {product} {ergonomic}
    uintx GCDrainStackTargetSize                   = 64                                        {product} {ergonomic}
   size_t InitialHeapSize                          = 134217728                                 {product} {ergonomic}
   size_t MarkStackSize                            = 4194304                                   {product} {ergonomic}
   size_t MaxHeapSize                              = 2147483648                                {product} {ergonomic}
   size_t MaxNewSize                               = 1287651328                                {product} {ergonomic}
   size_t MinHeapDeltaBytes                        = 1048576                                   {product} {ergonomic}
   size_t MinHeapSize                              = 8388608                                   {product} {ergonomic}
    uintx NonNMethodCodeHeapSize                   = 5839564                                {pd product} {ergonomic}
    uintx NonProfiledCodeHeapSize                  = 122909338                              {pd product} {ergonomic}
    uintx ProfiledCodeHeapSize                     = 122909338                              {pd product} {ergonomic}
    uintx ReservedCodeCacheSize                    = 251658240                              {pd product} {ergonomic}
     bool SegmentedCodeCache                       = true                                      {product} {ergonomic}
   size_t SoftMaxHeapSize                          = 2147483648                             {manageable} {ergonomic}
     bool UseCompressedClassPointers               = true                           {product lp64_product} {ergonomic}
     bool UseCompressedOops                        = true                           {product lp64_product} {ergonomic}
     bool UseG1GC                                  = true                                      {product} {ergonomic}
     bool UseNUMA                                  = false                                     {product} {ergonomic}
     bool UseNUMAInterleaving                      = false                                     {product} {ergonomic}

Logging:
Log output configuration:
 #0: stdout all=warning uptime,level,tags
 #1: stderr all=off uptime,level,tags

Environment Variables:
PATH=/Library/Frameworks/Python.framework/Versions/3.10/bin:/usr/local/bin:/usr/bin:/bin:/usr/sbin:/sbin:/Library/Apple/usr/bin
SHELL=/bin/zsh
LC_CTYPE=en_IN.UTF-8

Signal Handlers:
   SIGSEGV: _ZL13crash_handleriP9__siginfoPv in libjvm.dylib, mask=11100110000111110111111111111111, flags=SA_RESTART|SA_SIGINFO
    SIGBUS: _ZL13crash_handleriP9__siginfoPv in libjvm.dylib, mask=11100110000111110111111111111111, flags=SA_RESTART|SA_SIGINFO
    SIGFPE: _ZL13crash_handleriP9__siginfoPv in libjvm.dylib, mask=11100110000111110111111111111111, flags=SA_RESTART|SA_SIGINFO
   SIGPIPE: _ZL17javaSignalHandleriP9__siginfoPv in libjvm.dylib, mask=11100110000111110111111111111111, flags=SA_RESTART|SA_SIGINFO
   SIGXFSZ: _ZL17javaSignalHandleriP9__siginfoPv in libjvm.dylib, mask=11100110000111110111111111111111, flags=SA_RESTART|SA_SIGINFO
    SIGILL: _ZL13crash_handleriP9__siginfoPv in libjvm.dylib, mask=11100110000111110111111111111111, flags=SA_RESTART|SA_SIGINFO
   SIGUSR2: _ZL10SR_handleriP9__siginfoP17__darwin_ucontext in libjvm.dylib, mask=00100000000000000000000000000000, flags=SA_RESTART|SA_SIGINFO
    SIGHUP: _ZL11UserHandleriPvS_ in libjvm.dylib, mask=11100110000111110111111111111111, flags=SA_RESTART|SA_SIGINFO
    SIGINT: _ZL11UserHandleriPvS_ in libjvm.dylib, mask=11100110000111110111111111111111, flags=SA_RESTART|SA_SIGINFO
   SIGTERM: _ZL11UserHandleriPvS_ in libjvm.dylib, mask=11100110000111110111111111111111, flags=SA_RESTART|SA_SIGINFO
   SIGQUIT: _ZL11UserHandleriPvS_ in libjvm.dylib, mask=11100110000111110111111111111111, flags=SA_RESTART|SA_SIGINFO
   SIGTRAP: _ZL13crash_handleriP9__siginfoPv in libjvm.dylib, mask=11100110000111110111111111111111, flags=SA_RESTART|SA_SIGINFO


---------------  S Y S T E M  ---------------

OS:
uname: Darwin 21.5.0 Darwin Kernel Version 21.5.0: Tue Apr 26 21:08:29 PDT 2022; root:xnu-8020.121.3~4/RELEASE_ARM64_T8101 arm64
OS uptime: 0 days 1:51 hours
rlimit (soft/hard): STACK 8176k/65520k , CORE 0k/infinity , NPROC 1333/2000 , NOFILE 10240/infinity , AS infinity/infinity , CPU infinity/infinity , DATA infinity/infinity , FSIZE infinity/infinity , MEMLOCK infinity/infinity , RSS infinity/infinity
load average: 1.54 1.85 2.17

CPU: total 8 (initial active 8) 0x61:0x0:0x1b588bb3:0, fp, simd, crc, lse

Memory: 16k page, physical 8388608k(87648k free), swap 1048576k(1029376k free)

vm_info: OpenJDK 64-Bit Server VM (17.0.2+8) for bsd-aarch64 JRE (17.0.2+8), built on Jan 20 2022 10:58:36 by "jenkins" with clang Apple LLVM 12.0.0 (clang-1200.0.32.29)

END.
