#
# A fatal error has been detected by the Java Runtime Environment:
#
#  SIGBUS (0xa) at pc=0x00000001380014f0, pid=5664, tid=35339
#
# JRE version: OpenJDK Runtime Environment Temurin-17.0.2+8 (17.0.2+8) (build 17.0.2+8)
# Java VM: OpenJDK 64-Bit Server VM Temurin-17.0.2+8 (17.0.2+8, mixed mode, tiered, compressed oops, compressed class ptrs, g1 gc, bsd-aarch64)
# Problematic frame:
# v  ~StubRoutines::SafeFetchN
#
# No core dump will be written. Core dumps have been disabled. To enable core dumping, try "ulimit -c unlimited" before starting Java again
#
# If you would like to submit a bug report, please visit:
#   https://github.com/adoptium/adoptium-support/issues
# The crash happened outside the Java Virtual Machine in native code.
# See problematic frame for where to report the bug.
#

---------------  S U M M A R Y ------------

Command Line: -javaagent:/Applications/IntelliJ IDEA CE.app/Contents/lib/idea_rt.jar=50843:/Applications/IntelliJ IDEA CE.app/Contents/bin -Dfile.encoding=UTF-8 --module-path=/Users/abheektripathy/IdeaProjects/ZeusFx-MP/target/classes:/Users/abheektripathy/.m2/repository/org/openjfx/javafx-fxml/17.0.1/javafx-fxml-17.0.1-mac-aarch64.jar:/Users/abheektripathy/.m2/repository/org/openjfx/javafx-graphics/17.0.1/javafx-graphics-17.0.1-mac-aarch64.jar:/Users/abheektripathy/.m2/repository/org/openjfx/javafx-base/17.0.1/javafx-base-17.0.1-mac-aarch64.jar:/Users/abheektripathy/.m2/repository/org/openjfx/javafx-media/17.0.1/javafx-media-17.0.1-mac-aarch64.jar:/Users/abheektripathy/.m2/repository/org/openjfx/javafx-controls/17.0.1/javafx-controls-17.0.1-mac-aarch64.jar -Djdk.module.main=com.tripathy.zeusfxmp com.tripathy.zeusfxmp/com.tripathy.zeusfxmp.HelloApplication

Host: "MacBookPro17,1" arm64 1 MHz, 8 cores, 8G, Darwin 21.5.0, macOS 12.4 (21F79)
Time: Tue Jun 14 10:42:20 2022 IST elapsed time: 8.139565 seconds (0d 0h 0m 8s)

---------------  T H R E A D  ---------------

Current thread (0x0000000129816800):  JavaThread "InvokeLaterDispatcher" daemon [_thread_in_native, id=35339, stack(0x0000000172648000,0x000000017284b000)]

Stack: [0x0000000172648000,0x000000017284b000],  sp=0x000000017284a780,  free space=2057k
Native frames: (J=compiled Java code, j=interpreted, Vv=VM code, C=native code)
v  ~StubRoutines::SafeFetchN
V  [libjvm.dylib+0x7ba2dc]  _ZN10OopStorage7releaseEPKP7oopDesc+0x20
V  [libjvm.dylib+0x4c5750]  jni_DeleteGlobalRef+0xd8
C  [libglass.dylib+0xab08]  -[GlassRunnable dealloc]+0x34
C  [Foundation+0x85318]  -[_NSThreadPerformInfo dealloc]+0x30
C  [Foundation+0x518ac]  -[NSObject(NSThreadPerformAdditions) performSelectorOnMainThread:withObject:waitUntilDone:]+0x88
C  0xd5588001380098ac
j  com.sun.glass.ui.mac.MacApplication.submitForLaterInvocation(Ljava/lang/Runnable;)V+2 javafx.graphics
j  com.sun.glass.ui.InvokeLaterDispatcher.run()V+82 javafx.graphics
v  ~StubRoutines::call_stub
V  [libjvm.dylib+0x46a8f0]  _ZN9JavaCalls11call_helperEP9JavaValueRK12methodHandleP17JavaCallArgumentsP10JavaThread+0x38c
V  [libjvm.dylib+0x46990c]  _ZN9JavaCalls12call_virtualEP9JavaValueP5KlassP6SymbolS5_P17JavaCallArgumentsP10JavaThread+0x11c
V  [libjvm.dylib+0x4699d8]  _ZN9JavaCalls12call_virtualEP9JavaValue6HandleP5KlassP6SymbolS6_P10JavaThread+0x64
V  [libjvm.dylib+0x521e64]  _ZL12thread_entryP10JavaThreadS0_+0xc4
V  [libjvm.dylib+0x99aac0]  _ZN10JavaThread17thread_main_innerEv+0x13c
V  [libjvm.dylib+0x99919c]  _ZN6Thread8call_runEv+0x128
V  [libjvm.dylib+0x7c1124]  _ZL19thread_native_entryP6Thread+0x158
C  [libsystem_pthread.dylib+0x726c]  _pthread_start+0x94

Java frames: (J=compiled Java code, j=interpreted, Vv=VM code)
j  com.sun.glass.ui.mac.MacApplication._submitForLaterInvocation(Ljava/lang/Runnable;)V+0 javafx.graphics
j  com.sun.glass.ui.mac.MacApplication.submitForLaterInvocation(Ljava/lang/Runnable;)V+2 javafx.graphics
j  com.sun.glass.ui.InvokeLaterDispatcher.run()V+82 javafx.graphics
v  ~StubRoutines::call_stub

siginfo: si_signo: 10 (SIGBUS), si_code: 1 (BUS_ADRALN), si_addr: 0x00000001380014f0

Register to memory mapping:

 x0=0x0000000127e05e08 is a global jni handle
 x1=0x0 is NULL
 x2=0x0000000787fca250 is an oop: com.sun.glass.ui.InvokeLaterDispatcher$Future 
{0x0000000787fca250} - klass: 'com/sun/glass/ui/InvokeLaterDispatcher$Future'
 - ---- fields (total size 3 words):
 - private 'done' 'Z' @12  true
 - private final 'runnable' 'Ljava/lang/Runnable;' @16  a 'com/sun/javafx/application/PlatformImpl$$Lambda$92+0x0000000800114e80'{0x0000000786275790} (f0c4eaf2)
 - final synthetic 'this$0' 'Lcom/sun/glass/ui/InvokeLaterDispatcher;' @20  a 'com/sun/glass/ui/InvokeLaterDispatcher'{0x00000007800c18c8} (f0018319)
 x3=0x0 is NULL
 x4=0x00000000000130a8 is an unknown value
 x5=0x0 is NULL
 x6=0x0 is NULL
 x7=0x0 is NULL
 x8=0x00000001380014ec is at begin+0 in a stub
StubRoutines::SafeFetchN [0x00000001380014ec, 0x00000001380014f8] (12 bytes)
 x9=0x0 is NULL
x10=0x2010000030300000 is an unknown value
x11=0x0000000000000007 is an unknown value
x12=0x0 is NULL
x13=0x00006000004f01f0 points into unknown readable memory: 0x0014c00800000003 | 03 00 00 00 08 c0 14 00
x14=0x00000c0000000000 is an unknown value
x15=0x00000001114d9f98: OBJC_CLASS_$_GlassRunnable+0 in /Users/abheektripathy/.openjfx/cache/17.0.1/libglass.dylib at 0x0000000111494000
x16=0x00000001b37f30fc: pthread_getspecific+0 in /usr/lib/system/libsystem_pthread.dylib at 0x00000001b37f1000
x17=0x0000600000ed06c0 points into unknown readable memory: 0xfffffffffffffffe | fe ff ff ff ff ff ff ff
x18=0x0 is NULL
x19=0x00006000001d4070 points into unknown readable memory: 0x00006000028ec920 | 20 c9 8e 02 00 60 00 00
x20=0x0000000127e05c00 points into unknown readable memory: 0x0000000000000000 | 00 00 00 00 00 00 00 00
x21=0x0000000127e05e08 is a global jni handle
x22=0x0000000129816800 is a thread
x23=0x0000000000000001 is an unknown value
x24=0x0000000127e05dc0 is a global jni handle
x25=0x00000001021bfa08: _ZN12StubRoutines17_safefetchN_entryE+0 in /Library/Java/JavaVirtualMachines/temurin-17.jdk/Contents/Home/lib/server/libjvm.dylib at 0x0000000101564000
x26=0x00000001149502c8 is pointing into metadata
x27=0x0 is NULL
x28=0x0000000129816800 is a thread


Registers:
 x0=0x0000000127e05e08  x1=0x0000000000000000  x2=0x0000000787fca250  x3=0x0000000000000000
 x4=0x00000000000130a8  x5=0x0000000000000000  x6=0x0000000000000000  x7=0x0000000000000000
 x8=0x00000001380014ec  x9=0x0000000000000000 x10=0x2010000030300000 x11=0x0000000000000007
x12=0x0000000000000000 x13=0x00006000004f01f0 x14=0x00000c0000000000 x15=0x00000001114d9f98
x16=0x00000001b37f30fc x17=0x0000600000ed06c0 x18=0x0000000000000000 x19=0x00006000001d4070
x20=0x0000000127e05c00 x21=0x0000000127e05e08 x22=0x0000000129816800 x23=0x0000000000000001
x24=0x0000000127e05dc0 x25=0x00000001021bfa08 x26=0x00000001149502c8 x27=0x0000000000000000
x28=0x0000000129816800  fp=0x000000017284a7c0  lr=0x0000000101d1d0ac  sp=0x000000017284a780
pc=0x00000001380014f0 cpsr=0x0000000060001000
Top of Stack: (sp=0x000000017284a780)
0x000000017284a780:   00000001149502c8 0000000000000001
0x000000017284a790:   000000017284a988 0000000000000000
0x000000017284a7a0:   0000000100808aa8 0000000127e05df0
0x000000017284a7b0:   0000000127e05df0 00006000001d4070
0x000000017284a7c0:   000000017284a800 0000000101d1e2dc
0x000000017284a7d0:   0000000000000001 0000000127e05df0
0x000000017284a7e0:   0000000100808aa8 0000000127e05df0
0x000000017284a7f0:   0000000000000001 0000000100808800
0x000000017284a800:   000000017284a840 0000000101a29750
0x000000017284a810:   000000017284a988 0000600002873980
0x000000017284a820:   0000600002873990 00000001fdab130c
0x000000017284a830:   0000000000000000 0000600002873990
0x000000017284a840:   000000017284a870 000000011149eb08
0x000000017284a850:   3fbd8b07025c00b2 0000000000000000
0x000000017284a860:   0000000000000000 0000600003f14080
0x000000017284a870:   000000017284a8b0 00000001b47c8318
0x000000017284a880:   000000017284a988 0000600002873980
0x000000017284a890:   0000600002873990 3fbd8b07025c00b2
0x000000017284a8a0:   0000000000000000 0000000000000000
0x000000017284a8b0:   000000017284a8f0 c3110001b47948ac
0x000000017284a8c0:   000000017284a988 00000001380087c0
0x000000017284a8d0:   0000000000000000 00000001021c73c8
0x000000017284a8e0:   000000017284a900 0000000138007730
0x000000017284a8f0:   000000017284a960 d5588001380098ac
0x000000017284a900:   000000017284a968 0000000114869570
0x000000017284a910:   000000017284a910 0000000000000000
0x000000017284a920:   000000017284a988 00000001149502c8
0x000000017284a930:   00000007801ef8f8 0000000000000000
0x000000017284a940:   0000000000000000 000000011492f7a8
0x000000017284a950:   0000000000000000 000000017284a960
0x000000017284a960:   000000017284a9e0 0000000138005fc8
0x000000017284a970:   0000000000000000 0000000000000000 

Instructions: (pc=0x00000001380014f0)
0x00000001380013f0:   f2a04309 f2c00029 6d425935 1e640886
0x0000000138001400:   0c402d31 1e6408c7 1f5654d0 1e6c1017
0x0000000138001410:   1f5050d0 1f504cd0 1f5048d0 1e650af6
0x0000000138001420:   1f50d8f6 1f5694d6 1f5158f6 1e762880
0x0000000138001430:   36000501 1e614000 14000026 2e251ca5
0x0000000138001440:   d2983009 f2a04309 f2c00029 6d425d36
0x0000000138001450:   1e600806 0c402d32 1f5758c7 1e6c101a
0x0000000138001460:   1f4754c7 1e650805 1f4750c7 d2866668
0x0000000138001470:   f2a7fa68 1f474cc7 1e6608c0 1f4748c7
0x0000000138001480:   1e6e1019 eb08007f 540000ac 1f479400
0x0000000138001490:   1f460340 1e603b20 1400000e d2a7fd29
0x00000001380014a0:   eb09007f 540000ac 51480069 d3607d29
0x00000001380014b0:   9e670121 14000002 1e6a5001 1f679417
0x00000001380014c0:   1f668742 1e613b23 1e773857 1e773860
0x00000001380014d0:   a8c17ff3 910003bf a8c17bfd d65f03c0
0x00000001380014e0:   b9400001 aa0103e0 d65f03c0 f9400001
0x00000001380014f0:   aa0103e0 d65f03c0 00000000 00000000
0x0000000138001500:   00000000 00000000 00000000 00000000
0x0000000138001510:   00000000 00000000 00000000 00000000
0x0000000138001520:   00000000 00000000 00000000 00000000
0x0000000138001530:   00000000 00000000 00000000 00000000
0x0000000138001540:   00000000 00000000 00000000 00000000
0x0000000138001550:   00000000 00000000 00000000 00000000
0x0000000138001560:   00000000 00000000 00000000 00000000
0x0000000138001570:   00000000 00000000 00000000 00000000
0x0000000138001580:   00000000 00000000 00000000 00000000
0x0000000138001590:   00000000 00000000 00000000 00000000
0x00000001380015a0:   00000000 00000000 00000000 00000000
0x00000001380015b0:   00000000 00000000 00000000 00000000
0x00000001380015c0:   00000000 00000000 00000000 00000000
0x00000001380015d0:   00000000 00000000 00000000 00000000
0x00000001380015e0:   00000000 00000000 00000000 00000000 


Stack slot to memory mapping:
stack at sp + 0 slots: 0x00000001149502c8 is pointing into metadata
stack at sp + 1 slots: 0x0000000000000001 is an unknown value
stack at sp + 2 slots: 0x000000017284a988 is pointing into the stack for thread: 0x0000000129816800
stack at sp + 3 slots: 0x0 is NULL
stack at sp + 4 slots: 0x0000000100808aa8 points into unknown readable memory: 0x000000010217a888 | 88 a8 17 02 01 00 00 00
stack at sp + 5 slots: 0x0000000127e05df0 is a global jni handle
stack at sp + 6 slots: 0x0000000127e05df0 is a global jni handle
stack at sp + 7 slots: 0x00006000001d4070 points into unknown readable memory: 0x00006000028ec920 | 20 c9 8e 02 00 60 00 00

StubRoutines::SafeFetchN [0x00000001380014ec, 0x00000001380014f8] (12 bytes)
[MachCode]
  0x00000001380014ec: 0100 40f9 | e003 01aa | c003 5fd6 
[/MachCode]

---------------  P R O C E S S  ---------------

Threads class SMR info:
_java_thread_list=0x0000600002a2d4a0, length=25, elements={
0x0000000100808200, 0x0000000129012000, 0x0000000111809800, 0x0000000128811c00,
0x0000000128812200, 0x000000012a808200, 0x000000012802a000, 0x0000000100837c00,
0x0000000100838200, 0x0000000129009000, 0x000000010082f600, 0x0000000100890800,
0x000000011180d600, 0x0000000129816800, 0x0000000100808800, 0x000000012990f600,
0x00000001280fe400, 0x000000012890ea00, 0x0000000129414e00, 0x0000000129907600,
0x0000000128ade400, 0x000000012a965c00, 0x0000000128b2d200, 0x0000000129483400,
0x0000000128042c00
}

Java Threads: ( => current thread )
  0x0000000100808200 JavaThread "main" [_thread_blocked, id=6147, stack(0x000000016fc40000,0x000000016fe43000)]
  0x0000000129012000 JavaThread "Reference Handler" daemon [_thread_blocked, id=15875, stack(0x0000000170a94000,0x0000000170c97000)]
  0x0000000111809800 JavaThread "Finalizer" daemon [_thread_blocked, id=16387, stack(0x0000000170ca0000,0x0000000170ea3000)]
  0x0000000128811c00 JavaThread "Signal Dispatcher" daemon [_thread_blocked, id=42499, stack(0x0000000170fc4000,0x00000001711c7000)]
  0x0000000128812200 JavaThread "Service Thread" daemon [_thread_blocked, id=23299, stack(0x00000001711d0000,0x00000001713d3000)]
  0x000000012a808200 JavaThread "Monitor Deflation Thread" daemon [_thread_blocked, id=23811, stack(0x00000001713dc000,0x00000001715df000)]
  0x000000012802a000 JavaThread "C2 CompilerThread0" daemon [_thread_blocked, id=41987, stack(0x00000001715e8000,0x00000001717eb000)]
  0x0000000100837c00 JavaThread "C1 CompilerThread0" daemon [_thread_blocked, id=41731, stack(0x00000001717f4000,0x00000001719f7000)]
  0x0000000100838200 JavaThread "Sweeper thread" daemon [_thread_blocked, id=41475, stack(0x0000000171a00000,0x0000000171c03000)]
  0x0000000129009000 JavaThread "Common-Cleaner" daemon [_thread_blocked, id=40963, stack(0x0000000171c0c000,0x0000000171e0f000)]
  0x000000010082f600 JavaThread "Monitor Ctrl-Break" daemon [_thread_in_native, id=40707, stack(0x0000000171e18000,0x000000017201b000)]
  0x0000000100890800 JavaThread "Notification Thread" daemon [_thread_blocked, id=40195, stack(0x0000000172024000,0x0000000172227000)]
  0x000000011180d600 JavaThread "QuantumRenderer-0" daemon [_thread_blocked, id=25347, stack(0x000000017243c000,0x000000017263f000)]
=>0x0000000129816800 JavaThread "InvokeLaterDispatcher" daemon [_thread_in_native, id=35339, stack(0x0000000172648000,0x000000017284b000)]
  0x0000000100808800 JavaThread "JavaFX Application Thread" [_thread_in_native, id=259, stack(0x000000016f3b8000,0x000000016fbb4000)]
  0x000000012990f600 JavaThread "JavaFX-Launcher" [_thread_blocked, id=76807, stack(0x0000000172aec000,0x0000000172cef000)]
  0x00000001280fe400 JavaThread "Attach Listener" daemon [_thread_blocked, id=52743, stack(0x0000000172cf8000,0x0000000172efb000)]
  0x000000012890ea00 JavaThread "JFXMedia Player EventQueueThread" daemon [_thread_blocked, id=60679, stack(0x0000000173d58000,0x0000000173f5b000)]
  0x0000000129414e00 JavaThread "Prism Font Disposer" daemon [_thread_blocked, id=170503, stack(0x0000000174220000,0x0000000174423000)]
  0x0000000129907600 JavaThread "Media Resource Disposer" daemon [_thread_blocked, id=166407, stack(0x00000001746c4000,0x00000001748c7000)]
  0x0000000128ade400 JavaThread "Cleaner-0" daemon [_thread_blocked, id=165143, stack(0x00000001748d0000,0x0000000174ad3000)]
  0x000000012a965c00 JavaThread "PulseTimer-CVDisplayLink thread" daemon [_thread_in_native, id=1299, stack(0x0000000174194000,0x0000000174217000)]
  0x0000000128b2d200 JavaThread "JFXMedia Player EventQueueThread" daemon [_thread_blocked, id=98083, stack(0x0000000174adc000,0x0000000174cdf000)]
  0x0000000129483400 JavaThread "Timer-2" [_thread_blocked, id=99587, stack(0x0000000174e8c000,0x000000017508f000)]
  0x0000000128042c00 JavaThread "Timer-3" daemon [_thread_blocked, id=161843, stack(0x0000000175098000,0x000000017529b000)]

Other Threads:
  0x0000000117e05750 VMThread "VM Thread" [stack: 0x0000000170888000,0x0000000170a8b000] [id=17411]
  0x0000000101014e50 WatcherThread [stack: 0x0000000172230000,0x0000000172433000] [id=24835]
  0x0000000101006530 GCTaskThread "GC Thread#0" [stack: 0x000000016fe4c000,0x000000017004f000] [id=19203]
  0x00000001007156d0 GCTaskThread "GC Thread#1" [stack: 0x0000000172f04000,0x0000000173107000] [id=58883]
  0x000000010101c540 GCTaskThread "GC Thread#2" [stack: 0x0000000173110000,0x0000000173313000] [id=59395]
  0x0000000117e1d740 GCTaskThread "GC Thread#3" [stack: 0x000000017331c000,0x000000017351f000] [id=59651]
  0x000000010140c700 GCTaskThread "GC Thread#4" [stack: 0x0000000173528000,0x000000017372b000] [id=73475]
  0x000000010140cf90 GCTaskThread "GC Thread#5" [stack: 0x0000000173734000,0x0000000173937000] [id=72963]
  0x0000000117e1dfb0 GCTaskThread "GC Thread#6" [stack: 0x0000000173940000,0x0000000173b43000] [id=72451]
  0x0000000127f24f20 GCTaskThread "GC Thread#7" [stack: 0x0000000173b4c000,0x0000000173d4f000] [id=60163]
  0x0000000117e047c0 ConcurrentGCThread "G1 Main Marker" [stack: 0x0000000170058000,0x000000017025b000] [id=12035]
  0x000000012a004cd0 ConcurrentGCThread "G1 Conc#0" [stack: 0x0000000170264000,0x0000000170467000] [id=12803]
  0x0000000127f3c850 ConcurrentGCThread "G1 Conc#1" [stack: 0x000000017442c000,0x000000017462f000] [id=90627]
  0x000000012a006b40 ConcurrentGCThread "G1 Refine#0" [stack: 0x0000000170470000,0x0000000170673000] [id=18435]
  0x0000000127f05f10 ConcurrentGCThread "G1 Service" [stack: 0x000000017067c000,0x000000017087f000] [id=13571]

Threads with active compile tasks:

VM state: not at safepoint (normal execution)

VM Mutex/Monitor currently owned by a thread: None

Heap address: 0x0000000780000000, size: 2048 MB, Compressed Oops mode: Zero based, Oop shift amount: 3

CDS archive(s) not mapped
Compressed class space mapped at: 0x0000000800000000-0x0000000840000000, reserved size: 1073741824
Narrow klass base: 0x0000000800000000, Narrow klass shift: 0, Narrow klass range: 0x40000000

GC Precious Log:
 CPUs: 8 total, 8 available
 Memory: 8192M
 Large Page Support: Disabled
 NUMA Support: Disabled
 Compressed Oops: Enabled (Zero based)
 Heap Region Size: 1M
 Heap Min Capacity: 8M
 Heap Initial Capacity: 128M
 Heap Max Capacity: 2G
 Pre-touch: Disabled
 Parallel Workers: 8
 Concurrent Workers: 2
 Concurrent Refinement Workers: 8
 Periodic GC: Disabled

Heap:
 garbage-first heap   total 34816K, used 14108K [0x0000000780000000, 0x0000000800000000)
  region size 1024K, 4 young (4096K), 1 survivors (1024K)
 Metaspace       used 25523K, committed 25792K, reserved 1073152K
  class space    used 3315K, committed 3456K, reserved 1048576K

Heap Regions: E=young(eden), S=young(survivor), O=old, HS=humongous(starts), HC=humongous(continues), CS=collection set, F=free, OA=open archive, CA=closed archive, TAMS=top-at-mark-start (previous, next)
|   0|0x0000000780000000, 0x0000000780100000, 0x0000000780100000|100%| O|  |TAMS 0x00000007800b2200, 0x0000000780000000| Untracked 
|   1|0x0000000780100000, 0x0000000780200000, 0x0000000780200000|100%| O|  |TAMS 0x0000000780100000, 0x0000000780100000| Untracked 
|   2|0x0000000780200000, 0x0000000780300000, 0x0000000780300000|100%| O|  |TAMS 0x0000000780200000, 0x0000000780200000| Untracked 
|   3|0x0000000780300000, 0x0000000780300000, 0x0000000780400000|  0%| F|  |TAMS 0x0000000780300000, 0x0000000780300000| Untracked 
|   4|0x0000000780400000, 0x0000000780500000, 0x0000000780500000|100%| O|  |TAMS 0x0000000780400000, 0x0000000780400000| Untracked 
|   5|0x0000000780500000, 0x0000000780600000, 0x0000000780600000|100%| O|  |TAMS 0x0000000780500000, 0x0000000780500000| Untracked 
|   6|0x0000000780600000, 0x0000000780700000, 0x0000000780700000|100%| O|  |TAMS 0x0000000780600000, 0x0000000780600000| Untracked 
|   7|0x0000000780700000, 0x0000000780800000, 0x0000000780800000|100%| O|  |TAMS 0x0000000780700000, 0x0000000780700000| Untracked 
|   8|0x0000000780800000, 0x0000000780900000, 0x0000000780900000|100%|HS|  |TAMS 0x0000000780800000, 0x0000000780800000| Complete 
|   9|0x0000000780900000, 0x0000000780a00000, 0x0000000780a00000|100%|HC|  |TAMS 0x0000000780900000, 0x0000000780900000| Complete 
|  10|0x0000000780a00000, 0x0000000780b00000, 0x0000000780b00000|100%| O|  |TAMS 0x0000000780a00000, 0x0000000780a00000| Untracked 
|  11|0x0000000780b00000, 0x0000000780c00000, 0x0000000780c00000|100%| O|  |TAMS 0x0000000780b00000, 0x0000000780b00000| Untracked 
|  12|0x0000000780c00000, 0x0000000780c00000, 0x0000000780d00000|  0%| F|  |TAMS 0x0000000780c00000, 0x0000000780c00000| Untracked 
|  13|0x0000000780d00000, 0x0000000780d00000, 0x0000000780e00000|  0%| F|  |TAMS 0x0000000780d00000, 0x0000000780d00000| Untracked 
|  14|0x0000000780e00000, 0x0000000780e63400, 0x0000000780f00000| 38%| O|  |TAMS 0x0000000780e00000, 0x0000000780e00000| Untracked 
|  15|0x0000000780f00000, 0x0000000780f00000, 0x0000000781000000|  0%| F|  |TAMS 0x0000000780f00000, 0x0000000780f00000| Untracked 
|  16|0x0000000781000000, 0x0000000781000000, 0x0000000781100000|  0%| F|  |TAMS 0x0000000781000000, 0x0000000781000000| Untracked 
|  17|0x0000000781100000, 0x0000000781100000, 0x0000000781200000|  0%| F|  |TAMS 0x0000000781100000, 0x0000000781100000| Untracked 
|  18|0x0000000781200000, 0x0000000781200000, 0x0000000781300000|  0%| F|  |TAMS 0x0000000781200000, 0x0000000781200000| Untracked 
|  19|0x0000000781300000, 0x0000000781300000, 0x0000000781400000|  0%| F|  |TAMS 0x0000000781300000, 0x0000000781300000| Untracked 
|  20|0x0000000781400000, 0x0000000781400000, 0x0000000781500000|  0%| F|  |TAMS 0x0000000781400000, 0x0000000781400000| Untracked 
|  21|0x0000000781500000, 0x0000000781500000, 0x0000000781600000|  0%| F|  |TAMS 0x0000000781500000, 0x0000000781500000| Untracked 
|  22|0x0000000781600000, 0x0000000781600000, 0x0000000781700000|  0%| F|  |TAMS 0x0000000781600000, 0x0000000781600000| Untracked 
|  23|0x0000000781700000, 0x0000000781700000, 0x0000000781800000|  0%| F|  |TAMS 0x0000000781700000, 0x0000000781700000| Untracked 
|  24|0x0000000781800000, 0x0000000781800000, 0x0000000781900000|  0%| F|  |TAMS 0x0000000781800000, 0x0000000781800000| Untracked 
|  25|0x0000000781900000, 0x0000000781900000, 0x0000000781a00000|  0%| F|  |TAMS 0x0000000781900000, 0x0000000781900000| Untracked 
|  26|0x0000000781a00000, 0x0000000781a00000, 0x0000000781b00000|  0%| F|  |TAMS 0x0000000781a00000, 0x0000000781a00000| Untracked 
|  27|0x0000000781b00000, 0x0000000781b00000, 0x0000000781c00000|  0%| F|  |TAMS 0x0000000781b00000, 0x0000000781b00000| Untracked 
|  96|0x0000000786000000, 0x0000000786000000, 0x0000000786100000|  0%| F|  |TAMS 0x0000000786000000, 0x0000000786000000| Untracked 
|  97|0x0000000786100000, 0x0000000786100000, 0x0000000786200000|  0%| F|  |TAMS 0x0000000786100000, 0x0000000786100000| Untracked 
|  98|0x0000000786200000, 0x00000007862be2b0, 0x0000000786300000| 74%| E|  |TAMS 0x0000000786200000, 0x0000000786200000| Complete 
|  99|0x0000000786300000, 0x0000000786400000, 0x0000000786400000|100%| E|CS|TAMS 0x0000000786300000, 0x0000000786300000| Complete 
| 100|0x0000000786400000, 0x0000000786463e68, 0x0000000786500000| 39%| S|CS|TAMS 0x0000000786400000, 0x0000000786400000| Complete 
| 127|0x0000000787f00000, 0x0000000788000000, 0x0000000788000000|100%| E|CS|TAMS 0x0000000787f00000, 0x0000000787f00000| Complete 

Card table byte_map: [0x000000010a3cc000,0x000000010a7cc000] _byte_map_base: 0x00000001067cc000

Marking Bits (Prev, Next): (CMBitMap*) 0x0000000129008a50, (CMBitMap*) 0x0000000129008a10
 Prev Bits: [0x000000010cbcc000, 0x000000010ebcc000)
 Next Bits: [0x000000010abcc000, 0x000000010cbcc000)

Polling page: 0x00000001003d0000

Metaspace:

Usage:
  Non-class:     21.69 MB used.
      Class:      3.24 MB used.
       Both:     24.92 MB used.

Virtual space:
  Non-class space:       24.00 MB reserved,      21.81 MB ( 91%) committed,  3 nodes.
      Class space:        1.00 GB reserved,       3.38 MB ( <1%) committed,  1 nodes.
             Both:        1.02 GB reserved,      25.19 MB (  2%) committed. 

Chunk freelists:
   Non-Class:  1.70 MB
       Class:  636.00 KB
        Both:  2.32 MB

MaxMetaspaceSize: unlimited
CompressedClassSpaceSize: 1.00 GB
Initial GC threshold: 21.00 MB
Current GC threshold: 35.12 MB
CDS: off
MetaspaceReclaimPolicy: balanced
 - commit_granule_bytes: 65536.
 - commit_granule_words: 8192.
 - virtual_space_node_default_size: 1048576.
 - enlarge_chunks_in_place: 1.
 - new_chunks_are_fully_committed: 0.
 - uncommit_free_chunks: 1.
 - use_allocation_guard: 0.
 - handle_deallocations: 1.


Internal statistics:

num_allocs_failed_limit: 3.
num_arena_births: 204.
num_arena_deaths: 0.
num_vsnodes_births: 4.
num_vsnodes_deaths: 0.
num_space_committed: 403.
num_space_uncommitted: 0.
num_chunks_returned_to_freelist: 3.
num_chunks_taken_from_freelist: 784.
num_chunk_merges: 3.
num_chunk_splits: 517.
num_chunks_enlarged: 391.
num_purges: 0.
num_inconsistent_stats: 0.

CodeHeap 'non-profiled nmethods': size=120032Kb used=928Kb max_used=928Kb free=119103Kb
 bounds [0x000000013fac8000, 0x000000013fd38000, 0x0000000147000000]
CodeHeap 'profiled nmethods': size=120016Kb used=4528Kb max_used=4528Kb free=115487Kb
 bounds [0x0000000138594000, 0x0000000138a04000, 0x000000013fac8000]
CodeHeap 'non-nmethods': size=5712Kb used=1398Kb max_used=1455Kb free=4313Kb
 bounds [0x0000000138000000, 0x0000000138270000, 0x0000000138594000]
 total_blobs=3109 nmethods=2311 adapters=714
 compilation: enabled
              stopped_count=0, restarted_count=0
 full_count=0

Compilation events (20 events):
Event: 8.067 Thread 0x0000000100837c00 nmethod 2374 0x00000001389fa890 code [0x00000001389faa40, 0x00000001389fad18]
Event: 8.075 Thread 0x0000000100837c00 2376       3       com.sun.javafx.event.CompositeEventDispatcher::dispatchCapturingEvent (35 bytes)
Event: 8.076 Thread 0x0000000100837c00 nmethod 2376 0x00000001389fae10 code [0x00000001389fb000, 0x00000001389fb508]
Event: 8.076 Thread 0x0000000100837c00 2375       3       com.sun.javafx.event.BasicEventDispatcher::dispatchEvent (44 bytes)
Event: 8.076 Thread 0x0000000100837c00 nmethod 2375 0x00000001389fb690 code [0x00000001389fb880, 0x00000001389fbeb8]
Event: 8.083 Thread 0x0000000100837c00 2378       3       javafx.scene.input.MouseEvent::<init> (208 bytes)
Event: 8.083 Thread 0x0000000100837c00 nmethod 2378 0x00000001389fc090 code [0x00000001389fc2c0, 0x00000001389fca38]
Event: 8.083 Thread 0x0000000100837c00 2380       3       javafx.scene.Node::localToScene (17 bytes)
Event: 8.084 Thread 0x0000000100837c00 nmethod 2380 0x00000001389fce10 code [0x00000001389fcfc0, 0x00000001389fd258]
Event: 8.084 Thread 0x0000000100837c00 2379       3       javafx.scene.input.InputEvent::<init> (8 bytes)
Event: 8.084 Thread 0x0000000100837c00 nmethod 2379 0x00000001389fd390 code [0x00000001389fd540, 0x00000001389fd6d8]
Event: 8.091 Thread 0x0000000100837c00 2381       3       javafx.scene.input.MouseEvent::<init> (45 bytes)
Event: 8.091 Thread 0x0000000100837c00 nmethod 2381 0x00000001389fd790 code [0x00000001389fd940, 0x00000001389fdb98]
Event: 8.115 Thread 0x0000000100837c00 2382       1       java.util.EventObject::getSource (5 bytes)
Event: 8.115 Thread 0x0000000100837c00 nmethod 2382 0x000000013fbadc90 code [0x000000013fbade00, 0x000000013fbadee8]
Event: 8.137 Thread 0x000000012802a000 2383       4       javafx.css.SizeUnits$1::pixels (8 bytes)
Event: 8.137 Thread 0x0000000100837c00 2384       3       java.util.Arrays::asList (9 bytes)
Event: 8.138 Thread 0x000000012802a000 nmethod 2383 0x000000013fbadf90 code [0x000000013fbae140, 0x000000013fbae1e0]
Event: 8.138 Thread 0x0000000100837c00 nmethod 2384 0x00000001389fdd10 code [0x00000001389fdf00, 0x00000001389fe398]
Event: 8.138 Thread 0x0000000100837c00 2385       3       java.util.Arrays$ArrayList::<init> (16 bytes)

GC Heap History (8 events):
Event: 1.504 GC heap before
{Heap before GC invocations=0 (full 0):
 garbage-first heap   total 131072K, used 22528K [0x0000000780000000, 0x0000000800000000)
  region size 1024K, 23 young (23552K), 0 survivors (0K)
 Metaspace       used 15665K, committed 15872K, reserved 1064960K
  class space    used 1691K, committed 1792K, reserved 1048576K
}
Event: 1.509 GC heap after
{Heap after GC invocations=1 (full 0):
 garbage-first heap   total 131072K, used 3784K [0x0000000780000000, 0x0000000800000000)
  region size 1024K, 3 young (3072K), 3 survivors (3072K)
 Metaspace       used 15665K, committed 15872K, reserved 1064960K
  class space    used 1691K, committed 1792K, reserved 1048576K
}
Event: 3.825 GC heap before
{Heap before GC invocations=1 (full 0):
 garbage-first heap   total 131072K, used 27336K [0x0000000780000000, 0x0000000800000000)
  region size 1024K, 27 young (27648K), 3 survivors (3072K)
 Metaspace       used 21328K, committed 21504K, reserved 1073152K
  class space    used 2552K, committed 2624K, reserved 1048576K
}
Event: 3.829 GC heap after
{Heap after GC invocations=2 (full 0):
 garbage-first heap   total 131072K, used 7976K [0x0000000780000000, 0x0000000800000000)
  region size 1024K, 5 young (5120K), 5 survivors (5120K)
 Metaspace       used 21328K, committed 21504K, reserved 1073152K
  class space    used 2552K, committed 2624K, reserved 1048576K
}
Event: 4.191 GC heap before
{Heap before GC invocations=3 (full 0):
 garbage-first heap   total 34816K, used 23336K [0x0000000780000000, 0x0000000800000000)
  region size 1024K, 20 young (20480K), 5 survivors (5120K)
 Metaspace       used 24818K, committed 25024K, reserved 1073152K
  class space    used 3234K, committed 3328K, reserved 1048576K
}
Event: 4.208 GC heap after
{Heap after GC invocations=4 (full 0):
 garbage-first heap   total 34816K, used 9728K [0x0000000780000000, 0x0000000800000000)
  region size 1024K, 2 young (2048K), 2 survivors (2048K)
 Metaspace       used 24818K, committed 25024K, reserved 1073152K
  class space    used 3234K, committed 3328K, reserved 1048576K
}
Event: 4.291 GC heap before
{Heap before GC invocations=4 (full 0):
 garbage-first heap   total 34816K, used 11776K [0x0000000780000000, 0x0000000800000000)
  region size 1024K, 3 young (3072K), 2 survivors (2048K)
 Metaspace       used 25065K, committed 25344K, reserved 1073152K
  class space    used 3264K, committed 3392K, reserved 1048576K
}
Event: 4.293 GC heap after
{Heap after GC invocations=5 (full 0):
 garbage-first heap   total 34816K, used 12060K [0x0000000780000000, 0x0000000800000000)
  region size 1024K, 1 young (1024K), 1 survivors (1024K)
 Metaspace       used 25065K, committed 25344K, reserved 1073152K
  class space    used 3264K, committed 3392K, reserved 1048576K
}

Deoptimization events (20 events):
Event: 3.982 Thread 0x0000000100808800 Uncommon trap: trap_request=0xffffff45 fr.pc=0x000000013fb0fca0 relative=0x0000000000000160
Event: 3.982 Thread 0x0000000100808800 Uncommon trap: reason=unstable_if action=reinterpret pc=0x000000013fb0fca0 method=java.lang.String.indexOf(II)I @ 4 c2
Event: 3.982 Thread 0x0000000100808800 DEOPT PACKING pc=0x000000013fb0fca0 sp=0x000000016fbae530
Event: 3.982 Thread 0x0000000100808800 DEOPT UNPACKING pc=0x000000013803ed1c sp=0x000000016fbae4e0 mode 2
Event: 4.315 Thread 0x000000011180d600 DEOPT PACKING pc=0x0000000138953974 sp=0x000000017263d4b0
Event: 4.315 Thread 0x000000011180d600 DEOPT UNPACKING pc=0x000000013803eb7c sp=0x000000017263d110 mode 0
Event: 4.326 Thread 0x000000011180d600 DEOPT PACKING pc=0x0000000138953974 sp=0x000000017263d5b0
Event: 4.326 Thread 0x000000011180d600 DEOPT UNPACKING pc=0x000000013803eb7c sp=0x000000017263d210 mode 0
Event: 4.330 Thread 0x000000011180d600 DEOPT PACKING pc=0x0000000138953974 sp=0x000000017263d5b0
Event: 4.330 Thread 0x000000011180d600 DEOPT UNPACKING pc=0x000000013803eb7c sp=0x000000017263d210 mode 0
Event: 4.333 Thread 0x000000011180d600 DEOPT PACKING pc=0x0000000138953974 sp=0x000000017263d5b0
Event: 4.333 Thread 0x000000011180d600 DEOPT UNPACKING pc=0x000000013803eb7c sp=0x000000017263d210 mode 0
Event: 4.991 Thread 0x000000011180d600 DEOPT PACKING pc=0x000000013897fc80 sp=0x000000017263d6d0
Event: 4.992 Thread 0x000000011180d600 DEOPT UNPACKING pc=0x000000013803eb7c sp=0x000000017263d2d0 mode 0
Event: 4.993 Thread 0x000000011180d600 DEOPT PACKING pc=0x000000013897fc80 sp=0x000000017263d6d0
Event: 4.993 Thread 0x000000011180d600 DEOPT UNPACKING pc=0x000000013803eb7c sp=0x000000017263d2d0 mode 0
Event: 5.341 Thread 0x000000011180d600 DEOPT PACKING pc=0x0000000138984954 sp=0x000000017263d7f0
Event: 5.341 Thread 0x000000011180d600 DEOPT UNPACKING pc=0x000000013803eb7c sp=0x000000017263d410 mode 0
Event: 5.343 Thread 0x000000011180d600 DEOPT PACKING pc=0x0000000138983f60 sp=0x000000017263d7b0
Event: 5.343 Thread 0x000000011180d600 DEOPT UNPACKING pc=0x000000013803eb7c sp=0x000000017263d450 mode 0

Classes unloaded (0 events):
No events

Classes redefined (0 events):
No events

Internal exceptions (20 events):
Event: 3.693 Thread 0x0000000100808800 Implicit null exception at 0x000000013fb1ed14 to 0x000000013fb1f09c
Event: 3.694 Thread 0x0000000100808800 Implicit null exception at 0x000000013fb1ba54 to 0x000000013fb1bda8
Event: 3.808 Thread 0x0000000100808800 Exception <a 'java/lang/ClassCastException'{0x0000000786943f60}: class java.lang.Double cannot be cast to class javafx.scene.paint.Paint (java.lang.Double is in module java.base of loader 'bootstrap'; javafx.scene.paint.Paint is in module javafx.graphics of loader 'app')> (0x0000000786943f60) 
thrown [../../src/hotspot/share/interpreter/interpreterRuntime.cpp, line 444]
Event: 3.834 Thread 0x0000000100808800 Exception <a 'java/lang/NoSuchMethodError'{0x0000000787f3c778}: 'java.lang.Object java.lang.invoke.DirectMethodHandle$Holder.invokeInterface(java.lang.Object, java.lang.Object, java.lang.Object)'> (0x0000000787f3c778) 
thrown [../../src/hotspot/share/interpreter/linkResolver.cpp, line 766]
Event: 3.834 Thread 0x0000000100808800 Exception <a 'java/lang/IncompatibleClassChangeError'{0x0000000787f40100}: Found class java.lang.Object, but interface was expected> (0x0000000787f40100) 
thrown [../../src/hotspot/share/interpreter/linkResolver.cpp, line 833]
Event: 3.855 Thread 0x0000000100808800 Exception <a 'java/lang/ClassNotFoundException'{0x0000000781bdc760}: com/sun/javafx/scene/control/skin/resources/controls> (0x0000000781bdc760) 
thrown [../../src/hotspot/share/prims/jni.cpp, line 535]
Event: 3.856 Thread 0x0000000100808800 Exception <a 'java/lang/ClassNotFoundException'{0x0000000781bea700}: com/sun/javafx/scene/control/skin/resources/controls_en> (0x0000000781bea700) 
thrown [../../src/hotspot/share/prims/jni.cpp, line 535]
Event: 3.856 Thread 0x0000000100808800 Exception <a 'java/lang/ClassNotFoundException'{0x0000000781beb698}: com/sun/javafx/scene/control/skin/resources/controls_en_IN> (0x0000000781beb698) 
thrown [../../src/hotspot/share/prims/jni.cpp, line 535]
Event: 3.910 Thread 0x0000000100808800 Exception <a 'java/lang/NoSuchMethodError'{0x00000007816beae8}: 'void java.lang.invoke.DirectMethodHandle$Holder.invokeSpecialIFC(java.lang.Object, java.lang.Object, java.lang.Object, java.lang.Object)'> (0x00000007816beae8) 
thrown [../../src/hotspot/share/interpreter/linkResolver.cpp, line 766]
Event: 3.933 Thread 0x0000000100808800 Exception <a 'java/lang/NoSuchMethodError'{0x00000007814a6880}: 'int java.lang.invoke.DirectMethodHandle$Holder.invokeSpecial(java.lang.Object, java.lang.Object, int)'> (0x00000007814a6880) 
thrown [../../src/hotspot/share/interpreter/linkResolver.cpp, line 766]
Event: 4.014 Thread 0x0000000100808800 Exception <a 'java/lang/NoSuchMethodError'{0x00000007812f9fb0}: 'java.lang.Object java.lang.invoke.DirectMethodHandle$Holder.newInvokeSpecial(java.lang.Object, java.lang.Object, int)'> (0x00000007812f9fb0) 
thrown [../../src/hotspot/share/interpreter/linkResolver.cpp, line 766]
Event: 4.115 Thread 0x0000000100808800 Exception <a 'java/lang/NoSuchMethodError'{0x00000007811168b0}: 'void java.lang.invoke.DirectMethodHandle$Holder.invokeSpecial(java.lang.Object, java.lang.Object, double)'> (0x00000007811168b0) 
thrown [../../src/hotspot/share/interpreter/linkResolver.cpp, line 766]
Event: 4.115 Thread 0x0000000100808800 Exception <a 'java/lang/NoSuchMethodError'{0x000000078111cd08}: 'java.lang.Object java.lang.invoke.DirectMethodHandle$Holder.newInvokeSpecial(java.lang.Object, java.lang.Object, double)'> (0x000000078111cd08) 
thrown [../../src/hotspot/share/interpreter/linkResolver.cpp, line 766]
Event: 4.115 Thread 0x0000000100808800 Exception <a 'java/lang/NoSuchMethodError'{0x0000000781120bd0}: 'java.lang.Object java.lang.invoke.DirectMethodHandle$Holder.invokeSpecial(java.lang.Object, java.lang.Object, java.lang.Object, double)'> (0x0000000781120bd0) 
thrown [../../src/hotspot/share/interpreter/linkResolver.cpp, line 766]
Event: 4.148 Thread 0x000000011180d600 Exception <a 'java/lang/NoSuchMethodError'{0x00000007810e9c10}: 'int java.lang.invoke.DirectMethodHandle$Holder.invokeStaticInit(java.lang.Object, java.lang.Object)'> (0x00000007810e9c10) 
thrown [../../src/hotspot/share/interpreter/linkResolver.cpp, line 766]
Event: 4.287 Thread 0x000000011180d600 Exception <a 'java/lang/NoSuchMethodError'{0x0000000787faf578}: 'java.lang.Object java.lang.invoke.DirectMethodHandle$Holder.invokeStaticInit(java.lang.Object, int)'> (0x0000000787faf578) 
thrown [../../src/hotspot/share/interpreter/linkResolver.cpp, line 766]
Event: 5.337 Thread 0x0000000100808800 Exception <a 'java/lang/NoSuchMethodError'{0x0000000786344fc0}: 'long java.lang.invoke.DirectMethodHandle$Holder.invokeStatic(java.lang.Object, java.lang.Object, java.lang.Object)'> (0x0000000786344fc0) 
thrown [../../src/hotspot/share/interpreter/linkResolver.cpp, line 766]
Event: 5.337 Thread 0x0000000100808800 Exception <a 'java/lang/NoSuchMethodError'{0x0000000786348768}: 'long java.lang.invoke.DirectMethodHandle$Holder.invokeStaticInit(java.lang.Object, java.lang.Object, java.lang.Object)'> (0x0000000786348768) 
thrown [../../src/hotspot/share/interpreter/linkResolver.cpp, line 766]
Event: 5.339 Thread 0x0000000100808800 Exception <a 'java/lang/NoSuchMethodError'{0x000000078636c060}: 'java.lang.Object java.lang.invoke.DirectMethodHandle$Holder.newInvokeSpecial(java.lang.Object, java.lang.Object, long)'> (0x000000078636c060) 
thrown [../../src/hotspot/share/interpreter/linkResolver.cpp, line 766]
Event: 5.339 Thread 0x0000000100808800 Exception <a 'java/lang/NoSuchMethodError'{0x000000078636f928}: 'java.lang.Object java.lang.invoke.Invokers$Holder.linkToTargetMethod(java.lang.Object, long, java.lang.Object)'> (0x000000078636f928) 
thrown [../../src/hotspot/share/interpreter/linkResolver.cpp, line 766]

VM Operations (20 events):
Event: 3.832 Executing VM operation: G1Concurrent
Event: 3.833 Executing VM operation: G1Concurrent done
Event: 3.835 Executing VM operation: G1Concurrent
Event: 3.835 Executing VM operation: G1Concurrent done
Event: 3.872 Executing VM operation: HandshakeAllThreads
Event: 3.872 Executing VM operation: HandshakeAllThreads done
Event: 3.903 Executing VM operation: HandshakeAllThreads
Event: 3.903 Executing VM operation: HandshakeAllThreads done
Event: 3.931 Executing VM operation: ICBufferFull
Event: 3.931 Executing VM operation: ICBufferFull done
Event: 4.187 Executing VM operation: G1CollectForAllocation
Event: 4.208 Executing VM operation: G1CollectForAllocation done
Event: 4.291 Executing VM operation: G1CollectForAllocation
Event: 4.293 Executing VM operation: G1CollectForAllocation done
Event: 5.298 Executing VM operation: Cleanup
Event: 5.298 Executing VM operation: Cleanup done
Event: 6.301 Executing VM operation: Cleanup
Event: 6.301 Executing VM operation: Cleanup done
Event: 7.305 Executing VM operation: Cleanup
Event: 7.305 Executing VM operation: Cleanup done

Events (20 events):
Event: 7.712 Protecting memory [0x0000000174e00000,0x0000000174e0c000] with protection modes 3
Event: 7.712 Thread 0x0000000129bd8a00 Thread exited: 0x0000000129bd8a00
Event: 7.712 Protecting memory [0x0000000174e00000,0x0000000174e0c000] with protection modes 0
Event: 7.712 Thread 0x0000000128042c00 Thread added: 0x0000000128042c00
Event: 7.712 Protecting memory [0x0000000174e00000,0x0000000174e0c000] with protection modes 3
Event: 7.712 Thread 0x0000000128042c00 Thread exited: 0x0000000128042c00
Event: 7.712 Protecting memory [0x0000000174e00000,0x0000000174e0c000] with protection modes 0
Event: 7.712 Thread 0x0000000128042c00 Thread added: 0x0000000128042c00
Event: 7.712 Protecting memory [0x0000000174e00000,0x0000000174e0c000] with protection modes 3
Event: 7.712 Thread 0x0000000128042c00 Thread exited: 0x0000000128042c00
Event: 7.720 Protecting memory [0x0000000172854000,0x0000000172860000] with protection modes 0
Event: 7.720 Thread 0x0000000128042c00 Thread added: 0x0000000128042c00
Event: 7.720 Protecting memory [0x0000000172854000,0x0000000172860000] with protection modes 3
Event: 7.720 Thread 0x0000000128042c00 Thread exited: 0x0000000128042c00
Event: 7.721 Protecting memory [0x0000000172854000,0x0000000172860000] with protection modes 0
Event: 7.721 Thread 0x00000001298f3e00 Thread added: 0x00000001298f3e00
Event: 7.721 Protecting memory [0x0000000172854000,0x0000000172860000] with protection modes 3
Event: 7.721 Thread 0x00000001298f3e00 Thread exited: 0x00000001298f3e00
Event: 7.721 Thread 0x0000000128042c00 Thread added: 0x0000000128042c00
Event: 7.721 Protecting memory [0x0000000175098000,0x00000001750a4000] with protection modes 0


Dynamic libraries:
0x0000000100380000 	/Library/Java/JavaVirtualMachines/temurin-17.jdk/Contents/Home/lib/libjli.dylib
0x00000001be29e000 	/usr/lib/libz.1.dylib
0x00000001be355000 	/usr/lib/libSystem.B.dylib
0x00000001be34f000 	/usr/lib/system/libcache.dylib
0x00000001be30d000 	/usr/lib/system/libcommonCrypto.dylib
0x00000001be336000 	/usr/lib/system/libcompiler_rt.dylib
0x00000001be32d000 	/usr/lib/system/libcopyfile.dylib
0x00000001b357b000 	/usr/lib/system/libcorecrypto.dylib
0x00000001b3630000 	/usr/lib/system/libdispatch.dylib
0x00000001b37fe000 	/usr/lib/system/libdyld.dylib
0x00000001be345000 	/usr/lib/system/libkeymgr.dylib
0x00000001be2e8000 	/usr/lib/system/libmacho.dylib
0x00000001bd9d8000 	/usr/lib/system/libquarantine.dylib
0x00000001be342000 	/usr/lib/system/libremovefile.dylib
0x00000001b8974000 	/usr/lib/system/libsystem_asl.dylib
0x00000001b351d000 	/usr/lib/system/libsystem_blocks.dylib
0x00000001b36b8000 	/usr/lib/system/libsystem_c.dylib
0x00000001be33a000 	/usr/lib/system/libsystem_collections.dylib
0x00000001bce6d000 	/usr/lib/system/libsystem_configuration.dylib
0x00000001bc0c9000 	/usr/lib/system/libsystem_containermanager.dylib
0x00000001be045000 	/usr/lib/system/libsystem_coreservices.dylib
0x00000001b5f2e000 	/usr/lib/system/libsystem_darwin.dylib
0x00000001be346000 	/usr/lib/system/libsystem_dnssd.dylib
0x00000001b36b5000 	/usr/lib/system/libsystem_featureflags.dylib
0x00000001b3813000 	/usr/lib/system/libsystem_info.dylib
0x00000001be2b0000 	/usr/lib/system/libsystem_m.dylib
0x00000001b3605000 	/usr/lib/system/libsystem_malloc.dylib
0x00000001b8902000 	/usr/lib/system/libsystem_networkextension.dylib
0x00000001b6387000 	/usr/lib/system/libsystem_notify.dylib
0x00000001c46a8000 	/usr/lib/system/libsystem_product_info_filter.dylib
0x00000001bce72000 	/usr/lib/system/libsystem_sandbox.dylib
0x00000001be33f000 	/usr/lib/system/libsystem_secinit.dylib
0x00000001b37b9000 	/usr/lib/system/libsystem_kernel.dylib
0x00000001b380b000 	/usr/lib/system/libsystem_platform.dylib
0x00000001b37f1000 	/usr/lib/system/libsystem_pthread.dylib
0x00000001ba0d4000 	/usr/lib/system/libsystem_symptoms.dylib
0x00000001b3561000 	/usr/lib/system/libsystem_trace.dylib
0x00000001be31a000 	/usr/lib/system/libunwind.dylib
0x00000001b351f000 	/usr/lib/system/libxpc.dylib
0x00000001b37a1000 	/usr/lib/libc++abi.dylib
0x00000001b3677000 	/usr/lib/libobjc.A.dylib
0x00000001be325000 	/usr/lib/liboah.dylib
0x00000001b373a000 	/usr/lib/libc++.1.dylib
0x00000001ca1ce000 	/System/Library/Frameworks/Cocoa.framework/Versions/A/Cocoa
0x00000001b63e8000 	/System/Library/Frameworks/AppKit.framework/Versions/C/AppKit
0x00000001b98fb000 	/System/Library/Frameworks/CoreData.framework/Versions/A/CoreData
0x00000001b4743000 	/System/Library/Frameworks/Foundation.framework/Versions/C/Foundation
0x00000001b72a0000 	/System/Library/PrivateFrameworks/UIFoundation.framework/Versions/A/UIFoundation
0x00000001c43a2000 	/System/Library/PrivateFrameworks/RemoteViewServices.framework/Versions/A/RemoteViewServices
0x00000001bc815000 	/System/Library/PrivateFrameworks/XCTTargetBootstrap.framework/Versions/A/XCTTargetBootstrap
0x00000001c0095000 	/System/Library/PrivateFrameworks/InternationalSupport.framework/Versions/A/InternationalSupport
0x00000001c011e000 	/System/Library/PrivateFrameworks/UserActivity.framework/Versions/A/UserActivity
0x00000001bf58c000 	/usr/lib/libspindump.dylib
0x00000001b7511000 	/System/Library/Frameworks/UniformTypeIdentifiers.framework/Versions/A/UniformTypeIdentifiers
0x00000001bad5f000 	/usr/lib/libapp_launch_measurement.dylib
0x00000001ba286000 	/System/Library/PrivateFrameworks/CoreAnalytics.framework/Versions/A/CoreAnalytics
0x00000001bad62000 	/System/Library/PrivateFrameworks/CoreAutoLayout.framework/Versions/A/CoreAutoLayout
0x00000001bc106000 	/System/Library/Frameworks/Metal.framework/Versions/A/Metal
0x00000001bce7d000 	/usr/lib/liblangid.dylib
0x00000001bc81a000 	/System/Library/PrivateFrameworks/CoreSVG.framework/Versions/A/CoreSVG
0x00000001b89a8000 	/System/Library/PrivateFrameworks/SkyLight.framework/Versions/A/SkyLight
0x00000001b8d81000 	/System/Library/Frameworks/CoreGraphics.framework/Versions/A/CoreGraphics
0x00000001c4a6e000 	/System/Library/Frameworks/Accelerate.framework/Versions/A/Accelerate
0x00000001bf003000 	/System/Library/PrivateFrameworks/IconServices.framework/Versions/A/IconServices
0x00000001bc0e8000 	/System/Library/Frameworks/IOSurface.framework/Versions/A/IOSurface
0x00000001ba2b7000 	/usr/lib/libDiagnosticMessagesClient.dylib
0x00000001c7f6f000 	/System/Library/Frameworks/ApplicationServices.framework/Versions/A/ApplicationServices
0x00000001bc7fd000 	/System/Library/PrivateFrameworks/DFRFoundation.framework/Versions/A/DFRFoundation
0x00000001b5c78000 	/usr/lib/libicucore.A.dylib
0x00000001c0f42000 	/System/Library/Frameworks/AudioToolbox.framework/Versions/A/AudioToolbox
0x00000001c00a1000 	/System/Library/PrivateFrameworks/DataDetectorsCore.framework/Versions/A/DataDetectorsCore
0x00000001d6a9b000 	/System/Library/PrivateFrameworks/TextInput.framework/Versions/A/TextInput
0x00000001b891d000 	/usr/lib/libMobileGestalt.dylib
0x00000001bc4c9000 	/System/Library/Frameworks/Carbon.framework/Versions/A/Frameworks/HIToolbox.framework/Versions/A/HIToolbox
0x00000001ba737000 	/System/Library/Frameworks/QuartzCore.framework/Versions/A/QuartzCore
0x00000001b58f9000 	/System/Library/Frameworks/Security.framework/Versions/A/Security
0x00000001c43e2000 	/System/Library/Frameworks/Carbon.framework/Versions/A/Frameworks/SpeechRecognition.framework/Versions/A/SpeechRecognition
0x00000001baab5000 	/System/Library/PrivateFrameworks/CoreUI.framework/Versions/A/CoreUI
0x00000001b51d5000 	/System/Library/Frameworks/CoreAudio.framework/Versions/A/CoreAudio
0x00000001ba3ab000 	/System/Library/Frameworks/DiskArbitration.framework/Versions/A/DiskArbitration
0x00000001bf996000 	/System/Library/PrivateFrameworks/MultitouchSupport.framework/Versions/A/MultitouchSupport
0x00000001b891b000 	/usr/lib/libenergytrace.dylib
0x00000001b62b0000 	/System/Library/Frameworks/IOKit.framework/Versions/A/IOKit
0x00000001c47d1000 	/System/Library/Frameworks/CoreServices.framework/Versions/A/CoreServices
0x00000001bacef000 	/System/Library/PrivateFrameworks/PerformanceAnalysis.framework/Versions/A/PerformanceAnalysis
0x0000000214ed3000 	/System/Library/Frameworks/OpenGL.framework/Versions/A/OpenGL
0x00000001bd8f0000 	/System/Library/PrivateFrameworks/MobileKeyBag.framework/Versions/A/MobileKeyBag
0x00000001b938f000 	/System/Library/Frameworks/ColorSync.framework/Versions/A/ColorSync
0x00000001b3840000 	/System/Library/Frameworks/CoreFoundation.framework/Versions/A/CoreFoundation
0x00000001bca99000 	/System/Library/Frameworks/CoreImage.framework/Versions/A/CoreImage
0x00000001b4ff9000 	/System/Library/Frameworks/CoreText.framework/Versions/A/CoreText
0x00000001bc84a000 	/System/Library/Frameworks/ImageIO.framework/Versions/A/ImageIO
0x00000001be35b000 	/System/Library/PrivateFrameworks/SoftLinking.framework/Versions/A/SoftLinking
0x00000001badad000 	/usr/lib/libxml2.2.dylib
0x00000001be5f4000 	/usr/lib/libcompression.dylib
0x00000001bfff1000 	/System/Library/PrivateFrameworks/TextureIO.framework/Versions/A/TextureIO
0x00000001bed1c000 	/usr/lib/libate.dylib
0x00000001bebe1000 	/usr/lib/liblzma.5.dylib
0x00000001b4436000 	/System/Library/Frameworks/SystemConfiguration.framework/Versions/A/SystemConfiguration
0x00000001be357000 	/usr/lib/libfakelink.dylib
0x00000001b844d000 	/System/Library/Frameworks/CFNetwork.framework/Versions/A/CFNetwork
0x00000001be49d000 	/usr/lib/libarchive.2.dylib
0x00000001bce79000 	/System/Library/PrivateFrameworks/AppleSystemInfo.framework/Versions/A/AppleSystemInfo
0x00000001bda03000 	/usr/lib/libbsm.0.dylib
0x00000001b79ba000 	/usr/lib/libnetwork.dylib
0x00000001be2f1000 	/usr/lib/system/libkxld.dylib
0x00000001bd61d000 	/System/Library/PrivateFrameworks/IOMobileFramebuffer.framework/Versions/A/IOMobileFramebuffer
0x0000000232b9c000 	/usr/lib/libCoreEntitlements.dylib
0x00000001be027000 	/System/Library/PrivateFrameworks/AppleFSCompression.framework/Versions/A/AppleFSCompression
0x00000001bd9eb000 	/usr/lib/libcoretls.dylib
0x00000001bebfa000 	/usr/lib/libcoretls_cfhelpers.dylib
0x00000001be5ef000 	/usr/lib/libpam.2.dylib
0x00000001b9ceb000 	/usr/lib/libsqlite3.dylib
0x00000001bec63000 	/usr/lib/libxar.1.dylib
0x00000001be038000 	/usr/lib/libbz2.1.0.dylib
0x00000001be35c000 	/usr/lib/libpcap.A.dylib
0x00000001ba0cb000 	/usr/lib/libdns_services.dylib
0x00000001be5c2000 	/usr/lib/libapple_nghttp2.dylib
0x00000001be399000 	/usr/lib/libiconv.2.dylib
0x00000001be2e7000 	/usr/lib/libcharset.1.dylib
0x00000001bad2b000 	/System/Library/Frameworks/CoreServices.framework/Versions/A/Frameworks/FSEvents.framework/Versions/A/FSEvents
0x00000001b5f39000 	/System/Library/Frameworks/CoreServices.framework/Versions/A/Frameworks/CarbonCore.framework/Versions/A/CarbonCore
0x00000001ba30b000 	/System/Library/Frameworks/CoreServices.framework/Versions/A/Frameworks/Metadata.framework/Versions/A/Metadata
0x00000001be04b000 	/System/Library/Frameworks/CoreServices.framework/Versions/A/Frameworks/OSServices.framework/Versions/A/OSServices
0x00000001be523000 	/System/Library/Frameworks/CoreServices.framework/Versions/A/Frameworks/SearchKit.framework/Versions/A/SearchKit
0x00000001ba05a000 	/System/Library/Frameworks/CoreServices.framework/Versions/A/Frameworks/AE.framework/Versions/A/AE
0x00000001b3d87000 	/System/Library/Frameworks/CoreServices.framework/Versions/A/Frameworks/LaunchServices.framework/Versions/A/LaunchServices
0x00000001beb8a000 	/System/Library/Frameworks/CoreServices.framework/Versions/A/Frameworks/DictionaryServices.framework/Versions/A/DictionaryServices
0x00000001bad38000 	/System/Library/Frameworks/CoreServices.framework/Versions/A/Frameworks/SharedFileList.framework/Versions/A/SharedFileList
0x00000001bd9db000 	/usr/lib/libCheckFix.dylib
0x00000001b898c000 	/System/Library/PrivateFrameworks/TCC.framework/Versions/A/TCC
0x00000001bce7f000 	/System/Library/PrivateFrameworks/CoreNLP.framework/Versions/A/CoreNLP
0x00000001ba2ba000 	/System/Library/PrivateFrameworks/MetadataUtilities.framework/Versions/A/MetadataUtilities
0x00000001b44f0000 	/usr/lib/libmecabra.dylib
0x00000001bda14000 	/usr/lib/libmecab.dylib
0x00000001b44bc000 	/usr/lib/libCRFSuite.dylib
0x00000001bda71000 	/usr/lib/libgermantok.dylib
0x00000001be59b000 	/usr/lib/libThaiTokenizer.dylib
0x00000001ba3b3000 	/System/Library/Frameworks/Accelerate.framework/Versions/A/Frameworks/vImage.framework/Versions/A/vImage
0x00000001c47a8000 	/System/Library/Frameworks/Accelerate.framework/Versions/A/Frameworks/vecLib.framework/Versions/A/vecLib
0x00000001beca8000 	/System/Library/Frameworks/Accelerate.framework/Versions/A/Frameworks/vecLib.framework/Versions/A/libvMisc.dylib
0x00000001bd524000 	/System/Library/Frameworks/Accelerate.framework/Versions/A/Frameworks/vecLib.framework/Versions/A/libvDSP.dylib
0x00000001b4111000 	/System/Library/Frameworks/Accelerate.framework/Versions/A/Frameworks/vecLib.framework/Versions/A/libBLAS.dylib
0x00000001be6c5000 	/System/Library/Frameworks/Accelerate.framework/Versions/A/Frameworks/vecLib.framework/Versions/A/libLAPACK.dylib
0x00000001bda74000 	/System/Library/Frameworks/Accelerate.framework/Versions/A/Frameworks/vecLib.framework/Versions/A/libLinearAlgebra.dylib
0x00000001be5da000 	/System/Library/Frameworks/Accelerate.framework/Versions/A/Frameworks/vecLib.framework/Versions/A/libSparseBLAS.dylib
0x00000001be6c0000 	/System/Library/Frameworks/Accelerate.framework/Versions/A/Frameworks/vecLib.framework/Versions/A/libQuadrature.dylib
0x00000001bcf78000 	/System/Library/Frameworks/Accelerate.framework/Versions/A/Frameworks/vecLib.framework/Versions/A/libBNNS.dylib
0x00000001b43cf000 	/System/Library/Frameworks/Accelerate.framework/Versions/A/Frameworks/vecLib.framework/Versions/A/libSparse.dylib
0x00000001bcf70000 	/System/Library/PrivateFrameworks/LinguisticData.framework/Versions/A/LinguisticData
0x00000001b4387000 	/System/Library/PrivateFrameworks/Lexicon.framework/Versions/A/Lexicon
0x00000001beca0000 	/usr/lib/libChineseTokenizer.dylib
0x00000001b4b35000 	/System/Library/PrivateFrameworks/LanguageModeling.framework/Versions/A/LanguageModeling
0x00000001be59d000 	/System/Library/PrivateFrameworks/AppleSauce.framework/Versions/A/AppleSauce
0x00000001bd60a000 	/System/Library/PrivateFrameworks/CoreEmoji.framework/Versions/A/CoreEmoji
0x00000001be48b000 	/usr/lib/libcmph.dylib
0x00000001bad0b000 	/System/Library/Frameworks/OpenDirectory.framework/Versions/A/Frameworks/CFOpenDirectory.framework/Versions/A/CFOpenDirectory
0x00000001bacfb000 	/System/Library/Frameworks/OpenDirectory.framework/Versions/A/OpenDirectory
0x00000001bebfc000 	/System/Library/PrivateFrameworks/APFS.framework/Versions/A/APFS
0x00000001bd92b000 	/System/Library/Frameworks/SecurityFoundation.framework/Versions/A/SecurityFoundation
0x00000001bec72000 	/usr/lib/libutil.dylib
0x00000001b6272000 	/System/Library/PrivateFrameworks/CoreServicesStore.framework/Versions/A/CoreServicesStore
0x00000001bec76000 	/usr/lib/libxslt.1.dylib
0x00000001bd9bf000 	/System/Library/PrivateFrameworks/BackgroundTaskManagement.framework/Versions/A/BackgroundTaskManagement
0x00000001bff12000 	/System/Library/Frameworks/ImageIO.framework/Versions/A/Resources/libRadiance.dylib
0x00000001bff1b000 	/System/Library/Frameworks/ImageIO.framework/Versions/A/Resources/libJPEG.dylib
0x00000001bfe6e000 	/System/Library/Frameworks/ImageIO.framework/Versions/A/Resources/libPng.dylib
0x00000001bfe90000 	/System/Library/Frameworks/ImageIO.framework/Versions/A/Resources/libTIFF.dylib
0x00000001bff76000 	/System/Library/Frameworks/ImageIO.framework/Versions/A/Resources/libGIF.dylib
0x00000001bf8a6000 	/System/Library/Frameworks/ImageIO.framework/Versions/A/Resources/libJP2.dylib
0x00000001befc8000 	/usr/lib/libexpat.1.dylib
0x00000001bf861000 	/System/Library/PrivateFrameworks/AppleJPEG.framework/Versions/A/AppleJPEG
0x00000001bc385000 	/System/Library/PrivateFrameworks/FontServices.framework/libFontParser.dylib
0x00000001b9fff000 	/System/Library/PrivateFrameworks/RunningBoardServices.framework/Versions/A/RunningBoardServices
0x00000001ca8a4000 	/System/Library/PrivateFrameworks/IOSurfaceAccelerator.framework/Versions/A/IOSurfaceAccelerator
0x00000001bf992000 	/System/Library/PrivateFrameworks/WatchdogClient.framework/Versions/A/WatchdogClient
0x00000001b4c35000 	/System/Library/Frameworks/CoreDisplay.framework/Versions/A/CoreDisplay
0x00000001bc26f000 	/System/Library/Frameworks/CoreMedia.framework/Versions/A/CoreMedia
0x00000001bc0fc000 	/System/Library/PrivateFrameworks/IOAccelerator.framework/Versions/A/IOAccelerator
0x00000001bae9b000 	/System/Library/Frameworks/CoreVideo.framework/Versions/A/CoreVideo
0x00000001be5ed000 	/System/Library/Frameworks/MetalPerformanceShaders.framework/Versions/A/MetalPerformanceShaders
0x00000001bf9d1000 	/System/Library/Frameworks/VideoToolbox.framework/Versions/A/VideoToolbox
0x00000001b9f43000 	/System/Library/PrivateFrameworks/BaseBoard.framework/Versions/A/BaseBoard
0x00000001b9cd1000 	/System/Library/PrivateFrameworks/ProtocolBuffer.framework/Versions/A/ProtocolBuffer
0x00000001bff0d000 	/System/Library/PrivateFrameworks/GPUWrangler.framework/Versions/A/GPUWrangler
0x00000001bfeed000 	/System/Library/PrivateFrameworks/IOPresentment.framework/Versions/A/IOPresentment
0x00000001bff15000 	/System/Library/PrivateFrameworks/DSExternalDisplay.framework/Versions/A/DSExternalDisplay
0x0000000214ec6000 	/System/Library/Frameworks/OpenGL.framework/Versions/A/Libraries/libCoreFSCache.dylib
0x000000021f68c000 	/System/Library/PrivateFrameworks/GPUCompiler.framework/Versions/31001/Libraries/libGPUCompilerUtils.dylib
0x00000001bff7b000 	/System/Library/PrivateFrameworks/CMCaptureCore.framework/Versions/A/CMCaptureCore
0x00000001bf579000 	/System/Library/PrivateFrameworks/AppServerSupport.framework/Versions/A/AppServerSupport
0x00000001c17ff000 	/System/Library/PrivateFrameworks/perfdata.framework/Versions/A/perfdata
0x00000001b4d55000 	/System/Library/PrivateFrameworks/AudioToolboxCore.framework/Versions/A/AudioToolboxCore
0x00000001bc248000 	/System/Library/PrivateFrameworks/caulk.framework/Versions/A/caulk
0x00000001c10f4000 	/usr/lib/libAudioStatistics.dylib
0x00000001d30f3000 	/System/Library/PrivateFrameworks/SystemPolicy.framework/Versions/A/SystemPolicy
0x00000001c1360000 	/usr/lib/libSMC.dylib
0x00000001ca0ac000 	/System/Library/Frameworks/CoreMIDI.framework/Versions/A/CoreMIDI
0x00000001bfe3c000 	/usr/lib/libAudioToolboxUtility.dylib
0x00000001cf263000 	/System/Library/PrivateFrameworks/OSAServicesClient.framework/Versions/A/OSAServicesClient
0x00000001c180c000 	/usr/lib/libperfcheck.dylib
0x00000001d3c0f000 	/usr/lib/libmis.dylib
0x0000000214f28000 	/System/Library/Frameworks/OpenGL.framework/Versions/A/Libraries/libGLU.dylib
0x0000000214ee7000 	/System/Library/Frameworks/OpenGL.framework/Versions/A/Libraries/libGFXShared.dylib
0x00000002150d4000 	/System/Library/Frameworks/OpenGL.framework/Versions/A/Libraries/libGL.dylib
0x0000000214ef0000 	/System/Library/Frameworks/OpenGL.framework/Versions/A/Libraries/libGLImage.dylib
0x0000000214ee4000 	/System/Library/Frameworks/OpenGL.framework/Versions/A/Libraries/libCVMSPluginSupport.dylib
0x0000000214ecd000 	/System/Library/Frameworks/OpenGL.framework/Versions/A/Libraries/libCoreVMClient.dylib
0x00000001bcdf9000 	/System/Library/Frameworks/MetalPerformanceShaders.framework/Versions/A/Frameworks/MPSCore.framework/Versions/A/MPSCore
0x00000001bdf9a000 	/System/Library/Frameworks/MetalPerformanceShaders.framework/Versions/A/Frameworks/MPSImage.framework/Versions/A/MPSImage
0x00000001bda89000 	/System/Library/Frameworks/MetalPerformanceShaders.framework/Versions/A/Frameworks/MPSNeuralNetwork.framework/Versions/A/MPSNeuralNetwork
0x00000001bdec2000 	/System/Library/Frameworks/MetalPerformanceShaders.framework/Versions/A/Frameworks/MPSMatrix.framework/Versions/A/MPSMatrix
0x00000001bdc9b000 	/System/Library/Frameworks/MetalPerformanceShaders.framework/Versions/A/Frameworks/MPSRayIntersector.framework/Versions/A/MPSRayIntersector
0x00000001bdef3000 	/System/Library/Frameworks/MetalPerformanceShaders.framework/Versions/A/Frameworks/MPSNDArray.framework/Versions/A/MPSNDArray
0x00000002172ef000 	/System/Library/Frameworks/MetalPerformanceShaders.framework/Versions/A/Frameworks/MPSFunctions.framework/Versions/A/MPSFunctions
0x00000001b3fe8000 	/System/Library/PrivateFrameworks/MetalTools.framework/Versions/A/MetalTools
0x00000001bce77000 	/System/Library/PrivateFrameworks/AggregateDictionary.framework/Versions/A/AggregateDictionary
0x00000001bedad000 	/usr/lib/libIOReport.dylib
0x00000001c90c9000 	/System/Library/PrivateFrameworks/ASEProcessing.framework/Versions/A/ASEProcessing
0x00000001bf122000 	/System/Library/PrivateFrameworks/FaceCore.framework/Versions/A/FaceCore
0x00000001bf114000 	/System/Library/PrivateFrameworks/GraphVisualizer.framework/Versions/A/GraphVisualizer
0x000000021f5a3000 	/System/Library/PrivateFrameworks/FontServices.framework/Versions/A/FontServices
0x00000001bf535000 	/System/Library/PrivateFrameworks/OTSVG.framework/Versions/A/OTSVG
0x00000001baa65000 	/System/Library/Frameworks/ApplicationServices.framework/Versions/A/Frameworks/ATS.framework/Versions/A/Resources/libFontRegistry.dylib
0x00000001bf582000 	/System/Library/PrivateFrameworks/FontServices.framework/libhvf.dylib
0x000000021f5a4000 	/System/Library/PrivateFrameworks/FontServices.framework/libXTFontStaticRegistryData.dylib
0x0000000215275000 	/System/Library/Frameworks/OpenCL.framework/Versions/A/OpenCL
0x00000001bef7c000 	/System/Library/PrivateFrameworks/AppleVA.framework/Versions/A/AppleVA
0x00000001c111c000 	/System/Library/Frameworks/ApplicationServices.framework/Versions/A/Frameworks/ATS.framework/Versions/A/ATS
0x00000001b948e000 	/System/Library/Frameworks/ApplicationServices.framework/Versions/A/Frameworks/HIServices.framework/Versions/A/HIServices
0x00000001bff85000 	/System/Library/Frameworks/ApplicationServices.framework/Versions/A/Frameworks/PrintCore.framework/Versions/A/PrintCore
0x00000001c14b3000 	/System/Library/Frameworks/ApplicationServices.framework/Versions/A/Frameworks/QD.framework/Versions/A/QD
0x00000001c14ab000 	/System/Library/Frameworks/ApplicationServices.framework/Versions/A/Frameworks/ColorSyncLegacy.framework/Versions/A/ColorSyncLegacy
0x00000001c1108000 	/System/Library/Frameworks/ApplicationServices.framework/Versions/A/Frameworks/SpeechSynthesis.framework/Versions/A/SpeechSynthesis
0x00000001bff46000 	/System/Library/Frameworks/ApplicationServices.framework/Versions/A/Frameworks/ATSUI.framework/Versions/A/ATSUI
0x00000001c1440000 	/usr/lib/libcups.2.dylib
0x00000001c181a000 	/System/Library/Frameworks/Kerberos.framework/Versions/A/Kerberos
0x00000001c182b000 	/System/Library/Frameworks/GSS.framework/Versions/A/GSS
0x00000001c118c000 	/usr/lib/libresolv.9.dylib
0x00000001bf591000 	/System/Library/PrivateFrameworks/Heimdal.framework/Versions/A/Heimdal
0x00000001c82ff000 	/System/Library/Frameworks/Kerberos.framework/Versions/A/Libraries/libHeimdalProxy.dylib
0x00000001ba0dd000 	/System/Library/Frameworks/Network.framework/Versions/A/Network
0x00000001befe3000 	/usr/lib/libheimdal-asn1.dylib
0x00000001c187b000 	/System/Library/PrivateFrameworks/CommonAuth.framework/Versions/A/CommonAuth
0x00000001c1082000 	/System/Library/PrivateFrameworks/AudioSession.framework/Versions/A/AudioSession
0x00000001bf075000 	/System/Library/PrivateFrameworks/MediaExperience.framework/Versions/A/MediaExperience
0x00000001c0f08000 	/System/Library/PrivateFrameworks/AudioSession.framework/libSessionUtility.dylib
0x00000001c14bf000 	/System/Library/PrivateFrameworks/AudioResourceArbitration.framework/Versions/A/AudioResourceArbitration
0x00000001c5685000 	/System/Library/PrivateFrameworks/PowerLog.framework/Versions/A/PowerLog
0x00000001befed000 	/System/Library/PrivateFrameworks/IconFoundation.framework/Versions/A/IconFoundation
0x00000001c43ce000 	/System/Library/PrivateFrameworks/SpeechRecognitionCore.framework/Versions/A/SpeechRecognitionCore
0x0000000101564000 	/Library/Java/JavaVirtualMachines/temurin-17.jdk/Contents/Home/lib/server/libjvm.dylib
0x00000001003e4000 	/Library/Java/JavaVirtualMachines/temurin-17.jdk/Contents/Home/lib/libjimage.dylib
0x0000000100410000 	/Library/Java/JavaVirtualMachines/temurin-17.jdk/Contents/Home/lib/libinstrument.dylib
0x000000010045c000 	/Library/Java/JavaVirtualMachines/temurin-17.jdk/Contents/Home/lib/libjava.dylib
0x0000000100490000 	/Library/Java/JavaVirtualMachines/temurin-17.jdk/Contents/Home/lib/libnio.dylib
0x00000001005a4000 	/Library/Java/JavaVirtualMachines/temurin-17.jdk/Contents/Home/lib/libnet.dylib
0x0000000100444000 	/Library/Java/JavaVirtualMachines/temurin-17.jdk/Contents/Home/lib/libzip.dylib
0x00000001005c8000 	/Users/abheektripathy/.openjfx/cache/17.0.1/libprism_es2.dylib
0x00000001b6235000 	/System/Library/PrivateFrameworks/CoreServicesInternal.framework/Versions/A/CoreServicesInternal
0x00000002150de000 	/System/Library/Frameworks/OpenGL.framework/Versions/A/Resources/GLEngine.bundle/GLEngine
0x0000000214f66000 	/System/Library/Frameworks/OpenGL.framework/Versions/A/Libraries/libGLProgrammability.dylib
0x0000000111540000 	/System/Library/Extensions/AppleMetalOpenGLRenderer.bundle/Contents/MacOS/AppleMetalOpenGLRenderer
0x000000021524d000 	/System/Library/Frameworks/OpenGL.framework/Versions/A/Resources/GLRendererFloat.bundle/GLRendererFloat
0x000000021534d000 	/System/Library/Extensions/AGXMetal13_3.bundle/Contents/MacOS/AGXMetal13_3
0x00000001d3c2b000 	/System/Library/PrivateFrameworks/GPURawCounter.framework/Versions/A/GPURawCounter
0x00000001ce3cc000 	/System/Library/PrivateFrameworks/IOGPU.framework/Versions/A/IOGPU
0x0000000111494000 	/Users/abheektripathy/.openjfx/cache/17.0.1/libglass.dylib
0x00000001c58dd000 	/System/Library/Frameworks/FileProvider.framework/Versions/A/FileProvider
0x00000001b9eab000 	/System/Library/Frameworks/Accounts.framework/Versions/A/Accounts
0x00000001c5a61000 	/System/Library/PrivateFrameworks/GenerationalStorage.framework/Versions/A/GenerationalStorage
0x00000001c6624000 	/System/Library/PrivateFrameworks/CoreSymbolication.framework/Versions/A/CoreSymbolication
0x00000001c5679000 	/System/Library/PrivateFrameworks/SymptomDiagnosticReporter.framework/Versions/A/SymptomDiagnosticReporter
0x00000001b7525000 	/System/Library/PrivateFrameworks/DesktopServicesPriv.framework/Versions/A/DesktopServicesPriv
0x00000001b6397000 	/usr/lib/libsandbox.1.dylib
0x00000001baf29000 	/System/Library/PrivateFrameworks/UserManagement.framework/Versions/A/UserManagement
0x00000001c65e1000 	/System/Library/PrivateFrameworks/DebugSymbols.framework/Versions/A/DebugSymbols
0x00000001c149e000 	/System/Library/PrivateFrameworks/NetAuth.framework/Versions/A/NetAuth
0x00000001c23bf000 	/System/Library/PrivateFrameworks/Sharing.framework/Versions/A/Sharing
0x00000001baef9000 	/System/Library/PrivateFrameworks/login.framework/Versions/A/Frameworks/loginsupport.framework/Versions/A/loginsupport
0x00000001c7816000 	/System/Library/PrivateFrameworks/Apple80211.framework/Versions/A/Apple80211
0x00000001be07e000 	/System/Library/PrivateFrameworks/AuthKit.framework/Versions/A/AuthKit
0x00000001bd706000 	/System/Library/PrivateFrameworks/CoreUtils.framework/Versions/A/CoreUtils
0x00000001bd629000 	/System/Library/Frameworks/CoreWLAN.framework/Versions/A/CoreWLAN
0x00000001c252f000 	/System/Library/Frameworks/IOBluetooth.framework/Versions/A/IOBluetooth
0x00000001c7876000 	/System/Library/PrivateFrameworks/CoreWiFi.framework/Versions/A/CoreWiFi
0x00000001c61c1000 	/System/Library/PrivateFrameworks/FrontBoardServices.framework/Versions/A/FrontBoardServices
0x00000001c6259000 	/System/Library/PrivateFrameworks/BoardServices.framework/Versions/A/BoardServices
0x00000001bd919000 	/System/Library/PrivateFrameworks/AssertionServices.framework/Versions/A/AssertionServices
0x00000001c79f3000 	/System/Library/PrivateFrameworks/BackBoardServices.framework/Versions/A/BackBoardServices
0x00000001c1912000 	/System/Library/PrivateFrameworks/CorePhoneNumbers.framework/Versions/A/CorePhoneNumbers
0x00000001c11b9000 	/System/Library/PrivateFrameworks/MultiverseSupport.framework/Versions/A/MultiverseSupport
0x00000001c7c74000 	/System/Library/PrivateFrameworks/RemoteServiceDiscovery.framework/Versions/A/RemoteServiceDiscovery
0x00000001c57a9000 	/System/Library/PrivateFrameworks/DiskManagement.framework/Versions/A/DiskManagement
0x00000001c56ac000 	/System/Library/PrivateFrameworks/AppleIDAuthSupport.framework/Versions/A/AppleIDAuthSupport
0x0000000219b2b000 	/System/Library/PrivateFrameworks/AAAFoundation.framework/Versions/A/AAAFoundation
0x00000001c18f1000 	/System/Library/PrivateFrameworks/KeychainCircle.framework/Versions/A/KeychainCircle
0x00000001c7c84000 	/System/Library/PrivateFrameworks/RemoteXPC.framework/Versions/A/RemoteXPC
0x00000001c5775000 	/System/Library/PrivateFrameworks/MediaKit.framework/Versions/A/MediaKit
0x00000001c56b9000 	/System/Library/Frameworks/DiscRecording.framework/Versions/A/DiscRecording
0x00000001beef8000 	/usr/lib/libCoreStorage.dylib
0x00000001c7cf0000 	/usr/lib/libcsfde.dylib
0x00000001c2604000 	/System/Library/PrivateFrameworks/ProtectedCloudStorage.framework/Versions/A/ProtectedCloudStorage
0x00000001c7ce8000 	/System/Library/PrivateFrameworks/EFILogin.framework/Versions/A/EFILogin
0x00000001c5a88000 	/System/Library/PrivateFrameworks/OctagonTrust.framework/Versions/A/OctagonTrust
0x000000021e72a000 	/System/Library/PrivateFrameworks/CoreUtilsExtras.framework/Versions/A/CoreUtilsExtras
0x00000001c55de000 	/System/Library/Frameworks/CoreBluetooth.framework/Versions/A/CoreBluetooth
0x00000001c8384000 	/System/Library/Frameworks/AudioUnit.framework/Versions/A/AudioUnit
0x00000001beef0000 	/usr/lib/libMatch.1.dylib
0x00000001d8111000 	/System/Library/Frameworks/Accelerate.framework/Versions/A/Frameworks/vImage.framework/Versions/A/Libraries/libCGInterfaces.dylib
0x0000000114758000 	/usr/lib/libobjc-trampolines.dylib
0x00000001babf3000 	/System/Library/PrivateFrameworks/ViewBridge.framework/Versions/A/ViewBridge
0x00000001bf654000 	/System/Library/PrivateFrameworks/login.framework/Versions/A/login
0x0000000117ba0000 	/Users/abheektripathy/.openjfx/cache/17.0.1/libjavafx_font.dylib
0x0000000121c00000 	/Users/abheektripathy/.openjfx/cache/17.0.1/libglib-lite.dylib
0x0000000121f04000 	/Users/abheektripathy/.openjfx/cache/17.0.1/libgstreamer-lite.dylib
0x0000000117f00000 	/Users/abheektripathy/.openjfx/cache/17.0.1/libjfxmedia.dylib
0x0000000117f40000 	/Users/abheektripathy/.openjfx/cache/17.0.1/libjfxmedia_avf.dylib
0x00000001d2eff000 	/System/Library/Frameworks/AVFoundation.framework/Versions/A/AVFoundation
0x0000000215eb5000 	/System/Library/Frameworks/AVFAudio.framework/Versions/A/AVFAudio
0x00000001c5fa1000 	/System/Library/PrivateFrameworks/AVFCore.framework/Versions/A/AVFCore
0x00000001cd20f000 	/System/Library/PrivateFrameworks/AVFCapture.framework/Versions/A/AVFCapture
0x00000001d1acb000 	/System/Library/PrivateFrameworks/AirPlaySync.framework/Versions/A/AirPlaySync
0x00000001c018c000 	/System/Library/Frameworks/MediaToolbox.framework/Versions/A/MediaToolbox
0x00000001c58a9000 	/System/Library/PrivateFrameworks/CoreAVCHD.framework/Versions/A/CoreAVCHD
0x00000001c4ab9000 	/System/Library/Frameworks/MediaAccessibility.framework/Versions/A/MediaAccessibility
0x00000001c58a5000 	/System/Library/PrivateFrameworks/Mangrove.framework/Versions/A/Mangrove
0x00000001c4ac6000 	/System/Library/PrivateFrameworks/AlgosScoreFramework.framework/Versions/A/AlgosScoreFramework
0x000000021b80c000 	/System/Library/PrivateFrameworks/CMPhoto.framework/Versions/A/CMPhoto
0x00000001c5899000 	/System/Library/PrivateFrameworks/CoreAUC.framework/Versions/A/CoreAUC
0x000000021b7f2000 	/System/Library/PrivateFrameworks/CMImaging.framework/Versions/A/CMImaging
0x00000001cd369000 	/System/Library/PrivateFrameworks/Quagga.framework/Versions/A/Quagga
0x00000001cd42d000 	/System/Library/PrivateFrameworks/CMCapture.framework/Versions/A/CMCapture
0x00000001c127d000 	/System/Library/Frameworks/CoreMediaIO.framework/Versions/A/CoreMediaIO
0x00000001c84c0000 	/System/Library/PrivateFrameworks/Espresso.framework/Versions/A/Espresso
0x00000001c7d6e000 	/System/Library/PrivateFrameworks/AppSupport.framework/Versions/A/AppSupport
0x00000001f9bb2000 	/System/Library/PrivateFrameworks/ANECompiler.framework/Versions/A/ANECompiler
0x00000001ca02c000 	/System/Library/PrivateFrameworks/AppleNeuralEngine.framework/Versions/A/AppleNeuralEngine
0x00000002220d6000 	/System/Library/PrivateFrameworks/MIL.framework/Versions/A/MIL
0x0000000217303000 	/System/Library/Frameworks/MetalPerformanceShadersGraph.framework/Versions/A/MetalPerformanceShadersGraph
0x00000001c8f4a000 	/System/Library/PrivateFrameworks/ANEServices.framework/Versions/A/ANEServices
0x00000001d79bd000 	/usr/lib/libncurses.5.4.dylib
0x0000000117bdc000 	/Users/abheektripathy/.openjfx/cache/17.0.1/libfxplugins.dylib
0x0000000219302000 	/System/Library/Frameworks/VideoDecodeAcceleration.framework/Versions/A/VideoDecodeAcceleration
0x0000000232cf9000 	/usr/lib/libRosetta.dylib
0x0000000121290000 	/System/Library/Components/CoreAudio.component/Contents/MacOS/CoreAudio
0x00000001239b8000 	/System/Library/Components/AudioCodecs.component/Contents/MacOS/AudioCodecs


VM Arguments:
jvm_args: -javaagent:/Applications/IntelliJ IDEA CE.app/Contents/lib/idea_rt.jar=50843:/Applications/IntelliJ IDEA CE.app/Contents/bin -Dfile.encoding=UTF-8 --module-path=/Users/abheektripathy/IdeaProjects/ZeusFx-MP/target/classes:/Users/abheektripathy/.m2/repository/org/openjfx/javafx-fxml/17.0.1/javafx-fxml-17.0.1-mac-aarch64.jar:/Users/abheektripathy/.m2/repository/org/openjfx/javafx-graphics/17.0.1/javafx-graphics-17.0.1-mac-aarch64.jar:/Users/abheektripathy/.m2/repository/org/openjfx/javafx-base/17.0.1/javafx-base-17.0.1-mac-aarch64.jar:/Users/abheektripathy/.m2/repository/org/openjfx/javafx-media/17.0.1/javafx-media-17.0.1-mac-aarch64.jar:/Users/abheektripathy/.m2/repository/org/openjfx/javafx-controls/17.0.1/javafx-controls-17.0.1-mac-aarch64.jar -Djdk.module.main=com.tripathy.zeusfxmp 
java_command: com.tripathy.zeusfxmp/com.tripathy.zeusfxmp.HelloApplication
java_class_path (initial): /Users/abheektripathy/.m2/repository/org/openjfx/javafx-controls/17.0.1/javafx-controls-17.0.1.jar:/Users/abheektripathy/.m2/repository/org/openjfx/javafx-graphics/17.0.1/javafx-graphics-17.0.1.jar:/Users/abheektripathy/.m2/repository/org/openjfx/javafx-base/17.0.1/javafx-base-17.0.1.jar:/Users/abheektripathy/.m2/repository/org/openjfx/javafx-fxml/17.0.1/javafx-fxml-17.0.1.jar:/Users/abheektripathy/.m2/repository/org/openjfx/javafx-media/17.0.1/javafx-media-17.0.1.jar
Launcher Type: SUN_STANDARD

[Global flags]
     intx CICompilerCount                          = 4                                         {product} {ergonomic}
     uint ConcGCThreads                            = 2                                         {product} {ergonomic}
     uint G1ConcRefinementThreads                  = 8                                         {product} {ergonomic}
   size_t G1HeapRegionSize                         = 1048576                                   {product} {ergonomic}
    uintx GCDrainStackTargetSize                   = 64                                        {product} {ergonomic}
   size_t InitialHeapSize                          = 134217728                                 {product} {ergonomic}
   size_t MarkStackSize                            = 4194304                                   {product} {ergonomic}
   size_t MaxHeapSize                              = 2147483648                                {product} {ergonomic}
   size_t MaxNewSize                               = 1287651328                                {product} {ergonomic}
   size_t MinHeapDeltaBytes                        = 1048576                                   {product} {ergonomic}
   size_t MinHeapSize                              = 8388608                                   {product} {ergonomic}
    uintx NonNMethodCodeHeapSize                   = 5839564                                {pd product} {ergonomic}
    uintx NonProfiledCodeHeapSize                  = 122909338                              {pd product} {ergonomic}
    uintx ProfiledCodeHeapSize                     = 122909338                              {pd product} {ergonomic}
    uintx ReservedCodeCacheSize                    = 251658240                              {pd product} {ergonomic}
     bool SegmentedCodeCache                       = true                                      {product} {ergonomic}
   size_t SoftMaxHeapSize                          = 2147483648                             {manageable} {ergonomic}
     bool UseCompressedClassPointers               = true                           {product lp64_product} {ergonomic}
     bool UseCompressedOops                        = true                           {product lp64_product} {ergonomic}
     bool UseG1GC                                  = true                                      {product} {ergonomic}
     bool UseNUMA                                  = false                                     {product} {ergonomic}
     bool UseNUMAInterleaving                      = false                                     {product} {ergonomic}

Logging:
Log output configuration:
 #0: stdout all=warning uptime,level,tags
 #1: stderr all=off uptime,level,tags

Environment Variables:
PATH=/Library/Frameworks/Python.framework/Versions/3.10/bin:/usr/local/bin:/usr/bin:/bin:/usr/sbin:/sbin:/Library/Apple/usr/bin
SHELL=/bin/zsh
LC_CTYPE=en_IN.UTF-8

Signal Handlers:
   SIGSEGV: _ZL13crash_handleriP9__siginfoPv in libjvm.dylib, mask=11100110000111110111111111111111, flags=SA_RESTART|SA_SIGINFO
    SIGBUS: _ZL13crash_handleriP9__siginfoPv in libjvm.dylib, mask=11100110000111110111111111111111, flags=SA_RESTART|SA_SIGINFO
    SIGFPE: _ZL13crash_handleriP9__siginfoPv in libjvm.dylib, mask=11100110000111110111111111111111, flags=SA_RESTART|SA_SIGINFO
   SIGPIPE: _ZL17javaSignalHandleriP9__siginfoPv in libjvm.dylib, mask=11100110000111110111111111111111, flags=SA_RESTART|SA_SIGINFO
   SIGXFSZ: _ZL17javaSignalHandleriP9__siginfoPv in libjvm.dylib, mask=11100110000111110111111111111111, flags=SA_RESTART|SA_SIGINFO
    SIGILL: _ZL13crash_handleriP9__siginfoPv in libjvm.dylib, mask=11100110000111110111111111111111, flags=SA_RESTART|SA_SIGINFO
   SIGUSR2: _ZL10SR_handleriP9__siginfoP17__darwin_ucontext in libjvm.dylib, mask=00100000000000000000000000000000, flags=SA_RESTART|SA_SIGINFO
    SIGHUP: _ZL11UserHandleriPvS_ in libjvm.dylib, mask=11100110000111110111111111111111, flags=SA_RESTART|SA_SIGINFO
    SIGINT: _ZL11UserHandleriPvS_ in libjvm.dylib, mask=11100110000111110111111111111111, flags=SA_RESTART|SA_SIGINFO
   SIGTERM: _ZL11UserHandleriPvS_ in libjvm.dylib, mask=11100110000111110111111111111111, flags=SA_RESTART|SA_SIGINFO
   SIGQUIT: _ZL11UserHandleriPvS_ in libjvm.dylib, mask=11100110000111110111111111111111, flags=SA_RESTART|SA_SIGINFO
   SIGTRAP: _ZL13crash_handleriP9__siginfoPv in libjvm.dylib, mask=11100110000111110111111111111111, flags=SA_RESTART|SA_SIGINFO


---------------  S Y S T E M  ---------------

OS:
uname: Darwin 21.5.0 Darwin Kernel Version 21.5.0: Tue Apr 26 21:08:29 PDT 2022; root:xnu-8020.121.3~4/RELEASE_ARM64_T8101 arm64
OS uptime: 0 days 17:31 hours
rlimit (soft/hard): STACK 8176k/65520k , CORE 0k/infinity , NPROC 1333/2000 , NOFILE 10240/infinity , AS infinity/infinity , CPU infinity/infinity , DATA infinity/infinity , FSIZE infinity/infinity , MEMLOCK infinity/infinity , RSS infinity/infinity
load average: 3.30 5.10 4.13

CPU: total 8 (initial active 8) 0x61:0x0:0x1b588bb3:0, fp, simd, crc, lse

Memory: 16k page, physical 8388608k(143360k free), swap 2097152k(1667840k free)

vm_info: OpenJDK 64-Bit Server VM (17.0.2+8) for bsd-aarch64 JRE (17.0.2+8), built on Jan 20 2022 10:58:36 by "jenkins" with clang Apple LLVM 12.0.0 (clang-1200.0.32.29)

END.
