#
# A fatal error has been detected by the Java Runtime Environment:
#
#  SIGBUS (0xa) at pc=0x000000010aa894f0, pid=1115, tid=36363
#
# JRE version: OpenJDK Runtime Environment Temurin-17.0.2+8 (17.0.2+8) (build 17.0.2+8)
# Java VM: OpenJDK 64-Bit Server VM Temurin-17.0.2+8 (17.0.2+8, mixed mode, tiered, compressed oops, compressed class ptrs, g1 gc, bsd-aarch64)
# Problematic frame:
# v  ~StubRoutines::SafeFetchN
#
# No core dump will be written. Core dumps have been disabled. To enable core dumping, try "ulimit -c unlimited" before starting Java again
#
# If you would like to submit a bug report, please visit:
#   https://github.com/adoptium/adoptium-support/issues
# The crash happened outside the Java Virtual Machine in native code.
# See problematic frame for where to report the bug.
#

---------------  S U M M A R Y ------------

Command Line: -javaagent:/Applications/IntelliJ IDEA CE.app/Contents/lib/idea_rt.jar=49276:/Applications/IntelliJ IDEA CE.app/Contents/bin -Dfile.encoding=UTF-8 --module-path=/Users/abheektripathy/IdeaProjects/ZeusFx-MP/target/classes:/Users/abheektripathy/.m2/repository/org/openjfx/javafx-graphics/17.0.1/javafx-graphics-17.0.1-mac-aarch64.jar:/Users/abheektripathy/.m2/repository/org/openjfx/javafx-base/17.0.1/javafx-base-17.0.1-mac-aarch64.jar:/Users/abheektripathy/.m2/repository/org/openjfx/javafx-fxml/17.0.1/javafx-fxml-17.0.1-mac-aarch64.jar:/Users/abheektripathy/.m2/repository/org/openjfx/javafx-media/17.0.1/javafx-media-17.0.1-mac-aarch64.jar:/Users/abheektripathy/.m2/repository/org/openjfx/javafx-controls/17.0.1/javafx-controls-17.0.1-mac-aarch64.jar -Djdk.module.main=com.tripathy.zeusfxmp com.tripathy.zeusfxmp/com.tripathy.zeusfxmp.HelloApplication

Host: "MacBookPro17,1" arm64 1 MHz, 8 cores, 8G, Darwin 21.5.0, macOS 12.4 (21F79)
Time: Tue Jun 14 14:20:13 2022 IST elapsed time: 0.546742 seconds (0d 0h 0m 0s)

---------------  T H R E A D  ---------------

Current thread (0x00000001478f5e00):  JavaThread "InvokeLaterDispatcher" daemon [_thread_in_native, id=36363, stack(0x0000000171aa8000,0x0000000171cab000)]

Stack: [0x0000000171aa8000,0x0000000171cab000],  sp=0x0000000171caa780,  free space=2057k
Native frames: (J=compiled Java code, j=interpreted, Vv=VM code, C=native code)
v  ~StubRoutines::SafeFetchN
V  [libjvm.dylib+0x7ba2dc]  _ZN10OopStorage7releaseEPKP7oopDesc+0x20
V  [libjvm.dylib+0x4c5750]  jni_DeleteGlobalRef+0xd8
C  [libglass.dylib+0xab08]  -[GlassRunnable dealloc]+0x34
C  [Foundation+0x85318]  -[_NSThreadPerformInfo dealloc]+0x30
C  [Foundation+0x518ac]  -[NSObject(NSThreadPerformAdditions) performSelectorOnMainThread:withObject:waitUntilDone:]+0x88
C  0x153400010aa918ac
j  com.sun.glass.ui.mac.MacApplication.submitForLaterInvocation(Ljava/lang/Runnable;)V+2 javafx.graphics
j  com.sun.glass.ui.InvokeLaterDispatcher.run()V+82 javafx.graphics
v  ~StubRoutines::call_stub
V  [libjvm.dylib+0x46a8f0]  _ZN9JavaCalls11call_helperEP9JavaValueRK12methodHandleP17JavaCallArgumentsP10JavaThread+0x38c
V  [libjvm.dylib+0x46990c]  _ZN9JavaCalls12call_virtualEP9JavaValueP5KlassP6SymbolS5_P17JavaCallArgumentsP10JavaThread+0x11c
V  [libjvm.dylib+0x4699d8]  _ZN9JavaCalls12call_virtualEP9JavaValue6HandleP5KlassP6SymbolS6_P10JavaThread+0x64
V  [libjvm.dylib+0x521e64]  _ZL12thread_entryP10JavaThreadS0_+0xc4
V  [libjvm.dylib+0x99aac0]  _ZN10JavaThread17thread_main_innerEv+0x13c
V  [libjvm.dylib+0x99919c]  _ZN6Thread8call_runEv+0x128
V  [libjvm.dylib+0x7c1124]  _ZL19thread_native_entryP6Thread+0x158
C  [libsystem_pthread.dylib+0x726c]  _pthread_start+0x94

Java frames: (J=compiled Java code, j=interpreted, Vv=VM code)
j  com.sun.glass.ui.mac.MacApplication._submitForLaterInvocation(Ljava/lang/Runnable;)V+0 javafx.graphics
j  com.sun.glass.ui.mac.MacApplication.submitForLaterInvocation(Ljava/lang/Runnable;)V+2 javafx.graphics
j  com.sun.glass.ui.InvokeLaterDispatcher.run()V+82 javafx.graphics
v  ~StubRoutines::call_stub

siginfo: si_signo: 10 (SIGBUS), si_code: 1 (BUS_ADRALN), si_addr: 0x000000010aa894f0

Register to memory mapping:

 x0=0x00000001377052c8 points into unknown readable memory: 0x0000000000000000 | 00 00 00 00 00 00 00 00
 x1=0x0 is NULL
 x2=0x000000078757b0b8 is an oop: com.sun.glass.ui.InvokeLaterDispatcher$Future 
{0x000000078757b0b8} - klass: 'com/sun/glass/ui/InvokeLaterDispatcher$Future'
 - ---- fields (total size 3 words):
 - private 'done' 'Z' @12  true
 - private final 'runnable' 'Ljava/lang/Runnable;' @16  a 'com/sun/javafx/application/PlatformImpl$$Lambda$92+0x00000008001156b8'{0x000000078711ecd8} (f0e23d9b)
 - final synthetic 'this$0' 'Lcom/sun/glass/ui/InvokeLaterDispatcher;' @20  a 'com/sun/glass/ui/InvokeLaterDispatcher'{0x000000078754f088} (f0ea9e11)
 x3=0x0 is NULL
 x4=0x0 is NULL
 x5=0x0 is NULL
 x6=0x0 is NULL
 x7=0x0 is NULL
 x8=0x000000010aa894ec is at begin+0 in a stub
StubRoutines::SafeFetchN [0x000000010aa894ec, 0x000000010aa894f8] (12 bytes)
 x9=0x0 is NULL
x10=0x2010000030300000 is an unknown value
x11=0x0000000000000007 is an unknown value
x12=0x0 is NULL
x13=0x0000600003cb4970 points into unknown readable memory: 0x0000780300000000 | 00 00 00 00 03 78 00 00
x14=0x0000010000000000 is an unknown value
x15=0x0000000120579f98: OBJC_CLASS_$_GlassRunnable+0 in /Users/abheektripathy/.openjfx/cache/17.0.1/libglass.dylib at 0x0000000120534000
x16=0x000000019c5670fc: pthread_getspecific+0 in /usr/lib/system/libsystem_pthread.dylib at 0x000000019c565000
x17=0x00006000036b2e20 points into unknown readable memory: 0xfffffffffffffffe | fe ff ff ff ff ff ff ff
x18=0x0 is NULL
x19=0x00006000039b4850 points into unknown readable memory: 0x000060000108c540 | 40 c5 08 01 00 60 00 00
x20=0x00000001377050c0 points into unknown readable memory: 0x0000000000000000 | 00 00 00 00 00 00 00 00
x21=0x00000001377052c8 points into unknown readable memory: 0x0000000000000000 | 00 00 00 00 00 00 00 00
x22=0x00000001478f5e00 is a thread
x23=0x0000000000000001 is an unknown value
x24=0x0000000137705280 is a global jni handle
x25=0x0000000102c7ba08: _ZN12StubRoutines17_safefetchN_entryE+0 in /Library/Java/JavaVirtualMachines/temurin-17.jdk/Contents/Home/lib/server/libjvm.dylib at 0x0000000102020000
x26=0x00000001240542b0 is pointing into metadata
x27=0x0 is NULL
x28=0x00000001478f5e00 is a thread


Registers:
 x0=0x00000001377052c8  x1=0x0000000000000000  x2=0x000000078757b0b8  x3=0x0000000000000000
 x4=0x0000000000000000  x5=0x0000000000000000  x6=0x0000000000000000  x7=0x0000000000000000
 x8=0x000000010aa894ec  x9=0x0000000000000000 x10=0x2010000030300000 x11=0x0000000000000007
x12=0x0000000000000000 x13=0x0000600003cb4970 x14=0x0000010000000000 x15=0x0000000120579f98
x16=0x000000019c5670fc x17=0x00006000036b2e20 x18=0x0000000000000000 x19=0x00006000039b4850
x20=0x00000001377050c0 x21=0x00000001377052c8 x22=0x00000001478f5e00 x23=0x0000000000000001
x24=0x0000000137705280 x25=0x0000000102c7ba08 x26=0x00000001240542b0 x27=0x0000000000000000
x28=0x00000001478f5e00  fp=0x0000000171caa7c0  lr=0x00000001027d90ac  sp=0x0000000171caa780
pc=0x000000010aa894f0 cpsr=0x0000000060001000
Top of Stack: (sp=0x0000000171caa780)
0x0000000171caa780:   00000001240542b0 0000000000000001
0x0000000171caa790:   0000000171caa988 0000000000000000
0x0000000171caa7a0:   00000001478f88a8 00000001377052b0
0x0000000171caa7b0:   00000001377052b0 00006000039b4850
0x0000000171caa7c0:   0000000171caa800 00000001027da2dc
0x0000000171caa7d0:   0000000000000001 00000001377052b0
0x0000000171caa7e0:   00000001478f88a8 00000001377052b0
0x0000000171caa7f0:   0000000000000001 00000001478f8600
0x0000000171caa800:   0000000171caa840 00000001024e5750
0x0000000171caa810:   0000000171caa988 00006000010a45d0
0x0000000171caa820:   00006000010a4600 00000001e682530c
0x0000000171caa830:   0000000000000000 00006000010a4600
0x0000000171caa840:   0000000171caa870 000000012053eb08
0x0000000171caa850:   f2a4b2801c16000e 0000000000000000
0x0000000171caa860:   0000000000000000 00006000007a10c0
0x0000000171caa870:   0000000171caa8b0 000000019d53c318
0x0000000171caa880:   0000000171caa988 00006000010a45d0
0x0000000171caa890:   00006000010a4600 f2a4b2801c16000e
0x0000000171caa8a0:   0000000000000000 0000000000000000
0x0000000171caa8b0:   0000000171caa8f0 033b00019d5088ac
0x0000000171caa8c0:   0000000171caa988 000000010aa907c0
0x0000000171caa8d0:   0000000000000000 0000000102c833c8
0x0000000171caa8e0:   0000000171caa900 000000010aa8f730
0x0000000171caa8f0:   0000000171caa960 153400010aa918ac
0x0000000171caa900:   0000000171caa900 000000011fda1535
0x0000000171caa910:   0000000171caa910 0000000000000000
0x0000000171caa920:   0000000171caa988 00000001240542b0
0x0000000171caa930:   0000000787750ec0 0000000000000000
0x0000000171caa940:   0000000000000000 000000012402c960
0x0000000171caa950:   0000000000000000 0000000171caa960
0x0000000171caa960:   0000000171caa9e0 000000010aa8dfc8
0x0000000171caa970:   0000000000000000 0000000000000000 

Instructions: (pc=0x000000010aa894f0)
0x000000010aa893f0:   f2a05889 f2c00029 6d425935 1e640886
0x000000010aa89400:   0c402d31 1e6408c7 1f5654d0 1e6c1017
0x000000010aa89410:   1f5050d0 1f504cd0 1f5048d0 1e650af6
0x000000010aa89420:   1f50d8f6 1f5694d6 1f5158f6 1e762880
0x000000010aa89430:   36000501 1e614000 14000026 2e251ca5
0x000000010aa89440:   d2903009 f2a05889 f2c00029 6d425d36
0x000000010aa89450:   1e600806 0c402d32 1f5758c7 1e6c101a
0x000000010aa89460:   1f4754c7 1e650805 1f4750c7 d2866668
0x000000010aa89470:   f2a7fa68 1f474cc7 1e6608c0 1f4748c7
0x000000010aa89480:   1e6e1019 eb08007f 540000ac 1f479400
0x000000010aa89490:   1f460340 1e603b20 1400000e d2a7fd29
0x000000010aa894a0:   eb09007f 540000ac 51480069 d3607d29
0x000000010aa894b0:   9e670121 14000002 1e6a5001 1f679417
0x000000010aa894c0:   1f668742 1e613b23 1e773857 1e773860
0x000000010aa894d0:   a8c17ff3 910003bf a8c17bfd d65f03c0
0x000000010aa894e0:   b9400001 aa0103e0 d65f03c0 f9400001
0x000000010aa894f0:   aa0103e0 d65f03c0 00000000 00000000
0x000000010aa89500:   00000000 00000000 00000000 00000000
0x000000010aa89510:   00000000 00000000 00000000 00000000
0x000000010aa89520:   00000000 00000000 00000000 00000000
0x000000010aa89530:   00000000 00000000 00000000 00000000
0x000000010aa89540:   00000000 00000000 00000000 00000000
0x000000010aa89550:   00000000 00000000 00000000 00000000
0x000000010aa89560:   00000000 00000000 00000000 00000000
0x000000010aa89570:   00000000 00000000 00000000 00000000
0x000000010aa89580:   00000000 00000000 00000000 00000000
0x000000010aa89590:   00000000 00000000 00000000 00000000
0x000000010aa895a0:   00000000 00000000 00000000 00000000
0x000000010aa895b0:   00000000 00000000 00000000 00000000
0x000000010aa895c0:   00000000 00000000 00000000 00000000
0x000000010aa895d0:   00000000 00000000 00000000 00000000
0x000000010aa895e0:   00000000 00000000 00000000 00000000 


Stack slot to memory mapping:
stack at sp + 0 slots: 0x00000001240542b0 is pointing into metadata
stack at sp + 1 slots: 0x0000000000000001 is an unknown value
stack at sp + 2 slots: 0x0000000171caa988 is pointing into the stack for thread: 0x00000001478f5e00
stack at sp + 3 slots: 0x0 is NULL
stack at sp + 4 slots: 0x00000001478f88a8 points into unknown readable memory: 0x0000000102c36888 | 88 68 c3 02 01 00 00 00
stack at sp + 5 slots: 0x00000001377052b0 is a global jni handle
stack at sp + 6 slots: 0x00000001377052b0 is a global jni handle
stack at sp + 7 slots: 0x00006000039b4850 points into unknown readable memory: 0x000060000108c540 | 40 c5 08 01 00 60 00 00

StubRoutines::SafeFetchN [0x000000010aa894ec, 0x000000010aa894f8] (12 bytes)
[MachCode]
  0x000000010aa894ec: 0100 40f9 | e003 01aa | c003 5fd6 
[/MachCode]

---------------  P R O C E S S  ---------------

Threads class SMR info:
_java_thread_list=0x00006000012d45c0, length=17, elements={
0x000000014881ba00, 0x000000014780d000, 0x000000014780d600, 0x0000000120809a00,
0x000000012080a800, 0x000000012080ae00, 0x000000012080b400, 0x0000000148009000,
0x0000000148884a00, 0x0000000147810a00, 0x000000014785ca00, 0x000000014785aa00,
0x0000000120888600, 0x00000001478f5e00, 0x00000001478f8600, 0x0000000123971400,
0x0000000148a37a00
}

Java Threads: ( => current thread )
  0x000000014881ba00 JavaThread "main" [_thread_blocked, id=10499, stack(0x000000016f0a0000,0x000000016f2a3000)]
  0x000000014780d000 JavaThread "Reference Handler" daemon [_thread_blocked, id=14595, stack(0x000000016fef4000,0x00000001700f7000)]
  0x000000014780d600 JavaThread "Finalizer" daemon [_thread_blocked, id=15107, stack(0x0000000170100000,0x0000000170303000)]
  0x0000000120809a00 JavaThread "Signal Dispatcher" daemon [_thread_blocked, id=42499, stack(0x0000000170424000,0x0000000170627000)]
  0x000000012080a800 JavaThread "Service Thread" daemon [_thread_blocked, id=23043, stack(0x0000000170630000,0x0000000170833000)]
  0x000000012080ae00 JavaThread "Monitor Deflation Thread" daemon [_thread_blocked, id=41731, stack(0x000000017083c000,0x0000000170a3f000)]
  0x000000012080b400 JavaThread "C2 CompilerThread0" daemon [_thread_blocked, id=23299, stack(0x0000000170a48000,0x0000000170c4b000)]
  0x0000000148009000 JavaThread "C1 CompilerThread0" daemon [_thread_blocked, id=23811, stack(0x0000000170c54000,0x0000000170e57000)]
  0x0000000148884a00 JavaThread "Sweeper thread" daemon [_thread_blocked, id=41219, stack(0x0000000170e60000,0x0000000171063000)]
  0x0000000147810a00 JavaThread "Common-Cleaner" daemon [_thread_blocked, id=24579, stack(0x000000017106c000,0x000000017126f000)]
  0x000000014785ca00 JavaThread "Monitor Ctrl-Break" daemon [_thread_in_native, id=40707, stack(0x0000000171278000,0x000000017147b000)]
  0x000000014785aa00 JavaThread "Notification Thread" daemon [_thread_blocked, id=40451, stack(0x0000000171484000,0x0000000171687000)]
  0x0000000120888600 JavaThread "QuantumRenderer-0" daemon [_thread_blocked, id=25347, stack(0x000000017189c000,0x0000000171a9f000)]
=>0x00000001478f5e00 JavaThread "InvokeLaterDispatcher" daemon [_thread_in_native, id=36363, stack(0x0000000171aa8000,0x0000000171cab000)]
  0x00000001478f8600 JavaThread "JavaFX Application Thread" [_thread_in_vm, id=259, stack(0x000000016e818000,0x000000016f014000)]
  0x0000000123971400 JavaThread "PulseTimer-CVDisplayLink thread" daemon [_thread_in_native, id=51203, stack(0x0000000171d40000,0x0000000171dc3000)]
  0x0000000148a37a00 JavaThread "JavaFX-Launcher" [_thread_blocked, id=52743, stack(0x0000000171f4c000,0x000000017214f000)]

Other Threads:
  0x0000000147605a00 VMThread "VM Thread" [stack: 0x000000016fce8000,0x000000016feeb000] [id=16131]
  0x0000000147611470 WatcherThread [stack: 0x0000000171690000,0x0000000171893000] [id=40195]
  0x0000000149007cf0 GCTaskThread "GC Thread#0" [stack: 0x000000016f2ac000,0x000000016f4af000] [id=19203]
  0x00000001490083a0 ConcurrentGCThread "G1 Main Marker" [stack: 0x000000016f4b8000,0x000000016f6bb000] [id=18691]
  0x0000000149008c20 ConcurrentGCThread "G1 Conc#0" [stack: 0x000000016f6c4000,0x000000016f8c7000] [id=18179]
  0x0000000149009490 ConcurrentGCThread "G1 Refine#0" [stack: 0x000000016f8d0000,0x000000016fad3000] [id=17667]
  0x0000000149009d30 ConcurrentGCThread "G1 Service" [stack: 0x000000016fadc000,0x000000016fcdf000] [id=17411]

Threads with active compile tasks:

VM state: not at safepoint (normal execution)

VM Mutex/Monitor currently owned by a thread: None

Heap address: 0x0000000780000000, size: 2048 MB, Compressed Oops mode: Zero based, Oop shift amount: 3

CDS archive(s) not mapped
Compressed class space mapped at: 0x0000000800000000-0x0000000840000000, reserved size: 1073741824
Narrow klass base: 0x0000000800000000, Narrow klass shift: 0, Narrow klass range: 0x40000000

GC Precious Log:
 CPUs: 8 total, 8 available
 Memory: 8192M
 Large Page Support: Disabled
 NUMA Support: Disabled
 Compressed Oops: Enabled (Zero based)
 Heap Region Size: 1M
 Heap Min Capacity: 8M
 Heap Initial Capacity: 128M
 Heap Max Capacity: 2G
 Pre-touch: Disabled
 Parallel Workers: 8
 Concurrent Workers: 2
 Concurrent Refinement Workers: 8
 Periodic GC: Disabled

Heap:
 garbage-first heap   total 131072K, used 13312K [0x0000000780000000, 0x0000000800000000)
  region size 1024K, 15 young (15360K), 0 survivors (0K)
 Metaspace       used 10989K, committed 11200K, reserved 1064960K
  class space    used 1087K, committed 1216K, reserved 1048576K

Heap Regions: E=young(eden), S=young(survivor), O=old, HS=humongous(starts), HC=humongous(continues), CS=collection set, F=free, OA=open archive, CA=closed archive, TAMS=top-at-mark-start (previous, next)
|   0|0x0000000780000000, 0x0000000780000000, 0x0000000780100000|  0%| F|  |TAMS 0x0000000780000000, 0x0000000780000000| Untracked 
|   1|0x0000000780100000, 0x0000000780100000, 0x0000000780200000|  0%| F|  |TAMS 0x0000000780100000, 0x0000000780100000| Untracked 
|   2|0x0000000780200000, 0x0000000780200000, 0x0000000780300000|  0%| F|  |TAMS 0x0000000780200000, 0x0000000780200000| Untracked 
|   3|0x0000000780300000, 0x0000000780300000, 0x0000000780400000|  0%| F|  |TAMS 0x0000000780300000, 0x0000000780300000| Untracked 
|   4|0x0000000780400000, 0x0000000780400000, 0x0000000780500000|  0%| F|  |TAMS 0x0000000780400000, 0x0000000780400000| Untracked 
|   5|0x0000000780500000, 0x0000000780500000, 0x0000000780600000|  0%| F|  |TAMS 0x0000000780500000, 0x0000000780500000| Untracked 
|   6|0x0000000780600000, 0x0000000780600000, 0x0000000780700000|  0%| F|  |TAMS 0x0000000780600000, 0x0000000780600000| Untracked 
|   7|0x0000000780700000, 0x0000000780700000, 0x0000000780800000|  0%| F|  |TAMS 0x0000000780700000, 0x0000000780700000| Untracked 
|   8|0x0000000780800000, 0x0000000780800000, 0x0000000780900000|  0%| F|  |TAMS 0x0000000780800000, 0x0000000780800000| Untracked 
|   9|0x0000000780900000, 0x0000000780900000, 0x0000000780a00000|  0%| F|  |TAMS 0x0000000780900000, 0x0000000780900000| Untracked 
|  10|0x0000000780a00000, 0x0000000780a00000, 0x0000000780b00000|  0%| F|  |TAMS 0x0000000780a00000, 0x0000000780a00000| Untracked 
|  11|0x0000000780b00000, 0x0000000780b00000, 0x0000000780c00000|  0%| F|  |TAMS 0x0000000780b00000, 0x0000000780b00000| Untracked 
|  12|0x0000000780c00000, 0x0000000780c00000, 0x0000000780d00000|  0%| F|  |TAMS 0x0000000780c00000, 0x0000000780c00000| Untracked 
|  13|0x0000000780d00000, 0x0000000780d00000, 0x0000000780e00000|  0%| F|  |TAMS 0x0000000780d00000, 0x0000000780d00000| Untracked 
|  14|0x0000000780e00000, 0x0000000780e00000, 0x0000000780f00000|  0%| F|  |TAMS 0x0000000780e00000, 0x0000000780e00000| Untracked 
|  15|0x0000000780f00000, 0x0000000780f00000, 0x0000000781000000|  0%| F|  |TAMS 0x0000000780f00000, 0x0000000780f00000| Untracked 
|  16|0x0000000781000000, 0x0000000781000000, 0x0000000781100000|  0%| F|  |TAMS 0x0000000781000000, 0x0000000781000000| Untracked 
|  17|0x0000000781100000, 0x0000000781100000, 0x0000000781200000|  0%| F|  |TAMS 0x0000000781100000, 0x0000000781100000| Untracked 
|  18|0x0000000781200000, 0x0000000781200000, 0x0000000781300000|  0%| F|  |TAMS 0x0000000781200000, 0x0000000781200000| Untracked 
|  19|0x0000000781300000, 0x0000000781300000, 0x0000000781400000|  0%| F|  |TAMS 0x0000000781300000, 0x0000000781300000| Untracked 
|  20|0x0000000781400000, 0x0000000781400000, 0x0000000781500000|  0%| F|  |TAMS 0x0000000781400000, 0x0000000781400000| Untracked 
|  21|0x0000000781500000, 0x0000000781500000, 0x0000000781600000|  0%| F|  |TAMS 0x0000000781500000, 0x0000000781500000| Untracked 
|  22|0x0000000781600000, 0x0000000781600000, 0x0000000781700000|  0%| F|  |TAMS 0x0000000781600000, 0x0000000781600000| Untracked 
|  23|0x0000000781700000, 0x0000000781700000, 0x0000000781800000|  0%| F|  |TAMS 0x0000000781700000, 0x0000000781700000| Untracked 
|  24|0x0000000781800000, 0x0000000781800000, 0x0000000781900000|  0%| F|  |TAMS 0x0000000781800000, 0x0000000781800000| Untracked 
|  25|0x0000000781900000, 0x0000000781900000, 0x0000000781a00000|  0%| F|  |TAMS 0x0000000781900000, 0x0000000781900000| Untracked 
|  26|0x0000000781a00000, 0x0000000781a00000, 0x0000000781b00000|  0%| F|  |TAMS 0x0000000781a00000, 0x0000000781a00000| Untracked 
|  27|0x0000000781b00000, 0x0000000781b00000, 0x0000000781c00000|  0%| F|  |TAMS 0x0000000781b00000, 0x0000000781b00000| Untracked 
|  28|0x0000000781c00000, 0x0000000781c00000, 0x0000000781d00000|  0%| F|  |TAMS 0x0000000781c00000, 0x0000000781c00000| Untracked 
|  29|0x0000000781d00000, 0x0000000781d00000, 0x0000000781e00000|  0%| F|  |TAMS 0x0000000781d00000, 0x0000000781d00000| Untracked 
|  30|0x0000000781e00000, 0x0000000781e00000, 0x0000000781f00000|  0%| F|  |TAMS 0x0000000781e00000, 0x0000000781e00000| Untracked 
|  31|0x0000000781f00000, 0x0000000781f00000, 0x0000000782000000|  0%| F|  |TAMS 0x0000000781f00000, 0x0000000781f00000| Untracked 
|  32|0x0000000782000000, 0x0000000782000000, 0x0000000782100000|  0%| F|  |TAMS 0x0000000782000000, 0x0000000782000000| Untracked 
|  33|0x0000000782100000, 0x0000000782100000, 0x0000000782200000|  0%| F|  |TAMS 0x0000000782100000, 0x0000000782100000| Untracked 
|  34|0x0000000782200000, 0x0000000782200000, 0x0000000782300000|  0%| F|  |TAMS 0x0000000782200000, 0x0000000782200000| Untracked 
|  35|0x0000000782300000, 0x0000000782300000, 0x0000000782400000|  0%| F|  |TAMS 0x0000000782300000, 0x0000000782300000| Untracked 
|  36|0x0000000782400000, 0x0000000782400000, 0x0000000782500000|  0%| F|  |TAMS 0x0000000782400000, 0x0000000782400000| Untracked 
|  37|0x0000000782500000, 0x0000000782500000, 0x0000000782600000|  0%| F|  |TAMS 0x0000000782500000, 0x0000000782500000| Untracked 
|  38|0x0000000782600000, 0x0000000782600000, 0x0000000782700000|  0%| F|  |TAMS 0x0000000782600000, 0x0000000782600000| Untracked 
|  39|0x0000000782700000, 0x0000000782700000, 0x0000000782800000|  0%| F|  |TAMS 0x0000000782700000, 0x0000000782700000| Untracked 
|  40|0x0000000782800000, 0x0000000782800000, 0x0000000782900000|  0%| F|  |TAMS 0x0000000782800000, 0x0000000782800000| Untracked 
|  41|0x0000000782900000, 0x0000000782900000, 0x0000000782a00000|  0%| F|  |TAMS 0x0000000782900000, 0x0000000782900000| Untracked 
|  42|0x0000000782a00000, 0x0000000782a00000, 0x0000000782b00000|  0%| F|  |TAMS 0x0000000782a00000, 0x0000000782a00000| Untracked 
|  43|0x0000000782b00000, 0x0000000782b00000, 0x0000000782c00000|  0%| F|  |TAMS 0x0000000782b00000, 0x0000000782b00000| Untracked 
|  44|0x0000000782c00000, 0x0000000782c00000, 0x0000000782d00000|  0%| F|  |TAMS 0x0000000782c00000, 0x0000000782c00000| Untracked 
|  45|0x0000000782d00000, 0x0000000782d00000, 0x0000000782e00000|  0%| F|  |TAMS 0x0000000782d00000, 0x0000000782d00000| Untracked 
|  46|0x0000000782e00000, 0x0000000782e00000, 0x0000000782f00000|  0%| F|  |TAMS 0x0000000782e00000, 0x0000000782e00000| Untracked 
|  47|0x0000000782f00000, 0x0000000782f00000, 0x0000000783000000|  0%| F|  |TAMS 0x0000000782f00000, 0x0000000782f00000| Untracked 
|  48|0x0000000783000000, 0x0000000783000000, 0x0000000783100000|  0%| F|  |TAMS 0x0000000783000000, 0x0000000783000000| Untracked 
|  49|0x0000000783100000, 0x0000000783100000, 0x0000000783200000|  0%| F|  |TAMS 0x0000000783100000, 0x0000000783100000| Untracked 
|  50|0x0000000783200000, 0x0000000783200000, 0x0000000783300000|  0%| F|  |TAMS 0x0000000783200000, 0x0000000783200000| Untracked 
|  51|0x0000000783300000, 0x0000000783300000, 0x0000000783400000|  0%| F|  |TAMS 0x0000000783300000, 0x0000000783300000| Untracked 
|  52|0x0000000783400000, 0x0000000783400000, 0x0000000783500000|  0%| F|  |TAMS 0x0000000783400000, 0x0000000783400000| Untracked 
|  53|0x0000000783500000, 0x0000000783500000, 0x0000000783600000|  0%| F|  |TAMS 0x0000000783500000, 0x0000000783500000| Untracked 
|  54|0x0000000783600000, 0x0000000783600000, 0x0000000783700000|  0%| F|  |TAMS 0x0000000783600000, 0x0000000783600000| Untracked 
|  55|0x0000000783700000, 0x0000000783700000, 0x0000000783800000|  0%| F|  |TAMS 0x0000000783700000, 0x0000000783700000| Untracked 
|  56|0x0000000783800000, 0x0000000783800000, 0x0000000783900000|  0%| F|  |TAMS 0x0000000783800000, 0x0000000783800000| Untracked 
|  57|0x0000000783900000, 0x0000000783900000, 0x0000000783a00000|  0%| F|  |TAMS 0x0000000783900000, 0x0000000783900000| Untracked 
|  58|0x0000000783a00000, 0x0000000783a00000, 0x0000000783b00000|  0%| F|  |TAMS 0x0000000783a00000, 0x0000000783a00000| Untracked 
|  59|0x0000000783b00000, 0x0000000783b00000, 0x0000000783c00000|  0%| F|  |TAMS 0x0000000783b00000, 0x0000000783b00000| Untracked 
|  60|0x0000000783c00000, 0x0000000783c00000, 0x0000000783d00000|  0%| F|  |TAMS 0x0000000783c00000, 0x0000000783c00000| Untracked 
|  61|0x0000000783d00000, 0x0000000783d00000, 0x0000000783e00000|  0%| F|  |TAMS 0x0000000783d00000, 0x0000000783d00000| Untracked 
|  62|0x0000000783e00000, 0x0000000783e00000, 0x0000000783f00000|  0%| F|  |TAMS 0x0000000783e00000, 0x0000000783e00000| Untracked 
|  63|0x0000000783f00000, 0x0000000783f00000, 0x0000000784000000|  0%| F|  |TAMS 0x0000000783f00000, 0x0000000783f00000| Untracked 
|  64|0x0000000784000000, 0x0000000784000000, 0x0000000784100000|  0%| F|  |TAMS 0x0000000784000000, 0x0000000784000000| Untracked 
|  65|0x0000000784100000, 0x0000000784100000, 0x0000000784200000|  0%| F|  |TAMS 0x0000000784100000, 0x0000000784100000| Untracked 
|  66|0x0000000784200000, 0x0000000784200000, 0x0000000784300000|  0%| F|  |TAMS 0x0000000784200000, 0x0000000784200000| Untracked 
|  67|0x0000000784300000, 0x0000000784300000, 0x0000000784400000|  0%| F|  |TAMS 0x0000000784300000, 0x0000000784300000| Untracked 
|  68|0x0000000784400000, 0x0000000784400000, 0x0000000784500000|  0%| F|  |TAMS 0x0000000784400000, 0x0000000784400000| Untracked 
|  69|0x0000000784500000, 0x0000000784500000, 0x0000000784600000|  0%| F|  |TAMS 0x0000000784500000, 0x0000000784500000| Untracked 
|  70|0x0000000784600000, 0x0000000784600000, 0x0000000784700000|  0%| F|  |TAMS 0x0000000784600000, 0x0000000784600000| Untracked 
|  71|0x0000000784700000, 0x0000000784700000, 0x0000000784800000|  0%| F|  |TAMS 0x0000000784700000, 0x0000000784700000| Untracked 
|  72|0x0000000784800000, 0x0000000784800000, 0x0000000784900000|  0%| F|  |TAMS 0x0000000784800000, 0x0000000784800000| Untracked 
|  73|0x0000000784900000, 0x0000000784900000, 0x0000000784a00000|  0%| F|  |TAMS 0x0000000784900000, 0x0000000784900000| Untracked 
|  74|0x0000000784a00000, 0x0000000784a00000, 0x0000000784b00000|  0%| F|  |TAMS 0x0000000784a00000, 0x0000000784a00000| Untracked 
|  75|0x0000000784b00000, 0x0000000784b00000, 0x0000000784c00000|  0%| F|  |TAMS 0x0000000784b00000, 0x0000000784b00000| Untracked 
|  76|0x0000000784c00000, 0x0000000784c00000, 0x0000000784d00000|  0%| F|  |TAMS 0x0000000784c00000, 0x0000000784c00000| Untracked 
|  77|0x0000000784d00000, 0x0000000784d00000, 0x0000000784e00000|  0%| F|  |TAMS 0x0000000784d00000, 0x0000000784d00000| Untracked 
|  78|0x0000000784e00000, 0x0000000784e00000, 0x0000000784f00000|  0%| F|  |TAMS 0x0000000784e00000, 0x0000000784e00000| Untracked 
|  79|0x0000000784f00000, 0x0000000784f00000, 0x0000000785000000|  0%| F|  |TAMS 0x0000000784f00000, 0x0000000784f00000| Untracked 
|  80|0x0000000785000000, 0x0000000785000000, 0x0000000785100000|  0%| F|  |TAMS 0x0000000785000000, 0x0000000785000000| Untracked 
|  81|0x0000000785100000, 0x0000000785100000, 0x0000000785200000|  0%| F|  |TAMS 0x0000000785100000, 0x0000000785100000| Untracked 
|  82|0x0000000785200000, 0x0000000785200000, 0x0000000785300000|  0%| F|  |TAMS 0x0000000785200000, 0x0000000785200000| Untracked 
|  83|0x0000000785300000, 0x0000000785300000, 0x0000000785400000|  0%| F|  |TAMS 0x0000000785300000, 0x0000000785300000| Untracked 
|  84|0x0000000785400000, 0x0000000785400000, 0x0000000785500000|  0%| F|  |TAMS 0x0000000785400000, 0x0000000785400000| Untracked 
|  85|0x0000000785500000, 0x0000000785500000, 0x0000000785600000|  0%| F|  |TAMS 0x0000000785500000, 0x0000000785500000| Untracked 
|  86|0x0000000785600000, 0x0000000785600000, 0x0000000785700000|  0%| F|  |TAMS 0x0000000785600000, 0x0000000785600000| Untracked 
|  87|0x0000000785700000, 0x0000000785700000, 0x0000000785800000|  0%| F|  |TAMS 0x0000000785700000, 0x0000000785700000| Untracked 
|  88|0x0000000785800000, 0x0000000785800000, 0x0000000785900000|  0%| F|  |TAMS 0x0000000785800000, 0x0000000785800000| Untracked 
|  89|0x0000000785900000, 0x0000000785900000, 0x0000000785a00000|  0%| F|  |TAMS 0x0000000785900000, 0x0000000785900000| Untracked 
|  90|0x0000000785a00000, 0x0000000785a00000, 0x0000000785b00000|  0%| F|  |TAMS 0x0000000785a00000, 0x0000000785a00000| Untracked 
|  91|0x0000000785b00000, 0x0000000785b00000, 0x0000000785c00000|  0%| F|  |TAMS 0x0000000785b00000, 0x0000000785b00000| Untracked 
|  92|0x0000000785c00000, 0x0000000785c00000, 0x0000000785d00000|  0%| F|  |TAMS 0x0000000785c00000, 0x0000000785c00000| Untracked 
|  93|0x0000000785d00000, 0x0000000785d00000, 0x0000000785e00000|  0%| F|  |TAMS 0x0000000785d00000, 0x0000000785d00000| Untracked 
|  94|0x0000000785e00000, 0x0000000785e00000, 0x0000000785f00000|  0%| F|  |TAMS 0x0000000785e00000, 0x0000000785e00000| Untracked 
|  95|0x0000000785f00000, 0x0000000785f00000, 0x0000000786000000|  0%| F|  |TAMS 0x0000000785f00000, 0x0000000785f00000| Untracked 
|  96|0x0000000786000000, 0x0000000786000000, 0x0000000786100000|  0%| F|  |TAMS 0x0000000786000000, 0x0000000786000000| Untracked 
|  97|0x0000000786100000, 0x0000000786100000, 0x0000000786200000|  0%| F|  |TAMS 0x0000000786100000, 0x0000000786100000| Untracked 
|  98|0x0000000786200000, 0x0000000786200000, 0x0000000786300000|  0%| F|  |TAMS 0x0000000786200000, 0x0000000786200000| Untracked 
|  99|0x0000000786300000, 0x0000000786300000, 0x0000000786400000|  0%| F|  |TAMS 0x0000000786300000, 0x0000000786300000| Untracked 
| 100|0x0000000786400000, 0x0000000786400000, 0x0000000786500000|  0%| F|  |TAMS 0x0000000786400000, 0x0000000786400000| Untracked 
| 101|0x0000000786500000, 0x0000000786500000, 0x0000000786600000|  0%| F|  |TAMS 0x0000000786500000, 0x0000000786500000| Untracked 
| 102|0x0000000786600000, 0x0000000786600000, 0x0000000786700000|  0%| F|  |TAMS 0x0000000786600000, 0x0000000786600000| Untracked 
| 103|0x0000000786700000, 0x0000000786700000, 0x0000000786800000|  0%| F|  |TAMS 0x0000000786700000, 0x0000000786700000| Untracked 
| 104|0x0000000786800000, 0x0000000786800000, 0x0000000786900000|  0%| F|  |TAMS 0x0000000786800000, 0x0000000786800000| Untracked 
| 105|0x0000000786900000, 0x0000000786900000, 0x0000000786a00000|  0%| F|  |TAMS 0x0000000786900000, 0x0000000786900000| Untracked 
| 106|0x0000000786a00000, 0x0000000786a00000, 0x0000000786b00000|  0%| F|  |TAMS 0x0000000786a00000, 0x0000000786a00000| Untracked 
| 107|0x0000000786b00000, 0x0000000786b00000, 0x0000000786c00000|  0%| F|  |TAMS 0x0000000786b00000, 0x0000000786b00000| Untracked 
| 108|0x0000000786c00000, 0x0000000786c00000, 0x0000000786d00000|  0%| F|  |TAMS 0x0000000786c00000, 0x0000000786c00000| Untracked 
| 109|0x0000000786d00000, 0x0000000786d00000, 0x0000000786e00000|  0%| F|  |TAMS 0x0000000786d00000, 0x0000000786d00000| Untracked 
| 110|0x0000000786e00000, 0x0000000786e00000, 0x0000000786f00000|  0%| F|  |TAMS 0x0000000786e00000, 0x0000000786e00000| Untracked 
| 111|0x0000000786f00000, 0x0000000786f00000, 0x0000000787000000|  0%| F|  |TAMS 0x0000000786f00000, 0x0000000786f00000| Untracked 
| 112|0x0000000787000000, 0x0000000787000000, 0x0000000787100000|  0%| F|  |TAMS 0x0000000787000000, 0x0000000787000000| Untracked 
| 113|0x0000000787100000, 0x0000000787200000, 0x0000000787200000|100%| E|  |TAMS 0x0000000787100000, 0x0000000787100000| Complete 
| 114|0x0000000787200000, 0x0000000787300000, 0x0000000787300000|100%| E|CS|TAMS 0x0000000787200000, 0x0000000787200000| Complete 
| 115|0x0000000787300000, 0x0000000787400000, 0x0000000787400000|100%| E|  |TAMS 0x0000000787300000, 0x0000000787300000| Complete 
| 116|0x0000000787400000, 0x0000000787500000, 0x0000000787500000|100%| E|CS|TAMS 0x0000000787400000, 0x0000000787400000| Complete 
| 117|0x0000000787500000, 0x0000000787600000, 0x0000000787600000|100%| E|CS|TAMS 0x0000000787500000, 0x0000000787500000| Complete 
| 118|0x0000000787600000, 0x0000000787700000, 0x0000000787700000|100%| E|CS|TAMS 0x0000000787600000, 0x0000000787600000| Complete 
| 119|0x0000000787700000, 0x0000000787800000, 0x0000000787800000|100%| E|CS|TAMS 0x0000000787700000, 0x0000000787700000| Complete 
| 120|0x0000000787800000, 0x0000000787900000, 0x0000000787900000|100%| E|CS|TAMS 0x0000000787800000, 0x0000000787800000| Complete 
| 121|0x0000000787900000, 0x0000000787a00000, 0x0000000787a00000|100%| E|CS|TAMS 0x0000000787900000, 0x0000000787900000| Complete 
| 122|0x0000000787a00000, 0x0000000787b00000, 0x0000000787b00000|100%| E|CS|TAMS 0x0000000787a00000, 0x0000000787a00000| Complete 
| 123|0x0000000787b00000, 0x0000000787c00000, 0x0000000787c00000|100%| E|CS|TAMS 0x0000000787b00000, 0x0000000787b00000| Complete 
| 124|0x0000000787c00000, 0x0000000787d00000, 0x0000000787d00000|100%| E|CS|TAMS 0x0000000787c00000, 0x0000000787c00000| Complete 
| 125|0x0000000787d00000, 0x0000000787e00000, 0x0000000787e00000|100%| E|CS|TAMS 0x0000000787d00000, 0x0000000787d00000| Complete 
| 126|0x0000000787e00000, 0x0000000787f00000, 0x0000000787f00000|100%| E|CS|TAMS 0x0000000787e00000, 0x0000000787e00000| Complete 
| 127|0x0000000787f00000, 0x0000000788000000, 0x0000000788000000|100%| E|CS|TAMS 0x0000000787f00000, 0x0000000787f00000| Complete 

Card table byte_map: [0x00000001016fc000,0x0000000101afc000] _byte_map_base: 0x00000000fdafc000

Marking Bits (Prev, Next): (CMBitMap*) 0x000000014883e410, (CMBitMap*) 0x000000014883e450
 Prev Bits: [0x0000000119a88000, 0x000000011ba88000)
 Next Bits: [0x000000011ba88000, 0x000000011da88000)

Polling page: 0x0000000101024000

Metaspace:

Usage:
  Non-class:      9.67 MB used.
      Class:      1.06 MB used.
       Both:     10.73 MB used.

Virtual space:
  Non-class space:       16.00 MB reserved,       9.75 MB ( 61%) committed,  2 nodes.
      Class space:        1.00 GB reserved,       1.19 MB ( <1%) committed,  1 nodes.
             Both:        1.02 GB reserved,      10.94 MB (  1%) committed. 

Chunk freelists:
   Non-Class:  2.07 MB
       Class:  2.67 MB
        Both:  4.74 MB

MaxMetaspaceSize: unlimited
CompressedClassSpaceSize: 1.00 GB
Initial GC threshold: 21.00 MB
Current GC threshold: 21.00 MB
CDS: off
MetaspaceReclaimPolicy: balanced
 - commit_granule_bytes: 65536.
 - commit_granule_words: 8192.
 - virtual_space_node_default_size: 1048576.
 - enlarge_chunks_in_place: 1.
 - new_chunks_are_fully_committed: 0.
 - uncommit_free_chunks: 1.
 - use_allocation_guard: 0.
 - handle_deallocations: 1.


Internal statistics:

num_allocs_failed_limit: 0.
num_arena_births: 84.
num_arena_deaths: 0.
num_vsnodes_births: 3.
num_vsnodes_deaths: 0.
num_space_committed: 175.
num_space_uncommitted: 0.
num_chunks_returned_to_freelist: 0.
num_chunks_taken_from_freelist: 211.
num_chunk_merges: 0.
num_chunk_splits: 125.
num_chunks_enlarged: 82.
num_purges: 0.
num_inconsistent_stats: 0.

CodeHeap 'non-profiled nmethods': size=120032Kb used=220Kb max_used=220Kb free=119811Kb
 bounds [0x0000000112550000, 0x00000001127c0000, 0x0000000119a88000]
CodeHeap 'profiled nmethods': size=120016Kb used=1294Kb max_used=1294Kb free=118721Kb
 bounds [0x000000010b01c000, 0x000000010b28c000, 0x0000000112550000]
CodeHeap 'non-nmethods': size=5712Kb used=1179Kb max_used=1207Kb free=4533Kb
 bounds [0x000000010aa88000, 0x000000010acf8000, 0x000000010b01c000]
 total_blobs=1251 nmethods=745 adapters=423
 compilation: enabled
              stopped_count=0, restarted_count=0
 full_count=0

Compilation events (20 events):
Event: 0.541 Thread 0x0000000148009000  754       1       java.util.LinkedHashMap::removeEldestEntry (2 bytes)
Event: 0.542 Thread 0x0000000148009000 nmethod 754 0x0000000112585590 code [0x0000000112585700, 0x00000001125857e8]
Event: 0.542 Thread 0x0000000148009000  761       3       java.util.Collections$UnmodifiableCollection$1::hasNext (10 bytes)
Event: 0.542 Thread 0x0000000148009000 nmethod 761 0x000000010b15a410 code [0x000000010b15a5c0, 0x000000010b15a818]
Event: 0.542 Thread 0x0000000148009000  762       3       java.util.Collections$UnmodifiableCollection$1::next (10 bytes)
Event: 0.542 Thread 0x0000000148009000 nmethod 762 0x000000010b15a910 code [0x000000010b15aac0, 0x000000010b15acd8]
Event: 0.542 Thread 0x0000000148009000  763       3       java.lang.invoke.MethodHandleNatives::isCallerSensitive (29 bytes)
Event: 0.543 Thread 0x0000000148009000 nmethod 763 0x000000010b15ad90 code [0x000000010b15afc0, 0x000000010b15b558]
Event: 0.543 Thread 0x0000000148009000  765       3       java.lang.StringBuilder::append (8 bytes)
Event: 0.543 Thread 0x0000000148009000 nmethod 765 0x000000010b15b790 code [0x000000010b15b940, 0x000000010b15bad8]
Event: 0.543 Thread 0x0000000148009000  766       3       java.lang.AbstractStringBuilder::append (55 bytes)
Event: 0.544 Thread 0x0000000148009000 nmethod 766 0x000000010b15bb90 code [0x000000010b15bd80, 0x000000010b15c168]
Event: 0.544 Thread 0x0000000148009000  768       3       jdk.internal.org.objectweb.asm.SymbolTable::addTypeInternal (85 bytes)
Event: 0.544 Thread 0x0000000148009000 nmethod 768 0x000000010b15c310 code [0x000000010b15c500, 0x000000010b15cc08]
Event: 0.544 Thread 0x0000000148009000  769       3       jdk.internal.org.objectweb.asm.Type::getDescriptor (93 bytes)
Event: 0.544 Thread 0x0000000148009000 nmethod 769 0x000000010b15ce10 code [0x000000010b15d100, 0x000000010b15da18]
Event: 0.545 Thread 0x000000012080b400 nmethod 757 0x0000000112586490 code [0x00000001125866c0, 0x0000000112586cb0]
Event: 0.545 Thread 0x000000012080b400  759       4       java.lang.invoke.MemberName::getReferenceKind (12 bytes)
Event: 0.545 Thread 0x0000000148009000  772       3       java.lang.invoke.MethodHandles$Lookup::checkSecurityManager (97 bytes)
Event: 0.545 Thread 0x000000012080b400 nmethod 759 0x0000000112587090 code [0x0000000112587200, 0x00000001125872a0]

GC Heap History (0 events):
No events

Deoptimization events (16 events):
Event: 0.180 Thread 0x000000014881ba00 DEOPT PACKING pc=0x000000010b05d1e4 sp=0x000000016f29d700
Event: 0.180 Thread 0x000000014881ba00 DEOPT UNPACKING pc=0x000000010aac6b7c sp=0x000000016f29d3b0 mode 0
Event: 0.267 Thread 0x0000000120888600 Uncommon trap: trap_request=0xffffff45 fr.pc=0x0000000112561078 relative=0x0000000000000538
Event: 0.267 Thread 0x0000000120888600 Uncommon trap: reason=unstable_if action=reinterpret pc=0x0000000112561078 method=jdk.internal.module.Checks.isJavaIdentifier(Ljava/lang/String;)Z @ 4 c2
Event: 0.267 Thread 0x0000000120888600 DEOPT PACKING pc=0x0000000112561078 sp=0x0000000171a9db30
Event: 0.267 Thread 0x0000000120888600 DEOPT UNPACKING pc=0x000000010aac6d1c sp=0x0000000171a9dad0 mode 2
Event: 0.481 Thread 0x00000001478f8600 Uncommon trap: trap_request=0xffffff45 fr.pc=0x000000011257f724 relative=0x0000000000000164
Event: 0.481 Thread 0x00000001478f8600 Uncommon trap: reason=unstable_if action=reinterpret pc=0x000000011257f724 method=java.lang.invoke.VarHandle.checkExactAccessMode(Ljava/lang/invoke/VarHandle$AccessDescriptor;)V @ 4 c2
Event: 0.481 Thread 0x00000001478f8600 DEOPT PACKING pc=0x000000011257f724 sp=0x000000016f00f900
Event: 0.481 Thread 0x00000001478f8600 DEOPT UNPACKING pc=0x000000010aac6d1c sp=0x000000016f00f830 mode 2
Event: 0.485 Thread 0x0000000120888600 DEOPT PACKING pc=0x000000010b068c9c sp=0x0000000171a9d4d0
Event: 0.485 Thread 0x0000000120888600 DEOPT UNPACKING pc=0x000000010aac6b7c sp=0x0000000171a9d140 mode 0
Event: 0.537 Thread 0x00000001478f8600 Uncommon trap: trap_request=0xffffff45 fr.pc=0x000000011257ffbc relative=0x000000000000007c
Event: 0.537 Thread 0x00000001478f8600 Uncommon trap: reason=unstable_if action=reinterpret pc=0x000000011257ffbc method=jdk.internal.misc.Unsafe.convEndian(ZI)I @ 4 c2
Event: 0.537 Thread 0x00000001478f8600 DEOPT PACKING pc=0x000000011257ffbc sp=0x000000016f00e140
Event: 0.537 Thread 0x00000001478f8600 DEOPT UNPACKING pc=0x000000010aac6d1c sp=0x000000016f00e070 mode 2

Classes unloaded (0 events):
No events

Classes redefined (0 events):
No events

Internal exceptions (11 events):
Event: 0.086 Thread 0x000000014881ba00 Exception <a 'java/lang/NoSuchMethodError'{0x0000000787e32e00}: 'void java.lang.invoke.DirectMethodHandle$Holder.invokeVirtual(java.lang.Object, java.lang.Object)'> (0x0000000787e32e00) 
thrown [../../src/hotspot/share/interpreter/linkResolver.cpp, line 766]
Event: 0.175 Thread 0x000000014785ca00 Exception <a 'java/lang/NoSuchMethodError'{0x0000000787b7ab40}: 'java.lang.Object java.lang.invoke.DirectMethodHandle$Holder.invokeStaticInit(java.lang.Object)'> (0x0000000787b7ab40) 
thrown [../../src/hotspot/share/interpreter/linkResolver.cpp, line 766]
Event: 0.178 Thread 0x000000014881ba00 Exception <a 'java/lang/NoSuchMethodError'{0x0000000787b71750}: 'void java.lang.invoke.DirectMethodHandle$Holder.invokeStatic(java.lang.Object, java.lang.Object)'> (0x0000000787b71750) 
thrown [../../src/hotspot/share/interpreter/linkResolver.cpp, line 766]
Event: 0.178 Thread 0x000000014785ca00 Exception <a 'java/lang/ClassNotFoundException'{0x0000000787b85fe0}: jdk/net/ExtendedSocketOptions> (0x0000000787b85fe0) 
thrown [../../src/hotspot/share/classfile/systemDictionary.cpp, line 256]
Event: 0.227 Thread 0x000000014881ba00 Exception <a 'java/lang/NoSuchMethodError'{0x00000007878ca858}: 'void java.lang.invoke.DirectMethodHandle$Holder.invokeSpecial(java.lang.Object, java.lang.Object, java.lang.Object)'> (0x00000007878ca858) 
thrown [../../src/hotspot/share/interpreter/linkResolver.cpp, line 766]
Event: 0.239 Thread 0x000000014881ba00 Exception <a 'java/lang/NoSuchMethodError'{0x0000000787709990}: 'void java.lang.invoke.DirectMethodHandle$Holder.invokeStatic(java.lang.Object, java.lang.Object, java.lang.Object)'> (0x0000000787709990) 
thrown [../../src/hotspot/share/interpreter/linkResolver.cpp, line 766]
Event: 0.355 Thread 0x000000014881ba00 Exception <a 'java/lang/NoSuchMethodError'{0x00000007877265d8}: 'int java.lang.invoke.DirectMethodHandle$Holder.invokeStaticInit(java.lang.Object, java.lang.Object, java.lang.Object)'> (0x00000007877265d8) 
thrown [../../src/hotspot/share/interpreter/linkResolver.cpp, line 766]
Event: 0.516 Thread 0x00000001478f8600 Exception <a 'java/lang/NoSuchMethodError'{0x000000078729ae30}: 'void java.lang.invoke.DirectMethodHandle$Holder.invokeStaticInit(java.lang.Object)'> (0x000000078729ae30) 
thrown [../../src/hotspot/share/interpreter/linkResolver.cpp, line 766]
Event: 0.518 Thread 0x000000014881ba00 Exception <a 'java/lang/NoSuchMethodError'{0x000000078755e628}: 'java.lang.Object java.lang.invoke.DirectMethodHandle$Holder.newInvokeSpecial(java.lang.Object, java.lang.Object, java.lang.Object, java.lang.Object, java.lang.Object, java.lang.Object)'> (0x000000078755e628) 
thrown [../../src/hotspot/share/interpreter/linkResolver.cpp, line 766]
Event: 0.543 Thread 0x000000014881ba00 Exception <a 'java/lang/NoSuchMethodError'{0x000000078718e640}: 'java.lang.Object java.lang.invoke.DirectMethodHandle$Holder.newInvokeSpecial(java.lang.Object, java.lang.Object, java.lang.Object, java.lang.Object, java.lang.Object)'> (0x000000078718e640) 
thrown [../../src/hotspot/share/interpreter/linkResolver.cpp, line 766]
Event: 0.545 Thread 0x0000000148a37a00 Exception <a 'java/lang/NoSuchMethodError'{0x00000007871f64a0}: 'void java.lang.invoke.DirectMethodHandle$Holder.invokeStatic(java.lang.Object, java.lang.Object, java.lang.Object, java.lang.Object)'> (0x00000007871f64a0) 
thrown [../../src/hotspot/share/interpreter/linkResolver.cpp, line 766]

VM Operations (8 events):
Event: 0.146 Executing VM operation: HandshakeAllThreads
Event: 0.146 Executing VM operation: HandshakeAllThreads done
Event: 0.146 Executing VM operation: HandshakeAllThreads
Event: 0.146 Executing VM operation: HandshakeAllThreads done
Event: 0.172 Executing VM operation: HandshakeAllThreads
Event: 0.172 Executing VM operation: HandshakeAllThreads done
Event: 0.494 Executing VM operation: ICBufferFull
Event: 0.494 Executing VM operation: ICBufferFull done

Events (20 events):
Event: 0.537 loading class java/lang/reflect/Proxy$ProxyBuilder$1
Event: 0.537 loading class java/lang/reflect/Proxy$ProxyBuilder$1 done
Event: 0.537 loading class java/lang/annotation/Target
Event: 0.537 loading class java/lang/annotation/Target done
Event: 0.538 loading class sun/reflect/generics/repository/ClassRepository
Event: 0.538 loading class sun/reflect/generics/repository/GenericDeclRepository
Event: 0.538 loading class sun/reflect/generics/repository/AbstractRepository
Event: 0.538 loading class sun/reflect/generics/repository/AbstractRepository done
Event: 0.538 loading class sun/reflect/generics/repository/GenericDeclRepository done
Event: 0.538 loading class sun/reflect/generics/repository/ClassRepository done
Event: 0.538 loading class java/lang/Class$EnclosingMethodInfo
Event: 0.538 loading class java/lang/Class$EnclosingMethodInfo done
Event: 0.538 loading class java/lang/Class$AnnotationData
Event: 0.538 loading class java/lang/Class$AnnotationData done
Event: 0.538 loading class java/util/Spliterators$ArraySpliterator
Event: 0.538 loading class java/util/Spliterators$ArraySpliterator done
Event: 0.542 loading class java/lang/StackTraceElement$HashedModules
Event: 0.542 loading class java/lang/StackTraceElement$HashedModules done
Event: 0.544 Thread 0x0000000148a37a00 Thread added: 0x0000000148a37a00
Event: 0.544 Protecting memory [0x0000000171f4c000,0x0000000171f58000] with protection modes 0


Dynamic libraries:
0x0000000100fdc000 	/Library/Java/JavaVirtualMachines/temurin-17.jdk/Contents/Home/lib/libjli.dylib
0x00000001a7012000 	/usr/lib/libz.1.dylib
0x00000001a70c9000 	/usr/lib/libSystem.B.dylib
0x00000001a70c3000 	/usr/lib/system/libcache.dylib
0x00000001a7081000 	/usr/lib/system/libcommonCrypto.dylib
0x00000001a70aa000 	/usr/lib/system/libcompiler_rt.dylib
0x00000001a70a1000 	/usr/lib/system/libcopyfile.dylib
0x000000019c2ef000 	/usr/lib/system/libcorecrypto.dylib
0x000000019c3a4000 	/usr/lib/system/libdispatch.dylib
0x000000019c572000 	/usr/lib/system/libdyld.dylib
0x00000001a70b9000 	/usr/lib/system/libkeymgr.dylib
0x00000001a705c000 	/usr/lib/system/libmacho.dylib
0x00000001a674c000 	/usr/lib/system/libquarantine.dylib
0x00000001a70b6000 	/usr/lib/system/libremovefile.dylib
0x00000001a16e8000 	/usr/lib/system/libsystem_asl.dylib
0x000000019c291000 	/usr/lib/system/libsystem_blocks.dylib
0x000000019c42c000 	/usr/lib/system/libsystem_c.dylib
0x00000001a70ae000 	/usr/lib/system/libsystem_collections.dylib
0x00000001a5be1000 	/usr/lib/system/libsystem_configuration.dylib
0x00000001a4e3d000 	/usr/lib/system/libsystem_containermanager.dylib
0x00000001a6db9000 	/usr/lib/system/libsystem_coreservices.dylib
0x000000019eca2000 	/usr/lib/system/libsystem_darwin.dylib
0x00000001a70ba000 	/usr/lib/system/libsystem_dnssd.dylib
0x000000019c429000 	/usr/lib/system/libsystem_featureflags.dylib
0x000000019c587000 	/usr/lib/system/libsystem_info.dylib
0x00000001a7024000 	/usr/lib/system/libsystem_m.dylib
0x000000019c379000 	/usr/lib/system/libsystem_malloc.dylib
0x00000001a1676000 	/usr/lib/system/libsystem_networkextension.dylib
0x000000019f0fb000 	/usr/lib/system/libsystem_notify.dylib
0x00000001ad41c000 	/usr/lib/system/libsystem_product_info_filter.dylib
0x00000001a5be6000 	/usr/lib/system/libsystem_sandbox.dylib
0x00000001a70b3000 	/usr/lib/system/libsystem_secinit.dylib
0x000000019c52d000 	/usr/lib/system/libsystem_kernel.dylib
0x000000019c57f000 	/usr/lib/system/libsystem_platform.dylib
0x000000019c565000 	/usr/lib/system/libsystem_pthread.dylib
0x00000001a2e48000 	/usr/lib/system/libsystem_symptoms.dylib
0x000000019c2d5000 	/usr/lib/system/libsystem_trace.dylib
0x00000001a708e000 	/usr/lib/system/libunwind.dylib
0x000000019c293000 	/usr/lib/system/libxpc.dylib
0x000000019c515000 	/usr/lib/libc++abi.dylib
0x000000019c3eb000 	/usr/lib/libobjc.A.dylib
0x00000001a7099000 	/usr/lib/liboah.dylib
0x000000019c4ae000 	/usr/lib/libc++.1.dylib
0x00000001b2f42000 	/System/Library/Frameworks/Cocoa.framework/Versions/A/Cocoa
0x000000019f15c000 	/System/Library/Frameworks/AppKit.framework/Versions/C/AppKit
0x00000001a266f000 	/System/Library/Frameworks/CoreData.framework/Versions/A/CoreData
0x000000019d4b7000 	/System/Library/Frameworks/Foundation.framework/Versions/C/Foundation
0x00000001a0014000 	/System/Library/PrivateFrameworks/UIFoundation.framework/Versions/A/UIFoundation
0x00000001ad116000 	/System/Library/PrivateFrameworks/RemoteViewServices.framework/Versions/A/RemoteViewServices
0x00000001a5589000 	/System/Library/PrivateFrameworks/XCTTargetBootstrap.framework/Versions/A/XCTTargetBootstrap
0x00000001a8e09000 	/System/Library/PrivateFrameworks/InternationalSupport.framework/Versions/A/InternationalSupport
0x00000001a8e92000 	/System/Library/PrivateFrameworks/UserActivity.framework/Versions/A/UserActivity
0x00000001a8300000 	/usr/lib/libspindump.dylib
0x00000001a0285000 	/System/Library/Frameworks/UniformTypeIdentifiers.framework/Versions/A/UniformTypeIdentifiers
0x00000001a3ad3000 	/usr/lib/libapp_launch_measurement.dylib
0x00000001a2ffa000 	/System/Library/PrivateFrameworks/CoreAnalytics.framework/Versions/A/CoreAnalytics
0x00000001a3ad6000 	/System/Library/PrivateFrameworks/CoreAutoLayout.framework/Versions/A/CoreAutoLayout
0x00000001a4e7a000 	/System/Library/Frameworks/Metal.framework/Versions/A/Metal
0x00000001a5bf1000 	/usr/lib/liblangid.dylib
0x00000001a558e000 	/System/Library/PrivateFrameworks/CoreSVG.framework/Versions/A/CoreSVG
0x00000001a171c000 	/System/Library/PrivateFrameworks/SkyLight.framework/Versions/A/SkyLight
0x00000001a1af5000 	/System/Library/Frameworks/CoreGraphics.framework/Versions/A/CoreGraphics
0x00000001ad7e2000 	/System/Library/Frameworks/Accelerate.framework/Versions/A/Accelerate
0x00000001a7d77000 	/System/Library/PrivateFrameworks/IconServices.framework/Versions/A/IconServices
0x00000001a4e5c000 	/System/Library/Frameworks/IOSurface.framework/Versions/A/IOSurface
0x00000001a302b000 	/usr/lib/libDiagnosticMessagesClient.dylib
0x00000001b0ce3000 	/System/Library/Frameworks/ApplicationServices.framework/Versions/A/ApplicationServices
0x00000001a5571000 	/System/Library/PrivateFrameworks/DFRFoundation.framework/Versions/A/DFRFoundation
0x000000019e9ec000 	/usr/lib/libicucore.A.dylib
0x00000001a9cb6000 	/System/Library/Frameworks/AudioToolbox.framework/Versions/A/AudioToolbox
0x00000001a8e15000 	/System/Library/PrivateFrameworks/DataDetectorsCore.framework/Versions/A/DataDetectorsCore
0x00000001bf80f000 	/System/Library/PrivateFrameworks/TextInput.framework/Versions/A/TextInput
0x00000001a1691000 	/usr/lib/libMobileGestalt.dylib
0x00000001a523d000 	/System/Library/Frameworks/Carbon.framework/Versions/A/Frameworks/HIToolbox.framework/Versions/A/HIToolbox
0x00000001a34ab000 	/System/Library/Frameworks/QuartzCore.framework/Versions/A/QuartzCore
0x000000019e66d000 	/System/Library/Frameworks/Security.framework/Versions/A/Security
0x00000001ad156000 	/System/Library/Frameworks/Carbon.framework/Versions/A/Frameworks/SpeechRecognition.framework/Versions/A/SpeechRecognition
0x00000001a3829000 	/System/Library/PrivateFrameworks/CoreUI.framework/Versions/A/CoreUI
0x000000019df49000 	/System/Library/Frameworks/CoreAudio.framework/Versions/A/CoreAudio
0x00000001a311f000 	/System/Library/Frameworks/DiskArbitration.framework/Versions/A/DiskArbitration
0x00000001a870a000 	/System/Library/PrivateFrameworks/MultitouchSupport.framework/Versions/A/MultitouchSupport
0x00000001a168f000 	/usr/lib/libenergytrace.dylib
0x000000019f024000 	/System/Library/Frameworks/IOKit.framework/Versions/A/IOKit
0x00000001ad545000 	/System/Library/Frameworks/CoreServices.framework/Versions/A/CoreServices
0x00000001a3a63000 	/System/Library/PrivateFrameworks/PerformanceAnalysis.framework/Versions/A/PerformanceAnalysis
0x00000001fdc47000 	/System/Library/Frameworks/OpenGL.framework/Versions/A/OpenGL
0x00000001a6664000 	/System/Library/PrivateFrameworks/MobileKeyBag.framework/Versions/A/MobileKeyBag
0x00000001a2103000 	/System/Library/Frameworks/ColorSync.framework/Versions/A/ColorSync
0x000000019c5b4000 	/System/Library/Frameworks/CoreFoundation.framework/Versions/A/CoreFoundation
0x00000001a580d000 	/System/Library/Frameworks/CoreImage.framework/Versions/A/CoreImage
0x000000019dd6d000 	/System/Library/Frameworks/CoreText.framework/Versions/A/CoreText
0x00000001a55be000 	/System/Library/Frameworks/ImageIO.framework/Versions/A/ImageIO
0x00000001a70cf000 	/System/Library/PrivateFrameworks/SoftLinking.framework/Versions/A/SoftLinking
0x00000001a3b21000 	/usr/lib/libxml2.2.dylib
0x00000001a7368000 	/usr/lib/libcompression.dylib
0x00000001a8d65000 	/System/Library/PrivateFrameworks/TextureIO.framework/Versions/A/TextureIO
0x00000001a7a90000 	/usr/lib/libate.dylib
0x00000001a7955000 	/usr/lib/liblzma.5.dylib
0x000000019d1aa000 	/System/Library/Frameworks/SystemConfiguration.framework/Versions/A/SystemConfiguration
0x00000001a70cb000 	/usr/lib/libfakelink.dylib
0x00000001a11c1000 	/System/Library/Frameworks/CFNetwork.framework/Versions/A/CFNetwork
0x00000001a7211000 	/usr/lib/libarchive.2.dylib
0x00000001a5bed000 	/System/Library/PrivateFrameworks/AppleSystemInfo.framework/Versions/A/AppleSystemInfo
0x00000001a6777000 	/usr/lib/libbsm.0.dylib
0x00000001a072e000 	/usr/lib/libnetwork.dylib
0x00000001a7065000 	/usr/lib/system/libkxld.dylib
0x00000001a6391000 	/System/Library/PrivateFrameworks/IOMobileFramebuffer.framework/Versions/A/IOMobileFramebuffer
0x000000021b910000 	/usr/lib/libCoreEntitlements.dylib
0x00000001a6d9b000 	/System/Library/PrivateFrameworks/AppleFSCompression.framework/Versions/A/AppleFSCompression
0x00000001a675f000 	/usr/lib/libcoretls.dylib
0x00000001a796e000 	/usr/lib/libcoretls_cfhelpers.dylib
0x00000001a7363000 	/usr/lib/libpam.2.dylib
0x00000001a2a5f000 	/usr/lib/libsqlite3.dylib
0x00000001a79d7000 	/usr/lib/libxar.1.dylib
0x00000001a6dac000 	/usr/lib/libbz2.1.0.dylib
0x00000001a70d0000 	/usr/lib/libpcap.A.dylib
0x00000001a2e3f000 	/usr/lib/libdns_services.dylib
0x00000001a7336000 	/usr/lib/libapple_nghttp2.dylib
0x00000001a710d000 	/usr/lib/libiconv.2.dylib
0x00000001a705b000 	/usr/lib/libcharset.1.dylib
0x00000001a3a9f000 	/System/Library/Frameworks/CoreServices.framework/Versions/A/Frameworks/FSEvents.framework/Versions/A/FSEvents
0x000000019ecad000 	/System/Library/Frameworks/CoreServices.framework/Versions/A/Frameworks/CarbonCore.framework/Versions/A/CarbonCore
0x00000001a307f000 	/System/Library/Frameworks/CoreServices.framework/Versions/A/Frameworks/Metadata.framework/Versions/A/Metadata
0x00000001a6dbf000 	/System/Library/Frameworks/CoreServices.framework/Versions/A/Frameworks/OSServices.framework/Versions/A/OSServices
0x00000001a7297000 	/System/Library/Frameworks/CoreServices.framework/Versions/A/Frameworks/SearchKit.framework/Versions/A/SearchKit
0x00000001a2dce000 	/System/Library/Frameworks/CoreServices.framework/Versions/A/Frameworks/AE.framework/Versions/A/AE
0x000000019cafb000 	/System/Library/Frameworks/CoreServices.framework/Versions/A/Frameworks/LaunchServices.framework/Versions/A/LaunchServices
0x00000001a78fe000 	/System/Library/Frameworks/CoreServices.framework/Versions/A/Frameworks/DictionaryServices.framework/Versions/A/DictionaryServices
0x00000001a3aac000 	/System/Library/Frameworks/CoreServices.framework/Versions/A/Frameworks/SharedFileList.framework/Versions/A/SharedFileList
0x00000001a674f000 	/usr/lib/libCheckFix.dylib
0x00000001a1700000 	/System/Library/PrivateFrameworks/TCC.framework/Versions/A/TCC
0x00000001a5bf3000 	/System/Library/PrivateFrameworks/CoreNLP.framework/Versions/A/CoreNLP
0x00000001a302e000 	/System/Library/PrivateFrameworks/MetadataUtilities.framework/Versions/A/MetadataUtilities
0x000000019d264000 	/usr/lib/libmecabra.dylib
0x00000001a6788000 	/usr/lib/libmecab.dylib
0x000000019d230000 	/usr/lib/libCRFSuite.dylib
0x00000001a67e5000 	/usr/lib/libgermantok.dylib
0x00000001a730f000 	/usr/lib/libThaiTokenizer.dylib
0x00000001a3127000 	/System/Library/Frameworks/Accelerate.framework/Versions/A/Frameworks/vImage.framework/Versions/A/vImage
0x00000001ad51c000 	/System/Library/Frameworks/Accelerate.framework/Versions/A/Frameworks/vecLib.framework/Versions/A/vecLib
0x00000001a7a1c000 	/System/Library/Frameworks/Accelerate.framework/Versions/A/Frameworks/vecLib.framework/Versions/A/libvMisc.dylib
0x00000001a6298000 	/System/Library/Frameworks/Accelerate.framework/Versions/A/Frameworks/vecLib.framework/Versions/A/libvDSP.dylib
0x000000019ce85000 	/System/Library/Frameworks/Accelerate.framework/Versions/A/Frameworks/vecLib.framework/Versions/A/libBLAS.dylib
0x00000001a7439000 	/System/Library/Frameworks/Accelerate.framework/Versions/A/Frameworks/vecLib.framework/Versions/A/libLAPACK.dylib
0x00000001a67e8000 	/System/Library/Frameworks/Accelerate.framework/Versions/A/Frameworks/vecLib.framework/Versions/A/libLinearAlgebra.dylib
0x00000001a734e000 	/System/Library/Frameworks/Accelerate.framework/Versions/A/Frameworks/vecLib.framework/Versions/A/libSparseBLAS.dylib
0x00000001a7434000 	/System/Library/Frameworks/Accelerate.framework/Versions/A/Frameworks/vecLib.framework/Versions/A/libQuadrature.dylib
0x00000001a5cec000 	/System/Library/Frameworks/Accelerate.framework/Versions/A/Frameworks/vecLib.framework/Versions/A/libBNNS.dylib
0x000000019d143000 	/System/Library/Frameworks/Accelerate.framework/Versions/A/Frameworks/vecLib.framework/Versions/A/libSparse.dylib
0x00000001a5ce4000 	/System/Library/PrivateFrameworks/LinguisticData.framework/Versions/A/LinguisticData
0x000000019d0fb000 	/System/Library/PrivateFrameworks/Lexicon.framework/Versions/A/Lexicon
0x00000001a7a14000 	/usr/lib/libChineseTokenizer.dylib
0x000000019d8a9000 	/System/Library/PrivateFrameworks/LanguageModeling.framework/Versions/A/LanguageModeling
0x00000001a7311000 	/System/Library/PrivateFrameworks/AppleSauce.framework/Versions/A/AppleSauce
0x00000001a637e000 	/System/Library/PrivateFrameworks/CoreEmoji.framework/Versions/A/CoreEmoji
0x00000001a71ff000 	/usr/lib/libcmph.dylib
0x00000001a3a7f000 	/System/Library/Frameworks/OpenDirectory.framework/Versions/A/Frameworks/CFOpenDirectory.framework/Versions/A/CFOpenDirectory
0x00000001a3a6f000 	/System/Library/Frameworks/OpenDirectory.framework/Versions/A/OpenDirectory
0x00000001a7970000 	/System/Library/PrivateFrameworks/APFS.framework/Versions/A/APFS
0x00000001a669f000 	/System/Library/Frameworks/SecurityFoundation.framework/Versions/A/SecurityFoundation
0x00000001a79e6000 	/usr/lib/libutil.dylib
0x000000019efe6000 	/System/Library/PrivateFrameworks/CoreServicesStore.framework/Versions/A/CoreServicesStore
0x00000001a79ea000 	/usr/lib/libxslt.1.dylib
0x00000001a6733000 	/System/Library/PrivateFrameworks/BackgroundTaskManagement.framework/Versions/A/BackgroundTaskManagement
0x00000001a8c86000 	/System/Library/Frameworks/ImageIO.framework/Versions/A/Resources/libRadiance.dylib
0x00000001a8c8f000 	/System/Library/Frameworks/ImageIO.framework/Versions/A/Resources/libJPEG.dylib
0x00000001a8be2000 	/System/Library/Frameworks/ImageIO.framework/Versions/A/Resources/libPng.dylib
0x00000001a8c04000 	/System/Library/Frameworks/ImageIO.framework/Versions/A/Resources/libTIFF.dylib
0x00000001a8cea000 	/System/Library/Frameworks/ImageIO.framework/Versions/A/Resources/libGIF.dylib
0x00000001a861a000 	/System/Library/Frameworks/ImageIO.framework/Versions/A/Resources/libJP2.dylib
0x00000001a7d3c000 	/usr/lib/libexpat.1.dylib
0x00000001a85d5000 	/System/Library/PrivateFrameworks/AppleJPEG.framework/Versions/A/AppleJPEG
0x00000001a50f9000 	/System/Library/PrivateFrameworks/FontServices.framework/libFontParser.dylib
0x00000001a2d73000 	/System/Library/PrivateFrameworks/RunningBoardServices.framework/Versions/A/RunningBoardServices
0x00000001b3618000 	/System/Library/PrivateFrameworks/IOSurfaceAccelerator.framework/Versions/A/IOSurfaceAccelerator
0x00000001a8706000 	/System/Library/PrivateFrameworks/WatchdogClient.framework/Versions/A/WatchdogClient
0x000000019d9a9000 	/System/Library/Frameworks/CoreDisplay.framework/Versions/A/CoreDisplay
0x00000001a4fe3000 	/System/Library/Frameworks/CoreMedia.framework/Versions/A/CoreMedia
0x00000001a4e70000 	/System/Library/PrivateFrameworks/IOAccelerator.framework/Versions/A/IOAccelerator
0x00000001a3c0f000 	/System/Library/Frameworks/CoreVideo.framework/Versions/A/CoreVideo
0x00000001a7361000 	/System/Library/Frameworks/MetalPerformanceShaders.framework/Versions/A/MetalPerformanceShaders
0x00000001a8745000 	/System/Library/Frameworks/VideoToolbox.framework/Versions/A/VideoToolbox
0x00000001a2cb7000 	/System/Library/PrivateFrameworks/BaseBoard.framework/Versions/A/BaseBoard
0x00000001a2a45000 	/System/Library/PrivateFrameworks/ProtocolBuffer.framework/Versions/A/ProtocolBuffer
0x00000001a8c81000 	/System/Library/PrivateFrameworks/GPUWrangler.framework/Versions/A/GPUWrangler
0x00000001a8c61000 	/System/Library/PrivateFrameworks/IOPresentment.framework/Versions/A/IOPresentment
0x00000001a8c89000 	/System/Library/PrivateFrameworks/DSExternalDisplay.framework/Versions/A/DSExternalDisplay
0x00000001fdc3a000 	/System/Library/Frameworks/OpenGL.framework/Versions/A/Libraries/libCoreFSCache.dylib
0x0000000208400000 	/System/Library/PrivateFrameworks/GPUCompiler.framework/Versions/31001/Libraries/libGPUCompilerUtils.dylib
0x00000001a8cef000 	/System/Library/PrivateFrameworks/CMCaptureCore.framework/Versions/A/CMCaptureCore
0x00000001a82ed000 	/System/Library/PrivateFrameworks/AppServerSupport.framework/Versions/A/AppServerSupport
0x00000001aa573000 	/System/Library/PrivateFrameworks/perfdata.framework/Versions/A/perfdata
0x000000019dac9000 	/System/Library/PrivateFrameworks/AudioToolboxCore.framework/Versions/A/AudioToolboxCore
0x00000001a4fbc000 	/System/Library/PrivateFrameworks/caulk.framework/Versions/A/caulk
0x00000001a9e68000 	/usr/lib/libAudioStatistics.dylib
0x00000001bbe67000 	/System/Library/PrivateFrameworks/SystemPolicy.framework/Versions/A/SystemPolicy
0x00000001aa0d4000 	/usr/lib/libSMC.dylib
0x00000001b2e20000 	/System/Library/Frameworks/CoreMIDI.framework/Versions/A/CoreMIDI
0x00000001a8bb0000 	/usr/lib/libAudioToolboxUtility.dylib
0x00000001b7fd7000 	/System/Library/PrivateFrameworks/OSAServicesClient.framework/Versions/A/OSAServicesClient
0x00000001aa580000 	/usr/lib/libperfcheck.dylib
0x00000001bc983000 	/usr/lib/libmis.dylib
0x00000001fdc9c000 	/System/Library/Frameworks/OpenGL.framework/Versions/A/Libraries/libGLU.dylib
0x00000001fdc5b000 	/System/Library/Frameworks/OpenGL.framework/Versions/A/Libraries/libGFXShared.dylib
0x00000001fde48000 	/System/Library/Frameworks/OpenGL.framework/Versions/A/Libraries/libGL.dylib
0x00000001fdc64000 	/System/Library/Frameworks/OpenGL.framework/Versions/A/Libraries/libGLImage.dylib
0x00000001fdc58000 	/System/Library/Frameworks/OpenGL.framework/Versions/A/Libraries/libCVMSPluginSupport.dylib
0x00000001fdc41000 	/System/Library/Frameworks/OpenGL.framework/Versions/A/Libraries/libCoreVMClient.dylib
0x00000001a5b6d000 	/System/Library/Frameworks/MetalPerformanceShaders.framework/Versions/A/Frameworks/MPSCore.framework/Versions/A/MPSCore
0x00000001a6d0e000 	/System/Library/Frameworks/MetalPerformanceShaders.framework/Versions/A/Frameworks/MPSImage.framework/Versions/A/MPSImage
0x00000001a67fd000 	/System/Library/Frameworks/MetalPerformanceShaders.framework/Versions/A/Frameworks/MPSNeuralNetwork.framework/Versions/A/MPSNeuralNetwork
0x00000001a6c36000 	/System/Library/Frameworks/MetalPerformanceShaders.framework/Versions/A/Frameworks/MPSMatrix.framework/Versions/A/MPSMatrix
0x00000001a6a0f000 	/System/Library/Frameworks/MetalPerformanceShaders.framework/Versions/A/Frameworks/MPSRayIntersector.framework/Versions/A/MPSRayIntersector
0x00000001a6c67000 	/System/Library/Frameworks/MetalPerformanceShaders.framework/Versions/A/Frameworks/MPSNDArray.framework/Versions/A/MPSNDArray
0x0000000200063000 	/System/Library/Frameworks/MetalPerformanceShaders.framework/Versions/A/Frameworks/MPSFunctions.framework/Versions/A/MPSFunctions
0x000000019cd5c000 	/System/Library/PrivateFrameworks/MetalTools.framework/Versions/A/MetalTools
0x00000001a5beb000 	/System/Library/PrivateFrameworks/AggregateDictionary.framework/Versions/A/AggregateDictionary
0x00000001a7b21000 	/usr/lib/libIOReport.dylib
0x00000001b1e3d000 	/System/Library/PrivateFrameworks/ASEProcessing.framework/Versions/A/ASEProcessing
0x00000001a7e96000 	/System/Library/PrivateFrameworks/FaceCore.framework/Versions/A/FaceCore
0x00000001a7e88000 	/System/Library/PrivateFrameworks/GraphVisualizer.framework/Versions/A/GraphVisualizer
0x0000000208317000 	/System/Library/PrivateFrameworks/FontServices.framework/Versions/A/FontServices
0x00000001a82a9000 	/System/Library/PrivateFrameworks/OTSVG.framework/Versions/A/OTSVG
0x00000001a37d9000 	/System/Library/Frameworks/ApplicationServices.framework/Versions/A/Frameworks/ATS.framework/Versions/A/Resources/libFontRegistry.dylib
0x00000001a82f6000 	/System/Library/PrivateFrameworks/FontServices.framework/libhvf.dylib
0x0000000208318000 	/System/Library/PrivateFrameworks/FontServices.framework/libXTFontStaticRegistryData.dylib
0x00000001fdfe9000 	/System/Library/Frameworks/OpenCL.framework/Versions/A/OpenCL
0x00000001a7cf0000 	/System/Library/PrivateFrameworks/AppleVA.framework/Versions/A/AppleVA
0x00000001a9e90000 	/System/Library/Frameworks/ApplicationServices.framework/Versions/A/Frameworks/ATS.framework/Versions/A/ATS
0x00000001a2202000 	/System/Library/Frameworks/ApplicationServices.framework/Versions/A/Frameworks/HIServices.framework/Versions/A/HIServices
0x00000001a8cf9000 	/System/Library/Frameworks/ApplicationServices.framework/Versions/A/Frameworks/PrintCore.framework/Versions/A/PrintCore
0x00000001aa227000 	/System/Library/Frameworks/ApplicationServices.framework/Versions/A/Frameworks/QD.framework/Versions/A/QD
0x00000001aa21f000 	/System/Library/Frameworks/ApplicationServices.framework/Versions/A/Frameworks/ColorSyncLegacy.framework/Versions/A/ColorSyncLegacy
0x00000001a9e7c000 	/System/Library/Frameworks/ApplicationServices.framework/Versions/A/Frameworks/SpeechSynthesis.framework/Versions/A/SpeechSynthesis
0x00000001a8cba000 	/System/Library/Frameworks/ApplicationServices.framework/Versions/A/Frameworks/ATSUI.framework/Versions/A/ATSUI
0x00000001aa1b4000 	/usr/lib/libcups.2.dylib
0x00000001aa58e000 	/System/Library/Frameworks/Kerberos.framework/Versions/A/Kerberos
0x00000001aa59f000 	/System/Library/Frameworks/GSS.framework/Versions/A/GSS
0x00000001a9f00000 	/usr/lib/libresolv.9.dylib
0x00000001a8305000 	/System/Library/PrivateFrameworks/Heimdal.framework/Versions/A/Heimdal
0x00000001b1073000 	/System/Library/Frameworks/Kerberos.framework/Versions/A/Libraries/libHeimdalProxy.dylib
0x00000001a2e51000 	/System/Library/Frameworks/Network.framework/Versions/A/Network
0x00000001a7d57000 	/usr/lib/libheimdal-asn1.dylib
0x00000001aa5ef000 	/System/Library/PrivateFrameworks/CommonAuth.framework/Versions/A/CommonAuth
0x00000001a9df6000 	/System/Library/PrivateFrameworks/AudioSession.framework/Versions/A/AudioSession
0x00000001a7de9000 	/System/Library/PrivateFrameworks/MediaExperience.framework/Versions/A/MediaExperience
0x00000001a9c7c000 	/System/Library/PrivateFrameworks/AudioSession.framework/libSessionUtility.dylib
0x00000001aa233000 	/System/Library/PrivateFrameworks/AudioResourceArbitration.framework/Versions/A/AudioResourceArbitration
0x00000001ae3f9000 	/System/Library/PrivateFrameworks/PowerLog.framework/Versions/A/PowerLog
0x00000001a7d61000 	/System/Library/PrivateFrameworks/IconFoundation.framework/Versions/A/IconFoundation
0x00000001ad142000 	/System/Library/PrivateFrameworks/SpeechRecognitionCore.framework/Versions/A/SpeechRecognitionCore
0x0000000102020000 	/Library/Java/JavaVirtualMachines/temurin-17.jdk/Contents/Home/lib/server/libjvm.dylib
0x0000000101038000 	/Library/Java/JavaVirtualMachines/temurin-17.jdk/Contents/Home/lib/libjimage.dylib
0x0000000101064000 	/Library/Java/JavaVirtualMachines/temurin-17.jdk/Contents/Home/lib/libinstrument.dylib
0x00000001010b0000 	/Library/Java/JavaVirtualMachines/temurin-17.jdk/Contents/Home/lib/libjava.dylib
0x0000000101f64000 	/Library/Java/JavaVirtualMachines/temurin-17.jdk/Contents/Home/lib/libnio.dylib
0x0000000101f84000 	/Library/Java/JavaVirtualMachines/temurin-17.jdk/Contents/Home/lib/libnet.dylib
0x0000000101098000 	/Library/Java/JavaVirtualMachines/temurin-17.jdk/Contents/Home/lib/libzip.dylib
0x0000000101fa8000 	/Users/abheektripathy/.openjfx/cache/17.0.1/libprism_es2.dylib
0x000000019efa9000 	/System/Library/PrivateFrameworks/CoreServicesInternal.framework/Versions/A/CoreServicesInternal
0x00000001fde52000 	/System/Library/Frameworks/OpenGL.framework/Versions/A/Resources/GLEngine.bundle/GLEngine
0x00000001fdcda000 	/System/Library/Frameworks/OpenGL.framework/Versions/A/Libraries/libGLProgrammability.dylib
0x00000001205c0000 	/System/Library/Extensions/AppleMetalOpenGLRenderer.bundle/Contents/MacOS/AppleMetalOpenGLRenderer
0x00000001fdfc1000 	/System/Library/Frameworks/OpenGL.framework/Versions/A/Resources/GLRendererFloat.bundle/GLRendererFloat
0x00000001fe0c1000 	/System/Library/Extensions/AGXMetal13_3.bundle/Contents/MacOS/AGXMetal13_3
0x00000001bc99f000 	/System/Library/PrivateFrameworks/GPURawCounter.framework/Versions/A/GPURawCounter
0x00000001b7140000 	/System/Library/PrivateFrameworks/IOGPU.framework/Versions/A/IOGPU
0x0000000120534000 	/Users/abheektripathy/.openjfx/cache/17.0.1/libglass.dylib
0x00000001ae651000 	/System/Library/Frameworks/FileProvider.framework/Versions/A/FileProvider
0x00000001a2c1f000 	/System/Library/Frameworks/Accounts.framework/Versions/A/Accounts
0x00000001ae7d5000 	/System/Library/PrivateFrameworks/GenerationalStorage.framework/Versions/A/GenerationalStorage
0x00000001af398000 	/System/Library/PrivateFrameworks/CoreSymbolication.framework/Versions/A/CoreSymbolication
0x00000001ae3ed000 	/System/Library/PrivateFrameworks/SymptomDiagnosticReporter.framework/Versions/A/SymptomDiagnosticReporter
0x00000001a0299000 	/System/Library/PrivateFrameworks/DesktopServicesPriv.framework/Versions/A/DesktopServicesPriv
0x000000019f10b000 	/usr/lib/libsandbox.1.dylib
0x00000001a3c9d000 	/System/Library/PrivateFrameworks/UserManagement.framework/Versions/A/UserManagement
0x00000001af355000 	/System/Library/PrivateFrameworks/DebugSymbols.framework/Versions/A/DebugSymbols
0x00000001aa212000 	/System/Library/PrivateFrameworks/NetAuth.framework/Versions/A/NetAuth
0x00000001ab133000 	/System/Library/PrivateFrameworks/Sharing.framework/Versions/A/Sharing
0x00000001a3c6d000 	/System/Library/PrivateFrameworks/login.framework/Versions/A/Frameworks/loginsupport.framework/Versions/A/loginsupport
0x00000001b058a000 	/System/Library/PrivateFrameworks/Apple80211.framework/Versions/A/Apple80211
0x00000001a6df2000 	/System/Library/PrivateFrameworks/AuthKit.framework/Versions/A/AuthKit
0x00000001a647a000 	/System/Library/PrivateFrameworks/CoreUtils.framework/Versions/A/CoreUtils
0x00000001a639d000 	/System/Library/Frameworks/CoreWLAN.framework/Versions/A/CoreWLAN
0x00000001ab2a3000 	/System/Library/Frameworks/IOBluetooth.framework/Versions/A/IOBluetooth
0x00000001b05ea000 	/System/Library/PrivateFrameworks/CoreWiFi.framework/Versions/A/CoreWiFi
0x00000001aef35000 	/System/Library/PrivateFrameworks/FrontBoardServices.framework/Versions/A/FrontBoardServices
0x00000001aefcd000 	/System/Library/PrivateFrameworks/BoardServices.framework/Versions/A/BoardServices
0x00000001a668d000 	/System/Library/PrivateFrameworks/AssertionServices.framework/Versions/A/AssertionServices
0x00000001b0767000 	/System/Library/PrivateFrameworks/BackBoardServices.framework/Versions/A/BackBoardServices
0x00000001aa686000 	/System/Library/PrivateFrameworks/CorePhoneNumbers.framework/Versions/A/CorePhoneNumbers
0x00000001a9f2d000 	/System/Library/PrivateFrameworks/MultiverseSupport.framework/Versions/A/MultiverseSupport
0x00000001b09e8000 	/System/Library/PrivateFrameworks/RemoteServiceDiscovery.framework/Versions/A/RemoteServiceDiscovery
0x00000001ae51d000 	/System/Library/PrivateFrameworks/DiskManagement.framework/Versions/A/DiskManagement
0x00000001ae420000 	/System/Library/PrivateFrameworks/AppleIDAuthSupport.framework/Versions/A/AppleIDAuthSupport
0x000000020289f000 	/System/Library/PrivateFrameworks/AAAFoundation.framework/Versions/A/AAAFoundation
0x00000001aa665000 	/System/Library/PrivateFrameworks/KeychainCircle.framework/Versions/A/KeychainCircle
0x00000001b09f8000 	/System/Library/PrivateFrameworks/RemoteXPC.framework/Versions/A/RemoteXPC
0x00000001ae4e9000 	/System/Library/PrivateFrameworks/MediaKit.framework/Versions/A/MediaKit
0x00000001ae42d000 	/System/Library/Frameworks/DiscRecording.framework/Versions/A/DiscRecording
0x00000001a7c6c000 	/usr/lib/libCoreStorage.dylib
0x00000001b0a64000 	/usr/lib/libcsfde.dylib
0x00000001ab378000 	/System/Library/PrivateFrameworks/ProtectedCloudStorage.framework/Versions/A/ProtectedCloudStorage
0x00000001b0a5c000 	/System/Library/PrivateFrameworks/EFILogin.framework/Versions/A/EFILogin
0x00000001ae7fc000 	/System/Library/PrivateFrameworks/OctagonTrust.framework/Versions/A/OctagonTrust
0x000000020749e000 	/System/Library/PrivateFrameworks/CoreUtilsExtras.framework/Versions/A/CoreUtilsExtras
0x00000001ae352000 	/System/Library/Frameworks/CoreBluetooth.framework/Versions/A/CoreBluetooth
0x00000001b10f8000 	/System/Library/Frameworks/AudioUnit.framework/Versions/A/AudioUnit
0x00000001a7c64000 	/usr/lib/libMatch.1.dylib
0x00000001c0e85000 	/System/Library/Frameworks/Accelerate.framework/Versions/A/Frameworks/vImage.framework/Versions/A/Libraries/libCGInterfaces.dylib
0x0000000122fd8000 	/usr/lib/libobjc-trampolines.dylib
0x00000001a3967000 	/System/Library/PrivateFrameworks/ViewBridge.framework/Versions/A/ViewBridge
0x00000001a83c8000 	/System/Library/PrivateFrameworks/login.framework/Versions/A/login
0x00000001a7b2a000 	/System/Library/PrivateFrameworks/CrashReporterSupport.framework/Versions/A/CrashReporterSupport
0x00000001c8928000 	/System/Library/PrivateFrameworks/OSAnalytics.framework/Versions/A/OSAnalytics
0x00000001d3c74000 	/System/Library/PrivateFrameworks/Symbolication.framework/Versions/A/Symbolication
0x00000001bc960000 	/System/Library/PrivateFrameworks/MallocStackLogging.framework/Versions/A/MallocStackLogging


VM Arguments:
jvm_args: -javaagent:/Applications/IntelliJ IDEA CE.app/Contents/lib/idea_rt.jar=49276:/Applications/IntelliJ IDEA CE.app/Contents/bin -Dfile.encoding=UTF-8 --module-path=/Users/abheektripathy/IdeaProjects/ZeusFx-MP/target/classes:/Users/abheektripathy/.m2/repository/org/openjfx/javafx-graphics/17.0.1/javafx-graphics-17.0.1-mac-aarch64.jar:/Users/abheektripathy/.m2/repository/org/openjfx/javafx-base/17.0.1/javafx-base-17.0.1-mac-aarch64.jar:/Users/abheektripathy/.m2/repository/org/openjfx/javafx-fxml/17.0.1/javafx-fxml-17.0.1-mac-aarch64.jar:/Users/abheektripathy/.m2/repository/org/openjfx/javafx-media/17.0.1/javafx-media-17.0.1-mac-aarch64.jar:/Users/abheektripathy/.m2/repository/org/openjfx/javafx-controls/17.0.1/javafx-controls-17.0.1-mac-aarch64.jar -Djdk.module.main=com.tripathy.zeusfxmp 
java_command: com.tripathy.zeusfxmp/com.tripathy.zeusfxmp.HelloApplication
java_class_path (initial): /Users/abheektripathy/.m2/repository/org/openjfx/javafx-controls/17.0.1/javafx-controls-17.0.1.jar:/Users/abheektripathy/.m2/repository/org/openjfx/javafx-graphics/17.0.1/javafx-graphics-17.0.1.jar:/Users/abheektripathy/.m2/repository/org/openjfx/javafx-base/17.0.1/javafx-base-17.0.1.jar:/Users/abheektripathy/.m2/repository/org/openjfx/javafx-fxml/17.0.1/javafx-fxml-17.0.1.jar:/Users/abheektripathy/.m2/repository/org/openjfx/javafx-media/17.0.1/javafx-media-17.0.1.jar
Launcher Type: SUN_STANDARD

[Global flags]
     intx CICompilerCount                          = 4                                         {product} {ergonomic}
     uint ConcGCThreads                            = 2                                         {product} {ergonomic}
     uint G1ConcRefinementThreads                  = 8                                         {product} {ergonomic}
   size_t G1HeapRegionSize                         = 1048576                                   {product} {ergonomic}
    uintx GCDrainStackTargetSize                   = 64                                        {product} {ergonomic}
   size_t InitialHeapSize                          = 134217728                                 {product} {ergonomic}
   size_t MarkStackSize                            = 4194304                                   {product} {ergonomic}
   size_t MaxHeapSize                              = 2147483648                                {product} {ergonomic}
   size_t MaxNewSize                               = 1287651328                                {product} {ergonomic}
   size_t MinHeapDeltaBytes                        = 1048576                                   {product} {ergonomic}
   size_t MinHeapSize                              = 8388608                                   {product} {ergonomic}
    uintx NonNMethodCodeHeapSize                   = 5839564                                {pd product} {ergonomic}
    uintx NonProfiledCodeHeapSize                  = 122909338                              {pd product} {ergonomic}
    uintx ProfiledCodeHeapSize                     = 122909338                              {pd product} {ergonomic}
    uintx ReservedCodeCacheSize                    = 251658240                              {pd product} {ergonomic}
     bool SegmentedCodeCache                       = true                                      {product} {ergonomic}
   size_t SoftMaxHeapSize                          = 2147483648                             {manageable} {ergonomic}
     bool UseCompressedClassPointers               = true                           {product lp64_product} {ergonomic}
     bool UseCompressedOops                        = true                           {product lp64_product} {ergonomic}
     bool UseG1GC                                  = true                                      {product} {ergonomic}
     bool UseNUMA                                  = false                                     {product} {ergonomic}
     bool UseNUMAInterleaving                      = false                                     {product} {ergonomic}

Logging:
Log output configuration:
 #0: stdout all=warning uptime,level,tags
 #1: stderr all=off uptime,level,tags

Environment Variables:
PATH=/Library/Frameworks/Python.framework/Versions/3.10/bin:/usr/local/bin:/usr/bin:/bin:/usr/sbin:/sbin:/Library/Apple/usr/bin
SHELL=/bin/zsh
LC_CTYPE=en_IN.UTF-8

Signal Handlers:
   SIGSEGV: _ZL13crash_handleriP9__siginfoPv in libjvm.dylib, mask=11100110000111110111111111111111, flags=SA_RESTART|SA_SIGINFO
    SIGBUS: _ZL13crash_handleriP9__siginfoPv in libjvm.dylib, mask=11100110000111110111111111111111, flags=SA_RESTART|SA_SIGINFO
    SIGFPE: _ZL13crash_handleriP9__siginfoPv in libjvm.dylib, mask=11100110000111110111111111111111, flags=SA_RESTART|SA_SIGINFO
   SIGPIPE: _ZL17javaSignalHandleriP9__siginfoPv in libjvm.dylib, mask=11100110000111110111111111111111, flags=SA_RESTART|SA_SIGINFO
   SIGXFSZ: _ZL17javaSignalHandleriP9__siginfoPv in libjvm.dylib, mask=11100110000111110111111111111111, flags=SA_RESTART|SA_SIGINFO
    SIGILL: _ZL13crash_handleriP9__siginfoPv in libjvm.dylib, mask=11100110000111110111111111111111, flags=SA_RESTART|SA_SIGINFO
   SIGUSR2: _ZL10SR_handleriP9__siginfoP17__darwin_ucontext in libjvm.dylib, mask=00100000000000000000000000000000, flags=SA_RESTART|SA_SIGINFO
    SIGHUP: _ZL11UserHandleriPvS_ in libjvm.dylib, mask=11100110000111110111111111111111, flags=SA_RESTART|SA_SIGINFO
    SIGINT: _ZL11UserHandleriPvS_ in libjvm.dylib, mask=11100110000111110111111111111111, flags=SA_RESTART|SA_SIGINFO
   SIGTERM: _ZL11UserHandleriPvS_ in libjvm.dylib, mask=11100110000111110111111111111111, flags=SA_RESTART|SA_SIGINFO
   SIGQUIT: _ZL11UserHandleriPvS_ in libjvm.dylib, mask=11100110000111110111111111111111, flags=SA_RESTART|SA_SIGINFO
   SIGTRAP: _ZL13crash_handleriP9__siginfoPv in libjvm.dylib, mask=11100110000111110111111111111111, flags=SA_RESTART|SA_SIGINFO


---------------  S Y S T E M  ---------------

OS:
uname: Darwin 21.5.0 Darwin Kernel Version 21.5.0: Tue Apr 26 21:08:29 PDT 2022; root:xnu-8020.121.3~4/RELEASE_ARM64_T8101 arm64
OS uptime: 0 days 0:09 hours
rlimit (soft/hard): STACK 8176k/65520k , CORE 0k/infinity , NPROC 1333/2000 , NOFILE 10240/infinity , AS infinity/infinity , CPU infinity/infinity , DATA infinity/infinity , FSIZE infinity/infinity , MEMLOCK infinity/infinity , RSS infinity/infinity
load average: 2.13 5.71 5.47

CPU: total 8 (initial active 8) 0x61:0x0:0x1b588bb3:0, fp, simd, crc, lse

Memory: 16k page, physical 8388608k(288096k free), swap 0k(0k free)

vm_info: OpenJDK 64-Bit Server VM (17.0.2+8) for bsd-aarch64 JRE (17.0.2+8), built on Jan 20 2022 10:58:36 by "jenkins" with clang Apple LLVM 12.0.0 (clang-1200.0.32.29)

END.
