#
# A fatal error has been detected by the Java Runtime Environment:
#
#  SIGBUS (0xa) at pc=0x000000010e8e94f0, pid=6679, tid=28683
#
# JRE version: OpenJDK Runtime Environment Temurin-17.0.2+8 (17.0.2+8) (build 17.0.2+8)
# Java VM: OpenJDK 64-Bit Server VM Temurin-17.0.2+8 (17.0.2+8, mixed mode, tiered, compressed oops, compressed class ptrs, g1 gc, bsd-aarch64)
# Problematic frame:
# v  ~StubRoutines::SafeFetchN
#
# No core dump will be written. Core dumps have been disabled. To enable core dumping, try "ulimit -c unlimited" before starting Java again
#
# If you would like to submit a bug report, please visit:
#   https://github.com/adoptium/adoptium-support/issues
# The crash happened outside the Java Virtual Machine in native code.
# See problematic frame for where to report the bug.
#

---------------  S U M M A R Y ------------

Command Line: -javaagent:/Applications/IntelliJ IDEA CE.app/Contents/lib/idea_rt.jar=51971:/Applications/IntelliJ IDEA CE.app/Contents/bin -Dfile.encoding=UTF-8 --module-path=/Users/abheektripathy/.m2/repository/org/openjfx/javafx-fxml/17.0.1/javafx-fxml-17.0.1-mac-aarch64.jar:/Users/abheektripathy/.m2/repository/org/openjfx/javafx-controls/17.0.1/javafx-controls-17.0.1-mac-aarch64.jar:/Users/abheektripathy/.m2/repository/org/openjfx/javafx-media/17.0.1/javafx-media-17.0.1-mac-aarch64.jar:/Users/abheektripathy/IdeaProjects/ZeusFx-MP/target/classes:/Users/abheektripathy/.m2/repository/org/openjfx/javafx-graphics/17.0.1/javafx-graphics-17.0.1-mac-aarch64.jar:/Users/abheektripathy/.m2/repository/org/openjfx/javafx-base/17.0.1/javafx-base-17.0.1-mac-aarch64.jar -Djdk.module.main=com.tripathy.zeusfxmp com.tripathy.zeusfxmp/com.tripathy.zeusfxmp.HelloApplication

Host: "MacBookPro17,1" arm64 1 MHz, 8 cores, 8G, Darwin 21.5.0, macOS 12.4 (21F79)
Time: Tue Jun 14 14:06:46 2022 IST elapsed time: 3.951787 seconds (0d 0h 0m 3s)

---------------  T H R E A D  ---------------

Current thread (0x000000014f12f800):  JavaThread "InvokeLaterDispatcher" daemon [_thread_in_native, id=28683, stack(0x000000016dd0c000,0x000000016df0f000)]

Stack: [0x000000016dd0c000,0x000000016df0f000],  sp=0x000000016df0e780,  free space=2057k
Native frames: (J=compiled Java code, j=interpreted, Vv=VM code, C=native code)
v  ~StubRoutines::SafeFetchN
V  [libjvm.dylib+0x7ba2dc]  _ZN10OopStorage7releaseEPKP7oopDesc+0x20
V  [libjvm.dylib+0x4c5750]  jni_DeleteGlobalRef+0xd8
C  [libglass.dylib+0xab08]  -[GlassRunnable dealloc]+0x34
C  [Foundation+0x85318]  -[_NSThreadPerformInfo dealloc]+0x30
C  [Foundation+0x518ac]  -[NSObject(NSThreadPerformAdditions) performSelectorOnMainThread:withObject:waitUntilDone:]+0x88
C  0xb00c80010e8f18ac
j  com.sun.glass.ui.mac.MacApplication.submitForLaterInvocation(Ljava/lang/Runnable;)V+2 javafx.graphics
j  com.sun.glass.ui.InvokeLaterDispatcher.run()V+82 javafx.graphics
v  ~StubRoutines::call_stub
V  [libjvm.dylib+0x46a8f0]  _ZN9JavaCalls11call_helperEP9JavaValueRK12methodHandleP17JavaCallArgumentsP10JavaThread+0x38c
V  [libjvm.dylib+0x46990c]  _ZN9JavaCalls12call_virtualEP9JavaValueP5KlassP6SymbolS5_P17JavaCallArgumentsP10JavaThread+0x11c
V  [libjvm.dylib+0x4699d8]  _ZN9JavaCalls12call_virtualEP9JavaValue6HandleP5KlassP6SymbolS6_P10JavaThread+0x64
V  [libjvm.dylib+0x521e64]  _ZL12thread_entryP10JavaThreadS0_+0xc4
V  [libjvm.dylib+0x99aac0]  _ZN10JavaThread17thread_main_innerEv+0x13c
V  [libjvm.dylib+0x99919c]  _ZN6Thread8call_runEv+0x128
V  [libjvm.dylib+0x7c1124]  _ZL19thread_native_entryP6Thread+0x158
C  [libsystem_pthread.dylib+0x726c]  _pthread_start+0x94

Java frames: (J=compiled Java code, j=interpreted, Vv=VM code)
j  com.sun.glass.ui.mac.MacApplication._submitForLaterInvocation(Ljava/lang/Runnable;)V+0 javafx.graphics
j  com.sun.glass.ui.mac.MacApplication.submitForLaterInvocation(Ljava/lang/Runnable;)V+2 javafx.graphics
j  com.sun.glass.ui.InvokeLaterDispatcher.run()V+82 javafx.graphics
v  ~StubRoutines::call_stub

siginfo: si_signo: 10 (SIGBUS), si_code: 1 (BUS_ADRALN), si_addr: 0x000000010e8e94f0

Register to memory mapping:

 x0=0x000000014e606f88 is a global jni handle
 x1=0x0 is NULL
 x2=0x0000000787f89aa8 is an oop: com.sun.glass.ui.InvokeLaterDispatcher$Future 
{0x0000000787f89aa8} - klass: 'com/sun/glass/ui/InvokeLaterDispatcher$Future'
 - ---- fields (total size 3 words):
 - private 'done' 'Z' @12  true
 - private final 'runnable' 'Ljava/lang/Runnable;' @16  a 'com/sun/javafx/application/PlatformImpl$$Lambda$92+0x00000008001150e8'{0x00000007864adf28} (f0c95be5)
 - final synthetic 'this$0' 'Lcom/sun/glass/ui/InvokeLaterDispatcher;' @20  a 'com/sun/glass/ui/InvokeLaterDispatcher'{0x000000078003f6c0} (f0007ed8)
 x3=0x0 is NULL
 x4=0x00000000000130a8 is an unknown value
 x5=0x0 is NULL
 x6=0x0 is NULL
 x7=0x0 is NULL
 x8=0x000000010e8e94ec is at begin+0 in a stub
StubRoutines::SafeFetchN [0x000000010e8e94ec, 0x000000010e8e94f8] (12 bytes)
 x9=0x0 is NULL
x10=0x2010000030300000 is an unknown value
x11=0x0000000000000007 is an unknown value
x12=0x0 is NULL
x13=0x00006000031cfcf0 points into unknown readable memory: 0x0000600001f4e080 | 80 e0 f4 01 00 60 00 00
x14=0x0000090000000000 is an unknown value
x15=0x0000000124509f98: OBJC_CLASS_$_GlassRunnable+0 in /Users/abheektripathy/.openjfx/cache/17.0.1/libglass.dylib at 0x00000001244c4000
x16=0x00000001b37f30fc: pthread_getspecific+0 in /usr/lib/system/libsystem_pthread.dylib at 0x00000001b37f1000
x17=0x0000600003bd45a0 points into unknown readable memory: 0xfffffffffffffffe | fe ff ff ff ff ff ff ff
x18=0x0 is NULL
x19=0x00006000034e4150 points into unknown readable memory: 0x0000600001dce520 | 20 e5 dc 01 00 60 00 00
x20=0x000000014e606d80 points into unknown readable memory: 0xb6b6e8686400f50a | 0a f5 00 64 68 e8 b6 b6
x21=0x000000014e606f88 is a global jni handle
x22=0x000000014f12f800 is a thread
x23=0x0000000000000001 is an unknown value
x24=0x000000014e606f40 is a global jni handle
x25=0x0000000106adba08: _ZN12StubRoutines17_safefetchN_entryE+0 in /Library/Java/JavaVirtualMachines/temurin-17.jdk/Contents/Home/lib/server/libjvm.dylib at 0x0000000105e80000
x26=0x0000000127854ab0 is pointing into metadata
x27=0x0 is NULL
x28=0x000000014f12f800 is a thread


Registers:
 x0=0x000000014e606f88  x1=0x0000000000000000  x2=0x0000000787f89aa8  x3=0x0000000000000000
 x4=0x00000000000130a8  x5=0x0000000000000000  x6=0x0000000000000000  x7=0x0000000000000000
 x8=0x000000010e8e94ec  x9=0x0000000000000000 x10=0x2010000030300000 x11=0x0000000000000007
x12=0x0000000000000000 x13=0x00006000031cfcf0 x14=0x0000090000000000 x15=0x0000000124509f98
x16=0x00000001b37f30fc x17=0x0000600003bd45a0 x18=0x0000000000000000 x19=0x00006000034e4150
x20=0x000000014e606d80 x21=0x000000014e606f88 x22=0x000000014f12f800 x23=0x0000000000000001
x24=0x000000014e606f40 x25=0x0000000106adba08 x26=0x0000000127854ab0 x27=0x0000000000000000
x28=0x000000014f12f800  fp=0x000000016df0e7c0  lr=0x00000001066390ac  sp=0x000000016df0e780
pc=0x000000010e8e94f0 cpsr=0x0000000060001000
Top of Stack: (sp=0x000000016df0e780)
0x000000016df0e780:   0000000127854ab0 0000000000000001
0x000000016df0e790:   000000016df0e988 0000000000000000
0x000000016df0e7a0:   000000014f12d2a8 000000014e606f70
0x000000016df0e7b0:   000000014e606f70 00006000034e4150
0x000000016df0e7c0:   000000016df0e800 000000010663a2dc
0x000000016df0e7d0:   0000000000000001 000000014e606f70
0x000000016df0e7e0:   000000014f12d2a8 000000014e606f70
0x000000016df0e7f0:   0000000000000001 000000014f12d000
0x000000016df0e800:   000000016df0e840 0000000106345750
0x000000016df0e810:   000000016df0e988 0000600001d73290
0x000000016df0e820:   0000600001d732a0 00000001fdab130c
0x000000016df0e830:   0000000000000000 0000600001d732a0
0x000000016df0e840:   000000016df0e870 00000001244ceb08
0x000000016df0e850:   5e10d128e73d008f 0000000000000000
0x000000016df0e860:   0000000000000000 0000600000a91940
0x000000016df0e870:   000000016df0e8b0 00000001b47c8318
0x000000016df0e880:   000000016df0e988 0000600001d73290
0x000000016df0e890:   0000600001d732a0 5e10d128e73d008f
0x000000016df0e8a0:   0000000000000000 0000000000000000
0x000000016df0e8b0:   000000016df0e8f0 e0618001b47948ac
0x000000016df0e8c0:   000000016df0e988 000000010e8f07c0
0x000000016df0e8d0:   0000000000000000 0000000106ae33c8
0x000000016df0e8e0:   000000016df0e900 000000010e8ef730
0x000000016df0e8f0:   000000016df0e960 b00c80010e8f18ac
0x000000016df0e900:   000000016df0e900 0000000123da1535
0x000000016df0e910:   000000016df0e910 0000000000000000
0x000000016df0e920:   000000016df0e988 0000000127854ab0
0x000000016df0e930:   0000000780048f00 0000000000000000
0x000000016df0e940:   0000000000000000 000000012782c8f0
0x000000016df0e950:   0000000000000000 000000016df0e960
0x000000016df0e960:   000000016df0e9e0 000000010e8edfc8
0x000000016df0e970:   0000000000000000 0000000000000000 

Instructions: (pc=0x000000010e8e94f0)
0x000000010e8e93f0:   f2a0d549 f2c00029 6d425935 1e640886
0x000000010e8e9400:   0c402d31 1e6408c7 1f5654d0 1e6c1017
0x000000010e8e9410:   1f5050d0 1f504cd0 1f5048d0 1e650af6
0x000000010e8e9420:   1f50d8f6 1f5694d6 1f5158f6 1e762880
0x000000010e8e9430:   36000501 1e614000 14000026 2e251ca5
0x000000010e8e9440:   d2903009 f2a0d549 f2c00029 6d425d36
0x000000010e8e9450:   1e600806 0c402d32 1f5758c7 1e6c101a
0x000000010e8e9460:   1f4754c7 1e650805 1f4750c7 d2866668
0x000000010e8e9470:   f2a7fa68 1f474cc7 1e6608c0 1f4748c7
0x000000010e8e9480:   1e6e1019 eb08007f 540000ac 1f479400
0x000000010e8e9490:   1f460340 1e603b20 1400000e d2a7fd29
0x000000010e8e94a0:   eb09007f 540000ac 51480069 d3607d29
0x000000010e8e94b0:   9e670121 14000002 1e6a5001 1f679417
0x000000010e8e94c0:   1f668742 1e613b23 1e773857 1e773860
0x000000010e8e94d0:   a8c17ff3 910003bf a8c17bfd d65f03c0
0x000000010e8e94e0:   b9400001 aa0103e0 d65f03c0 f9400001
0x000000010e8e94f0:   aa0103e0 d65f03c0 00000000 00000000
0x000000010e8e9500:   00000000 00000000 00000000 00000000
0x000000010e8e9510:   00000000 00000000 00000000 00000000
0x000000010e8e9520:   00000000 00000000 00000000 00000000
0x000000010e8e9530:   00000000 00000000 00000000 00000000
0x000000010e8e9540:   00000000 00000000 00000000 00000000
0x000000010e8e9550:   00000000 00000000 00000000 00000000
0x000000010e8e9560:   00000000 00000000 00000000 00000000
0x000000010e8e9570:   00000000 00000000 00000000 00000000
0x000000010e8e9580:   00000000 00000000 00000000 00000000
0x000000010e8e9590:   00000000 00000000 00000000 00000000
0x000000010e8e95a0:   00000000 00000000 00000000 00000000
0x000000010e8e95b0:   00000000 00000000 00000000 00000000
0x000000010e8e95c0:   00000000 00000000 00000000 00000000
0x000000010e8e95d0:   00000000 00000000 00000000 00000000
0x000000010e8e95e0:   00000000 00000000 00000000 00000000 


Stack slot to memory mapping:
stack at sp + 0 slots: 0x0000000127854ab0 is pointing into metadata
stack at sp + 1 slots: 0x0000000000000001 is an unknown value
stack at sp + 2 slots: 0x000000016df0e988 is pointing into the stack for thread: 0x000000014f12f800
stack at sp + 3 slots: 0x0 is NULL
stack at sp + 4 slots: 0x000000014f12d2a8 points into unknown readable memory: 0x0000000106a96888 | 88 68 a9 06 01 00 00 00
stack at sp + 5 slots: 0x000000014e606f70 is a global jni handle
stack at sp + 6 slots: 0x000000014e606f70 is a global jni handle
stack at sp + 7 slots: 0x00006000034e4150 points into unknown readable memory: 0x0000600001dce520 | 20 e5 dc 01 00 60 00 00

StubRoutines::SafeFetchN [0x000000010e8e94ec, 0x000000010e8e94f8] (12 bytes)
[MachCode]
  0x000000010e8e94ec: 0100 40f9 | e003 01aa | c003 5fd6 
[/MachCode]

---------------  P R O C E S S  ---------------

Threads class SMR info:
_java_thread_list=0x0000600001fead60, length=23, elements={
0x0000000158008a00, 0x0000000124809800, 0x000000012480c000, 0x000000014e819e00,
0x000000014e81d200, 0x000000014e81d800, 0x000000014e81de00, 0x000000014e81e400,
0x000000014e81ea00, 0x000000014e81f000, 0x000000014e8cce00, 0x000000014e81c000,
0x000000012e891e00, 0x000000014f12f800, 0x000000014f12d000, 0x00000001582b8400,
0x0000000158066600, 0x00000001248c8e00, 0x00000001248f5800, 0x0000000124a4d800,
0x000000014e9a5600, 0x0000000124a8ec00, 0x0000000158398800
}

Java Threads: ( => current thread )
  0x0000000158008a00 JavaThread "main" [_thread_blocked, id=9987, stack(0x000000016b304000,0x000000016b507000)]
  0x0000000124809800 JavaThread "Reference Handler" daemon [_thread_blocked, id=15363, stack(0x000000016c158000,0x000000016c35b000)]
  0x000000012480c000 JavaThread "Finalizer" daemon [_thread_blocked, id=15875, stack(0x000000016c364000,0x000000016c567000)]
  0x000000014e819e00 JavaThread "Signal Dispatcher" daemon [_thread_blocked, id=41987, stack(0x000000016c688000,0x000000016c88b000)]
  0x000000014e81d200 JavaThread "Service Thread" daemon [_thread_blocked, id=22531, stack(0x000000016c894000,0x000000016ca97000)]
  0x000000014e81d800 JavaThread "Monitor Deflation Thread" daemon [_thread_blocked, id=41219, stack(0x000000016caa0000,0x000000016cca3000)]
  0x000000014e81de00 JavaThread "C2 CompilerThread0" daemon [_thread_blocked, id=40963, stack(0x000000016ccac000,0x000000016ceaf000)]
  0x000000014e81e400 JavaThread "C1 CompilerThread0" daemon [_thread_blocked, id=40451, stack(0x000000016ceb8000,0x000000016d0bb000)]
  0x000000014e81ea00 JavaThread "Sweeper thread" daemon [_thread_blocked, id=23043, stack(0x000000016d0c4000,0x000000016d2c7000)]
  0x000000014e81f000 JavaThread "Common-Cleaner" daemon [_thread_blocked, id=23299, stack(0x000000016d2d0000,0x000000016d4d3000)]
  0x000000014e8cce00 JavaThread "Monitor Ctrl-Break" daemon [_thread_in_native, id=23555, stack(0x000000016d4dc000,0x000000016d6df000)]
  0x000000014e81c000 JavaThread "Notification Thread" daemon [_thread_blocked, id=23811, stack(0x000000016d6e8000,0x000000016d8eb000)]
  0x000000012e891e00 JavaThread "QuantumRenderer-0" daemon [_thread_blocked, id=38403, stack(0x000000016db00000,0x000000016dd03000)]
=>0x000000014f12f800 JavaThread "InvokeLaterDispatcher" daemon [_thread_in_native, id=28683, stack(0x000000016dd0c000,0x000000016df0f000)]
  0x000000014f12d000 JavaThread "JavaFX Application Thread" [_thread_in_vm, id=259, stack(0x000000016aa7c000,0x000000016b278000)]
  0x00000001582b8400 JavaThread "JavaFX-Launcher" [_thread_blocked, id=75271, stack(0x000000016e0bc000,0x000000016e2bf000)]
  0x0000000158066600 JavaThread "Attach Listener" daemon [_thread_blocked, id=78859, stack(0x000000016ef9c000,0x000000016f19f000)]
  0x00000001248c8e00 JavaThread "JFXMedia Player EventQueueThread" daemon [_thread_blocked, id=57863, stack(0x000000016f1a8000,0x000000016f3ab000)]
  0x00000001248f5800 JavaThread "Prism Font Disposer" daemon [_thread_blocked, id=89863, stack(0x000000016f670000,0x000000016f873000)]
  0x0000000124a4d800 JavaThread "Media Resource Disposer" daemon [_thread_blocked, id=94983, stack(0x0000000298004000,0x0000000298207000)]
  0x000000014e9a5600 JavaThread "Cleaner-0" daemon [_thread_blocked, id=96279, stack(0x0000000298210000,0x0000000298413000)]
  0x0000000124a8ec00 JavaThread "Timer-0" [_thread_blocked, id=1359, stack(0x000000029841c000,0x000000029861f000)]
  0x0000000158398800 JavaThread "Timer-1" daemon [_thread_blocked, id=163075, stack(0x0000000298628000,0x000000029882b000)]

Other Threads:
  0x0000000105d04c90 VMThread "VM Thread" [stack: 0x000000016bf4c000,0x000000016c14f000] [id=15107]
  0x000000014e61b880 WatcherThread [stack: 0x000000016d8f4000,0x000000016daf7000] [id=38915]
  0x000000014f906640 GCTaskThread "GC Thread#0" [stack: 0x000000016b510000,0x000000016b713000] [id=20227]
  0x0000000123908290 GCTaskThread "GC Thread#1" [stack: 0x000000016e354000,0x000000016e557000] [id=56067]
  0x0000000105d1f250 GCTaskThread "GC Thread#2" [stack: 0x000000016e560000,0x000000016e763000] [id=56323]
  0x0000000105d1f800 GCTaskThread "GC Thread#3" [stack: 0x000000016e76c000,0x000000016e96f000] [id=71427]
  0x0000000105d20070 GCTaskThread "GC Thread#4" [stack: 0x000000016e978000,0x000000016eb7b000] [id=70915]
  0x000000013e60b430 GCTaskThread "GC Thread#5" [stack: 0x000000016eb84000,0x000000016ed87000] [id=57091]
  0x000000014f923920 GCTaskThread "GC Thread#6" [stack: 0x000000016ed90000,0x000000016ef93000] [id=57347]
  0x000000014e64e7a0 GCTaskThread "GC Thread#7" [stack: 0x000000016f87c000,0x000000016fa7f000] [id=171523]
  0x000000013e6042b0 ConcurrentGCThread "G1 Main Marker" [stack: 0x000000016b71c000,0x000000016b91f000] [id=13059]
  0x000000013e604b30 ConcurrentGCThread "G1 Conc#0" [stack: 0x000000016b928000,0x000000016bb2b000] [id=13571]
  0x000000014f8447d0 ConcurrentGCThread "G1 Conc#1" [stack: 0x000000016fa88000,0x000000016fc8b000] [id=90115]
  0x000000014e705c30 ConcurrentGCThread "G1 Refine#0" [stack: 0x000000016bb34000,0x000000016bd37000] [id=13827]
  0x000000013e6053a0 ConcurrentGCThread "G1 Service" [stack: 0x000000016bd40000,0x000000016bf43000] [id=14339]

Threads with active compile tasks:

VM state: not at safepoint (normal execution)

VM Mutex/Monitor currently owned by a thread: None

Heap address: 0x0000000780000000, size: 2048 MB, Compressed Oops mode: Zero based, Oop shift amount: 3

CDS archive(s) not mapped
Compressed class space mapped at: 0x0000000800000000-0x0000000840000000, reserved size: 1073741824
Narrow klass base: 0x0000000800000000, Narrow klass shift: 0, Narrow klass range: 0x40000000

GC Precious Log:
 CPUs: 8 total, 8 available
 Memory: 8192M
 Large Page Support: Disabled
 NUMA Support: Disabled
 Compressed Oops: Enabled (Zero based)
 Heap Region Size: 1M
 Heap Min Capacity: 8M
 Heap Initial Capacity: 128M
 Heap Max Capacity: 2G
 Pre-touch: Disabled
 Parallel Workers: 8
 Concurrent Workers: 2
 Concurrent Refinement Workers: 8
 Periodic GC: Disabled

Heap:
 garbage-first heap   total 34816K, used 13202K [0x0000000780000000, 0x0000000800000000)
  region size 1024K, 3 young (3072K), 1 survivors (1024K)
 Metaspace       used 25531K, committed 25792K, reserved 1073152K
  class space    used 3320K, committed 3456K, reserved 1048576K

Heap Regions: E=young(eden), S=young(survivor), O=old, HS=humongous(starts), HC=humongous(continues), CS=collection set, F=free, OA=open archive, CA=closed archive, TAMS=top-at-mark-start (previous, next)
|   0|0x0000000780000000, 0x0000000780100000, 0x0000000780100000|100%| O|  |TAMS 0x000000078003d600, 0x0000000780000000| Untracked 
|   1|0x0000000780100000, 0x0000000780200000, 0x0000000780200000|100%| O|  |TAMS 0x0000000780100000, 0x0000000780100000| Untracked 
|   2|0x0000000780200000, 0x0000000780300000, 0x0000000780300000|100%| O|  |TAMS 0x0000000780200000, 0x0000000780200000| Untracked 
|   3|0x0000000780300000, 0x0000000780300000, 0x0000000780400000|  0%| F|  |TAMS 0x0000000780300000, 0x0000000780300000| Untracked 
|   4|0x0000000780400000, 0x0000000780500000, 0x0000000780500000|100%|HS|  |TAMS 0x0000000780400000, 0x0000000780400000| Complete 
|   5|0x0000000780500000, 0x0000000780600000, 0x0000000780600000|100%|HC|  |TAMS 0x0000000780500000, 0x0000000780500000| Complete 
|   6|0x0000000780600000, 0x0000000780700000, 0x0000000780700000|100%| O|  |TAMS 0x0000000780600000, 0x0000000780600000| Untracked 
|   7|0x0000000780700000, 0x0000000780800000, 0x0000000780800000|100%| O|  |TAMS 0x0000000780700000, 0x0000000780700000| Untracked 
|   8|0x0000000780800000, 0x0000000780900000, 0x0000000780900000|100%| O|  |TAMS 0x0000000780800000, 0x0000000780800000| Untracked 
|   9|0x0000000780900000, 0x0000000780a00000, 0x0000000780a00000|100%| O|  |TAMS 0x0000000780900000, 0x0000000780900000| Untracked 
|  10|0x0000000780a00000, 0x0000000780b00000, 0x0000000780b00000|100%| O|  |TAMS 0x0000000780a00000, 0x0000000780a00000| Untracked 
|  11|0x0000000780b00000, 0x0000000780c00000, 0x0000000780c00000|100%| O|  |TAMS 0x0000000780b00000, 0x0000000780b00000| Untracked 
|  12|0x0000000780c00000, 0x0000000780c00000, 0x0000000780d00000|  0%| F|  |TAMS 0x0000000780c00000, 0x0000000780c00000| Untracked 
|  13|0x0000000780d00000, 0x0000000780d00000, 0x0000000780e00000|  0%| F|  |TAMS 0x0000000780d00000, 0x0000000780d00000| Untracked 
|  14|0x0000000780e00000, 0x0000000780e8dc00, 0x0000000780f00000| 55%| O|  |TAMS 0x0000000780e00000, 0x0000000780e00000| Untracked 
|  15|0x0000000780f00000, 0x0000000780f00000, 0x0000000781000000|  0%| F|  |TAMS 0x0000000780f00000, 0x0000000780f00000| Untracked 
|  16|0x0000000781000000, 0x0000000781000000, 0x0000000781100000|  0%| F|  |TAMS 0x0000000781000000, 0x0000000781000000| Untracked 
|  17|0x0000000781100000, 0x0000000781100000, 0x0000000781200000|  0%| F|  |TAMS 0x0000000781100000, 0x0000000781100000| Untracked 
|  18|0x0000000781200000, 0x0000000781200000, 0x0000000781300000|  0%| F|  |TAMS 0x0000000781200000, 0x0000000781200000| Untracked 
|  19|0x0000000781300000, 0x0000000781300000, 0x0000000781400000|  0%| F|  |TAMS 0x0000000781300000, 0x0000000781300000| Untracked 
|  20|0x0000000781400000, 0x0000000781400000, 0x0000000781500000|  0%| F|  |TAMS 0x0000000781400000, 0x0000000781400000| Untracked 
|  21|0x0000000781500000, 0x0000000781500000, 0x0000000781600000|  0%| F|  |TAMS 0x0000000781500000, 0x0000000781500000| Untracked 
|  22|0x0000000781600000, 0x0000000781600000, 0x0000000781700000|  0%| F|  |TAMS 0x0000000781600000, 0x0000000781600000| Untracked 
|  23|0x0000000781700000, 0x0000000781700000, 0x0000000781800000|  0%| F|  |TAMS 0x0000000781700000, 0x0000000781700000| Untracked 
|  24|0x0000000781800000, 0x0000000781800000, 0x0000000781900000|  0%| F|  |TAMS 0x0000000781800000, 0x0000000781800000| Untracked 
|  25|0x0000000781900000, 0x0000000781900000, 0x0000000781a00000|  0%| F|  |TAMS 0x0000000781900000, 0x0000000781900000| Untracked 
|  26|0x0000000781a00000, 0x0000000781a00000, 0x0000000781b00000|  0%| F|  |TAMS 0x0000000781a00000, 0x0000000781a00000| Untracked 
|  27|0x0000000781b00000, 0x0000000781b00000, 0x0000000781c00000|  0%| F|  |TAMS 0x0000000781b00000, 0x0000000781b00000| Untracked 
|  97|0x0000000786100000, 0x0000000786100000, 0x0000000786200000|  0%| F|  |TAMS 0x0000000786100000, 0x0000000786100000| Untracked 
|  98|0x0000000786200000, 0x0000000786200000, 0x0000000786300000|  0%| F|  |TAMS 0x0000000786200000, 0x0000000786200000| Untracked 
|  99|0x0000000786300000, 0x0000000786300000, 0x0000000786400000|  0%| F|  |TAMS 0x0000000786300000, 0x0000000786300000| Untracked 
| 100|0x0000000786400000, 0x0000000786500000, 0x0000000786500000|100%| E|  |TAMS 0x0000000786400000, 0x0000000786400000| Complete 
| 101|0x0000000786500000, 0x0000000786556fd0, 0x0000000786600000| 33%| S|CS|TAMS 0x0000000786500000, 0x0000000786500000| Complete 
| 127|0x0000000787f00000, 0x0000000788000000, 0x0000000788000000|100%| E|CS|TAMS 0x0000000787f00000, 0x0000000787f00000| Complete 

Card table byte_map: [0x0000000105498000,0x0000000105898000] _byte_map_base: 0x0000000101898000

Marking Bits (Prev, Next): (CMBitMap*) 0x000000013e808250, (CMBitMap*) 0x000000013e808210
 Prev Bits: [0x000000011f8e8000, 0x00000001218e8000)
 Next Bits: [0x000000011d8e8000, 0x000000011f8e8000)

Polling page: 0x0000000104d0c000

Metaspace:

Usage:
  Non-class:     21.69 MB used.
      Class:      3.24 MB used.
       Both:     24.93 MB used.

Virtual space:
  Non-class space:       24.00 MB reserved,      21.81 MB ( 91%) committed,  3 nodes.
      Class space:        1.00 GB reserved,       3.38 MB ( <1%) committed,  1 nodes.
             Both:        1.02 GB reserved,      25.19 MB (  2%) committed. 

Chunk freelists:
   Non-Class:  1.69 MB
       Class:  612.00 KB
        Both:  2.29 MB

MaxMetaspaceSize: unlimited
CompressedClassSpaceSize: 1.00 GB
Initial GC threshold: 21.00 MB
Current GC threshold: 35.25 MB
CDS: off
MetaspaceReclaimPolicy: balanced
 - commit_granule_bytes: 65536.
 - commit_granule_words: 8192.
 - virtual_space_node_default_size: 1048576.
 - enlarge_chunks_in_place: 1.
 - new_chunks_are_fully_committed: 0.
 - uncommit_free_chunks: 1.
 - use_allocation_guard: 0.
 - handle_deallocations: 1.


Internal statistics:

num_allocs_failed_limit: 3.
num_arena_births: 222.
num_arena_deaths: 0.
num_vsnodes_births: 4.
num_vsnodes_deaths: 0.
num_space_committed: 403.
num_space_uncommitted: 0.
num_chunks_returned_to_freelist: 3.
num_chunks_taken_from_freelist: 784.
num_chunk_merges: 0.
num_chunk_splits: 525.
num_chunks_enlarged: 404.
num_purges: 0.
num_inconsistent_stats: 0.

CodeHeap 'non-profiled nmethods': size=120032Kb used=837Kb max_used=837Kb free=119194Kb
 bounds [0x00000001163b0000, 0x0000000116620000, 0x000000011d8e8000]
CodeHeap 'profiled nmethods': size=120016Kb used=4412Kb max_used=4412Kb free=115603Kb
 bounds [0x000000010ee7c000, 0x000000010f2cc000, 0x00000001163b0000]
CodeHeap 'non-nmethods': size=5712Kb used=1405Kb max_used=1449Kb free=4306Kb
 bounds [0x000000010e8e8000, 0x000000010eb58000, 0x000000010ee7c000]
 total_blobs=2983 nmethods=2182 adapters=717
 compilation: enabled
              stopped_count=0, restarted_count=0
 full_count=0

Compilation events (20 events):
Event: 3.269 Thread 0x000000014e81e400 2259       3       jdk.internal.util.ArraysSupport::vectorizedMismatch (268 bytes)
Event: 3.269 Thread 0x000000014e81e400 nmethod 2259 0x000000010f2c8390 code [0x000000010f2c8580, 0x000000010f2c8a08]
Event: 3.269 Thread 0x000000014e81e400 2260       3       com.sun.prism.impl.BaseGraphics::validateTransformAndPaint (71 bytes)
Event: 3.270 Thread 0x000000014e81e400 nmethod 2260 0x000000010f2c8b90 code [0x000000010f2c8d80, 0x000000010f2c9398]
Event: 3.270 Thread 0x000000014e81e400 2262       3       com.sun.javafx.geom.Path2D$TxIterator::currentSegment (45 bytes)
Event: 3.270 Thread 0x000000014e81e400 nmethod 2262 0x000000010f2c9510 code [0x000000010f2c96c0, 0x000000010f2c99d8]
Event: 3.270 Thread 0x000000014e81e400 2263       3       com.sun.javafx.geom.Path2D$Iterator::next (35 bytes)
Event: 3.270 Thread 0x000000014e81e400 nmethod 2263 0x000000010f2c9b90 code [0x000000010f2c9d40, 0x000000010f2c9f28]
Event: 3.270 Thread 0x000000014e81e400 2261       1       com.sun.prism.paint.Gradient::getNumStops (5 bytes)
Event: 3.270 Thread 0x000000014e81e400 nmethod 2261 0x0000000116480990 code [0x0000000116480b00, 0x0000000116480be8]
Event: 3.270 Thread 0x000000014e81e400 2264       1       com.sun.prism.es2.ES2Shader::isValid (5 bytes)
Event: 3.270 Thread 0x000000014e81e400 nmethod 2264 0x0000000116480c90 code [0x0000000116480e00, 0x0000000116480ee8]
Event: 3.348 Thread 0x000000014e81e400 2265       3       java.security.AccessController::checkContext (49 bytes)
Event: 3.349 Thread 0x000000014e81e400 nmethod 2265 0x000000010f2ca090 code [0x000000010f2ca2c0, 0x000000010f2ca848]
Event: 3.452 Thread 0x000000014e81e400 2266       3       java.util.concurrent.locks.ReentrantLock$Sync::tryRelease (51 bytes)
Event: 3.453 Thread 0x000000014e81e400 nmethod 2266 0x000000010f2caa90 code [0x000000010f2cac80, 0x000000010f2cb058]
Event: 3.453 Thread 0x000000014e81e400 2267       1       com.sun.glass.ui.InvokeLaterDispatcher$Future::isDone (5 bytes)
Event: 3.453 Thread 0x000000014e81e400 nmethod 2267 0x0000000116480f90 code [0x0000000116481100, 0x00000001164811e8]
Event: 3.552 Thread 0x000000014e81e400 2268       1       java.lang.Thread::isInterrupted (5 bytes)
Event: 3.552 Thread 0x000000014e81e400 nmethod 2268 0x0000000116481290 code [0x0000000116481400, 0x00000001164814e8]

GC Heap History (8 events):
Event: 0.641 GC heap before
{Heap before GC invocations=0 (full 0):
 garbage-first heap   total 131072K, used 22528K [0x0000000780000000, 0x0000000800000000)
  region size 1024K, 23 young (23552K), 0 survivors (0K)
 Metaspace       used 14306K, committed 14528K, reserved 1064960K
  class space    used 1568K, committed 1664K, reserved 1048576K
}
Event: 0.646 GC heap after
{Heap after GC invocations=1 (full 0):
 garbage-first heap   total 131072K, used 3317K [0x0000000780000000, 0x0000000800000000)
  region size 1024K, 3 young (3072K), 3 survivors (3072K)
 Metaspace       used 14306K, committed 14528K, reserved 1064960K
  class space    used 1568K, committed 1664K, reserved 1048576K
}
Event: 1.296 GC heap before
{Heap before GC invocations=1 (full 0):
 garbage-first heap   total 131072K, used 25845K [0x0000000780000000, 0x0000000800000000)
  region size 1024K, 26 young (26624K), 3 survivors (3072K)
 Metaspace       used 21364K, committed 21568K, reserved 1073152K
  class space    used 2558K, committed 2624K, reserved 1048576K
}
Event: 1.300 GC heap after
{Heap after GC invocations=2 (full 0):
 garbage-first heap   total 131072K, used 7920K [0x0000000780000000, 0x0000000800000000)
  region size 1024K, 5 young (5120K), 5 survivors (5120K)
 Metaspace       used 21364K, committed 21568K, reserved 1073152K
  class space    used 2558K, committed 2624K, reserved 1048576K
}
Event: 1.542 GC heap before
{Heap before GC invocations=3 (full 0):
 garbage-first heap   total 34816K, used 24304K [0x0000000780000000, 0x0000000800000000)
  region size 1024K, 20 young (20480K), 5 survivors (5120K)
 Metaspace       used 24877K, committed 25088K, reserved 1073152K
  class space    used 3237K, committed 3328K, reserved 1048576K
}
Event: 1.545 GC heap after
{Heap after GC invocations=4 (full 0):
 garbage-first heap   total 34816K, used 11838K [0x0000000780000000, 0x0000000800000000)
  region size 1024K, 2 young (2048K), 2 survivors (2048K)
 Metaspace       used 24877K, committed 25088K, reserved 1073152K
  class space    used 3237K, committed 3328K, reserved 1048576K
}
Event: 1.606 GC heap before
{Heap before GC invocations=4 (full 0):
 garbage-first heap   total 34816K, used 12862K [0x0000000780000000, 0x0000000800000000)
  region size 1024K, 3 young (3072K), 2 survivors (2048K)
 Metaspace       used 25155K, committed 25408K, reserved 1073152K
  class space    used 3272K, committed 3392K, reserved 1048576K
}
Event: 1.608 GC heap after
{Heap after GC invocations=5 (full 0):
 garbage-first heap   total 34816K, used 12178K [0x0000000780000000, 0x0000000800000000)
  region size 1024K, 1 young (1024K), 1 survivors (1024K)
 Metaspace       used 25155K, committed 25408K, reserved 1073152K
  class space    used 3272K, committed 3392K, reserved 1048576K
}

Deoptimization events (20 events):
Event: 1.420 Thread 0x000000014f12d000 Uncommon trap: trap_request=0xffffff45 fr.pc=0x00000001163dd018 relative=0x0000000000000158
Event: 1.420 Thread 0x000000014f12d000 Uncommon trap: reason=unstable_if action=reinterpret pc=0x00000001163dd018 method=java.lang.String.isLatin1()Z @ 10 c2
Event: 1.420 Thread 0x000000014f12d000 DEOPT PACKING pc=0x00000001163dd018 sp=0x000000016b272530
Event: 1.420 Thread 0x000000014f12d000 DEOPT UNPACKING pc=0x000000010e926d1c sp=0x000000016b272480 mode 2
Event: 1.487 Thread 0x000000014f12d000 Uncommon trap: trap_request=0xffffff45 fr.pc=0x00000001164414a8 relative=0x0000000000003ee8
Event: 1.487 Thread 0x000000014f12d000 Uncommon trap: reason=unstable_if action=reinterpret pc=0x00000001164414a8 method=java.lang.invoke.MethodType.checkPtypes([Ljava/lang/Class;)I @ 47 c2
Event: 1.487 Thread 0x000000014f12d000 DEOPT PACKING pc=0x00000001164414a8 sp=0x000000016b272800
Event: 1.487 Thread 0x000000014f12d000 DEOPT UNPACKING pc=0x000000010e926d1c sp=0x000000016b272750 mode 2
Event: 1.553 Thread 0x000000012e891e00 DEOPT PACKING pc=0x000000010f251338 sp=0x000000016dd014b0
Event: 1.553 Thread 0x000000012e891e00 DEOPT UNPACKING pc=0x000000010e926b7c sp=0x000000016dd01110 mode 0
Event: 1.553 Thread 0x000000012e891e00 DEOPT PACKING pc=0x000000010f251338 sp=0x000000016dd014b0
Event: 1.553 Thread 0x000000012e891e00 DEOPT UNPACKING pc=0x000000010e926b7c sp=0x000000016dd01110 mode 0
Event: 1.553 Thread 0x000000012e891e00 DEOPT PACKING pc=0x000000010f251338 sp=0x000000016dd014b0
Event: 1.553 Thread 0x000000012e891e00 DEOPT UNPACKING pc=0x000000010e926b7c sp=0x000000016dd01110 mode 0
Event: 1.553 Thread 0x000000012e891e00 DEOPT PACKING pc=0x000000010f251338 sp=0x000000016dd014b0
Event: 1.553 Thread 0x000000012e891e00 DEOPT UNPACKING pc=0x000000010e926b7c sp=0x000000016dd01110 mode 0
Event: 2.140 Thread 0x000000012e891e00 DEOPT PACKING pc=0x000000010f281254 sp=0x000000016dd017f0
Event: 2.140 Thread 0x000000012e891e00 DEOPT UNPACKING pc=0x000000010e926b7c sp=0x000000016dd01410 mode 0
Event: 2.276 Thread 0x000000012e891e00 DEOPT PACKING pc=0x000000010f27cda4 sp=0x000000016dd016d0
Event: 2.276 Thread 0x000000012e891e00 DEOPT UNPACKING pc=0x000000010e926b7c sp=0x000000016dd012d0 mode 0

Classes unloaded (0 events):
No events

Classes redefined (0 events):
No events

Internal exceptions (20 events):
Event: 1.302 Thread 0x000000014f12d000 Exception <a 'java/lang/NoSuchMethodError'{0x0000000787f1f020}: 'java.lang.Object java.lang.invoke.DirectMethodHandle$Holder.invokeInterface(java.lang.Object, java.lang.Object, java.lang.Object)'> (0x0000000787f1f020) 
thrown [../../src/hotspot/share/interpreter/linkResolver.cpp, line 766]
Event: 1.302 Thread 0x000000014f12d000 Exception <a 'java/lang/IncompatibleClassChangeError'{0x0000000787f229a8}: Found class java.lang.Object, but interface was expected> (0x0000000787f229a8) 
thrown [../../src/hotspot/share/interpreter/linkResolver.cpp, line 833]
Event: 1.320 Thread 0x000000014f12d000 Exception <a 'java/lang/ClassNotFoundException'{0x0000000781b637c8}: com/sun/javafx/scene/control/skin/resources/controls> (0x0000000781b637c8) 
thrown [../../src/hotspot/share/prims/jni.cpp, line 535]
Event: 1.321 Thread 0x000000014f12d000 Exception <a 'java/lang/ClassNotFoundException'{0x0000000781b71768}: com/sun/javafx/scene/control/skin/resources/controls_en> (0x0000000781b71768) 
thrown [../../src/hotspot/share/prims/jni.cpp, line 535]
Event: 1.321 Thread 0x000000014f12d000 Exception <a 'java/lang/ClassNotFoundException'{0x0000000781b72700}: com/sun/javafx/scene/control/skin/resources/controls_en_IN> (0x0000000781b72700) 
thrown [../../src/hotspot/share/prims/jni.cpp, line 535]
Event: 1.363 Thread 0x000000014f12d000 Exception <a 'java/lang/NoSuchMethodError'{0x00000007816420d0}: 'void java.lang.invoke.DirectMethodHandle$Holder.invokeSpecialIFC(java.lang.Object, java.lang.Object, java.lang.Object, java.lang.Object)'> (0x00000007816420d0) 
thrown [../../src/hotspot/share/interpreter/linkResolver.cpp, line 766]
Event: 1.381 Thread 0x000000014f12d000 Exception <a 'java/lang/NoSuchMethodError'{0x0000000781474688}: 'int java.lang.invoke.DirectMethodHandle$Holder.invokeSpecial(java.lang.Object, java.lang.Object, int)'> (0x0000000781474688) 
thrown [../../src/hotspot/share/interpreter/linkResolver.cpp, line 766]
Event: 1.430 Thread 0x000000014f12d000 Exception <a 'java/lang/NoSuchMethodError'{0x00000007812c8080}: 'java.lang.Object java.lang.invoke.DirectMethodHandle$Holder.newInvokeSpecial(java.lang.Object, java.lang.Object, int)'> (0x00000007812c8080) 
thrown [../../src/hotspot/share/interpreter/linkResolver.cpp, line 766]
Event: 1.487 Thread 0x000000014f12d000 Exception <a 'java/lang/NoSuchMethodError'{0x00000007812e3f90}: 'void java.lang.invoke.DirectMethodHandle$Holder.invokeSpecial(java.lang.Object, java.lang.Object, double)'> (0x00000007812e3f90) 
thrown [../../src/hotspot/share/interpreter/linkResolver.cpp, line 766]
Event: 1.487 Thread 0x000000014f12d000 Exception <a 'java/lang/NoSuchMethodError'{0x00000007812ea3e8}: 'java.lang.Object java.lang.invoke.DirectMethodHandle$Holder.newInvokeSpecial(java.lang.Object, java.lang.Object, double)'> (0x00000007812ea3e8) 
thrown [../../src/hotspot/share/interpreter/linkResolver.cpp, line 766]
Event: 1.487 Thread 0x000000014f12d000 Exception <a 'java/lang/NoSuchMethodError'{0x00000007812ee2b0}: 'java.lang.Object java.lang.invoke.DirectMethodHandle$Holder.invokeSpecial(java.lang.Object, java.lang.Object, java.lang.Object, double)'> (0x00000007812ee2b0) 
thrown [../../src/hotspot/share/interpreter/linkResolver.cpp, line 766]
Event: 1.519 Thread 0x000000012e891e00 Exception <a 'java/lang/NoSuchMethodError'{0x00000007810eb420}: 'int java.lang.invoke.DirectMethodHandle$Holder.invokeStaticInit(java.lang.Object, java.lang.Object)'> (0x00000007810eb420) 
thrown [../../src/hotspot/share/interpreter/linkResolver.cpp, line 766]
Event: 1.603 Thread 0x000000012e891e00 Exception <a 'java/lang/NoSuchMethodError'{0x0000000787f8c6d0}: 'java.lang.Object java.lang.invoke.DirectMethodHandle$Holder.invokeStaticInit(java.lang.Object, int)'> (0x0000000787f8c6d0) 
thrown [../../src/hotspot/share/interpreter/linkResolver.cpp, line 766]
Event: 2.121 Thread 0x000000014f12d000 Exception <a 'java/lang/NoSuchMethodError'{0x0000000786420228}: 'java.lang.Object java.lang.invoke.DirectMethodHandle$Holder.newInvokeSpecial(java.lang.Object, java.lang.Object, int, int, int, int, int, java.lang.Object)'> (0x0000000786420228) 
thrown [../../src/hotspot/share/interpreter/linkResolver.cpp, line 766]
Event: 2.122 Thread 0x000000014f12d000 Exception <a 'java/lang/NoSuchMethodError'{0x0000000786433608}: 'java.lang.Object java.lang.invoke.DirectMethodHandle$Holder.newInvokeSpecial(java.lang.Object, java.lang.Object, java.lang.Object, int, int, int, int, int)'> (0x0000000786433608) 
thrown [../../src/hotspot/share/interpreter/linkResolver.cpp, line 766]
Event: 2.123 Thread 0x000000014f12d000 Exception <a 'java/lang/NoSuchMethodError'{0x000000078643ae68}: 'java.lang.Object java.lang.invoke.Invokers$Holder.linkToTargetMethod(java.lang.Object, java.lang.Object, int, int, int, int, int, java.lang.Object)'> (0x000000078643ae68) 
thrown [../../src/hotspot/share/interpreter/linkResolver.cpp, line 766]
Event: 2.132 Thread 0x000000014f12d000 Exception <a 'java/lang/NoSuchMethodError'{0x0000000786453030}: 'long java.lang.invoke.DirectMethodHandle$Holder.invokeStatic(java.lang.Object, java.lang.Object, java.lang.Object)'> (0x0000000786453030) 
thrown [../../src/hotspot/share/interpreter/linkResolver.cpp, line 766]
Event: 2.132 Thread 0x000000014f12d000 Exception <a 'java/lang/NoSuchMethodError'{0x00000007864567d8}: 'long java.lang.invoke.DirectMethodHandle$Holder.invokeStaticInit(java.lang.Object, java.lang.Object, java.lang.Object)'> (0x00000007864567d8) 
thrown [../../src/hotspot/share/interpreter/linkResolver.cpp, line 766]
Event: 2.134 Thread 0x000000014f12d000 Exception <a 'java/lang/NoSuchMethodError'{0x0000000786479de8}: 'java.lang.Object java.lang.invoke.DirectMethodHandle$Holder.newInvokeSpecial(java.lang.Object, java.lang.Object, long)'> (0x0000000786479de8) 
thrown [../../src/hotspot/share/interpreter/linkResolver.cpp, line 766]
Event: 2.134 Thread 0x000000014f12d000 Exception <a 'java/lang/NoSuchMethodError'{0x000000078647d6b0}: 'java.lang.Object java.lang.invoke.Invokers$Holder.linkToTargetMethod(java.lang.Object, long, java.lang.Object)'> (0x000000078647d6b0) 
thrown [../../src/hotspot/share/interpreter/linkResolver.cpp, line 766]

VM Operations (20 events):
Event: 1.295 Executing VM operation: G1CollectForAllocation
Event: 1.300 Executing VM operation: G1CollectForAllocation done
Event: 1.302 Executing VM operation: G1Concurrent
Event: 1.303 Executing VM operation: G1Concurrent done
Event: 1.304 Executing VM operation: G1Concurrent
Event: 1.304 Executing VM operation: G1Concurrent done
Event: 1.334 Executing VM operation: HandshakeAllThreads
Event: 1.334 Executing VM operation: HandshakeAllThreads done
Event: 1.357 Executing VM operation: HandshakeAllThreads
Event: 1.358 Executing VM operation: HandshakeAllThreads done
Event: 1.386 Executing VM operation: ICBufferFull
Event: 1.386 Executing VM operation: ICBufferFull done
Event: 1.542 Executing VM operation: G1CollectForAllocation
Event: 1.545 Executing VM operation: G1CollectForAllocation done
Event: 1.606 Executing VM operation: G1CollectForAllocation
Event: 1.608 Executing VM operation: G1CollectForAllocation done
Event: 2.613 Executing VM operation: Cleanup
Event: 2.613 Executing VM operation: Cleanup done
Event: 3.618 Executing VM operation: Cleanup
Event: 3.619 Executing VM operation: Cleanup done

Events (20 events):
Event: 2.246 Protecting memory [0x000000016e030000,0x000000016e03c000] with protection modes 0
Event: 2.246 Thread 0x000000014f412000 Thread added: 0x000000014f412000
Event: 2.247 Protecting memory [0x000000016e030000,0x000000016e03c000] with protection modes 3
Event: 2.247 Thread 0x000000014f412000 Thread exited: 0x000000014f412000
Event: 2.247 Thread 0x0000000158398800 Thread added: 0x0000000158398800
Event: 2.247 Protecting memory [0x0000000298628000,0x0000000298634000] with protection modes 0
Event: 2.914 Protecting memory [0x000000016f5e4000,0x000000016f5f0000] with protection modes 3
Event: 2.914 Thread 0x0000000124a70000 Thread exited: 0x0000000124a70000
Event: 3.264 Protecting memory [0x000000016f5e4000,0x000000016f5f0000] with protection modes 0
Event: 3.264 Thread 0x000000013e82a000 Thread added: 0x000000013e82a000
Event: 3.547 Protecting memory [0x000000016f5e4000,0x000000016f5f0000] with protection modes 3
Event: 3.547 Thread 0x000000013e82a000 Thread exited: 0x000000013e82a000
Event: 3.844 Protecting memory [0x000000016f558000,0x000000016f564000] with protection modes 0
Event: 3.844 Thread 0x0000000127039200 Thread added: 0x0000000127039200
Event: 3.845 Protecting memory [0x000000016f558000,0x000000016f564000] with protection modes 3
Event: 3.845 Thread 0x0000000127039200 Thread exited: 0x0000000127039200
Event: 3.845 Protecting memory [0x000000016f558000,0x000000016f564000] with protection modes 0
Event: 3.845 Thread 0x0000000127039200 Thread added: 0x0000000127039200
Event: 3.845 Protecting memory [0x000000016f558000,0x000000016f564000] with protection modes 3
Event: 3.845 Thread 0x0000000127039200 Thread exited: 0x0000000127039200


Dynamic libraries:
0x0000000104cbc000 	/Library/Java/JavaVirtualMachines/temurin-17.jdk/Contents/Home/lib/libjli.dylib
0x00000001be29e000 	/usr/lib/libz.1.dylib
0x00000001be355000 	/usr/lib/libSystem.B.dylib
0x00000001be34f000 	/usr/lib/system/libcache.dylib
0x00000001be30d000 	/usr/lib/system/libcommonCrypto.dylib
0x00000001be336000 	/usr/lib/system/libcompiler_rt.dylib
0x00000001be32d000 	/usr/lib/system/libcopyfile.dylib
0x00000001b357b000 	/usr/lib/system/libcorecrypto.dylib
0x00000001b3630000 	/usr/lib/system/libdispatch.dylib
0x00000001b37fe000 	/usr/lib/system/libdyld.dylib
0x00000001be345000 	/usr/lib/system/libkeymgr.dylib
0x00000001be2e8000 	/usr/lib/system/libmacho.dylib
0x00000001bd9d8000 	/usr/lib/system/libquarantine.dylib
0x00000001be342000 	/usr/lib/system/libremovefile.dylib
0x00000001b8974000 	/usr/lib/system/libsystem_asl.dylib
0x00000001b351d000 	/usr/lib/system/libsystem_blocks.dylib
0x00000001b36b8000 	/usr/lib/system/libsystem_c.dylib
0x00000001be33a000 	/usr/lib/system/libsystem_collections.dylib
0x00000001bce6d000 	/usr/lib/system/libsystem_configuration.dylib
0x00000001bc0c9000 	/usr/lib/system/libsystem_containermanager.dylib
0x00000001be045000 	/usr/lib/system/libsystem_coreservices.dylib
0x00000001b5f2e000 	/usr/lib/system/libsystem_darwin.dylib
0x00000001be346000 	/usr/lib/system/libsystem_dnssd.dylib
0x00000001b36b5000 	/usr/lib/system/libsystem_featureflags.dylib
0x00000001b3813000 	/usr/lib/system/libsystem_info.dylib
0x00000001be2b0000 	/usr/lib/system/libsystem_m.dylib
0x00000001b3605000 	/usr/lib/system/libsystem_malloc.dylib
0x00000001b8902000 	/usr/lib/system/libsystem_networkextension.dylib
0x00000001b6387000 	/usr/lib/system/libsystem_notify.dylib
0x00000001c46a8000 	/usr/lib/system/libsystem_product_info_filter.dylib
0x00000001bce72000 	/usr/lib/system/libsystem_sandbox.dylib
0x00000001be33f000 	/usr/lib/system/libsystem_secinit.dylib
0x00000001b37b9000 	/usr/lib/system/libsystem_kernel.dylib
0x00000001b380b000 	/usr/lib/system/libsystem_platform.dylib
0x00000001b37f1000 	/usr/lib/system/libsystem_pthread.dylib
0x00000001ba0d4000 	/usr/lib/system/libsystem_symptoms.dylib
0x00000001b3561000 	/usr/lib/system/libsystem_trace.dylib
0x00000001be31a000 	/usr/lib/system/libunwind.dylib
0x00000001b351f000 	/usr/lib/system/libxpc.dylib
0x00000001b37a1000 	/usr/lib/libc++abi.dylib
0x00000001b3677000 	/usr/lib/libobjc.A.dylib
0x00000001be325000 	/usr/lib/liboah.dylib
0x00000001b373a000 	/usr/lib/libc++.1.dylib
0x00000001ca1ce000 	/System/Library/Frameworks/Cocoa.framework/Versions/A/Cocoa
0x00000001b63e8000 	/System/Library/Frameworks/AppKit.framework/Versions/C/AppKit
0x00000001b98fb000 	/System/Library/Frameworks/CoreData.framework/Versions/A/CoreData
0x00000001b4743000 	/System/Library/Frameworks/Foundation.framework/Versions/C/Foundation
0x00000001b72a0000 	/System/Library/PrivateFrameworks/UIFoundation.framework/Versions/A/UIFoundation
0x00000001c43a2000 	/System/Library/PrivateFrameworks/RemoteViewServices.framework/Versions/A/RemoteViewServices
0x00000001bc815000 	/System/Library/PrivateFrameworks/XCTTargetBootstrap.framework/Versions/A/XCTTargetBootstrap
0x00000001c0095000 	/System/Library/PrivateFrameworks/InternationalSupport.framework/Versions/A/InternationalSupport
0x00000001c011e000 	/System/Library/PrivateFrameworks/UserActivity.framework/Versions/A/UserActivity
0x00000001bf58c000 	/usr/lib/libspindump.dylib
0x00000001b7511000 	/System/Library/Frameworks/UniformTypeIdentifiers.framework/Versions/A/UniformTypeIdentifiers
0x00000001bad5f000 	/usr/lib/libapp_launch_measurement.dylib
0x00000001ba286000 	/System/Library/PrivateFrameworks/CoreAnalytics.framework/Versions/A/CoreAnalytics
0x00000001bad62000 	/System/Library/PrivateFrameworks/CoreAutoLayout.framework/Versions/A/CoreAutoLayout
0x00000001bc106000 	/System/Library/Frameworks/Metal.framework/Versions/A/Metal
0x00000001bce7d000 	/usr/lib/liblangid.dylib
0x00000001bc81a000 	/System/Library/PrivateFrameworks/CoreSVG.framework/Versions/A/CoreSVG
0x00000001b89a8000 	/System/Library/PrivateFrameworks/SkyLight.framework/Versions/A/SkyLight
0x00000001b8d81000 	/System/Library/Frameworks/CoreGraphics.framework/Versions/A/CoreGraphics
0x00000001c4a6e000 	/System/Library/Frameworks/Accelerate.framework/Versions/A/Accelerate
0x00000001bf003000 	/System/Library/PrivateFrameworks/IconServices.framework/Versions/A/IconServices
0x00000001bc0e8000 	/System/Library/Frameworks/IOSurface.framework/Versions/A/IOSurface
0x00000001ba2b7000 	/usr/lib/libDiagnosticMessagesClient.dylib
0x00000001c7f6f000 	/System/Library/Frameworks/ApplicationServices.framework/Versions/A/ApplicationServices
0x00000001bc7fd000 	/System/Library/PrivateFrameworks/DFRFoundation.framework/Versions/A/DFRFoundation
0x00000001b5c78000 	/usr/lib/libicucore.A.dylib
0x00000001c0f42000 	/System/Library/Frameworks/AudioToolbox.framework/Versions/A/AudioToolbox
0x00000001c00a1000 	/System/Library/PrivateFrameworks/DataDetectorsCore.framework/Versions/A/DataDetectorsCore
0x00000001d6a9b000 	/System/Library/PrivateFrameworks/TextInput.framework/Versions/A/TextInput
0x00000001b891d000 	/usr/lib/libMobileGestalt.dylib
0x00000001bc4c9000 	/System/Library/Frameworks/Carbon.framework/Versions/A/Frameworks/HIToolbox.framework/Versions/A/HIToolbox
0x00000001ba737000 	/System/Library/Frameworks/QuartzCore.framework/Versions/A/QuartzCore
0x00000001b58f9000 	/System/Library/Frameworks/Security.framework/Versions/A/Security
0x00000001c43e2000 	/System/Library/Frameworks/Carbon.framework/Versions/A/Frameworks/SpeechRecognition.framework/Versions/A/SpeechRecognition
0x00000001baab5000 	/System/Library/PrivateFrameworks/CoreUI.framework/Versions/A/CoreUI
0x00000001b51d5000 	/System/Library/Frameworks/CoreAudio.framework/Versions/A/CoreAudio
0x00000001ba3ab000 	/System/Library/Frameworks/DiskArbitration.framework/Versions/A/DiskArbitration
0x00000001bf996000 	/System/Library/PrivateFrameworks/MultitouchSupport.framework/Versions/A/MultitouchSupport
0x00000001b891b000 	/usr/lib/libenergytrace.dylib
0x00000001b62b0000 	/System/Library/Frameworks/IOKit.framework/Versions/A/IOKit
0x00000001c47d1000 	/System/Library/Frameworks/CoreServices.framework/Versions/A/CoreServices
0x00000001bacef000 	/System/Library/PrivateFrameworks/PerformanceAnalysis.framework/Versions/A/PerformanceAnalysis
0x0000000214ed3000 	/System/Library/Frameworks/OpenGL.framework/Versions/A/OpenGL
0x00000001bd8f0000 	/System/Library/PrivateFrameworks/MobileKeyBag.framework/Versions/A/MobileKeyBag
0x00000001b938f000 	/System/Library/Frameworks/ColorSync.framework/Versions/A/ColorSync
0x00000001b3840000 	/System/Library/Frameworks/CoreFoundation.framework/Versions/A/CoreFoundation
0x00000001bca99000 	/System/Library/Frameworks/CoreImage.framework/Versions/A/CoreImage
0x00000001b4ff9000 	/System/Library/Frameworks/CoreText.framework/Versions/A/CoreText
0x00000001bc84a000 	/System/Library/Frameworks/ImageIO.framework/Versions/A/ImageIO
0x00000001be35b000 	/System/Library/PrivateFrameworks/SoftLinking.framework/Versions/A/SoftLinking
0x00000001badad000 	/usr/lib/libxml2.2.dylib
0x00000001be5f4000 	/usr/lib/libcompression.dylib
0x00000001bfff1000 	/System/Library/PrivateFrameworks/TextureIO.framework/Versions/A/TextureIO
0x00000001bed1c000 	/usr/lib/libate.dylib
0x00000001bebe1000 	/usr/lib/liblzma.5.dylib
0x00000001b4436000 	/System/Library/Frameworks/SystemConfiguration.framework/Versions/A/SystemConfiguration
0x00000001be357000 	/usr/lib/libfakelink.dylib
0x00000001b844d000 	/System/Library/Frameworks/CFNetwork.framework/Versions/A/CFNetwork
0x00000001be49d000 	/usr/lib/libarchive.2.dylib
0x00000001bce79000 	/System/Library/PrivateFrameworks/AppleSystemInfo.framework/Versions/A/AppleSystemInfo
0x00000001bda03000 	/usr/lib/libbsm.0.dylib
0x00000001b79ba000 	/usr/lib/libnetwork.dylib
0x00000001be2f1000 	/usr/lib/system/libkxld.dylib
0x00000001bd61d000 	/System/Library/PrivateFrameworks/IOMobileFramebuffer.framework/Versions/A/IOMobileFramebuffer
0x0000000232b9c000 	/usr/lib/libCoreEntitlements.dylib
0x00000001be027000 	/System/Library/PrivateFrameworks/AppleFSCompression.framework/Versions/A/AppleFSCompression
0x00000001bd9eb000 	/usr/lib/libcoretls.dylib
0x00000001bebfa000 	/usr/lib/libcoretls_cfhelpers.dylib
0x00000001be5ef000 	/usr/lib/libpam.2.dylib
0x00000001b9ceb000 	/usr/lib/libsqlite3.dylib
0x00000001bec63000 	/usr/lib/libxar.1.dylib
0x00000001be038000 	/usr/lib/libbz2.1.0.dylib
0x00000001be35c000 	/usr/lib/libpcap.A.dylib
0x00000001ba0cb000 	/usr/lib/libdns_services.dylib
0x00000001be5c2000 	/usr/lib/libapple_nghttp2.dylib
0x00000001be399000 	/usr/lib/libiconv.2.dylib
0x00000001be2e7000 	/usr/lib/libcharset.1.dylib
0x00000001bad2b000 	/System/Library/Frameworks/CoreServices.framework/Versions/A/Frameworks/FSEvents.framework/Versions/A/FSEvents
0x00000001b5f39000 	/System/Library/Frameworks/CoreServices.framework/Versions/A/Frameworks/CarbonCore.framework/Versions/A/CarbonCore
0x00000001ba30b000 	/System/Library/Frameworks/CoreServices.framework/Versions/A/Frameworks/Metadata.framework/Versions/A/Metadata
0x00000001be04b000 	/System/Library/Frameworks/CoreServices.framework/Versions/A/Frameworks/OSServices.framework/Versions/A/OSServices
0x00000001be523000 	/System/Library/Frameworks/CoreServices.framework/Versions/A/Frameworks/SearchKit.framework/Versions/A/SearchKit
0x00000001ba05a000 	/System/Library/Frameworks/CoreServices.framework/Versions/A/Frameworks/AE.framework/Versions/A/AE
0x00000001b3d87000 	/System/Library/Frameworks/CoreServices.framework/Versions/A/Frameworks/LaunchServices.framework/Versions/A/LaunchServices
0x00000001beb8a000 	/System/Library/Frameworks/CoreServices.framework/Versions/A/Frameworks/DictionaryServices.framework/Versions/A/DictionaryServices
0x00000001bad38000 	/System/Library/Frameworks/CoreServices.framework/Versions/A/Frameworks/SharedFileList.framework/Versions/A/SharedFileList
0x00000001bd9db000 	/usr/lib/libCheckFix.dylib
0x00000001b898c000 	/System/Library/PrivateFrameworks/TCC.framework/Versions/A/TCC
0x00000001bce7f000 	/System/Library/PrivateFrameworks/CoreNLP.framework/Versions/A/CoreNLP
0x00000001ba2ba000 	/System/Library/PrivateFrameworks/MetadataUtilities.framework/Versions/A/MetadataUtilities
0x00000001b44f0000 	/usr/lib/libmecabra.dylib
0x00000001bda14000 	/usr/lib/libmecab.dylib
0x00000001b44bc000 	/usr/lib/libCRFSuite.dylib
0x00000001bda71000 	/usr/lib/libgermantok.dylib
0x00000001be59b000 	/usr/lib/libThaiTokenizer.dylib
0x00000001ba3b3000 	/System/Library/Frameworks/Accelerate.framework/Versions/A/Frameworks/vImage.framework/Versions/A/vImage
0x00000001c47a8000 	/System/Library/Frameworks/Accelerate.framework/Versions/A/Frameworks/vecLib.framework/Versions/A/vecLib
0x00000001beca8000 	/System/Library/Frameworks/Accelerate.framework/Versions/A/Frameworks/vecLib.framework/Versions/A/libvMisc.dylib
0x00000001bd524000 	/System/Library/Frameworks/Accelerate.framework/Versions/A/Frameworks/vecLib.framework/Versions/A/libvDSP.dylib
0x00000001b4111000 	/System/Library/Frameworks/Accelerate.framework/Versions/A/Frameworks/vecLib.framework/Versions/A/libBLAS.dylib
0x00000001be6c5000 	/System/Library/Frameworks/Accelerate.framework/Versions/A/Frameworks/vecLib.framework/Versions/A/libLAPACK.dylib
0x00000001bda74000 	/System/Library/Frameworks/Accelerate.framework/Versions/A/Frameworks/vecLib.framework/Versions/A/libLinearAlgebra.dylib
0x00000001be5da000 	/System/Library/Frameworks/Accelerate.framework/Versions/A/Frameworks/vecLib.framework/Versions/A/libSparseBLAS.dylib
0x00000001be6c0000 	/System/Library/Frameworks/Accelerate.framework/Versions/A/Frameworks/vecLib.framework/Versions/A/libQuadrature.dylib
0x00000001bcf78000 	/System/Library/Frameworks/Accelerate.framework/Versions/A/Frameworks/vecLib.framework/Versions/A/libBNNS.dylib
0x00000001b43cf000 	/System/Library/Frameworks/Accelerate.framework/Versions/A/Frameworks/vecLib.framework/Versions/A/libSparse.dylib
0x00000001bcf70000 	/System/Library/PrivateFrameworks/LinguisticData.framework/Versions/A/LinguisticData
0x00000001b4387000 	/System/Library/PrivateFrameworks/Lexicon.framework/Versions/A/Lexicon
0x00000001beca0000 	/usr/lib/libChineseTokenizer.dylib
0x00000001b4b35000 	/System/Library/PrivateFrameworks/LanguageModeling.framework/Versions/A/LanguageModeling
0x00000001be59d000 	/System/Library/PrivateFrameworks/AppleSauce.framework/Versions/A/AppleSauce
0x00000001bd60a000 	/System/Library/PrivateFrameworks/CoreEmoji.framework/Versions/A/CoreEmoji
0x00000001be48b000 	/usr/lib/libcmph.dylib
0x00000001bad0b000 	/System/Library/Frameworks/OpenDirectory.framework/Versions/A/Frameworks/CFOpenDirectory.framework/Versions/A/CFOpenDirectory
0x00000001bacfb000 	/System/Library/Frameworks/OpenDirectory.framework/Versions/A/OpenDirectory
0x00000001bebfc000 	/System/Library/PrivateFrameworks/APFS.framework/Versions/A/APFS
0x00000001bd92b000 	/System/Library/Frameworks/SecurityFoundation.framework/Versions/A/SecurityFoundation
0x00000001bec72000 	/usr/lib/libutil.dylib
0x00000001b6272000 	/System/Library/PrivateFrameworks/CoreServicesStore.framework/Versions/A/CoreServicesStore
0x00000001bec76000 	/usr/lib/libxslt.1.dylib
0x00000001bd9bf000 	/System/Library/PrivateFrameworks/BackgroundTaskManagement.framework/Versions/A/BackgroundTaskManagement
0x00000001bff12000 	/System/Library/Frameworks/ImageIO.framework/Versions/A/Resources/libRadiance.dylib
0x00000001bff1b000 	/System/Library/Frameworks/ImageIO.framework/Versions/A/Resources/libJPEG.dylib
0x00000001bfe6e000 	/System/Library/Frameworks/ImageIO.framework/Versions/A/Resources/libPng.dylib
0x00000001bfe90000 	/System/Library/Frameworks/ImageIO.framework/Versions/A/Resources/libTIFF.dylib
0x00000001bff76000 	/System/Library/Frameworks/ImageIO.framework/Versions/A/Resources/libGIF.dylib
0x00000001bf8a6000 	/System/Library/Frameworks/ImageIO.framework/Versions/A/Resources/libJP2.dylib
0x00000001befc8000 	/usr/lib/libexpat.1.dylib
0x00000001bf861000 	/System/Library/PrivateFrameworks/AppleJPEG.framework/Versions/A/AppleJPEG
0x00000001bc385000 	/System/Library/PrivateFrameworks/FontServices.framework/libFontParser.dylib
0x00000001b9fff000 	/System/Library/PrivateFrameworks/RunningBoardServices.framework/Versions/A/RunningBoardServices
0x00000001ca8a4000 	/System/Library/PrivateFrameworks/IOSurfaceAccelerator.framework/Versions/A/IOSurfaceAccelerator
0x00000001bf992000 	/System/Library/PrivateFrameworks/WatchdogClient.framework/Versions/A/WatchdogClient
0x00000001b4c35000 	/System/Library/Frameworks/CoreDisplay.framework/Versions/A/CoreDisplay
0x00000001bc26f000 	/System/Library/Frameworks/CoreMedia.framework/Versions/A/CoreMedia
0x00000001bc0fc000 	/System/Library/PrivateFrameworks/IOAccelerator.framework/Versions/A/IOAccelerator
0x00000001bae9b000 	/System/Library/Frameworks/CoreVideo.framework/Versions/A/CoreVideo
0x00000001be5ed000 	/System/Library/Frameworks/MetalPerformanceShaders.framework/Versions/A/MetalPerformanceShaders
0x00000001bf9d1000 	/System/Library/Frameworks/VideoToolbox.framework/Versions/A/VideoToolbox
0x00000001b9f43000 	/System/Library/PrivateFrameworks/BaseBoard.framework/Versions/A/BaseBoard
0x00000001b9cd1000 	/System/Library/PrivateFrameworks/ProtocolBuffer.framework/Versions/A/ProtocolBuffer
0x00000001bff0d000 	/System/Library/PrivateFrameworks/GPUWrangler.framework/Versions/A/GPUWrangler
0x00000001bfeed000 	/System/Library/PrivateFrameworks/IOPresentment.framework/Versions/A/IOPresentment
0x00000001bff15000 	/System/Library/PrivateFrameworks/DSExternalDisplay.framework/Versions/A/DSExternalDisplay
0x0000000214ec6000 	/System/Library/Frameworks/OpenGL.framework/Versions/A/Libraries/libCoreFSCache.dylib
0x000000021f68c000 	/System/Library/PrivateFrameworks/GPUCompiler.framework/Versions/31001/Libraries/libGPUCompilerUtils.dylib
0x00000001bff7b000 	/System/Library/PrivateFrameworks/CMCaptureCore.framework/Versions/A/CMCaptureCore
0x00000001bf579000 	/System/Library/PrivateFrameworks/AppServerSupport.framework/Versions/A/AppServerSupport
0x00000001c17ff000 	/System/Library/PrivateFrameworks/perfdata.framework/Versions/A/perfdata
0x00000001b4d55000 	/System/Library/PrivateFrameworks/AudioToolboxCore.framework/Versions/A/AudioToolboxCore
0x00000001bc248000 	/System/Library/PrivateFrameworks/caulk.framework/Versions/A/caulk
0x00000001c10f4000 	/usr/lib/libAudioStatistics.dylib
0x00000001d30f3000 	/System/Library/PrivateFrameworks/SystemPolicy.framework/Versions/A/SystemPolicy
0x00000001c1360000 	/usr/lib/libSMC.dylib
0x00000001ca0ac000 	/System/Library/Frameworks/CoreMIDI.framework/Versions/A/CoreMIDI
0x00000001bfe3c000 	/usr/lib/libAudioToolboxUtility.dylib
0x00000001cf263000 	/System/Library/PrivateFrameworks/OSAServicesClient.framework/Versions/A/OSAServicesClient
0x00000001c180c000 	/usr/lib/libperfcheck.dylib
0x00000001d3c0f000 	/usr/lib/libmis.dylib
0x0000000214f28000 	/System/Library/Frameworks/OpenGL.framework/Versions/A/Libraries/libGLU.dylib
0x0000000214ee7000 	/System/Library/Frameworks/OpenGL.framework/Versions/A/Libraries/libGFXShared.dylib
0x00000002150d4000 	/System/Library/Frameworks/OpenGL.framework/Versions/A/Libraries/libGL.dylib
0x0000000214ef0000 	/System/Library/Frameworks/OpenGL.framework/Versions/A/Libraries/libGLImage.dylib
0x0000000214ee4000 	/System/Library/Frameworks/OpenGL.framework/Versions/A/Libraries/libCVMSPluginSupport.dylib
0x0000000214ecd000 	/System/Library/Frameworks/OpenGL.framework/Versions/A/Libraries/libCoreVMClient.dylib
0x00000001bcdf9000 	/System/Library/Frameworks/MetalPerformanceShaders.framework/Versions/A/Frameworks/MPSCore.framework/Versions/A/MPSCore
0x00000001bdf9a000 	/System/Library/Frameworks/MetalPerformanceShaders.framework/Versions/A/Frameworks/MPSImage.framework/Versions/A/MPSImage
0x00000001bda89000 	/System/Library/Frameworks/MetalPerformanceShaders.framework/Versions/A/Frameworks/MPSNeuralNetwork.framework/Versions/A/MPSNeuralNetwork
0x00000001bdec2000 	/System/Library/Frameworks/MetalPerformanceShaders.framework/Versions/A/Frameworks/MPSMatrix.framework/Versions/A/MPSMatrix
0x00000001bdc9b000 	/System/Library/Frameworks/MetalPerformanceShaders.framework/Versions/A/Frameworks/MPSRayIntersector.framework/Versions/A/MPSRayIntersector
0x00000001bdef3000 	/System/Library/Frameworks/MetalPerformanceShaders.framework/Versions/A/Frameworks/MPSNDArray.framework/Versions/A/MPSNDArray
0x00000002172ef000 	/System/Library/Frameworks/MetalPerformanceShaders.framework/Versions/A/Frameworks/MPSFunctions.framework/Versions/A/MPSFunctions
0x00000001b3fe8000 	/System/Library/PrivateFrameworks/MetalTools.framework/Versions/A/MetalTools
0x00000001bce77000 	/System/Library/PrivateFrameworks/AggregateDictionary.framework/Versions/A/AggregateDictionary
0x00000001bedad000 	/usr/lib/libIOReport.dylib
0x00000001c90c9000 	/System/Library/PrivateFrameworks/ASEProcessing.framework/Versions/A/ASEProcessing
0x00000001bf122000 	/System/Library/PrivateFrameworks/FaceCore.framework/Versions/A/FaceCore
0x00000001bf114000 	/System/Library/PrivateFrameworks/GraphVisualizer.framework/Versions/A/GraphVisualizer
0x000000021f5a3000 	/System/Library/PrivateFrameworks/FontServices.framework/Versions/A/FontServices
0x00000001bf535000 	/System/Library/PrivateFrameworks/OTSVG.framework/Versions/A/OTSVG
0x00000001baa65000 	/System/Library/Frameworks/ApplicationServices.framework/Versions/A/Frameworks/ATS.framework/Versions/A/Resources/libFontRegistry.dylib
0x00000001bf582000 	/System/Library/PrivateFrameworks/FontServices.framework/libhvf.dylib
0x000000021f5a4000 	/System/Library/PrivateFrameworks/FontServices.framework/libXTFontStaticRegistryData.dylib
0x0000000215275000 	/System/Library/Frameworks/OpenCL.framework/Versions/A/OpenCL
0x00000001bef7c000 	/System/Library/PrivateFrameworks/AppleVA.framework/Versions/A/AppleVA
0x00000001c111c000 	/System/Library/Frameworks/ApplicationServices.framework/Versions/A/Frameworks/ATS.framework/Versions/A/ATS
0x00000001b948e000 	/System/Library/Frameworks/ApplicationServices.framework/Versions/A/Frameworks/HIServices.framework/Versions/A/HIServices
0x00000001bff85000 	/System/Library/Frameworks/ApplicationServices.framework/Versions/A/Frameworks/PrintCore.framework/Versions/A/PrintCore
0x00000001c14b3000 	/System/Library/Frameworks/ApplicationServices.framework/Versions/A/Frameworks/QD.framework/Versions/A/QD
0x00000001c14ab000 	/System/Library/Frameworks/ApplicationServices.framework/Versions/A/Frameworks/ColorSyncLegacy.framework/Versions/A/ColorSyncLegacy
0x00000001c1108000 	/System/Library/Frameworks/ApplicationServices.framework/Versions/A/Frameworks/SpeechSynthesis.framework/Versions/A/SpeechSynthesis
0x00000001bff46000 	/System/Library/Frameworks/ApplicationServices.framework/Versions/A/Frameworks/ATSUI.framework/Versions/A/ATSUI
0x00000001c1440000 	/usr/lib/libcups.2.dylib
0x00000001c181a000 	/System/Library/Frameworks/Kerberos.framework/Versions/A/Kerberos
0x00000001c182b000 	/System/Library/Frameworks/GSS.framework/Versions/A/GSS
0x00000001c118c000 	/usr/lib/libresolv.9.dylib
0x00000001bf591000 	/System/Library/PrivateFrameworks/Heimdal.framework/Versions/A/Heimdal
0x00000001c82ff000 	/System/Library/Frameworks/Kerberos.framework/Versions/A/Libraries/libHeimdalProxy.dylib
0x00000001ba0dd000 	/System/Library/Frameworks/Network.framework/Versions/A/Network
0x00000001befe3000 	/usr/lib/libheimdal-asn1.dylib
0x00000001c187b000 	/System/Library/PrivateFrameworks/CommonAuth.framework/Versions/A/CommonAuth
0x00000001c1082000 	/System/Library/PrivateFrameworks/AudioSession.framework/Versions/A/AudioSession
0x00000001bf075000 	/System/Library/PrivateFrameworks/MediaExperience.framework/Versions/A/MediaExperience
0x00000001c0f08000 	/System/Library/PrivateFrameworks/AudioSession.framework/libSessionUtility.dylib
0x00000001c14bf000 	/System/Library/PrivateFrameworks/AudioResourceArbitration.framework/Versions/A/AudioResourceArbitration
0x00000001c5685000 	/System/Library/PrivateFrameworks/PowerLog.framework/Versions/A/PowerLog
0x00000001befed000 	/System/Library/PrivateFrameworks/IconFoundation.framework/Versions/A/IconFoundation
0x00000001c43ce000 	/System/Library/PrivateFrameworks/SpeechRecognitionCore.framework/Versions/A/SpeechRecognitionCore
0x0000000105e80000 	/Library/Java/JavaVirtualMachines/temurin-17.jdk/Contents/Home/lib/server/libjvm.dylib
0x0000000104d20000 	/Library/Java/JavaVirtualMachines/temurin-17.jdk/Contents/Home/lib/libjimage.dylib
0x0000000104d4c000 	/Library/Java/JavaVirtualMachines/temurin-17.jdk/Contents/Home/lib/libinstrument.dylib
0x0000000104d98000 	/Library/Java/JavaVirtualMachines/temurin-17.jdk/Contents/Home/lib/libjava.dylib
0x0000000105e00000 	/Library/Java/JavaVirtualMachines/temurin-17.jdk/Contents/Home/lib/libnio.dylib
0x0000000105e20000 	/Library/Java/JavaVirtualMachines/temurin-17.jdk/Contents/Home/lib/libnet.dylib
0x0000000104d80000 	/Library/Java/JavaVirtualMachines/temurin-17.jdk/Contents/Home/lib/libzip.dylib
0x0000000105e44000 	/Users/abheektripathy/.openjfx/cache/17.0.1/libprism_es2.dylib
0x00000001b6235000 	/System/Library/PrivateFrameworks/CoreServicesInternal.framework/Versions/A/CoreServicesInternal
0x00000002150de000 	/System/Library/Frameworks/OpenGL.framework/Versions/A/Resources/GLEngine.bundle/GLEngine
0x0000000214f66000 	/System/Library/Frameworks/OpenGL.framework/Versions/A/Libraries/libGLProgrammability.dylib
0x0000000124540000 	/System/Library/Extensions/AppleMetalOpenGLRenderer.bundle/Contents/MacOS/AppleMetalOpenGLRenderer
0x000000021524d000 	/System/Library/Frameworks/OpenGL.framework/Versions/A/Resources/GLRendererFloat.bundle/GLRendererFloat
0x000000021534d000 	/System/Library/Extensions/AGXMetal13_3.bundle/Contents/MacOS/AGXMetal13_3
0x00000001d3c2b000 	/System/Library/PrivateFrameworks/GPURawCounter.framework/Versions/A/GPURawCounter
0x00000001ce3cc000 	/System/Library/PrivateFrameworks/IOGPU.framework/Versions/A/IOGPU
0x00000001244c4000 	/Users/abheektripathy/.openjfx/cache/17.0.1/libglass.dylib
0x00000001c58dd000 	/System/Library/Frameworks/FileProvider.framework/Versions/A/FileProvider
0x00000001b9eab000 	/System/Library/Frameworks/Accounts.framework/Versions/A/Accounts
0x00000001c5a61000 	/System/Library/PrivateFrameworks/GenerationalStorage.framework/Versions/A/GenerationalStorage
0x00000001c6624000 	/System/Library/PrivateFrameworks/CoreSymbolication.framework/Versions/A/CoreSymbolication
0x00000001c5679000 	/System/Library/PrivateFrameworks/SymptomDiagnosticReporter.framework/Versions/A/SymptomDiagnosticReporter
0x00000001b7525000 	/System/Library/PrivateFrameworks/DesktopServicesPriv.framework/Versions/A/DesktopServicesPriv
0x00000001b6397000 	/usr/lib/libsandbox.1.dylib
0x00000001baf29000 	/System/Library/PrivateFrameworks/UserManagement.framework/Versions/A/UserManagement
0x00000001c65e1000 	/System/Library/PrivateFrameworks/DebugSymbols.framework/Versions/A/DebugSymbols
0x00000001c149e000 	/System/Library/PrivateFrameworks/NetAuth.framework/Versions/A/NetAuth
0x00000001c23bf000 	/System/Library/PrivateFrameworks/Sharing.framework/Versions/A/Sharing
0x00000001baef9000 	/System/Library/PrivateFrameworks/login.framework/Versions/A/Frameworks/loginsupport.framework/Versions/A/loginsupport
0x00000001c7816000 	/System/Library/PrivateFrameworks/Apple80211.framework/Versions/A/Apple80211
0x00000001be07e000 	/System/Library/PrivateFrameworks/AuthKit.framework/Versions/A/AuthKit
0x00000001bd706000 	/System/Library/PrivateFrameworks/CoreUtils.framework/Versions/A/CoreUtils
0x00000001bd629000 	/System/Library/Frameworks/CoreWLAN.framework/Versions/A/CoreWLAN
0x00000001c252f000 	/System/Library/Frameworks/IOBluetooth.framework/Versions/A/IOBluetooth
0x00000001c7876000 	/System/Library/PrivateFrameworks/CoreWiFi.framework/Versions/A/CoreWiFi
0x00000001c61c1000 	/System/Library/PrivateFrameworks/FrontBoardServices.framework/Versions/A/FrontBoardServices
0x00000001c6259000 	/System/Library/PrivateFrameworks/BoardServices.framework/Versions/A/BoardServices
0x00000001bd919000 	/System/Library/PrivateFrameworks/AssertionServices.framework/Versions/A/AssertionServices
0x00000001c79f3000 	/System/Library/PrivateFrameworks/BackBoardServices.framework/Versions/A/BackBoardServices
0x00000001c1912000 	/System/Library/PrivateFrameworks/CorePhoneNumbers.framework/Versions/A/CorePhoneNumbers
0x00000001c11b9000 	/System/Library/PrivateFrameworks/MultiverseSupport.framework/Versions/A/MultiverseSupport
0x00000001c7c74000 	/System/Library/PrivateFrameworks/RemoteServiceDiscovery.framework/Versions/A/RemoteServiceDiscovery
0x00000001c57a9000 	/System/Library/PrivateFrameworks/DiskManagement.framework/Versions/A/DiskManagement
0x00000001c56ac000 	/System/Library/PrivateFrameworks/AppleIDAuthSupport.framework/Versions/A/AppleIDAuthSupport
0x0000000219b2b000 	/System/Library/PrivateFrameworks/AAAFoundation.framework/Versions/A/AAAFoundation
0x00000001c18f1000 	/System/Library/PrivateFrameworks/KeychainCircle.framework/Versions/A/KeychainCircle
0x00000001c7c84000 	/System/Library/PrivateFrameworks/RemoteXPC.framework/Versions/A/RemoteXPC
0x00000001c5775000 	/System/Library/PrivateFrameworks/MediaKit.framework/Versions/A/MediaKit
0x00000001c56b9000 	/System/Library/Frameworks/DiscRecording.framework/Versions/A/DiscRecording
0x00000001beef8000 	/usr/lib/libCoreStorage.dylib
0x00000001c7cf0000 	/usr/lib/libcsfde.dylib
0x00000001c2604000 	/System/Library/PrivateFrameworks/ProtectedCloudStorage.framework/Versions/A/ProtectedCloudStorage
0x00000001c7ce8000 	/System/Library/PrivateFrameworks/EFILogin.framework/Versions/A/EFILogin
0x00000001c5a88000 	/System/Library/PrivateFrameworks/OctagonTrust.framework/Versions/A/OctagonTrust
0x000000021e72a000 	/System/Library/PrivateFrameworks/CoreUtilsExtras.framework/Versions/A/CoreUtilsExtras
0x00000001c55de000 	/System/Library/Frameworks/CoreBluetooth.framework/Versions/A/CoreBluetooth
0x00000001c8384000 	/System/Library/Frameworks/AudioUnit.framework/Versions/A/AudioUnit
0x00000001beef0000 	/usr/lib/libMatch.1.dylib
0x00000001d8111000 	/System/Library/Frameworks/Accelerate.framework/Versions/A/Frameworks/vImage.framework/Versions/A/Libraries/libCGInterfaces.dylib
0x0000000126f74000 	/usr/lib/libobjc-trampolines.dylib
0x0000000232cf9000 	/usr/lib/libRosetta.dylib
0x00000001babf3000 	/System/Library/PrivateFrameworks/ViewBridge.framework/Versions/A/ViewBridge
0x00000001bf654000 	/System/Library/PrivateFrameworks/login.framework/Versions/A/login
0x00000001bedb6000 	/System/Library/PrivateFrameworks/CrashReporterSupport.framework/Versions/A/CrashReporterSupport
0x00000001dfbb4000 	/System/Library/PrivateFrameworks/OSAnalytics.framework/Versions/A/OSAnalytics
0x00000001eaf00000 	/System/Library/PrivateFrameworks/Symbolication.framework/Versions/A/Symbolication
0x00000001d3bec000 	/System/Library/PrivateFrameworks/MallocStackLogging.framework/Versions/A/MallocStackLogging
0x000000012b7e0000 	/Users/abheektripathy/.openjfx/cache/17.0.1/libjavafx_font.dylib
0x000000012ca4c000 	/Users/abheektripathy/.openjfx/cache/17.0.1/libglib-lite.dylib
0x000000012cd50000 	/Users/abheektripathy/.openjfx/cache/17.0.1/libgstreamer-lite.dylib
0x000000012c5a0000 	/Users/abheektripathy/.openjfx/cache/17.0.1/libjfxmedia.dylib
0x000000012c900000 	/Users/abheektripathy/.openjfx/cache/17.0.1/libjfxmedia_avf.dylib
0x00000001d2eff000 	/System/Library/Frameworks/AVFoundation.framework/Versions/A/AVFoundation
0x0000000215eb5000 	/System/Library/Frameworks/AVFAudio.framework/Versions/A/AVFAudio
0x00000001c5fa1000 	/System/Library/PrivateFrameworks/AVFCore.framework/Versions/A/AVFCore
0x00000001cd20f000 	/System/Library/PrivateFrameworks/AVFCapture.framework/Versions/A/AVFCapture
0x00000001d1acb000 	/System/Library/PrivateFrameworks/AirPlaySync.framework/Versions/A/AirPlaySync
0x00000001c018c000 	/System/Library/Frameworks/MediaToolbox.framework/Versions/A/MediaToolbox
0x00000001c58a9000 	/System/Library/PrivateFrameworks/CoreAVCHD.framework/Versions/A/CoreAVCHD
0x00000001c4ab9000 	/System/Library/Frameworks/MediaAccessibility.framework/Versions/A/MediaAccessibility
0x00000001c58a5000 	/System/Library/PrivateFrameworks/Mangrove.framework/Versions/A/Mangrove
0x00000001c4ac6000 	/System/Library/PrivateFrameworks/AlgosScoreFramework.framework/Versions/A/AlgosScoreFramework
0x000000021b80c000 	/System/Library/PrivateFrameworks/CMPhoto.framework/Versions/A/CMPhoto
0x00000001c5899000 	/System/Library/PrivateFrameworks/CoreAUC.framework/Versions/A/CoreAUC
0x000000021b7f2000 	/System/Library/PrivateFrameworks/CMImaging.framework/Versions/A/CMImaging
0x00000001cd369000 	/System/Library/PrivateFrameworks/Quagga.framework/Versions/A/Quagga
0x00000001cd42d000 	/System/Library/PrivateFrameworks/CMCapture.framework/Versions/A/CMCapture
0x00000001c127d000 	/System/Library/Frameworks/CoreMediaIO.framework/Versions/A/CoreMediaIO
0x00000001c84c0000 	/System/Library/PrivateFrameworks/Espresso.framework/Versions/A/Espresso
0x00000001c7d6e000 	/System/Library/PrivateFrameworks/AppSupport.framework/Versions/A/AppSupport
0x00000001f9bb2000 	/System/Library/PrivateFrameworks/ANECompiler.framework/Versions/A/ANECompiler
0x00000001ca02c000 	/System/Library/PrivateFrameworks/AppleNeuralEngine.framework/Versions/A/AppleNeuralEngine
0x00000002220d6000 	/System/Library/PrivateFrameworks/MIL.framework/Versions/A/MIL
0x0000000217303000 	/System/Library/Frameworks/MetalPerformanceShadersGraph.framework/Versions/A/MetalPerformanceShadersGraph
0x00000001c8f4a000 	/System/Library/PrivateFrameworks/ANEServices.framework/Versions/A/ANEServices
0x00000001d79bd000 	/usr/lib/libncurses.5.4.dylib
0x000000012c580000 	/Users/abheektripathy/.openjfx/cache/17.0.1/libfxplugins.dylib
0x0000000219302000 	/System/Library/Frameworks/VideoDecodeAcceleration.framework/Versions/A/VideoDecodeAcceleration
0x000000012cb98000 	/System/Library/Components/CoreAudio.component/Contents/MacOS/CoreAudio
0x000000012dd00000 	/System/Library/Components/AudioCodecs.component/Contents/MacOS/AudioCodecs


VM Arguments:
jvm_args: -javaagent:/Applications/IntelliJ IDEA CE.app/Contents/lib/idea_rt.jar=51971:/Applications/IntelliJ IDEA CE.app/Contents/bin -Dfile.encoding=UTF-8 --module-path=/Users/abheektripathy/.m2/repository/org/openjfx/javafx-fxml/17.0.1/javafx-fxml-17.0.1-mac-aarch64.jar:/Users/abheektripathy/.m2/repository/org/openjfx/javafx-controls/17.0.1/javafx-controls-17.0.1-mac-aarch64.jar:/Users/abheektripathy/.m2/repository/org/openjfx/javafx-media/17.0.1/javafx-media-17.0.1-mac-aarch64.jar:/Users/abheektripathy/IdeaProjects/ZeusFx-MP/target/classes:/Users/abheektripathy/.m2/repository/org/openjfx/javafx-graphics/17.0.1/javafx-graphics-17.0.1-mac-aarch64.jar:/Users/abheektripathy/.m2/repository/org/openjfx/javafx-base/17.0.1/javafx-base-17.0.1-mac-aarch64.jar -Djdk.module.main=com.tripathy.zeusfxmp 
java_command: com.tripathy.zeusfxmp/com.tripathy.zeusfxmp.HelloApplication
java_class_path (initial): /Users/abheektripathy/.m2/repository/org/openjfx/javafx-controls/17.0.1/javafx-controls-17.0.1.jar:/Users/abheektripathy/.m2/repository/org/openjfx/javafx-graphics/17.0.1/javafx-graphics-17.0.1.jar:/Users/abheektripathy/.m2/repository/org/openjfx/javafx-base/17.0.1/javafx-base-17.0.1.jar:/Users/abheektripathy/.m2/repository/org/openjfx/javafx-fxml/17.0.1/javafx-fxml-17.0.1.jar:/Users/abheektripathy/.m2/repository/org/openjfx/javafx-media/17.0.1/javafx-media-17.0.1.jar
Launcher Type: SUN_STANDARD

[Global flags]
     intx CICompilerCount                          = 4                                         {product} {ergonomic}
     uint ConcGCThreads                            = 2                                         {product} {ergonomic}
     uint G1ConcRefinementThreads                  = 8                                         {product} {ergonomic}
   size_t G1HeapRegionSize                         = 1048576                                   {product} {ergonomic}
    uintx GCDrainStackTargetSize                   = 64                                        {product} {ergonomic}
   size_t InitialHeapSize                          = 134217728                                 {product} {ergonomic}
   size_t MarkStackSize                            = 4194304                                   {product} {ergonomic}
   size_t MaxHeapSize                              = 2147483648                                {product} {ergonomic}
   size_t MaxNewSize                               = 1287651328                                {product} {ergonomic}
   size_t MinHeapDeltaBytes                        = 1048576                                   {product} {ergonomic}
   size_t MinHeapSize                              = 8388608                                   {product} {ergonomic}
    uintx NonNMethodCodeHeapSize                   = 5839564                                {pd product} {ergonomic}
    uintx NonProfiledCodeHeapSize                  = 122909338                              {pd product} {ergonomic}
    uintx ProfiledCodeHeapSize                     = 122909338                              {pd product} {ergonomic}
    uintx ReservedCodeCacheSize                    = 251658240                              {pd product} {ergonomic}
     bool SegmentedCodeCache                       = true                                      {product} {ergonomic}
   size_t SoftMaxHeapSize                          = 2147483648                             {manageable} {ergonomic}
     bool UseCompressedClassPointers               = true                           {product lp64_product} {ergonomic}
     bool UseCompressedOops                        = true                           {product lp64_product} {ergonomic}
     bool UseG1GC                                  = true                                      {product} {ergonomic}
     bool UseNUMA                                  = false                                     {product} {ergonomic}
     bool UseNUMAInterleaving                      = false                                     {product} {ergonomic}

Logging:
Log output configuration:
 #0: stdout all=warning uptime,level,tags
 #1: stderr all=off uptime,level,tags

Environment Variables:
PATH=/Library/Frameworks/Python.framework/Versions/3.10/bin:/usr/local/bin:/usr/bin:/bin:/usr/sbin:/sbin:/Library/Apple/usr/bin
SHELL=/bin/zsh
LC_CTYPE=en_IN.UTF-8

Signal Handlers:
   SIGSEGV: _ZL13crash_handleriP9__siginfoPv in libjvm.dylib, mask=11100110000111110111111111111111, flags=SA_RESTART|SA_SIGINFO
    SIGBUS: _ZL13crash_handleriP9__siginfoPv in libjvm.dylib, mask=11100110000111110111111111111111, flags=SA_RESTART|SA_SIGINFO
    SIGFPE: _ZL13crash_handleriP9__siginfoPv in libjvm.dylib, mask=11100110000111110111111111111111, flags=SA_RESTART|SA_SIGINFO
   SIGPIPE: _ZL17javaSignalHandleriP9__siginfoPv in libjvm.dylib, mask=11100110000111110111111111111111, flags=SA_RESTART|SA_SIGINFO
   SIGXFSZ: _ZL17javaSignalHandleriP9__siginfoPv in libjvm.dylib, mask=11100110000111110111111111111111, flags=SA_RESTART|SA_SIGINFO
    SIGILL: _ZL13crash_handleriP9__siginfoPv in libjvm.dylib, mask=11100110000111110111111111111111, flags=SA_RESTART|SA_SIGINFO
   SIGUSR2: _ZL10SR_handleriP9__siginfoP17__darwin_ucontext in libjvm.dylib, mask=00100000000000000000000000000000, flags=SA_RESTART|SA_SIGINFO
    SIGHUP: _ZL11UserHandleriPvS_ in libjvm.dylib, mask=11100110000111110111111111111111, flags=SA_RESTART|SA_SIGINFO
    SIGINT: _ZL11UserHandleriPvS_ in libjvm.dylib, mask=11100110000111110111111111111111, flags=SA_RESTART|SA_SIGINFO
   SIGTERM: _ZL11UserHandleriPvS_ in libjvm.dylib, mask=11100110000111110111111111111111, flags=SA_RESTART|SA_SIGINFO
   SIGQUIT: _ZL11UserHandleriPvS_ in libjvm.dylib, mask=11100110000111110111111111111111, flags=SA_RESTART|SA_SIGINFO
   SIGTRAP: _ZL13crash_handleriP9__siginfoPv in libjvm.dylib, mask=11100110000111110111111111111111, flags=SA_RESTART|SA_SIGINFO


---------------  S Y S T E M  ---------------

OS:
uname: Darwin 21.5.0 Darwin Kernel Version 21.5.0: Tue Apr 26 21:08:29 PDT 2022; root:xnu-8020.121.3~4/RELEASE_ARM64_T8101 arm64
OS uptime: 0 days 20:56 hours
rlimit (soft/hard): STACK 8176k/65520k , CORE 0k/infinity , NPROC 1333/2000 , NOFILE 10240/infinity , AS infinity/infinity , CPU infinity/infinity , DATA infinity/infinity , FSIZE infinity/infinity , MEMLOCK infinity/infinity , RSS infinity/infinity
load average: 7.97 4.37 3.00

CPU: total 8 (initial active 8) 0x61:0x0:0x1b588bb3:0, fp, simd, crc, lse

Memory: 16k page, physical 8388608k(93968k free), swap 1048576k(888576k free)

vm_info: OpenJDK 64-Bit Server VM (17.0.2+8) for bsd-aarch64 JRE (17.0.2+8), built on Jan 20 2022 10:58:36 by "jenkins" with clang Apple LLVM 12.0.0 (clang-1200.0.32.29)

END.
