#
# A fatal error has been detected by the Java Runtime Environment:
#
#  SIGBUS (0xa) at pc=0x000000010c5e14f0, pid=6111, tid=34571
#
# JRE version: OpenJDK Runtime Environment Temurin-17.0.2+8 (17.0.2+8) (build 17.0.2+8)
# Java VM: OpenJDK 64-Bit Server VM Temurin-17.0.2+8 (17.0.2+8, mixed mode, tiered, compressed oops, compressed class ptrs, g1 gc, bsd-aarch64)
# Problematic frame:
# v  ~StubRoutines::SafeFetchN
#
# No core dump will be written. Core dumps have been disabled. To enable core dumping, try "ulimit -c unlimited" before starting Java again
#
# If you would like to submit a bug report, please visit:
#   https://github.com/adoptium/adoptium-support/issues
# The crash happened outside the Java Virtual Machine in native code.
# See problematic frame for where to report the bug.
#

---------------  S U M M A R Y ------------

Command Line: -javaagent:/Applications/IntelliJ IDEA CE.app/Contents/lib/idea_rt.jar=51447:/Applications/IntelliJ IDEA CE.app/Contents/bin -Dfile.encoding=UTF-8 --module-path=/Users/abheektripathy/.m2/repository/org/openjfx/javafx-controls/17.0.1/javafx-controls-17.0.1-mac-aarch64.jar:/Users/abheektripathy/.m2/repository/org/openjfx/javafx-media/17.0.1/javafx-media-17.0.1-mac-aarch64.jar:/Users/abheektripathy/.m2/repository/org/openjfx/javafx-graphics/17.0.1/javafx-graphics-17.0.1-mac-aarch64.jar:/Users/abheektripathy/IdeaProjects/ZeusFx-MP/target/classes:/Users/abheektripathy/.m2/repository/org/openjfx/javafx-base/17.0.1/javafx-base-17.0.1-mac-aarch64.jar:/Users/abheektripathy/.m2/repository/org/openjfx/javafx-fxml/17.0.1/javafx-fxml-17.0.1-mac-aarch64.jar -Djdk.module.main=com.tripathy.zeusfxmp com.tripathy.zeusfxmp/com.tripathy.zeusfxmp.HelloApplication

Host: "MacBookPro17,1" arm64 1 MHz, 8 cores, 8G, Darwin 21.5.0, macOS 12.4 (21F79)
Time: Tue Jun 14 12:08:31 2022 IST elapsed time: 4.410180 seconds (0d 0h 0m 4s)

---------------  T H R E A D  ---------------

Current thread (0x000000014e19f400):  JavaThread "InvokeLaterDispatcher" daemon [_thread_in_native, id=34571, stack(0x0000000288210000,0x0000000288413000)]

Stack: [0x0000000288210000,0x0000000288413000],  sp=0x0000000288412780,  free space=2057k
Native frames: (J=compiled Java code, j=interpreted, Vv=VM code, C=native code)
v  ~StubRoutines::SafeFetchN
V  [libjvm.dylib+0x7ba2dc]  _ZN10OopStorage7releaseEPKP7oopDesc+0x20
V  [libjvm.dylib+0x4c5750]  jni_DeleteGlobalRef+0xd8
C  [libglass.dylib+0xab08]  -[GlassRunnable dealloc]+0x34
C  [Foundation+0x85318]  -[_NSThreadPerformInfo dealloc]+0x30
C  [Foundation+0x518ac]  -[NSObject(NSThreadPerformAdditions) performSelectorOnMainThread:withObject:waitUntilDone:]+0x88
C  0x896200010c5e98ac
j  com.sun.glass.ui.mac.MacApplication.submitForLaterInvocation(Ljava/lang/Runnable;)V+2 javafx.graphics
j  com.sun.glass.ui.InvokeLaterDispatcher.run()V+82 javafx.graphics
v  ~StubRoutines::call_stub
V  [libjvm.dylib+0x46a8f0]  _ZN9JavaCalls11call_helperEP9JavaValueRK12methodHandleP17JavaCallArgumentsP10JavaThread+0x38c
V  [libjvm.dylib+0x46990c]  _ZN9JavaCalls12call_virtualEP9JavaValueP5KlassP6SymbolS5_P17JavaCallArgumentsP10JavaThread+0x11c
V  [libjvm.dylib+0x4699d8]  _ZN9JavaCalls12call_virtualEP9JavaValue6HandleP5KlassP6SymbolS6_P10JavaThread+0x64
V  [libjvm.dylib+0x521e64]  _ZL12thread_entryP10JavaThreadS0_+0xc4
V  [libjvm.dylib+0x99aac0]  _ZN10JavaThread17thread_main_innerEv+0x13c
V  [libjvm.dylib+0x99919c]  _ZN6Thread8call_runEv+0x128
V  [libjvm.dylib+0x7c1124]  _ZL19thread_native_entryP6Thread+0x158
C  [libsystem_pthread.dylib+0x726c]  _pthread_start+0x94

Java frames: (J=compiled Java code, j=interpreted, Vv=VM code)
j  com.sun.glass.ui.mac.MacApplication._submitForLaterInvocation(Ljava/lang/Runnable;)V+0 javafx.graphics
j  com.sun.glass.ui.mac.MacApplication.submitForLaterInvocation(Ljava/lang/Runnable;)V+2 javafx.graphics
j  com.sun.glass.ui.InvokeLaterDispatcher.run()V+82 javafx.graphics
v  ~StubRoutines::call_stub

siginfo: si_signo: 10 (SIGBUS), si_code: 1 (BUS_ADRALN), si_addr: 0x000000010c5e14f0

Register to memory mapping:

 x0=0x000000013c704cc8 is a global jni handle
 x1=0x0 is NULL
 x2=0x0000000786395150 is an oop: com.sun.glass.ui.InvokeLaterDispatcher$Future 
{0x0000000786395150} - klass: 'com/sun/glass/ui/InvokeLaterDispatcher$Future'
 - ---- fields (total size 3 words):
 - private 'done' 'Z' @12  true
 - private final 'runnable' 'Ljava/lang/Runnable;' @16  a 'com/sun/javafx/application/PlatformImpl$$Lambda$92+0x0000000800115920'{0x000000078187cad8} (f030f95b)
 - final synthetic 'this$0' 'Lcom/sun/glass/ui/InvokeLaterDispatcher;' @20  a 'com/sun/glass/ui/InvokeLaterDispatcher'{0x0000000780107a60} (f0020f4c)
 x3=0x0 is NULL
 x4=0x00000000000130a8 is an unknown value
 x5=0x0 is NULL
 x6=0x0 is NULL
 x7=0x0 is NULL
 x8=0x000000010c5e14ec is at begin+0 in a stub
StubRoutines::SafeFetchN [0x000000010c5e14ec, 0x000000010c5e14f8] (12 bytes)
 x9=0x0 is NULL
x10=0x2010000030300000 is an unknown value
x11=0x0000000000000007 is an unknown value
x12=0x0 is NULL
x13=0x0000600000fe9bf0 points into unknown readable memory: 0x0000000000000400 | 00 04 00 00 00 00 00 00
x14=0x0000080000000000 is an unknown value
x15=0x0000000123e75f98: OBJC_CLASS_$_GlassRunnable+0 in /Users/abheektripathy/.openjfx/cache/17.0.1/libglass.dylib at 0x0000000123e30000
x16=0x00000001b37f30fc: pthread_getspecific+0 in /usr/lib/system/libsystem_pthread.dylib at 0x00000001b37f1000
x17=0x00006000005c42a0 points into unknown readable memory: 0xfffffffffffffffe | fe ff ff ff ff ff ff ff
x18=0x0 is NULL
x19=0x0000600000ad4770 points into unknown readable memory: 0x00006000023e9f90 | 90 9f 3e 02 00 60 00 00
x20=0x000000013c704ac0 points into unknown readable memory: 0x0000000000000000 | 00 00 00 00 00 00 00 00
x21=0x000000013c704cc8 is a global jni handle
x22=0x000000014e19f400 is a thread
x23=0x0000000000000001 is an unknown value
x24=0x000000013c704c80 is a global jni handle
x25=0x00000001047d3a08: _ZN12StubRoutines17_safefetchN_entryE+0 in /Library/Java/JavaVirtualMachines/temurin-17.jdk/Contents/Home/lib/server/libjvm.dylib at 0x0000000103b78000
x26=0x00000001248542b0 is pointing into metadata
x27=0x0 is NULL
x28=0x000000014e19f400 is a thread


Registers:
 x0=0x000000013c704cc8  x1=0x0000000000000000  x2=0x0000000786395150  x3=0x0000000000000000
 x4=0x00000000000130a8  x5=0x0000000000000000  x6=0x0000000000000000  x7=0x0000000000000000
 x8=0x000000010c5e14ec  x9=0x0000000000000000 x10=0x2010000030300000 x11=0x0000000000000007
x12=0x0000000000000000 x13=0x0000600000fe9bf0 x14=0x0000080000000000 x15=0x0000000123e75f98
x16=0x00000001b37f30fc x17=0x00006000005c42a0 x18=0x0000000000000000 x19=0x0000600000ad4770
x20=0x000000013c704ac0 x21=0x000000013c704cc8 x22=0x000000014e19f400 x23=0x0000000000000001
x24=0x000000013c704c80 x25=0x00000001047d3a08 x26=0x00000001248542b0 x27=0x0000000000000000
x28=0x000000014e19f400  fp=0x00000002884127c0  lr=0x00000001043310ac  sp=0x0000000288412780
pc=0x000000010c5e14f0 cpsr=0x0000000060001000
Top of Stack: (sp=0x0000000288412780)
0x0000000288412780:   00000001248542b0 0000000000000001
0x0000000288412790:   0000000288412988 0000000000000000
0x00000002884127a0:   000000014c8800a8 000000013c704cb0
0x00000002884127b0:   000000013c704cb0 0000600000ad4770
0x00000002884127c0:   0000000288412800 00000001043322dc
0x00000002884127d0:   0000000000000001 000000013c704cb0
0x00000002884127e0:   000000014c8800a8 000000013c704cb0
0x00000002884127f0:   0000000000000001 000000014c87fe00
0x0000000288412800:   0000000288412840 000000010403d750
0x0000000288412810:   0000000288412988 0000600002342920
0x0000000288412820:   00006000023428c0 00000001fdab130c
0x0000000288412830:   0000000000000000 00006000023428c0
0x0000000288412840:   0000000288412870 0000000123e3ab08
0x0000000288412850:   819382b503b2009d 0000000000000000
0x0000000288412860:   0000000000000000 00006000034cfe00
0x0000000288412870:   00000002884128b0 00000001b47c8318
0x0000000288412880:   0000000288412988 0000600002342920
0x0000000288412890:   00006000023428c0 819382b503b2009d
0x00000002884128a0:   0000000000000000 0000000000000000
0x00000002884128b0:   00000002884128f0 b0418001b47948ac
0x00000002884128c0:   0000000288412988 000000010c5e87c0
0x00000002884128d0:   0000000000000000 00000001047db3c8
0x00000002884128e0:   0000000288412900 000000010c5e7730
0x00000002884128f0:   0000000288412960 896200010c5e98ac
0x0000000288412900:   0000000288412968 00000001249717a8
0x0000000288412910:   0000000288412910 0000000000000000
0x0000000288412920:   0000000288412988 00000001248542b0
0x0000000288412930:   0000000780117978 0000000000000000
0x0000000288412940:   0000000000000000 000000012482c960
0x0000000288412950:   0000000000000000 0000000288412960
0x0000000288412960:   00000002884129e0 000000010c5e5fc8
0x0000000288412970:   0000000000000000 0000000000000000 

Instructions: (pc=0x000000010c5e14f0)
0x000000010c5e13f0:   f2a08f49 f2c00029 6d425935 1e640886
0x000000010c5e1400:   0c402d31 1e6408c7 1f5654d0 1e6c1017
0x000000010c5e1410:   1f5050d0 1f504cd0 1f5048d0 1e650af6
0x000000010c5e1420:   1f50d8f6 1f5694d6 1f5158f6 1e762880
0x000000010c5e1430:   36000501 1e614000 14000026 2e251ca5
0x000000010c5e1440:   d2803009 f2a08f49 f2c00029 6d425d36
0x000000010c5e1450:   1e600806 0c402d32 1f5758c7 1e6c101a
0x000000010c5e1460:   1f4754c7 1e650805 1f4750c7 d2866668
0x000000010c5e1470:   f2a7fa68 1f474cc7 1e6608c0 1f4748c7
0x000000010c5e1480:   1e6e1019 eb08007f 540000ac 1f479400
0x000000010c5e1490:   1f460340 1e603b20 1400000e d2a7fd29
0x000000010c5e14a0:   eb09007f 540000ac 51480069 d3607d29
0x000000010c5e14b0:   9e670121 14000002 1e6a5001 1f679417
0x000000010c5e14c0:   1f668742 1e613b23 1e773857 1e773860
0x000000010c5e14d0:   a8c17ff3 910003bf a8c17bfd d65f03c0
0x000000010c5e14e0:   b9400001 aa0103e0 d65f03c0 f9400001
0x000000010c5e14f0:   aa0103e0 d65f03c0 00000000 00000000
0x000000010c5e1500:   00000000 00000000 00000000 00000000
0x000000010c5e1510:   00000000 00000000 00000000 00000000
0x000000010c5e1520:   00000000 00000000 00000000 00000000
0x000000010c5e1530:   00000000 00000000 00000000 00000000
0x000000010c5e1540:   00000000 00000000 00000000 00000000
0x000000010c5e1550:   00000000 00000000 00000000 00000000
0x000000010c5e1560:   00000000 00000000 00000000 00000000
0x000000010c5e1570:   00000000 00000000 00000000 00000000
0x000000010c5e1580:   00000000 00000000 00000000 00000000
0x000000010c5e1590:   00000000 00000000 00000000 00000000
0x000000010c5e15a0:   00000000 00000000 00000000 00000000
0x000000010c5e15b0:   00000000 00000000 00000000 00000000
0x000000010c5e15c0:   00000000 00000000 00000000 00000000
0x000000010c5e15d0:   00000000 00000000 00000000 00000000
0x000000010c5e15e0:   00000000 00000000 00000000 00000000 


Stack slot to memory mapping:
stack at sp + 0 slots: 0x00000001248542b0 is pointing into metadata
stack at sp + 1 slots: 0x0000000000000001 is an unknown value
stack at sp + 2 slots: 0x0000000288412988 is pointing into the stack for thread: 0x000000014e19f400
stack at sp + 3 slots: 0x0 is NULL
stack at sp + 4 slots: 0x000000014c8800a8 points into unknown readable memory: 0x000000010478e888 | 88 e8 78 04 01 00 00 00
stack at sp + 5 slots: 0x000000013c704cb0 is a global jni handle
stack at sp + 6 slots: 0x000000013c704cb0 is a global jni handle
stack at sp + 7 slots: 0x0000600000ad4770 points into unknown readable memory: 0x00006000023e9f90 | 90 9f 3e 02 00 60 00 00

StubRoutines::SafeFetchN [0x000000010c5e14ec, 0x000000010c5e14f8] (12 bytes)
[MachCode]
  0x000000010c5e14ec: 0100 40f9 | e003 01aa | c003 5fd6 
[/MachCode]

---------------  P R O C E S S  ---------------

Threads class SMR info:
_java_thread_list=0x000060000212e0a0, length=25, elements={
0x000000014e012000, 0x000000014e0c4a00, 0x000000014e0c5000, 0x000000013c810800,
0x000000013c81b000, 0x000000013c81b600, 0x000000013c81bc00, 0x000000013c81c200,
0x000000013c824800, 0x000000014e0c5c00, 0x000000014c817a00, 0x000000014c87dc00,
0x000000013c8fce00, 0x000000014e19f400, 0x000000014c87fe00, 0x000000014cad6600,
0x000000014cacfc00, 0x000000013c999800, 0x000000014e222000, 0x000000014ca89e00,
0x000000012d0aae00, 0x000000014d010e00, 0x000000014e6e1a00, 0x000000013cb65a00,
0x000000014cc77e00
}

Java Threads: ( => current thread )
  0x000000014e012000 JavaThread "main" [_thread_blocked, id=9731, stack(0x000000016d6d4000,0x000000016d8d7000)]
  0x000000014e0c4a00 JavaThread "Reference Handler" daemon [_thread_blocked, id=15875, stack(0x000000016e528000,0x000000016e72b000)]
  0x000000014e0c5000 JavaThread "Finalizer" daemon [_thread_blocked, id=17155, stack(0x000000016e734000,0x000000016e937000)]
  0x000000013c810800 JavaThread "Signal Dispatcher" daemon [_thread_blocked, id=22531, stack(0x000000016ea58000,0x000000016ec5b000)]
  0x000000013c81b000 JavaThread "Service Thread" daemon [_thread_blocked, id=41987, stack(0x000000016ec64000,0x000000016ee67000)]
  0x000000013c81b600 JavaThread "Monitor Deflation Thread" daemon [_thread_blocked, id=41475, stack(0x000000016ee70000,0x000000016f073000)]
  0x000000013c81bc00 JavaThread "C2 CompilerThread0" daemon [_thread_in_native, id=40963, stack(0x000000016f07c000,0x000000016f27f000)]
  0x000000013c81c200 JavaThread "C1 CompilerThread0" daemon [_thread_blocked, id=23299, stack(0x000000016f288000,0x000000016f48b000)]
  0x000000013c824800 JavaThread "Sweeper thread" daemon [_thread_blocked, id=23555, stack(0x000000016f494000,0x000000016f697000)]
  0x000000014e0c5c00 JavaThread "Common-Cleaner" daemon [_thread_blocked, id=40451, stack(0x000000016f6a0000,0x000000016f8a3000)]
  0x000000014c817a00 JavaThread "Monitor Ctrl-Break" daemon [_thread_in_native, id=39939, stack(0x000000016f8ac000,0x000000016faaf000)]
  0x000000014c87dc00 JavaThread "Notification Thread" daemon [_thread_blocked, id=24067, stack(0x000000016fab8000,0x000000016fcbb000)]
  0x000000013c8fce00 JavaThread "QuantumRenderer-0" daemon [_thread_blocked, id=24579, stack(0x0000000288004000,0x0000000288207000)]
=>0x000000014e19f400 JavaThread "InvokeLaterDispatcher" daemon [_thread_in_native, id=34571, stack(0x0000000288210000,0x0000000288413000)]
  0x000000014c87fe00 JavaThread "JavaFX Application Thread" [_thread_in_vm, id=259, stack(0x000000016ce4c000,0x000000016d648000)]
  0x000000014cad6600 JavaThread "JavaFX-Launcher" [_thread_blocked, id=55047, stack(0x000000028841c000,0x000000028861f000)]
  0x000000014cacfc00 JavaThread "Attach Listener" daemon [_thread_blocked, id=52235, stack(0x0000000289508000,0x000000028970b000)]
  0x000000013c999800 JavaThread "JFXMedia Player EventQueueThread" daemon [_thread_blocked, id=61191, stack(0x0000000289714000,0x0000000289917000)]
  0x000000014e222000 JavaThread "Prism Font Disposer" daemon [_thread_blocked, id=170759, stack(0x000000028e43c000,0x000000028e63f000)]
  0x000000014ca89e00 JavaThread "Media Resource Disposer" daemon [_thread_blocked, id=165639, stack(0x000000028e9f8000,0x000000028ebfb000)]
  0x000000012d0aae00 JavaThread "Cleaner-0" daemon [_thread_blocked, id=96783, stack(0x000000028ec04000,0x000000028ee07000)]
  0x000000014d010e00 JavaThread "PulseTimer-CVDisplayLink thread" daemon [_thread_in_native, id=1307, stack(0x0000000289b50000,0x0000000289bd3000)]
  0x000000014e6e1a00 JavaThread "JFXMedia Player EventQueueThread" daemon [_thread_blocked, id=162319, stack(0x000000028ee10000,0x000000028f013000)]
  0x000000013cb65a00 JavaThread "Timer-2" [_thread_blocked, id=160771, stack(0x000000028f1c0000,0x000000028f3c3000)]
  0x000000014cc77e00 JavaThread "Timer-3" daemon [_thread_blocked, id=89351, stack(0x000000028f3cc000,0x000000028f5cf000)]

Other Threads:
  0x000000014d80cb90 VMThread "VM Thread" [stack: 0x000000016e31c000,0x000000016e51f000] [id=15619]
  0x000000014c617850 WatcherThread [stack: 0x000000016fcc4000,0x000000016fec7000] [id=39427]
  0x000000014d8069b0 GCTaskThread "GC Thread#0" [stack: 0x000000016d8e0000,0x000000016dae3000] [id=19971]
  0x000000014c62f6e0 GCTaskThread "GC Thread#1" [stack: 0x00000002886b4000,0x00000002888b7000] [id=59395]
  0x000000012c71ef50 GCTaskThread "GC Thread#2" [stack: 0x00000002888c0000,0x0000000288ac3000] [id=59651]
  0x000000014c62fb60 GCTaskThread "GC Thread#3" [stack: 0x0000000288acc000,0x0000000288ccf000] [id=73987]
  0x000000014c6303d0 GCTaskThread "GC Thread#4" [stack: 0x0000000288cd8000,0x0000000288edb000] [id=73475]
  0x000000012c71f3d0 GCTaskThread "GC Thread#5" [stack: 0x0000000288ee4000,0x00000002890e7000] [id=73219]
  0x000000012c71ffc0 GCTaskThread "GC Thread#6" [stack: 0x00000002890f0000,0x00000002892f3000] [id=60419]
  0x000000012c720830 GCTaskThread "GC Thread#7" [stack: 0x00000002892fc000,0x00000002894ff000] [id=60931]
  0x000000014d807060 ConcurrentGCThread "G1 Main Marker" [stack: 0x000000016daec000,0x000000016dcef000] [id=12803]
  0x000000014d8078e0 ConcurrentGCThread "G1 Conc#0" [stack: 0x000000016dcf8000,0x000000016defb000] [id=19459]
  0x000000014d848e90 ConcurrentGCThread "G1 Conc#1" [stack: 0x000000028e648000,0x000000028e84b000] [id=170499]
  0x000000014d809750 ConcurrentGCThread "G1 Refine#0" [stack: 0x000000016df04000,0x000000016e107000] [id=14083]
  0x000000014d809ff0 ConcurrentGCThread "G1 Service" [stack: 0x000000016e110000,0x000000016e313000] [id=19203]

Threads with active compile tasks:
C2 CompilerThread0     4423 2425       4       javafx.scene.CssStyleHelper::resolveLookups (463 bytes)

VM state: not at safepoint (normal execution)

VM Mutex/Monitor currently owned by a thread: None

Heap address: 0x0000000780000000, size: 2048 MB, Compressed Oops mode: Zero based, Oop shift amount: 3

CDS archive(s) not mapped
Compressed class space mapped at: 0x0000000800000000-0x0000000840000000, reserved size: 1073741824
Narrow klass base: 0x0000000800000000, Narrow klass shift: 0, Narrow klass range: 0x40000000

GC Precious Log:
 CPUs: 8 total, 8 available
 Memory: 8192M
 Large Page Support: Disabled
 NUMA Support: Disabled
 Compressed Oops: Enabled (Zero based)
 Heap Region Size: 1M
 Heap Min Capacity: 8M
 Heap Initial Capacity: 128M
 Heap Max Capacity: 2G
 Pre-touch: Disabled
 Parallel Workers: 8
 Concurrent Workers: 2
 Concurrent Refinement Workers: 8
 Periodic GC: Disabled

Heap:
 garbage-first heap   total 30720K, used 14491K [0x0000000780000000, 0x0000000800000000)
  region size 1024K, 6 young (6144K), 1 survivors (1024K)
 Metaspace       used 25576K, committed 25792K, reserved 1073152K
  class space    used 3324K, committed 3456K, reserved 1048576K

Heap Regions: E=young(eden), S=young(survivor), O=old, HS=humongous(starts), HC=humongous(continues), CS=collection set, F=free, OA=open archive, CA=closed archive, TAMS=top-at-mark-start (previous, next)
|   0|0x0000000780000000, 0x0000000780100000, 0x0000000780100000|100%| O|  |TAMS 0x00000007800f0c00, 0x0000000780000000| Untracked 
|   1|0x0000000780100000, 0x0000000780200000, 0x0000000780200000|100%| O|  |TAMS 0x0000000780100000, 0x0000000780100000| Untracked 
|   2|0x0000000780200000, 0x0000000780300000, 0x0000000780300000|100%| O|  |TAMS 0x0000000780200000, 0x0000000780200000| Untracked 
|   3|0x0000000780300000, 0x0000000780300000, 0x0000000780400000|  0%| F|  |TAMS 0x0000000780300000, 0x0000000780300000| Untracked 
|   4|0x0000000780400000, 0x0000000780500000, 0x0000000780500000|100%| O|  |TAMS 0x0000000780400000, 0x0000000780400000| Untracked 
|   5|0x0000000780500000, 0x0000000780600000, 0x0000000780600000|100%| O|  |TAMS 0x0000000780500000, 0x0000000780500000| Untracked 
|   6|0x0000000780600000, 0x0000000780700000, 0x0000000780700000|100%| O|  |TAMS 0x0000000780600000, 0x0000000780600000| Untracked 
|   7|0x0000000780700000, 0x0000000780800000, 0x0000000780800000|100%| O|  |TAMS 0x0000000780700000, 0x0000000780700000| Untracked 
|   8|0x0000000780800000, 0x0000000780900000, 0x0000000780900000|100%| O|  |TAMS 0x0000000780800000, 0x0000000780800000| Untracked 
|   9|0x0000000780900000, 0x00000007809dd200, 0x0000000780a00000| 86%| O|  |TAMS 0x0000000780900000, 0x0000000780900000| Untracked 
|  10|0x0000000780a00000, 0x0000000780b00000, 0x0000000780b00000|100%|HS|  |TAMS 0x0000000780a00000, 0x0000000780a00000| Complete 
|  11|0x0000000780b00000, 0x0000000780c00000, 0x0000000780c00000|100%|HC|  |TAMS 0x0000000780b00000, 0x0000000780b00000| Complete 
|  12|0x0000000780c00000, 0x0000000780c00000, 0x0000000780d00000|  0%| F|  |TAMS 0x0000000780c00000, 0x0000000780c00000| Untracked 
|  13|0x0000000780d00000, 0x0000000780d00000, 0x0000000780e00000|  0%| F|  |TAMS 0x0000000780d00000, 0x0000000780d00000| Untracked 
|  14|0x0000000780e00000, 0x0000000780e00000, 0x0000000780f00000|  0%| F|  |TAMS 0x0000000780e00000, 0x0000000780e00000| Untracked 
|  15|0x0000000780f00000, 0x0000000780f00000, 0x0000000781000000|  0%| F|  |TAMS 0x0000000780f00000, 0x0000000780f00000| Untracked 
|  16|0x0000000781000000, 0x0000000781000000, 0x0000000781100000|  0%| F|  |TAMS 0x0000000781000000, 0x0000000781000000| Untracked 
|  17|0x0000000781100000, 0x0000000781100000, 0x0000000781200000|  0%| F|  |TAMS 0x0000000781100000, 0x0000000781100000| Untracked 
|  18|0x0000000781200000, 0x0000000781200000, 0x0000000781300000|  0%| F|  |TAMS 0x0000000781200000, 0x0000000781200000| Untracked 
|  19|0x0000000781300000, 0x0000000781300000, 0x0000000781400000|  0%| F|  |TAMS 0x0000000781300000, 0x0000000781300000| Untracked 
|  20|0x0000000781400000, 0x0000000781400000, 0x0000000781500000|  0%| F|  |TAMS 0x0000000781400000, 0x0000000781400000| Untracked 
|  21|0x0000000781500000, 0x0000000781500000, 0x0000000781600000|  0%| F|  |TAMS 0x0000000781500000, 0x0000000781500000| Untracked 
|  22|0x0000000781600000, 0x0000000781600000, 0x0000000781700000|  0%| F|  |TAMS 0x0000000781600000, 0x0000000781600000| Untracked 
|  23|0x0000000781700000, 0x0000000781700000, 0x0000000781800000|  0%| F|  |TAMS 0x0000000781700000, 0x0000000781700000| Untracked 
|  24|0x0000000781800000, 0x00000007818a5848, 0x0000000781900000| 64%| E|  |TAMS 0x0000000781800000, 0x0000000781800000| Complete 
|  98|0x0000000786200000, 0x0000000786300000, 0x0000000786300000|100%| E|CS|TAMS 0x0000000786200000, 0x0000000786200000| Complete 
|  99|0x0000000786300000, 0x0000000786400000, 0x0000000786400000|100%| E|CS|TAMS 0x0000000786300000, 0x0000000786300000| Complete 
| 100|0x0000000786400000, 0x0000000786500000, 0x0000000786500000|100%| E|CS|TAMS 0x0000000786400000, 0x0000000786400000| Complete 
| 101|0x0000000786500000, 0x0000000786549ce0, 0x0000000786600000| 28%| S|CS|TAMS 0x0000000786500000, 0x0000000786500000| Complete 
| 127|0x0000000787f00000, 0x0000000788000000, 0x0000000788000000|100%| E|  |TAMS 0x0000000787f00000, 0x0000000787f00000| Complete 

Card table byte_map: [0x0000000103150000,0x0000000103550000] _byte_map_base: 0x00000000ff550000

Marking Bits (Prev, Next): (CMBitMap*) 0x000000014e039650, (CMBitMap*) 0x000000014e039610
 Prev Bits: [0x000000011d5e0000, 0x000000011f5e0000)
 Next Bits: [0x000000011b5e0000, 0x000000011d5e0000)

Polling page: 0x000000010293c000

Metaspace:

Usage:
  Non-class:     21.73 MB used.
      Class:      3.25 MB used.
       Both:     24.98 MB used.

Virtual space:
  Non-class space:       24.00 MB reserved,      21.81 MB ( 91%) committed,  3 nodes.
      Class space:        1.00 GB reserved,       3.38 MB ( <1%) committed,  1 nodes.
             Both:        1.02 GB reserved,      25.19 MB (  2%) committed. 

Chunk freelists:
   Non-Class:  1.62 MB
       Class:  612.00 KB
        Both:  2.22 MB

MaxMetaspaceSize: unlimited
CompressedClassSpaceSize: 1.00 GB
Initial GC threshold: 21.00 MB
Current GC threshold: 35.12 MB
CDS: off
MetaspaceReclaimPolicy: balanced
 - commit_granule_bytes: 65536.
 - commit_granule_words: 8192.
 - virtual_space_node_default_size: 1048576.
 - enlarge_chunks_in_place: 1.
 - new_chunks_are_fully_committed: 0.
 - uncommit_free_chunks: 1.
 - use_allocation_guard: 0.
 - handle_deallocations: 1.


Internal statistics:

num_allocs_failed_limit: 3.
num_arena_births: 220.
num_arena_deaths: 0.
num_vsnodes_births: 4.
num_vsnodes_deaths: 0.
num_space_committed: 403.
num_space_uncommitted: 0.
num_chunks_returned_to_freelist: 3.
num_chunks_taken_from_freelist: 799.
num_chunk_merges: 3.
num_chunk_splits: 533.
num_chunks_enlarged: 402.
num_purges: 0.
num_inconsistent_stats: 0.

CodeHeap 'non-profiled nmethods': size=120032Kb used=908Kb max_used=908Kb free=119123Kb
 bounds [0x00000001140a8000, 0x0000000114318000, 0x000000011b5e0000]
CodeHeap 'profiled nmethods': size=120016Kb used=4593Kb max_used=4593Kb free=115422Kb
 bounds [0x000000010cb74000, 0x000000010cff4000, 0x00000001140a8000]
CodeHeap 'non-nmethods': size=5712Kb used=1408Kb max_used=1462Kb free=4303Kb
 bounds [0x000000010c5e0000, 0x000000010c850000, 0x000000010cb74000]
 total_blobs=3144 nmethods=2343 adapters=717
 compilation: enabled
              stopped_count=0, restarted_count=0
 full_count=0

Compilation events (20 events):
Event: 4.394 Thread 0x000000013c81c200 2419       1       com.sun.javafx.geom.transform.BaseTransform::getMzy (2 bytes)
Event: 4.394 Thread 0x000000013c81c200 nmethod 2419 0x0000000114189e90 code [0x000000011418a000, 0x000000011418a0e8]
Event: 4.394 Thread 0x000000013c81c200 2420       1       com.sun.javafx.geom.transform.BaseTransform::getMzz (2 bytes)
Event: 4.394 Thread 0x000000013c81c200 nmethod 2420 0x000000011418a190 code [0x000000011418a300, 0x000000011418a3e8]
Event: 4.395 Thread 0x000000013c81c200 2421       1       com.sun.prism.impl.ManagedResource::isPermanent (5 bytes)
Event: 4.395 Thread 0x000000013c81c200 nmethod 2421 0x000000011418a490 code [0x000000011418a600, 0x000000011418a6e8]
Event: 4.395 Thread 0x000000013c81c200 2422       3       java.lang.Thread::interrupted (23 bytes)
Event: 4.395 Thread 0x000000013c81c200 nmethod 2422 0x000000010cfed390 code [0x000000010cfed540, 0x000000010cfed718]
Event: 4.400 Thread 0x000000013c81c200 2423       1       com.sun.javafx.scene.NodeEventDispatcher::getFirstDispatcher (5 bytes)
Event: 4.400 Thread 0x000000013c81c200 nmethod 2423 0x000000011418a790 code [0x000000011418a900, 0x000000011418a9e8]
Event: 4.400 Thread 0x000000013c81c200 2424       1       com.sun.javafx.scene.NodeEventDispatcher::getLastDispatcher (5 bytes)
Event: 4.400 Thread 0x000000013c81c200 nmethod 2424 0x000000011418aa90 code [0x000000011418ac00, 0x000000011418ace8]
Event: 4.406 Thread 0x000000013c81bc00 2425       4       javafx.scene.CssStyleHelper::resolveLookups (463 bytes)
Event: 4.406 Thread 0x000000013c81c200 2427       1       javafx.scene.text.Font::getName (5 bytes)
Event: 4.407 Thread 0x000000013c81c200 nmethod 2427 0x000000011418ad90 code [0x000000011418af00, 0x000000011418afe8]
Event: 4.408 Thread 0x000000013c81c200 2428       3       com.sun.javafx.geom.RectBounds::setBounds (22 bytes)
Event: 4.408 Thread 0x000000013c81c200 nmethod 2428 0x000000010cfed810 code [0x000000010cfed9c0, 0x000000010cfedb28]
Event: 4.408 Thread 0x000000013c81c200 2429       1       com.sun.javafx.sg.prism.NGNode::getNodeBlendMode (5 bytes)
Event: 4.408 Thread 0x000000013c81c200 nmethod 2429 0x000000011418b090 code [0x000000011418b200, 0x000000011418b2e8]
Event: 4.408 Thread 0x000000013c81c200 2430       3       com.sun.javafx.geom.transform.Affine3D::concatenate (561 bytes)

GC Heap History (8 events):
Event: 0.740 GC heap before
{Heap before GC invocations=0 (full 0):
 garbage-first heap   total 131072K, used 22528K [0x0000000780000000, 0x0000000800000000)
  region size 1024K, 23 young (23552K), 0 survivors (0K)
 Metaspace       used 15804K, committed 16000K, reserved 1064960K
  class space    used 1700K, committed 1792K, reserved 1048576K
}
Event: 0.745 GC heap after
{Heap after GC invocations=1 (full 0):
 garbage-first heap   total 131072K, used 4035K [0x0000000780000000, 0x0000000800000000)
  region size 1024K, 3 young (3072K), 3 survivors (3072K)
 Metaspace       used 15804K, committed 16000K, reserved 1064960K
  class space    used 1700K, committed 1792K, reserved 1048576K
}
Event: 1.546 GC heap before
{Heap before GC invocations=1 (full 0):
 garbage-first heap   total 131072K, used 25539K [0x0000000780000000, 0x0000000800000000)
  region size 1024K, 26 young (26624K), 3 survivors (3072K)
 Metaspace       used 21310K, committed 21504K, reserved 1073152K
  class space    used 2539K, committed 2624K, reserved 1048576K
}
Event: 1.551 GC heap after
{Heap after GC invocations=2 (full 0):
 garbage-first heap   total 131072K, used 7889K [0x0000000780000000, 0x0000000800000000)
  region size 1024K, 4 young (4096K), 4 survivors (4096K)
 Metaspace       used 21310K, committed 21504K, reserved 1073152K
  class space    used 2539K, committed 2624K, reserved 1048576K
}
Event: 1.817 GC heap before
{Heap before GC invocations=3 (full 0):
 garbage-first heap   total 30720K, used 21201K [0x0000000780000000, 0x0000000800000000)
  region size 1024K, 18 young (18432K), 4 survivors (4096K)
 Metaspace       used 24356K, committed 24576K, reserved 1073152K
  class space    used 3185K, committed 3328K, reserved 1048576K
}
Event: 1.821 GC heap after
{Heap after GC invocations=4 (full 0):
 garbage-first heap   total 30720K, used 9230K [0x0000000780000000, 0x0000000800000000)
  region size 1024K, 2 young (2048K), 2 survivors (2048K)
 Metaspace       used 24356K, committed 24576K, reserved 1073152K
  class space    used 3185K, committed 3328K, reserved 1048576K
}
Event: 1.836 GC heap before
{Heap before GC invocations=4 (full 0):
 garbage-first heap   total 30720K, used 10254K [0x0000000780000000, 0x0000000800000000)
  region size 1024K, 3 young (3072K), 2 survivors (2048K)
 Metaspace       used 24667K, committed 24896K, reserved 1073152K
  class space    used 3223K, committed 3328K, reserved 1048576K
}
Event: 1.838 GC heap after
{Heap after GC invocations=5 (full 0):
 garbage-first heap   total 30720K, used 9371K [0x0000000780000000, 0x0000000800000000)
  region size 1024K, 1 young (1024K), 1 survivors (1024K)
 Metaspace       used 24667K, committed 24896K, reserved 1073152K
  class space    used 3223K, committed 3328K, reserved 1048576K
}

Deoptimization events (20 events):
Event: 1.879 Thread 0x000000013c8fce00 DEOPT PACKING pc=0x000000010cf56274 sp=0x00000002882054b0
Event: 1.879 Thread 0x000000013c8fce00 DEOPT UNPACKING pc=0x000000010c61eb7c sp=0x0000000288205110 mode 0
Event: 1.880 Thread 0x000000013c8fce00 DEOPT PACKING pc=0x000000010cf56338 sp=0x00000002882054b0
Event: 1.880 Thread 0x000000013c8fce00 DEOPT UNPACKING pc=0x000000010c61eb7c sp=0x0000000288205110 mode 0
Event: 1.881 Thread 0x000000013c8fce00 DEOPT PACKING pc=0x000000010cf56274 sp=0x00000002882054b0
Event: 1.881 Thread 0x000000013c8fce00 DEOPT UNPACKING pc=0x000000010c61eb7c sp=0x0000000288205110 mode 0
Event: 1.882 Thread 0x000000013c8fce00 DEOPT PACKING pc=0x000000010cf56338 sp=0x00000002882054b0
Event: 1.882 Thread 0x000000013c8fce00 DEOPT UNPACKING pc=0x000000010c61eb7c sp=0x0000000288205110 mode 0
Event: 1.882 Thread 0x000000013c8fce00 DEOPT PACKING pc=0x000000010cf56338 sp=0x00000002882054b0
Event: 1.882 Thread 0x000000013c8fce00 DEOPT UNPACKING pc=0x000000010c61eb7c sp=0x0000000288205110 mode 0
Event: 1.887 Thread 0x000000013c8fce00 DEOPT PACKING pc=0x000000010cf56274 sp=0x00000002882054b0
Event: 1.887 Thread 0x000000013c8fce00 DEOPT UNPACKING pc=0x000000010c61eb7c sp=0x0000000288205110 mode 0
Event: 1.887 Thread 0x000000013c8fce00 DEOPT PACKING pc=0x000000010cf56274 sp=0x00000002882054b0
Event: 1.887 Thread 0x000000013c8fce00 DEOPT UNPACKING pc=0x000000010c61eb7c sp=0x0000000288205110 mode 0
Event: 2.442 Thread 0x000000013c8fce00 DEOPT PACKING pc=0x000000010cf6c824 sp=0x00000002882056d0
Event: 2.442 Thread 0x000000013c8fce00 DEOPT UNPACKING pc=0x000000010c61eb7c sp=0x00000002882052d0 mode 0
Event: 2.442 Thread 0x000000013c8fce00 DEOPT PACKING pc=0x000000010cf766d4 sp=0x00000002882057f0
Event: 2.442 Thread 0x000000013c8fce00 DEOPT UNPACKING pc=0x000000010c61eb7c sp=0x0000000288205410 mode 0
Event: 2.444 Thread 0x000000013c8fce00 DEOPT PACKING pc=0x000000010cf76f60 sp=0x00000002882057b0
Event: 2.444 Thread 0x000000013c8fce00 DEOPT UNPACKING pc=0x000000010c61eb7c sp=0x0000000288205450 mode 0

Classes unloaded (0 events):
No events

Classes redefined (0 events):
No events

Internal exceptions (20 events):
Event: 1.557 Thread 0x000000014c87fe00 Exception <a 'java/lang/NoSuchMethodError'{0x0000000787f5a3b0}: 'java.lang.Object java.lang.invoke.DirectMethodHandle$Holder.invokeInterface(java.lang.Object, java.lang.Object, java.lang.Object)'> (0x0000000787f5a3b0) 
thrown [../../src/hotspot/share/interpreter/linkResolver.cpp, line 766]
Event: 1.557 Thread 0x000000014c87fe00 Exception <a 'java/lang/IncompatibleClassChangeError'{0x0000000787f5dd38}: Found class java.lang.Object, but interface was expected> (0x0000000787f5dd38) 
thrown [../../src/hotspot/share/interpreter/linkResolver.cpp, line 833]
Event: 1.582 Thread 0x000000014c87fe00 Exception <a 'java/lang/ClassNotFoundException'{0x00000007818a03d8}: com/sun/javafx/scene/control/skin/resources/controls> (0x00000007818a03d8) 
thrown [../../src/hotspot/share/prims/jni.cpp, line 535]
Event: 1.583 Thread 0x000000014c87fe00 Exception <a 'java/lang/ClassNotFoundException'{0x00000007818ae378}: com/sun/javafx/scene/control/skin/resources/controls_en> (0x00000007818ae378) 
thrown [../../src/hotspot/share/prims/jni.cpp, line 535]
Event: 1.583 Thread 0x000000014c87fe00 Exception <a 'java/lang/ClassNotFoundException'{0x00000007818af310}: com/sun/javafx/scene/control/skin/resources/controls_en_IN> (0x00000007818af310) 
thrown [../../src/hotspot/share/prims/jni.cpp, line 535]
Event: 1.640 Thread 0x000000014c87fe00 Exception <a 'java/lang/NoSuchMethodError'{0x000000078137f568}: 'void java.lang.invoke.DirectMethodHandle$Holder.invokeSpecialIFC(java.lang.Object, java.lang.Object, java.lang.Object, java.lang.Object)'> (0x000000078137f568) 
thrown [../../src/hotspot/share/interpreter/linkResolver.cpp, line 766]
Event: 1.662 Thread 0x000000014c87fe00 Exception <a 'java/lang/NoSuchMethodError'{0x00000007811b4d40}: 'int java.lang.invoke.DirectMethodHandle$Holder.invokeSpecial(java.lang.Object, java.lang.Object, int)'> (0x00000007811b4d40) 
thrown [../../src/hotspot/share/interpreter/linkResolver.cpp, line 766]
Event: 1.719 Thread 0x000000014c87fe00 Exception <a 'java/lang/NoSuchMethodError'{0x0000000780e87f70}: 'java.lang.Object java.lang.invoke.DirectMethodHandle$Holder.newInvokeSpecial(java.lang.Object, java.lang.Object, int)'> (0x0000000780e87f70) 
thrown [../../src/hotspot/share/interpreter/linkResolver.cpp, line 766]
Event: 1.783 Thread 0x000000014c87fe00 Exception <a 'java/lang/NoSuchMethodError'{0x0000000780ea3e80}: 'void java.lang.invoke.DirectMethodHandle$Holder.invokeSpecial(java.lang.Object, java.lang.Object, double)'> (0x0000000780ea3e80) 
thrown [../../src/hotspot/share/interpreter/linkResolver.cpp, line 766]
Event: 1.783 Thread 0x000000014c87fe00 Exception <a 'java/lang/NoSuchMethodError'{0x0000000780eaa2d8}: 'java.lang.Object java.lang.invoke.DirectMethodHandle$Holder.newInvokeSpecial(java.lang.Object, java.lang.Object, double)'> (0x0000000780eaa2d8) 
thrown [../../src/hotspot/share/interpreter/linkResolver.cpp, line 766]
Event: 1.783 Thread 0x000000014c87fe00 Exception <a 'java/lang/NoSuchMethodError'{0x0000000780eae1a0}: 'java.lang.Object java.lang.invoke.DirectMethodHandle$Holder.invokeSpecial(java.lang.Object, java.lang.Object, java.lang.Object, double)'> (0x0000000780eae1a0) 
thrown [../../src/hotspot/share/interpreter/linkResolver.cpp, line 766]
Event: 1.815 Thread 0x000000013c8fce00 Exception <a 'java/lang/NoSuchMethodError'{0x0000000780cdecf0}: 'int java.lang.invoke.DirectMethodHandle$Holder.invokeStaticInit(java.lang.Object, java.lang.Object)'> (0x0000000780cdecf0) 
thrown [../../src/hotspot/share/interpreter/linkResolver.cpp, line 766]
Event: 1.912 Thread 0x000000013c8fce00 Exception <a 'java/lang/NoSuchMethodError'{0x0000000786499bd8}: 'java.lang.Object java.lang.invoke.DirectMethodHandle$Holder.invokeStaticInit(java.lang.Object, int)'> (0x0000000786499bd8) 
thrown [../../src/hotspot/share/interpreter/linkResolver.cpp, line 766]
Event: 2.425 Thread 0x000000014c87fe00 Exception <a 'java/lang/NoSuchMethodError'{0x0000000786212600}: 'java.lang.Object java.lang.invoke.DirectMethodHandle$Holder.newInvokeSpecial(java.lang.Object, java.lang.Object, int, int, int, int, int, java.lang.Object)'> (0x0000000786212600) 
thrown [../../src/hotspot/share/interpreter/linkResolver.cpp, line 766]
Event: 2.426 Thread 0x000000014c87fe00 Exception <a 'java/lang/NoSuchMethodError'{0x00000007862259f0}: 'java.lang.Object java.lang.invoke.DirectMethodHandle$Holder.newInvokeSpecial(java.lang.Object, java.lang.Object, java.lang.Object, int, int, int, int, int)'> (0x00000007862259f0) 
thrown [../../src/hotspot/share/interpreter/linkResolver.cpp, line 766]
Event: 2.426 Thread 0x000000014c87fe00 Exception <a 'java/lang/NoSuchMethodError'{0x000000078622d250}: 'java.lang.Object java.lang.invoke.Invokers$Holder.linkToTargetMethod(java.lang.Object, java.lang.Object, int, int, int, int, int, java.lang.Object)'> (0x000000078622d250) 
thrown [../../src/hotspot/share/interpreter/linkResolver.cpp, line 766]
Event: 2.439 Thread 0x000000014c87fe00 Exception <a 'java/lang/NoSuchMethodError'{0x0000000786250f58}: 'long java.lang.invoke.DirectMethodHandle$Holder.invokeStatic(java.lang.Object, java.lang.Object, java.lang.Object)'> (0x0000000786250f58) 
thrown [../../src/hotspot/share/interpreter/linkResolver.cpp, line 766]
Event: 2.439 Thread 0x000000014c87fe00 Exception <a 'java/lang/NoSuchMethodError'{0x0000000786254700}: 'long java.lang.invoke.DirectMethodHandle$Holder.invokeStaticInit(java.lang.Object, java.lang.Object, java.lang.Object)'> (0x0000000786254700) 
thrown [../../src/hotspot/share/interpreter/linkResolver.cpp, line 766]
Event: 2.440 Thread 0x000000014c87fe00 Exception <a 'java/lang/NoSuchMethodError'{0x000000078626c758}: 'java.lang.Object java.lang.invoke.DirectMethodHandle$Holder.newInvokeSpecial(java.lang.Object, java.lang.Object, long)'> (0x000000078626c758) 
thrown [../../src/hotspot/share/interpreter/linkResolver.cpp, line 766]
Event: 2.441 Thread 0x000000014c87fe00 Exception <a 'java/lang/NoSuchMethodError'{0x0000000786270020}: 'java.lang.Object java.lang.invoke.Invokers$Holder.linkToTargetMethod(java.lang.Object, long, java.lang.Object)'> (0x0000000786270020) 
thrown [../../src/hotspot/share/interpreter/linkResolver.cpp, line 766]

VM Operations (20 events):
Event: 1.546 Executing VM operation: CollectForMetadataAllocation
Event: 1.551 Executing VM operation: CollectForMetadataAllocation done
Event: 1.555 Executing VM operation: G1Concurrent
Event: 1.556 Executing VM operation: G1Concurrent done
Event: 1.558 Executing VM operation: G1Concurrent
Event: 1.558 Executing VM operation: G1Concurrent done
Event: 1.600 Executing VM operation: HandshakeAllThreads
Event: 1.600 Executing VM operation: HandshakeAllThreads done
Event: 1.632 Executing VM operation: HandshakeAllThreads
Event: 1.632 Executing VM operation: HandshakeAllThreads done
Event: 1.643 Executing VM operation: ICBufferFull
Event: 1.644 Executing VM operation: ICBufferFull done
Event: 1.817 Executing VM operation: G1CollectForAllocation
Event: 1.821 Executing VM operation: G1CollectForAllocation done
Event: 1.836 Executing VM operation: G1CollectForAllocation
Event: 1.838 Executing VM operation: G1CollectForAllocation done
Event: 2.842 Executing VM operation: Cleanup
Event: 2.842 Executing VM operation: Cleanup done
Event: 3.847 Executing VM operation: Cleanup
Event: 3.848 Executing VM operation: Cleanup done

Events (20 events):
Event: 4.147 Protecting memory [0x000000028f134000,0x000000028f140000] with protection modes 3
Event: 4.147 Thread 0x000000014e6a6c00 Thread exited: 0x000000014e6a6c00
Event: 4.147 Protecting memory [0x000000028f134000,0x000000028f140000] with protection modes 0
Event: 4.147 Thread 0x000000014cc77e00 Thread added: 0x000000014cc77e00
Event: 4.147 Protecting memory [0x000000028f134000,0x000000028f140000] with protection modes 3
Event: 4.147 Thread 0x000000014cc77e00 Thread exited: 0x000000014cc77e00
Event: 4.148 Protecting memory [0x000000028f134000,0x000000028f140000] with protection modes 0
Event: 4.148 Thread 0x000000014cc77e00 Thread added: 0x000000014cc77e00
Event: 4.148 Protecting memory [0x000000028f134000,0x000000028f140000] with protection modes 3
Event: 4.148 Thread 0x000000014cc77e00 Thread exited: 0x000000014cc77e00
Event: 4.154 Protecting memory [0x000000016ff5c000,0x000000016ff68000] with protection modes 0
Event: 4.154 Thread 0x000000014e27a600 Thread added: 0x000000014e27a600
Event: 4.154 Protecting memory [0x000000016ff5c000,0x000000016ff68000] with protection modes 3
Event: 4.154 Thread 0x000000014e27a600 Thread exited: 0x000000014e27a600
Event: 4.155 Protecting memory [0x000000016ff5c000,0x000000016ff68000] with protection modes 0
Event: 4.155 Thread 0x000000014e27a600 Thread added: 0x000000014e27a600
Event: 4.155 Protecting memory [0x000000016ff5c000,0x000000016ff68000] with protection modes 3
Event: 4.155 Thread 0x000000014e27a600 Thread exited: 0x000000014e27a600
Event: 4.155 Thread 0x000000014cc77e00 Thread added: 0x000000014cc77e00
Event: 4.155 Protecting memory [0x000000028f3cc000,0x000000028f3d8000] with protection modes 0


Dynamic libraries:
0x00000001028ec000 	/Library/Java/JavaVirtualMachines/temurin-17.jdk/Contents/Home/lib/libjli.dylib
0x00000001be29e000 	/usr/lib/libz.1.dylib
0x00000001be355000 	/usr/lib/libSystem.B.dylib
0x00000001be34f000 	/usr/lib/system/libcache.dylib
0x00000001be30d000 	/usr/lib/system/libcommonCrypto.dylib
0x00000001be336000 	/usr/lib/system/libcompiler_rt.dylib
0x00000001be32d000 	/usr/lib/system/libcopyfile.dylib
0x00000001b357b000 	/usr/lib/system/libcorecrypto.dylib
0x00000001b3630000 	/usr/lib/system/libdispatch.dylib
0x00000001b37fe000 	/usr/lib/system/libdyld.dylib
0x00000001be345000 	/usr/lib/system/libkeymgr.dylib
0x00000001be2e8000 	/usr/lib/system/libmacho.dylib
0x00000001bd9d8000 	/usr/lib/system/libquarantine.dylib
0x00000001be342000 	/usr/lib/system/libremovefile.dylib
0x00000001b8974000 	/usr/lib/system/libsystem_asl.dylib
0x00000001b351d000 	/usr/lib/system/libsystem_blocks.dylib
0x00000001b36b8000 	/usr/lib/system/libsystem_c.dylib
0x00000001be33a000 	/usr/lib/system/libsystem_collections.dylib
0x00000001bce6d000 	/usr/lib/system/libsystem_configuration.dylib
0x00000001bc0c9000 	/usr/lib/system/libsystem_containermanager.dylib
0x00000001be045000 	/usr/lib/system/libsystem_coreservices.dylib
0x00000001b5f2e000 	/usr/lib/system/libsystem_darwin.dylib
0x00000001be346000 	/usr/lib/system/libsystem_dnssd.dylib
0x00000001b36b5000 	/usr/lib/system/libsystem_featureflags.dylib
0x00000001b3813000 	/usr/lib/system/libsystem_info.dylib
0x00000001be2b0000 	/usr/lib/system/libsystem_m.dylib
0x00000001b3605000 	/usr/lib/system/libsystem_malloc.dylib
0x00000001b8902000 	/usr/lib/system/libsystem_networkextension.dylib
0x00000001b6387000 	/usr/lib/system/libsystem_notify.dylib
0x00000001c46a8000 	/usr/lib/system/libsystem_product_info_filter.dylib
0x00000001bce72000 	/usr/lib/system/libsystem_sandbox.dylib
0x00000001be33f000 	/usr/lib/system/libsystem_secinit.dylib
0x00000001b37b9000 	/usr/lib/system/libsystem_kernel.dylib
0x00000001b380b000 	/usr/lib/system/libsystem_platform.dylib
0x00000001b37f1000 	/usr/lib/system/libsystem_pthread.dylib
0x00000001ba0d4000 	/usr/lib/system/libsystem_symptoms.dylib
0x00000001b3561000 	/usr/lib/system/libsystem_trace.dylib
0x00000001be31a000 	/usr/lib/system/libunwind.dylib
0x00000001b351f000 	/usr/lib/system/libxpc.dylib
0x00000001b37a1000 	/usr/lib/libc++abi.dylib
0x00000001b3677000 	/usr/lib/libobjc.A.dylib
0x00000001be325000 	/usr/lib/liboah.dylib
0x00000001b373a000 	/usr/lib/libc++.1.dylib
0x00000001ca1ce000 	/System/Library/Frameworks/Cocoa.framework/Versions/A/Cocoa
0x00000001b63e8000 	/System/Library/Frameworks/AppKit.framework/Versions/C/AppKit
0x00000001b98fb000 	/System/Library/Frameworks/CoreData.framework/Versions/A/CoreData
0x00000001b4743000 	/System/Library/Frameworks/Foundation.framework/Versions/C/Foundation
0x00000001b72a0000 	/System/Library/PrivateFrameworks/UIFoundation.framework/Versions/A/UIFoundation
0x00000001c43a2000 	/System/Library/PrivateFrameworks/RemoteViewServices.framework/Versions/A/RemoteViewServices
0x00000001bc815000 	/System/Library/PrivateFrameworks/XCTTargetBootstrap.framework/Versions/A/XCTTargetBootstrap
0x00000001c0095000 	/System/Library/PrivateFrameworks/InternationalSupport.framework/Versions/A/InternationalSupport
0x00000001c011e000 	/System/Library/PrivateFrameworks/UserActivity.framework/Versions/A/UserActivity
0x00000001bf58c000 	/usr/lib/libspindump.dylib
0x00000001b7511000 	/System/Library/Frameworks/UniformTypeIdentifiers.framework/Versions/A/UniformTypeIdentifiers
0x00000001bad5f000 	/usr/lib/libapp_launch_measurement.dylib
0x00000001ba286000 	/System/Library/PrivateFrameworks/CoreAnalytics.framework/Versions/A/CoreAnalytics
0x00000001bad62000 	/System/Library/PrivateFrameworks/CoreAutoLayout.framework/Versions/A/CoreAutoLayout
0x00000001bc106000 	/System/Library/Frameworks/Metal.framework/Versions/A/Metal
0x00000001bce7d000 	/usr/lib/liblangid.dylib
0x00000001bc81a000 	/System/Library/PrivateFrameworks/CoreSVG.framework/Versions/A/CoreSVG
0x00000001b89a8000 	/System/Library/PrivateFrameworks/SkyLight.framework/Versions/A/SkyLight
0x00000001b8d81000 	/System/Library/Frameworks/CoreGraphics.framework/Versions/A/CoreGraphics
0x00000001c4a6e000 	/System/Library/Frameworks/Accelerate.framework/Versions/A/Accelerate
0x00000001bf003000 	/System/Library/PrivateFrameworks/IconServices.framework/Versions/A/IconServices
0x00000001bc0e8000 	/System/Library/Frameworks/IOSurface.framework/Versions/A/IOSurface
0x00000001ba2b7000 	/usr/lib/libDiagnosticMessagesClient.dylib
0x00000001c7f6f000 	/System/Library/Frameworks/ApplicationServices.framework/Versions/A/ApplicationServices
0x00000001bc7fd000 	/System/Library/PrivateFrameworks/DFRFoundation.framework/Versions/A/DFRFoundation
0x00000001b5c78000 	/usr/lib/libicucore.A.dylib
0x00000001c0f42000 	/System/Library/Frameworks/AudioToolbox.framework/Versions/A/AudioToolbox
0x00000001c00a1000 	/System/Library/PrivateFrameworks/DataDetectorsCore.framework/Versions/A/DataDetectorsCore
0x00000001d6a9b000 	/System/Library/PrivateFrameworks/TextInput.framework/Versions/A/TextInput
0x00000001b891d000 	/usr/lib/libMobileGestalt.dylib
0x00000001bc4c9000 	/System/Library/Frameworks/Carbon.framework/Versions/A/Frameworks/HIToolbox.framework/Versions/A/HIToolbox
0x00000001ba737000 	/System/Library/Frameworks/QuartzCore.framework/Versions/A/QuartzCore
0x00000001b58f9000 	/System/Library/Frameworks/Security.framework/Versions/A/Security
0x00000001c43e2000 	/System/Library/Frameworks/Carbon.framework/Versions/A/Frameworks/SpeechRecognition.framework/Versions/A/SpeechRecognition
0x00000001baab5000 	/System/Library/PrivateFrameworks/CoreUI.framework/Versions/A/CoreUI
0x00000001b51d5000 	/System/Library/Frameworks/CoreAudio.framework/Versions/A/CoreAudio
0x00000001ba3ab000 	/System/Library/Frameworks/DiskArbitration.framework/Versions/A/DiskArbitration
0x00000001bf996000 	/System/Library/PrivateFrameworks/MultitouchSupport.framework/Versions/A/MultitouchSupport
0x00000001b891b000 	/usr/lib/libenergytrace.dylib
0x00000001b62b0000 	/System/Library/Frameworks/IOKit.framework/Versions/A/IOKit
0x00000001c47d1000 	/System/Library/Frameworks/CoreServices.framework/Versions/A/CoreServices
0x00000001bacef000 	/System/Library/PrivateFrameworks/PerformanceAnalysis.framework/Versions/A/PerformanceAnalysis
0x0000000214ed3000 	/System/Library/Frameworks/OpenGL.framework/Versions/A/OpenGL
0x00000001bd8f0000 	/System/Library/PrivateFrameworks/MobileKeyBag.framework/Versions/A/MobileKeyBag
0x00000001b938f000 	/System/Library/Frameworks/ColorSync.framework/Versions/A/ColorSync
0x00000001b3840000 	/System/Library/Frameworks/CoreFoundation.framework/Versions/A/CoreFoundation
0x00000001bca99000 	/System/Library/Frameworks/CoreImage.framework/Versions/A/CoreImage
0x00000001b4ff9000 	/System/Library/Frameworks/CoreText.framework/Versions/A/CoreText
0x00000001bc84a000 	/System/Library/Frameworks/ImageIO.framework/Versions/A/ImageIO
0x00000001be35b000 	/System/Library/PrivateFrameworks/SoftLinking.framework/Versions/A/SoftLinking
0x00000001badad000 	/usr/lib/libxml2.2.dylib
0x00000001be5f4000 	/usr/lib/libcompression.dylib
0x00000001bfff1000 	/System/Library/PrivateFrameworks/TextureIO.framework/Versions/A/TextureIO
0x00000001bed1c000 	/usr/lib/libate.dylib
0x00000001bebe1000 	/usr/lib/liblzma.5.dylib
0x00000001b4436000 	/System/Library/Frameworks/SystemConfiguration.framework/Versions/A/SystemConfiguration
0x00000001be357000 	/usr/lib/libfakelink.dylib
0x00000001b844d000 	/System/Library/Frameworks/CFNetwork.framework/Versions/A/CFNetwork
0x00000001be49d000 	/usr/lib/libarchive.2.dylib
0x00000001bce79000 	/System/Library/PrivateFrameworks/AppleSystemInfo.framework/Versions/A/AppleSystemInfo
0x00000001bda03000 	/usr/lib/libbsm.0.dylib
0x00000001b79ba000 	/usr/lib/libnetwork.dylib
0x00000001be2f1000 	/usr/lib/system/libkxld.dylib
0x00000001bd61d000 	/System/Library/PrivateFrameworks/IOMobileFramebuffer.framework/Versions/A/IOMobileFramebuffer
0x0000000232b9c000 	/usr/lib/libCoreEntitlements.dylib
0x00000001be027000 	/System/Library/PrivateFrameworks/AppleFSCompression.framework/Versions/A/AppleFSCompression
0x00000001bd9eb000 	/usr/lib/libcoretls.dylib
0x00000001bebfa000 	/usr/lib/libcoretls_cfhelpers.dylib
0x00000001be5ef000 	/usr/lib/libpam.2.dylib
0x00000001b9ceb000 	/usr/lib/libsqlite3.dylib
0x00000001bec63000 	/usr/lib/libxar.1.dylib
0x00000001be038000 	/usr/lib/libbz2.1.0.dylib
0x00000001be35c000 	/usr/lib/libpcap.A.dylib
0x00000001ba0cb000 	/usr/lib/libdns_services.dylib
0x00000001be5c2000 	/usr/lib/libapple_nghttp2.dylib
0x00000001be399000 	/usr/lib/libiconv.2.dylib
0x00000001be2e7000 	/usr/lib/libcharset.1.dylib
0x00000001bad2b000 	/System/Library/Frameworks/CoreServices.framework/Versions/A/Frameworks/FSEvents.framework/Versions/A/FSEvents
0x00000001b5f39000 	/System/Library/Frameworks/CoreServices.framework/Versions/A/Frameworks/CarbonCore.framework/Versions/A/CarbonCore
0x00000001ba30b000 	/System/Library/Frameworks/CoreServices.framework/Versions/A/Frameworks/Metadata.framework/Versions/A/Metadata
0x00000001be04b000 	/System/Library/Frameworks/CoreServices.framework/Versions/A/Frameworks/OSServices.framework/Versions/A/OSServices
0x00000001be523000 	/System/Library/Frameworks/CoreServices.framework/Versions/A/Frameworks/SearchKit.framework/Versions/A/SearchKit
0x00000001ba05a000 	/System/Library/Frameworks/CoreServices.framework/Versions/A/Frameworks/AE.framework/Versions/A/AE
0x00000001b3d87000 	/System/Library/Frameworks/CoreServices.framework/Versions/A/Frameworks/LaunchServices.framework/Versions/A/LaunchServices
0x00000001beb8a000 	/System/Library/Frameworks/CoreServices.framework/Versions/A/Frameworks/DictionaryServices.framework/Versions/A/DictionaryServices
0x00000001bad38000 	/System/Library/Frameworks/CoreServices.framework/Versions/A/Frameworks/SharedFileList.framework/Versions/A/SharedFileList
0x00000001bd9db000 	/usr/lib/libCheckFix.dylib
0x00000001b898c000 	/System/Library/PrivateFrameworks/TCC.framework/Versions/A/TCC
0x00000001bce7f000 	/System/Library/PrivateFrameworks/CoreNLP.framework/Versions/A/CoreNLP
0x00000001ba2ba000 	/System/Library/PrivateFrameworks/MetadataUtilities.framework/Versions/A/MetadataUtilities
0x00000001b44f0000 	/usr/lib/libmecabra.dylib
0x00000001bda14000 	/usr/lib/libmecab.dylib
0x00000001b44bc000 	/usr/lib/libCRFSuite.dylib
0x00000001bda71000 	/usr/lib/libgermantok.dylib
0x00000001be59b000 	/usr/lib/libThaiTokenizer.dylib
0x00000001ba3b3000 	/System/Library/Frameworks/Accelerate.framework/Versions/A/Frameworks/vImage.framework/Versions/A/vImage
0x00000001c47a8000 	/System/Library/Frameworks/Accelerate.framework/Versions/A/Frameworks/vecLib.framework/Versions/A/vecLib
0x00000001beca8000 	/System/Library/Frameworks/Accelerate.framework/Versions/A/Frameworks/vecLib.framework/Versions/A/libvMisc.dylib
0x00000001bd524000 	/System/Library/Frameworks/Accelerate.framework/Versions/A/Frameworks/vecLib.framework/Versions/A/libvDSP.dylib
0x00000001b4111000 	/System/Library/Frameworks/Accelerate.framework/Versions/A/Frameworks/vecLib.framework/Versions/A/libBLAS.dylib
0x00000001be6c5000 	/System/Library/Frameworks/Accelerate.framework/Versions/A/Frameworks/vecLib.framework/Versions/A/libLAPACK.dylib
0x00000001bda74000 	/System/Library/Frameworks/Accelerate.framework/Versions/A/Frameworks/vecLib.framework/Versions/A/libLinearAlgebra.dylib
0x00000001be5da000 	/System/Library/Frameworks/Accelerate.framework/Versions/A/Frameworks/vecLib.framework/Versions/A/libSparseBLAS.dylib
0x00000001be6c0000 	/System/Library/Frameworks/Accelerate.framework/Versions/A/Frameworks/vecLib.framework/Versions/A/libQuadrature.dylib
0x00000001bcf78000 	/System/Library/Frameworks/Accelerate.framework/Versions/A/Frameworks/vecLib.framework/Versions/A/libBNNS.dylib
0x00000001b43cf000 	/System/Library/Frameworks/Accelerate.framework/Versions/A/Frameworks/vecLib.framework/Versions/A/libSparse.dylib
0x00000001bcf70000 	/System/Library/PrivateFrameworks/LinguisticData.framework/Versions/A/LinguisticData
0x00000001b4387000 	/System/Library/PrivateFrameworks/Lexicon.framework/Versions/A/Lexicon
0x00000001beca0000 	/usr/lib/libChineseTokenizer.dylib
0x00000001b4b35000 	/System/Library/PrivateFrameworks/LanguageModeling.framework/Versions/A/LanguageModeling
0x00000001be59d000 	/System/Library/PrivateFrameworks/AppleSauce.framework/Versions/A/AppleSauce
0x00000001bd60a000 	/System/Library/PrivateFrameworks/CoreEmoji.framework/Versions/A/CoreEmoji
0x00000001be48b000 	/usr/lib/libcmph.dylib
0x00000001bad0b000 	/System/Library/Frameworks/OpenDirectory.framework/Versions/A/Frameworks/CFOpenDirectory.framework/Versions/A/CFOpenDirectory
0x00000001bacfb000 	/System/Library/Frameworks/OpenDirectory.framework/Versions/A/OpenDirectory
0x00000001bebfc000 	/System/Library/PrivateFrameworks/APFS.framework/Versions/A/APFS
0x00000001bd92b000 	/System/Library/Frameworks/SecurityFoundation.framework/Versions/A/SecurityFoundation
0x00000001bec72000 	/usr/lib/libutil.dylib
0x00000001b6272000 	/System/Library/PrivateFrameworks/CoreServicesStore.framework/Versions/A/CoreServicesStore
0x00000001bec76000 	/usr/lib/libxslt.1.dylib
0x00000001bd9bf000 	/System/Library/PrivateFrameworks/BackgroundTaskManagement.framework/Versions/A/BackgroundTaskManagement
0x00000001bff12000 	/System/Library/Frameworks/ImageIO.framework/Versions/A/Resources/libRadiance.dylib
0x00000001bff1b000 	/System/Library/Frameworks/ImageIO.framework/Versions/A/Resources/libJPEG.dylib
0x00000001bfe6e000 	/System/Library/Frameworks/ImageIO.framework/Versions/A/Resources/libPng.dylib
0x00000001bfe90000 	/System/Library/Frameworks/ImageIO.framework/Versions/A/Resources/libTIFF.dylib
0x00000001bff76000 	/System/Library/Frameworks/ImageIO.framework/Versions/A/Resources/libGIF.dylib
0x00000001bf8a6000 	/System/Library/Frameworks/ImageIO.framework/Versions/A/Resources/libJP2.dylib
0x00000001befc8000 	/usr/lib/libexpat.1.dylib
0x00000001bf861000 	/System/Library/PrivateFrameworks/AppleJPEG.framework/Versions/A/AppleJPEG
0x00000001bc385000 	/System/Library/PrivateFrameworks/FontServices.framework/libFontParser.dylib
0x00000001b9fff000 	/System/Library/PrivateFrameworks/RunningBoardServices.framework/Versions/A/RunningBoardServices
0x00000001ca8a4000 	/System/Library/PrivateFrameworks/IOSurfaceAccelerator.framework/Versions/A/IOSurfaceAccelerator
0x00000001bf992000 	/System/Library/PrivateFrameworks/WatchdogClient.framework/Versions/A/WatchdogClient
0x00000001b4c35000 	/System/Library/Frameworks/CoreDisplay.framework/Versions/A/CoreDisplay
0x00000001bc26f000 	/System/Library/Frameworks/CoreMedia.framework/Versions/A/CoreMedia
0x00000001bc0fc000 	/System/Library/PrivateFrameworks/IOAccelerator.framework/Versions/A/IOAccelerator
0x00000001bae9b000 	/System/Library/Frameworks/CoreVideo.framework/Versions/A/CoreVideo
0x00000001be5ed000 	/System/Library/Frameworks/MetalPerformanceShaders.framework/Versions/A/MetalPerformanceShaders
0x00000001bf9d1000 	/System/Library/Frameworks/VideoToolbox.framework/Versions/A/VideoToolbox
0x00000001b9f43000 	/System/Library/PrivateFrameworks/BaseBoard.framework/Versions/A/BaseBoard
0x00000001b9cd1000 	/System/Library/PrivateFrameworks/ProtocolBuffer.framework/Versions/A/ProtocolBuffer
0x00000001bff0d000 	/System/Library/PrivateFrameworks/GPUWrangler.framework/Versions/A/GPUWrangler
0x00000001bfeed000 	/System/Library/PrivateFrameworks/IOPresentment.framework/Versions/A/IOPresentment
0x00000001bff15000 	/System/Library/PrivateFrameworks/DSExternalDisplay.framework/Versions/A/DSExternalDisplay
0x0000000214ec6000 	/System/Library/Frameworks/OpenGL.framework/Versions/A/Libraries/libCoreFSCache.dylib
0x000000021f68c000 	/System/Library/PrivateFrameworks/GPUCompiler.framework/Versions/31001/Libraries/libGPUCompilerUtils.dylib
0x00000001bff7b000 	/System/Library/PrivateFrameworks/CMCaptureCore.framework/Versions/A/CMCaptureCore
0x00000001bf579000 	/System/Library/PrivateFrameworks/AppServerSupport.framework/Versions/A/AppServerSupport
0x00000001c17ff000 	/System/Library/PrivateFrameworks/perfdata.framework/Versions/A/perfdata
0x00000001b4d55000 	/System/Library/PrivateFrameworks/AudioToolboxCore.framework/Versions/A/AudioToolboxCore
0x00000001bc248000 	/System/Library/PrivateFrameworks/caulk.framework/Versions/A/caulk
0x00000001c10f4000 	/usr/lib/libAudioStatistics.dylib
0x00000001d30f3000 	/System/Library/PrivateFrameworks/SystemPolicy.framework/Versions/A/SystemPolicy
0x00000001c1360000 	/usr/lib/libSMC.dylib
0x00000001ca0ac000 	/System/Library/Frameworks/CoreMIDI.framework/Versions/A/CoreMIDI
0x00000001bfe3c000 	/usr/lib/libAudioToolboxUtility.dylib
0x00000001cf263000 	/System/Library/PrivateFrameworks/OSAServicesClient.framework/Versions/A/OSAServicesClient
0x00000001c180c000 	/usr/lib/libperfcheck.dylib
0x00000001d3c0f000 	/usr/lib/libmis.dylib
0x0000000214f28000 	/System/Library/Frameworks/OpenGL.framework/Versions/A/Libraries/libGLU.dylib
0x0000000214ee7000 	/System/Library/Frameworks/OpenGL.framework/Versions/A/Libraries/libGFXShared.dylib
0x00000002150d4000 	/System/Library/Frameworks/OpenGL.framework/Versions/A/Libraries/libGL.dylib
0x0000000214ef0000 	/System/Library/Frameworks/OpenGL.framework/Versions/A/Libraries/libGLImage.dylib
0x0000000214ee4000 	/System/Library/Frameworks/OpenGL.framework/Versions/A/Libraries/libCVMSPluginSupport.dylib
0x0000000214ecd000 	/System/Library/Frameworks/OpenGL.framework/Versions/A/Libraries/libCoreVMClient.dylib
0x00000001bcdf9000 	/System/Library/Frameworks/MetalPerformanceShaders.framework/Versions/A/Frameworks/MPSCore.framework/Versions/A/MPSCore
0x00000001bdf9a000 	/System/Library/Frameworks/MetalPerformanceShaders.framework/Versions/A/Frameworks/MPSImage.framework/Versions/A/MPSImage
0x00000001bda89000 	/System/Library/Frameworks/MetalPerformanceShaders.framework/Versions/A/Frameworks/MPSNeuralNetwork.framework/Versions/A/MPSNeuralNetwork
0x00000001bdec2000 	/System/Library/Frameworks/MetalPerformanceShaders.framework/Versions/A/Frameworks/MPSMatrix.framework/Versions/A/MPSMatrix
0x00000001bdc9b000 	/System/Library/Frameworks/MetalPerformanceShaders.framework/Versions/A/Frameworks/MPSRayIntersector.framework/Versions/A/MPSRayIntersector
0x00000001bdef3000 	/System/Library/Frameworks/MetalPerformanceShaders.framework/Versions/A/Frameworks/MPSNDArray.framework/Versions/A/MPSNDArray
0x00000002172ef000 	/System/Library/Frameworks/MetalPerformanceShaders.framework/Versions/A/Frameworks/MPSFunctions.framework/Versions/A/MPSFunctions
0x00000001b3fe8000 	/System/Library/PrivateFrameworks/MetalTools.framework/Versions/A/MetalTools
0x00000001bce77000 	/System/Library/PrivateFrameworks/AggregateDictionary.framework/Versions/A/AggregateDictionary
0x00000001bedad000 	/usr/lib/libIOReport.dylib
0x00000001c90c9000 	/System/Library/PrivateFrameworks/ASEProcessing.framework/Versions/A/ASEProcessing
0x00000001bf122000 	/System/Library/PrivateFrameworks/FaceCore.framework/Versions/A/FaceCore
0x00000001bf114000 	/System/Library/PrivateFrameworks/GraphVisualizer.framework/Versions/A/GraphVisualizer
0x000000021f5a3000 	/System/Library/PrivateFrameworks/FontServices.framework/Versions/A/FontServices
0x00000001bf535000 	/System/Library/PrivateFrameworks/OTSVG.framework/Versions/A/OTSVG
0x00000001baa65000 	/System/Library/Frameworks/ApplicationServices.framework/Versions/A/Frameworks/ATS.framework/Versions/A/Resources/libFontRegistry.dylib
0x00000001bf582000 	/System/Library/PrivateFrameworks/FontServices.framework/libhvf.dylib
0x000000021f5a4000 	/System/Library/PrivateFrameworks/FontServices.framework/libXTFontStaticRegistryData.dylib
0x0000000215275000 	/System/Library/Frameworks/OpenCL.framework/Versions/A/OpenCL
0x00000001bef7c000 	/System/Library/PrivateFrameworks/AppleVA.framework/Versions/A/AppleVA
0x00000001c111c000 	/System/Library/Frameworks/ApplicationServices.framework/Versions/A/Frameworks/ATS.framework/Versions/A/ATS
0x00000001b948e000 	/System/Library/Frameworks/ApplicationServices.framework/Versions/A/Frameworks/HIServices.framework/Versions/A/HIServices
0x00000001bff85000 	/System/Library/Frameworks/ApplicationServices.framework/Versions/A/Frameworks/PrintCore.framework/Versions/A/PrintCore
0x00000001c14b3000 	/System/Library/Frameworks/ApplicationServices.framework/Versions/A/Frameworks/QD.framework/Versions/A/QD
0x00000001c14ab000 	/System/Library/Frameworks/ApplicationServices.framework/Versions/A/Frameworks/ColorSyncLegacy.framework/Versions/A/ColorSyncLegacy
0x00000001c1108000 	/System/Library/Frameworks/ApplicationServices.framework/Versions/A/Frameworks/SpeechSynthesis.framework/Versions/A/SpeechSynthesis
0x00000001bff46000 	/System/Library/Frameworks/ApplicationServices.framework/Versions/A/Frameworks/ATSUI.framework/Versions/A/ATSUI
0x00000001c1440000 	/usr/lib/libcups.2.dylib
0x00000001c181a000 	/System/Library/Frameworks/Kerberos.framework/Versions/A/Kerberos
0x00000001c182b000 	/System/Library/Frameworks/GSS.framework/Versions/A/GSS
0x00000001c118c000 	/usr/lib/libresolv.9.dylib
0x00000001bf591000 	/System/Library/PrivateFrameworks/Heimdal.framework/Versions/A/Heimdal
0x00000001c82ff000 	/System/Library/Frameworks/Kerberos.framework/Versions/A/Libraries/libHeimdalProxy.dylib
0x00000001ba0dd000 	/System/Library/Frameworks/Network.framework/Versions/A/Network
0x00000001befe3000 	/usr/lib/libheimdal-asn1.dylib
0x00000001c187b000 	/System/Library/PrivateFrameworks/CommonAuth.framework/Versions/A/CommonAuth
0x00000001c1082000 	/System/Library/PrivateFrameworks/AudioSession.framework/Versions/A/AudioSession
0x00000001bf075000 	/System/Library/PrivateFrameworks/MediaExperience.framework/Versions/A/MediaExperience
0x00000001c0f08000 	/System/Library/PrivateFrameworks/AudioSession.framework/libSessionUtility.dylib
0x00000001c14bf000 	/System/Library/PrivateFrameworks/AudioResourceArbitration.framework/Versions/A/AudioResourceArbitration
0x00000001c5685000 	/System/Library/PrivateFrameworks/PowerLog.framework/Versions/A/PowerLog
0x00000001befed000 	/System/Library/PrivateFrameworks/IconFoundation.framework/Versions/A/IconFoundation
0x00000001c43ce000 	/System/Library/PrivateFrameworks/SpeechRecognitionCore.framework/Versions/A/SpeechRecognitionCore
0x0000000103b78000 	/Library/Java/JavaVirtualMachines/temurin-17.jdk/Contents/Home/lib/server/libjvm.dylib
0x0000000102950000 	/Library/Java/JavaVirtualMachines/temurin-17.jdk/Contents/Home/lib/libjimage.dylib
0x000000010297c000 	/Library/Java/JavaVirtualMachines/temurin-17.jdk/Contents/Home/lib/libinstrument.dylib
0x00000001029c8000 	/Library/Java/JavaVirtualMachines/temurin-17.jdk/Contents/Home/lib/libjava.dylib
0x0000000102aa4000 	/Library/Java/JavaVirtualMachines/temurin-17.jdk/Contents/Home/lib/libnio.dylib
0x0000000103950000 	/Library/Java/JavaVirtualMachines/temurin-17.jdk/Contents/Home/lib/libnet.dylib
0x00000001029b0000 	/Library/Java/JavaVirtualMachines/temurin-17.jdk/Contents/Home/lib/libzip.dylib
0x0000000103974000 	/Users/abheektripathy/.openjfx/cache/17.0.1/libprism_es2.dylib
0x00000001b6235000 	/System/Library/PrivateFrameworks/CoreServicesInternal.framework/Versions/A/CoreServicesInternal
0x00000002150de000 	/System/Library/Frameworks/OpenGL.framework/Versions/A/Resources/GLEngine.bundle/GLEngine
0x0000000214f66000 	/System/Library/Frameworks/OpenGL.framework/Versions/A/Libraries/libGLProgrammability.dylib
0x0000000123d00000 	/System/Library/Extensions/AppleMetalOpenGLRenderer.bundle/Contents/MacOS/AppleMetalOpenGLRenderer
0x000000021524d000 	/System/Library/Frameworks/OpenGL.framework/Versions/A/Resources/GLRendererFloat.bundle/GLRendererFloat
0x000000021534d000 	/System/Library/Extensions/AGXMetal13_3.bundle/Contents/MacOS/AGXMetal13_3
0x00000001d3c2b000 	/System/Library/PrivateFrameworks/GPURawCounter.framework/Versions/A/GPURawCounter
0x00000001ce3cc000 	/System/Library/PrivateFrameworks/IOGPU.framework/Versions/A/IOGPU
0x0000000123e30000 	/Users/abheektripathy/.openjfx/cache/17.0.1/libglass.dylib
0x00000001c58dd000 	/System/Library/Frameworks/FileProvider.framework/Versions/A/FileProvider
0x00000001b9eab000 	/System/Library/Frameworks/Accounts.framework/Versions/A/Accounts
0x00000001c5a61000 	/System/Library/PrivateFrameworks/GenerationalStorage.framework/Versions/A/GenerationalStorage
0x00000001c6624000 	/System/Library/PrivateFrameworks/CoreSymbolication.framework/Versions/A/CoreSymbolication
0x00000001c5679000 	/System/Library/PrivateFrameworks/SymptomDiagnosticReporter.framework/Versions/A/SymptomDiagnosticReporter
0x00000001b7525000 	/System/Library/PrivateFrameworks/DesktopServicesPriv.framework/Versions/A/DesktopServicesPriv
0x00000001b6397000 	/usr/lib/libsandbox.1.dylib
0x00000001baf29000 	/System/Library/PrivateFrameworks/UserManagement.framework/Versions/A/UserManagement
0x00000001c65e1000 	/System/Library/PrivateFrameworks/DebugSymbols.framework/Versions/A/DebugSymbols
0x00000001c149e000 	/System/Library/PrivateFrameworks/NetAuth.framework/Versions/A/NetAuth
0x00000001c23bf000 	/System/Library/PrivateFrameworks/Sharing.framework/Versions/A/Sharing
0x00000001baef9000 	/System/Library/PrivateFrameworks/login.framework/Versions/A/Frameworks/loginsupport.framework/Versions/A/loginsupport
0x00000001c7816000 	/System/Library/PrivateFrameworks/Apple80211.framework/Versions/A/Apple80211
0x00000001be07e000 	/System/Library/PrivateFrameworks/AuthKit.framework/Versions/A/AuthKit
0x00000001bd706000 	/System/Library/PrivateFrameworks/CoreUtils.framework/Versions/A/CoreUtils
0x00000001bd629000 	/System/Library/Frameworks/CoreWLAN.framework/Versions/A/CoreWLAN
0x00000001c252f000 	/System/Library/Frameworks/IOBluetooth.framework/Versions/A/IOBluetooth
0x00000001c7876000 	/System/Library/PrivateFrameworks/CoreWiFi.framework/Versions/A/CoreWiFi
0x00000001c61c1000 	/System/Library/PrivateFrameworks/FrontBoardServices.framework/Versions/A/FrontBoardServices
0x00000001c6259000 	/System/Library/PrivateFrameworks/BoardServices.framework/Versions/A/BoardServices
0x00000001bd919000 	/System/Library/PrivateFrameworks/AssertionServices.framework/Versions/A/AssertionServices
0x00000001c79f3000 	/System/Library/PrivateFrameworks/BackBoardServices.framework/Versions/A/BackBoardServices
0x00000001c1912000 	/System/Library/PrivateFrameworks/CorePhoneNumbers.framework/Versions/A/CorePhoneNumbers
0x00000001c11b9000 	/System/Library/PrivateFrameworks/MultiverseSupport.framework/Versions/A/MultiverseSupport
0x00000001c7c74000 	/System/Library/PrivateFrameworks/RemoteServiceDiscovery.framework/Versions/A/RemoteServiceDiscovery
0x00000001c57a9000 	/System/Library/PrivateFrameworks/DiskManagement.framework/Versions/A/DiskManagement
0x00000001c56ac000 	/System/Library/PrivateFrameworks/AppleIDAuthSupport.framework/Versions/A/AppleIDAuthSupport
0x0000000219b2b000 	/System/Library/PrivateFrameworks/AAAFoundation.framework/Versions/A/AAAFoundation
0x00000001c18f1000 	/System/Library/PrivateFrameworks/KeychainCircle.framework/Versions/A/KeychainCircle
0x00000001c7c84000 	/System/Library/PrivateFrameworks/RemoteXPC.framework/Versions/A/RemoteXPC
0x00000001c5775000 	/System/Library/PrivateFrameworks/MediaKit.framework/Versions/A/MediaKit
0x00000001c56b9000 	/System/Library/Frameworks/DiscRecording.framework/Versions/A/DiscRecording
0x00000001beef8000 	/usr/lib/libCoreStorage.dylib
0x00000001c7cf0000 	/usr/lib/libcsfde.dylib
0x00000001c2604000 	/System/Library/PrivateFrameworks/ProtectedCloudStorage.framework/Versions/A/ProtectedCloudStorage
0x00000001c7ce8000 	/System/Library/PrivateFrameworks/EFILogin.framework/Versions/A/EFILogin
0x00000001c5a88000 	/System/Library/PrivateFrameworks/OctagonTrust.framework/Versions/A/OctagonTrust
0x000000021e72a000 	/System/Library/PrivateFrameworks/CoreUtilsExtras.framework/Versions/A/CoreUtilsExtras
0x00000001c55de000 	/System/Library/Frameworks/CoreBluetooth.framework/Versions/A/CoreBluetooth
0x00000001c8384000 	/System/Library/Frameworks/AudioUnit.framework/Versions/A/AudioUnit
0x00000001beef0000 	/usr/lib/libMatch.1.dylib
0x00000001d8111000 	/System/Library/Frameworks/Accelerate.framework/Versions/A/Frameworks/vImage.framework/Versions/A/Libraries/libCGInterfaces.dylib
0x00000001269cc000 	/usr/lib/libobjc-trampolines.dylib
0x0000000232cf9000 	/usr/lib/libRosetta.dylib
0x00000001babf3000 	/System/Library/PrivateFrameworks/ViewBridge.framework/Versions/A/ViewBridge
0x00000001bf654000 	/System/Library/PrivateFrameworks/login.framework/Versions/A/login
0x00000001bedb6000 	/System/Library/PrivateFrameworks/CrashReporterSupport.framework/Versions/A/CrashReporterSupport
0x00000001dfbb4000 	/System/Library/PrivateFrameworks/OSAnalytics.framework/Versions/A/OSAnalytics
0x00000001eaf00000 	/System/Library/PrivateFrameworks/Symbolication.framework/Versions/A/Symbolication
0x00000001d3bec000 	/System/Library/PrivateFrameworks/MallocStackLogging.framework/Versions/A/MallocStackLogging
0x0000000128f6c000 	/Users/abheektripathy/.openjfx/cache/17.0.1/libjavafx_font.dylib
0x0000000129d4c000 	/Users/abheektripathy/.openjfx/cache/17.0.1/libglib-lite.dylib
0x000000012a050000 	/Users/abheektripathy/.openjfx/cache/17.0.1/libgstreamer-lite.dylib
0x0000000129300000 	/Users/abheektripathy/.openjfx/cache/17.0.1/libjfxmedia.dylib
0x0000000128fac000 	/Users/abheektripathy/.openjfx/cache/17.0.1/libjfxmedia_avf.dylib
0x00000001d2eff000 	/System/Library/Frameworks/AVFoundation.framework/Versions/A/AVFoundation
0x0000000215eb5000 	/System/Library/Frameworks/AVFAudio.framework/Versions/A/AVFAudio
0x00000001c5fa1000 	/System/Library/PrivateFrameworks/AVFCore.framework/Versions/A/AVFCore
0x00000001cd20f000 	/System/Library/PrivateFrameworks/AVFCapture.framework/Versions/A/AVFCapture
0x00000001d1acb000 	/System/Library/PrivateFrameworks/AirPlaySync.framework/Versions/A/AirPlaySync
0x00000001c018c000 	/System/Library/Frameworks/MediaToolbox.framework/Versions/A/MediaToolbox
0x00000001c58a9000 	/System/Library/PrivateFrameworks/CoreAVCHD.framework/Versions/A/CoreAVCHD
0x00000001c4ab9000 	/System/Library/Frameworks/MediaAccessibility.framework/Versions/A/MediaAccessibility
0x00000001c58a5000 	/System/Library/PrivateFrameworks/Mangrove.framework/Versions/A/Mangrove
0x00000001c4ac6000 	/System/Library/PrivateFrameworks/AlgosScoreFramework.framework/Versions/A/AlgosScoreFramework
0x000000021b80c000 	/System/Library/PrivateFrameworks/CMPhoto.framework/Versions/A/CMPhoto
0x00000001c5899000 	/System/Library/PrivateFrameworks/CoreAUC.framework/Versions/A/CoreAUC
0x000000021b7f2000 	/System/Library/PrivateFrameworks/CMImaging.framework/Versions/A/CMImaging
0x00000001cd369000 	/System/Library/PrivateFrameworks/Quagga.framework/Versions/A/Quagga
0x00000001cd42d000 	/System/Library/PrivateFrameworks/CMCapture.framework/Versions/A/CMCapture
0x00000001c127d000 	/System/Library/Frameworks/CoreMediaIO.framework/Versions/A/CoreMediaIO
0x00000001c84c0000 	/System/Library/PrivateFrameworks/Espresso.framework/Versions/A/Espresso
0x00000001c7d6e000 	/System/Library/PrivateFrameworks/AppSupport.framework/Versions/A/AppSupport
0x00000001f9bb2000 	/System/Library/PrivateFrameworks/ANECompiler.framework/Versions/A/ANECompiler
0x00000001ca02c000 	/System/Library/PrivateFrameworks/AppleNeuralEngine.framework/Versions/A/AppleNeuralEngine
0x00000002220d6000 	/System/Library/PrivateFrameworks/MIL.framework/Versions/A/MIL
0x0000000217303000 	/System/Library/Frameworks/MetalPerformanceShadersGraph.framework/Versions/A/MetalPerformanceShadersGraph
0x00000001c8f4a000 	/System/Library/PrivateFrameworks/ANEServices.framework/Versions/A/ANEServices
0x00000001d79bd000 	/usr/lib/libncurses.5.4.dylib
0x0000000128fd0000 	/Users/abheektripathy/.openjfx/cache/17.0.1/libfxplugins.dylib
0x0000000219302000 	/System/Library/Frameworks/VideoDecodeAcceleration.framework/Versions/A/VideoDecodeAcceleration
0x0000000129e98000 	/System/Library/Components/CoreAudio.component/Contents/MacOS/CoreAudio
0x000000012bb04000 	/System/Library/Components/AudioCodecs.component/Contents/MacOS/AudioCodecs


VM Arguments:
jvm_args: -javaagent:/Applications/IntelliJ IDEA CE.app/Contents/lib/idea_rt.jar=51447:/Applications/IntelliJ IDEA CE.app/Contents/bin -Dfile.encoding=UTF-8 --module-path=/Users/abheektripathy/.m2/repository/org/openjfx/javafx-controls/17.0.1/javafx-controls-17.0.1-mac-aarch64.jar:/Users/abheektripathy/.m2/repository/org/openjfx/javafx-media/17.0.1/javafx-media-17.0.1-mac-aarch64.jar:/Users/abheektripathy/.m2/repository/org/openjfx/javafx-graphics/17.0.1/javafx-graphics-17.0.1-mac-aarch64.jar:/Users/abheektripathy/IdeaProjects/ZeusFx-MP/target/classes:/Users/abheektripathy/.m2/repository/org/openjfx/javafx-base/17.0.1/javafx-base-17.0.1-mac-aarch64.jar:/Users/abheektripathy/.m2/repository/org/openjfx/javafx-fxml/17.0.1/javafx-fxml-17.0.1-mac-aarch64.jar -Djdk.module.main=com.tripathy.zeusfxmp 
java_command: com.tripathy.zeusfxmp/com.tripathy.zeusfxmp.HelloApplication
java_class_path (initial): /Users/abheektripathy/.m2/repository/org/openjfx/javafx-controls/17.0.1/javafx-controls-17.0.1.jar:/Users/abheektripathy/.m2/repository/org/openjfx/javafx-graphics/17.0.1/javafx-graphics-17.0.1.jar:/Users/abheektripathy/.m2/repository/org/openjfx/javafx-base/17.0.1/javafx-base-17.0.1.jar:/Users/abheektripathy/.m2/repository/org/openjfx/javafx-fxml/17.0.1/javafx-fxml-17.0.1.jar:/Users/abheektripathy/.m2/repository/org/openjfx/javafx-media/17.0.1/javafx-media-17.0.1.jar
Launcher Type: SUN_STANDARD

[Global flags]
     intx CICompilerCount                          = 4                                         {product} {ergonomic}
     uint ConcGCThreads                            = 2                                         {product} {ergonomic}
     uint G1ConcRefinementThreads                  = 8                                         {product} {ergonomic}
   size_t G1HeapRegionSize                         = 1048576                                   {product} {ergonomic}
    uintx GCDrainStackTargetSize                   = 64                                        {product} {ergonomic}
   size_t InitialHeapSize                          = 134217728                                 {product} {ergonomic}
   size_t MarkStackSize                            = 4194304                                   {product} {ergonomic}
   size_t MaxHeapSize                              = 2147483648                                {product} {ergonomic}
   size_t MaxNewSize                               = 1287651328                                {product} {ergonomic}
   size_t MinHeapDeltaBytes                        = 1048576                                   {product} {ergonomic}
   size_t MinHeapSize                              = 8388608                                   {product} {ergonomic}
    uintx NonNMethodCodeHeapSize                   = 5839564                                {pd product} {ergonomic}
    uintx NonProfiledCodeHeapSize                  = 122909338                              {pd product} {ergonomic}
    uintx ProfiledCodeHeapSize                     = 122909338                              {pd product} {ergonomic}
    uintx ReservedCodeCacheSize                    = 251658240                              {pd product} {ergonomic}
     bool SegmentedCodeCache                       = true                                      {product} {ergonomic}
   size_t SoftMaxHeapSize                          = 2147483648                             {manageable} {ergonomic}
     bool UseCompressedClassPointers               = true                           {product lp64_product} {ergonomic}
     bool UseCompressedOops                        = true                           {product lp64_product} {ergonomic}
     bool UseG1GC                                  = true                                      {product} {ergonomic}
     bool UseNUMA                                  = false                                     {product} {ergonomic}
     bool UseNUMAInterleaving                      = false                                     {product} {ergonomic}

Logging:
Log output configuration:
 #0: stdout all=warning uptime,level,tags
 #1: stderr all=off uptime,level,tags

Environment Variables:
PATH=/Library/Frameworks/Python.framework/Versions/3.10/bin:/usr/local/bin:/usr/bin:/bin:/usr/sbin:/sbin:/Library/Apple/usr/bin
SHELL=/bin/zsh
LC_CTYPE=en_IN.UTF-8

Signal Handlers:
   SIGSEGV: _ZL13crash_handleriP9__siginfoPv in libjvm.dylib, mask=11100110000111110111111111111111, flags=SA_RESTART|SA_SIGINFO
    SIGBUS: _ZL13crash_handleriP9__siginfoPv in libjvm.dylib, mask=11100110000111110111111111111111, flags=SA_RESTART|SA_SIGINFO
    SIGFPE: _ZL13crash_handleriP9__siginfoPv in libjvm.dylib, mask=11100110000111110111111111111111, flags=SA_RESTART|SA_SIGINFO
   SIGPIPE: _ZL17javaSignalHandleriP9__siginfoPv in libjvm.dylib, mask=11100110000111110111111111111111, flags=SA_RESTART|SA_SIGINFO
   SIGXFSZ: _ZL17javaSignalHandleriP9__siginfoPv in libjvm.dylib, mask=11100110000111110111111111111111, flags=SA_RESTART|SA_SIGINFO
    SIGILL: _ZL13crash_handleriP9__siginfoPv in libjvm.dylib, mask=11100110000111110111111111111111, flags=SA_RESTART|SA_SIGINFO
   SIGUSR2: _ZL10SR_handleriP9__siginfoP17__darwin_ucontext in libjvm.dylib, mask=00100000000000000000000000000000, flags=SA_RESTART|SA_SIGINFO
    SIGHUP: _ZL11UserHandleriPvS_ in libjvm.dylib, mask=11100110000111110111111111111111, flags=SA_RESTART|SA_SIGINFO
    SIGINT: _ZL11UserHandleriPvS_ in libjvm.dylib, mask=11100110000111110111111111111111, flags=SA_RESTART|SA_SIGINFO
   SIGTERM: _ZL11UserHandleriPvS_ in libjvm.dylib, mask=11100110000111110111111111111111, flags=SA_RESTART|SA_SIGINFO
   SIGQUIT: _ZL11UserHandleriPvS_ in libjvm.dylib, mask=11100110000111110111111111111111, flags=SA_RESTART|SA_SIGINFO
   SIGTRAP: _ZL13crash_handleriP9__siginfoPv in libjvm.dylib, mask=11100110000111110111111111111111, flags=SA_RESTART|SA_SIGINFO


---------------  S Y S T E M  ---------------

OS:
uname: Darwin 21.5.0 Darwin Kernel Version 21.5.0: Tue Apr 26 21:08:29 PDT 2022; root:xnu-8020.121.3~4/RELEASE_ARM64_T8101 arm64
OS uptime: 0 days 18:58 hours
rlimit (soft/hard): STACK 8176k/65520k , CORE 0k/infinity , NPROC 1333/2000 , NOFILE 10240/infinity , AS infinity/infinity , CPU infinity/infinity , DATA infinity/infinity , FSIZE infinity/infinity , MEMLOCK infinity/infinity , RSS infinity/infinity
load average: 2.70 2.30 2.43

CPU: total 8 (initial active 8) 0x61:0x0:0x1b588bb3:0, fp, simd, crc, lse

Memory: 16k page, physical 8388608k(79088k free), swap 2097152k(1745920k free)

vm_info: OpenJDK 64-Bit Server VM (17.0.2+8) for bsd-aarch64 JRE (17.0.2+8), built on Jan 20 2022 10:58:36 by "jenkins" with clang Apple LLVM 12.0.0 (clang-1200.0.32.29)

END.
