#
# A fatal error has been detected by the Java Runtime Environment:
#
#  SIGBUS (0xa) at pc=0x000000010ea094f0, pid=6656, tid=30471
#
# JRE version: OpenJDK Runtime Environment Temurin-17.0.2+8 (17.0.2+8) (build 17.0.2+8)
# Java VM: OpenJDK 64-Bit Server VM Temurin-17.0.2+8 (17.0.2+8, mixed mode, tiered, compressed oops, compressed class ptrs, g1 gc, bsd-aarch64)
# Problematic frame:
# v  ~StubRoutines::SafeFetchN
#
# No core dump will be written. Core dumps have been disabled. To enable core dumping, try "ulimit -c unlimited" before starting Java again
#
# If you would like to submit a bug report, please visit:
#   https://github.com/adoptium/adoptium-support/issues
# The crash happened outside the Java Virtual Machine in native code.
# See problematic frame for where to report the bug.
#

---------------  S U M M A R Y ------------

Command Line: -javaagent:/Applications/IntelliJ IDEA CE.app/Contents/lib/idea_rt.jar=51937:/Applications/IntelliJ IDEA CE.app/Contents/bin -Dfile.encoding=UTF-8 --module-path=/Users/abheektripathy/.m2/repository/org/openjfx/javafx-fxml/17.0.1/javafx-fxml-17.0.1-mac-aarch64.jar:/Users/abheektripathy/.m2/repository/org/openjfx/javafx-controls/17.0.1/javafx-controls-17.0.1-mac-aarch64.jar:/Users/abheektripathy/.m2/repository/org/openjfx/javafx-media/17.0.1/javafx-media-17.0.1-mac-aarch64.jar:/Users/abheektripathy/IdeaProjects/ZeusFx-MP/target/classes:/Users/abheektripathy/.m2/repository/org/openjfx/javafx-graphics/17.0.1/javafx-graphics-17.0.1-mac-aarch64.jar:/Users/abheektripathy/.m2/repository/org/openjfx/javafx-base/17.0.1/javafx-base-17.0.1-mac-aarch64.jar -Djdk.module.main=com.tripathy.zeusfxmp com.tripathy.zeusfxmp/com.tripathy.zeusfxmp.HelloApplication

Host: "MacBookPro17,1" arm64 1 MHz, 8 cores, 8G, Darwin 21.5.0, macOS 12.4 (21F79)
Time: Tue Jun 14 14:06:35 2022 IST elapsed time: 3.466111 seconds (0d 0h 0m 3s)

---------------  T H R E A D  ---------------

Current thread (0x000000013b848a00):  JavaThread "InvokeLaterDispatcher" daemon [_thread_in_native, id=30471, stack(0x000000016dd78000,0x000000016df7b000)]

Stack: [0x000000016dd78000,0x000000016df7b000],  sp=0x000000016df7a780,  free space=2057k
Native frames: (J=compiled Java code, j=interpreted, Vv=VM code, C=native code)
v  ~StubRoutines::SafeFetchN
V  [libjvm.dylib+0x7ba2dc]  _ZN10OopStorage7releaseEPKP7oopDesc+0x20
V  [libjvm.dylib+0x4c5750]  jni_DeleteGlobalRef+0xd8
C  [libglass.dylib+0xab08]  -[GlassRunnable dealloc]+0x34
C  [Foundation+0x85318]  -[_NSThreadPerformInfo dealloc]+0x30
C  [Foundation+0x518ac]  -[NSObject(NSThreadPerformAdditions) performSelectorOnMainThread:withObject:waitUntilDone:]+0x88
C  0xa37900010ea118ac
j  com.sun.glass.ui.mac.MacApplication.submitForLaterInvocation(Ljava/lang/Runnable;)V+2 javafx.graphics
j  com.sun.glass.ui.InvokeLaterDispatcher.run()V+82 javafx.graphics
v  ~StubRoutines::call_stub
V  [libjvm.dylib+0x46a8f0]  _ZN9JavaCalls11call_helperEP9JavaValueRK12methodHandleP17JavaCallArgumentsP10JavaThread+0x38c
V  [libjvm.dylib+0x46990c]  _ZN9JavaCalls12call_virtualEP9JavaValueP5KlassP6SymbolS5_P17JavaCallArgumentsP10JavaThread+0x11c
V  [libjvm.dylib+0x4699d8]  _ZN9JavaCalls12call_virtualEP9JavaValue6HandleP5KlassP6SymbolS6_P10JavaThread+0x64
V  [libjvm.dylib+0x521e64]  _ZL12thread_entryP10JavaThreadS0_+0xc4
V  [libjvm.dylib+0x99aac0]  _ZN10JavaThread17thread_main_innerEv+0x13c
V  [libjvm.dylib+0x99919c]  _ZN6Thread8call_runEv+0x128
V  [libjvm.dylib+0x7c1124]  _ZL19thread_native_entryP6Thread+0x158
C  [libsystem_pthread.dylib+0x726c]  _pthread_start+0x94

Java frames: (J=compiled Java code, j=interpreted, Vv=VM code)
j  com.sun.glass.ui.mac.MacApplication._submitForLaterInvocation(Ljava/lang/Runnable;)V+0 javafx.graphics
j  com.sun.glass.ui.mac.MacApplication.submitForLaterInvocation(Ljava/lang/Runnable;)V+2 javafx.graphics
j  com.sun.glass.ui.InvokeLaterDispatcher.run()V+82 javafx.graphics
v  ~StubRoutines::call_stub

siginfo: si_signo: 10 (SIGBUS), si_code: 1 (BUS_ADRALN), si_addr: 0x000000010ea094f0

Register to memory mapping:

 x0=0x000000012a60ad08 points into unknown readable memory: 0x0000000000000000 | 00 00 00 00 00 00 00 00
 x1=0x0 is NULL
 x2=0x000000078635b620 is an oop: com.sun.glass.ui.InvokeLaterDispatcher$Future 
{0x000000078635b620} - klass: 'com/sun/glass/ui/InvokeLaterDispatcher$Future'
 - ---- fields (total size 3 words):
 - private 'done' 'Z' @12  true
 - private final 'runnable' 'Ljava/lang/Runnable;' @16  a 'com/sun/javafx/application/PlatformImpl$$Lambda$92+0x0000000800115920'{0x000000078638b3d8} (f0c7167b)
 - final synthetic 'this$0' 'Lcom/sun/glass/ui/InvokeLaterDispatcher;' @20  a 'com/sun/glass/ui/InvokeLaterDispatcher'{0x00000007800a7398} (f0014e73)
 x3=0x0 is NULL
 x4=0x00000000000130a8 is an unknown value
 x5=0x0 is NULL
 x6=0x0 is NULL
 x7=0x0 is NULL
 x8=0x000000010ea094ec is at begin+0 in a stub
StubRoutines::SafeFetchN [0x000000010ea094ec, 0x000000010ea094f8] (12 bytes)
 x9=0x0 is NULL
x10=0x2010000030300000 is an unknown value
x11=0x0000000000000007 is an unknown value
x12=0x0 is NULL
x13=0x0000600001ca1f70 points into unknown readable memory: 0x00000000000004c0 | c0 04 00 00 00 00 00 00
x14=0x00000e0000000000 is an unknown value
x15=0x000000011fab1f98: OBJC_CLASS_$_GlassRunnable+0 in /Users/abheektripathy/.openjfx/cache/17.0.1/libglass.dylib at 0x000000011fa6c000
x16=0x00000001b37f30fc: pthread_getspecific+0 in /usr/lib/system/libsystem_pthread.dylib at 0x00000001b37f1000
x17=0x0000600001696a60 points into unknown readable memory: 0xfffffffffffffffe | fe ff ff ff ff ff ff ff
x18=0x0 is NULL
x19=0x0000600001991340 points into unknown readable memory: 0x00006000030a73e0 | e0 73 0a 03 00 60 00 00
x20=0x000000012a60ab00 points into unknown readable memory: 0x00006000027acf80 | 80 cf 7a 02 00 60 00 00
x21=0x000000012a60ad08 points into unknown readable memory: 0x0000000000000000 | 00 00 00 00 00 00 00 00
x22=0x000000013b848a00 is a thread
x23=0x0000000000000001 is an unknown value
x24=0x000000012a60acc0 is a global jni handle
x25=0x0000000106bfba08: _ZN12StubRoutines17_safefetchN_entryE+0 in /Library/Java/JavaVirtualMachines/temurin-17.jdk/Contents/Home/lib/server/libjvm.dylib at 0x0000000105fa0000
x26=0x000000013c0542c0 is pointing into metadata
x27=0x0 is NULL
x28=0x000000013b848a00 is a thread


Registers:
 x0=0x000000012a60ad08  x1=0x0000000000000000  x2=0x000000078635b620  x3=0x0000000000000000
 x4=0x00000000000130a8  x5=0x0000000000000000  x6=0x0000000000000000  x7=0x0000000000000000
 x8=0x000000010ea094ec  x9=0x0000000000000000 x10=0x2010000030300000 x11=0x0000000000000007
x12=0x0000000000000000 x13=0x0000600001ca1f70 x14=0x00000e0000000000 x15=0x000000011fab1f98
x16=0x00000001b37f30fc x17=0x0000600001696a60 x18=0x0000000000000000 x19=0x0000600001991340
x20=0x000000012a60ab00 x21=0x000000012a60ad08 x22=0x000000013b848a00 x23=0x0000000000000001
x24=0x000000012a60acc0 x25=0x0000000106bfba08 x26=0x000000013c0542c0 x27=0x0000000000000000
x28=0x000000013b848a00  fp=0x000000016df7a7c0  lr=0x00000001067590ac  sp=0x000000016df7a780
pc=0x000000010ea094f0 cpsr=0x0000000060001000
Top of Stack: (sp=0x000000016df7a780)
0x000000016df7a780:   000000013c0542c0 0000000000000001
0x000000016df7a790:   000000016df7a988 0000000000000000
0x000000016df7a7a0:   000000013b8efea8 000000012a60acf8
0x000000016df7a7b0:   000000012a60acf8 0000600001991340
0x000000016df7a7c0:   000000016df7a800 000000010675a2dc
0x000000016df7a7d0:   0000000000000001 000000012a60acf8
0x000000016df7a7e0:   000000013b8efea8 000000012a60acf8
0x000000016df7a7f0:   0000000000000001 000000013b8efc00
0x000000016df7a800:   000000016df7a840 0000000106465750
0x000000016df7a810:   000000016df7a988 00006000030ab3e0
0x000000016df7a820:   00006000030ab3d0 00000001fdab130c
0x000000016df7a830:   0000000000000000 00006000030ab3d0
0x000000016df7a840:   000000016df7a870 000000011fa76b08
0x000000016df7a850:   052ccc521a940009 0000000000000000
0x000000016df7a860:   0000000000000000 00006000027703c0
0x000000016df7a870:   000000016df7a8b0 00000001b47c8318
0x000000016df7a880:   000000016df7a988 00006000030ab3e0
0x000000016df7a890:   00006000030ab3d0 052ccc521a940009
0x000000016df7a8a0:   0000000000000000 0000000000000000
0x000000016df7a8b0:   000000016df7a8f0 1b3c8001b47948ac
0x000000016df7a8c0:   000000016df7a988 000000010ea107c0
0x000000016df7a8d0:   0000000000000000 0000000106c033c8
0x000000016df7a8e0:   000000016df7a900 000000010ea0f730
0x000000016df7a8f0:   000000016df7a960 a37900010ea118ac
0x000000016df7a900:   000000016df7a900 000000012d9a1535
0x000000016df7a910:   000000016df7a910 0000000000000000
0x000000016df7a920:   000000016df7a988 000000013c0542c0
0x000000016df7a930:   00000007800a3e50 0000000000000000
0x000000016df7a940:   0000000000000000 000000013c02c960
0x000000016df7a950:   0000000000000000 000000016df7a960
0x000000016df7a960:   000000016df7a9e0 000000010ea0dfc8
0x000000016df7a970:   0000000000000000 0000000000000000 

Instructions: (pc=0x000000010ea094f0)
0x000000010ea093f0:   f2a0d789 f2c00029 6d425935 1e640886
0x000000010ea09400:   0c402d31 1e6408c7 1f5654d0 1e6c1017
0x000000010ea09410:   1f5050d0 1f504cd0 1f5048d0 1e650af6
0x000000010ea09420:   1f50d8f6 1f5694d6 1f5158f6 1e762880
0x000000010ea09430:   36000501 1e614000 14000026 2e251ca5
0x000000010ea09440:   d2903009 f2a0d789 f2c00029 6d425d36
0x000000010ea09450:   1e600806 0c402d32 1f5758c7 1e6c101a
0x000000010ea09460:   1f4754c7 1e650805 1f4750c7 d2866668
0x000000010ea09470:   f2a7fa68 1f474cc7 1e6608c0 1f4748c7
0x000000010ea09480:   1e6e1019 eb08007f 540000ac 1f479400
0x000000010ea09490:   1f460340 1e603b20 1400000e d2a7fd29
0x000000010ea094a0:   eb09007f 540000ac 51480069 d3607d29
0x000000010ea094b0:   9e670121 14000002 1e6a5001 1f679417
0x000000010ea094c0:   1f668742 1e613b23 1e773857 1e773860
0x000000010ea094d0:   a8c17ff3 910003bf a8c17bfd d65f03c0
0x000000010ea094e0:   b9400001 aa0103e0 d65f03c0 f9400001
0x000000010ea094f0:   aa0103e0 d65f03c0 00000000 00000000
0x000000010ea09500:   00000000 00000000 00000000 00000000
0x000000010ea09510:   00000000 00000000 00000000 00000000
0x000000010ea09520:   00000000 00000000 00000000 00000000
0x000000010ea09530:   00000000 00000000 00000000 00000000
0x000000010ea09540:   00000000 00000000 00000000 00000000
0x000000010ea09550:   00000000 00000000 00000000 00000000
0x000000010ea09560:   00000000 00000000 00000000 00000000
0x000000010ea09570:   00000000 00000000 00000000 00000000
0x000000010ea09580:   00000000 00000000 00000000 00000000
0x000000010ea09590:   00000000 00000000 00000000 00000000
0x000000010ea095a0:   00000000 00000000 00000000 00000000
0x000000010ea095b0:   00000000 00000000 00000000 00000000
0x000000010ea095c0:   00000000 00000000 00000000 00000000
0x000000010ea095d0:   00000000 00000000 00000000 00000000
0x000000010ea095e0:   00000000 00000000 00000000 00000000 


Stack slot to memory mapping:
stack at sp + 0 slots: 0x000000013c0542c0 is pointing into metadata
stack at sp + 1 slots: 0x0000000000000001 is an unknown value
stack at sp + 2 slots: 0x000000016df7a988 is pointing into the stack for thread: 0x000000013b848a00
stack at sp + 3 slots: 0x0 is NULL
stack at sp + 4 slots: 0x000000013b8efea8 points into unknown readable memory: 0x0000000106bb6888 | 88 68 bb 06 01 00 00 00
stack at sp + 5 slots: 0x000000012a60acf8 is a global jni handle
stack at sp + 6 slots: 0x000000012a60acf8 is a global jni handle
stack at sp + 7 slots: 0x0000600001991340 points into unknown readable memory: 0x00006000030a73e0 | e0 73 0a 03 00 60 00 00

StubRoutines::SafeFetchN [0x000000010ea094ec, 0x000000010ea094f8] (12 bytes)
[MachCode]
  0x000000010ea094ec: 0100 40f9 | e003 01aa | c003 5fd6 
[/MachCode]

---------------  P R O C E S S  ---------------

Threads class SMR info:
_java_thread_list=0x00006000032011e0, length=25, elements={
0x000000012a808e00, 0x000000013b814200, 0x000000013a830400, 0x000000012a8a4400,
0x000000013a831400, 0x000000013a814000, 0x000000013a814600, 0x000000012a8b0200,
0x000000012a8b8800, 0x000000012a8c0e00, 0x000000012e8a1a00, 0x000000012e808800,
0x000000013a80da00, 0x000000013b848a00, 0x000000013b8efc00, 0x000000012e008200,
0x000000012eb2cc00, 0x000000013b8eec00, 0x000000012d075c00, 0x000000012acbbe00,
0x000000012ad17000, 0x000000012a91c600, 0x000000012ad4f400, 0x000000012eebb400,
0x000000012e008800
}

Java Threads: ( => current thread )
  0x000000012a808e00 JavaThread "main" [_thread_blocked, id=9987, stack(0x000000016b370000,0x000000016b573000)]
  0x000000013b814200 JavaThread "Reference Handler" daemon [_thread_blocked, id=14851, stack(0x000000016c1c4000,0x000000016c3c7000)]
  0x000000013a830400 JavaThread "Finalizer" daemon [_thread_blocked, id=16131, stack(0x000000016c3d0000,0x000000016c5d3000)]
  0x000000012a8a4400 JavaThread "Signal Dispatcher" daemon [_thread_blocked, id=42243, stack(0x000000016c6f4000,0x000000016c8f7000)]
  0x000000013a831400 JavaThread "Service Thread" daemon [_thread_blocked, id=41987, stack(0x000000016c900000,0x000000016cb03000)]
  0x000000013a814000 JavaThread "Monitor Deflation Thread" daemon [_thread_blocked, id=23043, stack(0x000000016cb0c000,0x000000016cd0f000)]
  0x000000013a814600 JavaThread "C2 CompilerThread0" daemon [_thread_blocked, id=41219, stack(0x000000016cd18000,0x000000016cf1b000)]
  0x000000012a8b0200 JavaThread "C1 CompilerThread0" daemon [_thread_blocked, id=23299, stack(0x000000016cf24000,0x000000016d127000)]
  0x000000012a8b8800 JavaThread "Sweeper thread" daemon [_thread_blocked, id=23811, stack(0x000000016d130000,0x000000016d333000)]
  0x000000012a8c0e00 JavaThread "Common-Cleaner" daemon [_thread_blocked, id=40707, stack(0x000000016d33c000,0x000000016d53f000)]
  0x000000012e8a1a00 JavaThread "Monitor Ctrl-Break" daemon [_thread_in_native, id=40195, stack(0x000000016d548000,0x000000016d74b000)]
  0x000000012e808800 JavaThread "Notification Thread" daemon [_thread_blocked, id=39939, stack(0x000000016d754000,0x000000016d957000)]
  0x000000013a80da00 JavaThread "QuantumRenderer-0" daemon [_thread_blocked, id=25091, stack(0x000000016db6c000,0x000000016dd6f000)]
=>0x000000013b848a00 JavaThread "InvokeLaterDispatcher" daemon [_thread_in_native, id=30471, stack(0x000000016dd78000,0x000000016df7b000)]
  0x000000013b8efc00 JavaThread "JavaFX Application Thread" [_thread_in_native, id=259, stack(0x000000016aae8000,0x000000016b2e4000)]
  0x000000012e008200 JavaThread "JavaFX-Launcher" [_thread_blocked, id=55303, stack(0x000000016e21c000,0x000000016e41f000)]
  0x000000012eb2cc00 JavaThread "JFXMedia Player EventQueueThread" daemon [_thread_blocked, id=52747, stack(0x000000016f0fc000,0x000000016f2ff000)]
  0x000000013b8eec00 JavaThread "Prism Font Disposer" daemon [_thread_blocked, id=91399, stack(0x000000016f5c4000,0x000000016f7c7000)]
  0x000000012d075c00 JavaThread "Attach Listener" daemon [_thread_blocked, id=91651, stack(0x000000016fbe8000,0x000000016fdeb000)]
  0x000000012acbbe00 JavaThread "Media Resource Disposer" daemon [_thread_blocked, id=168455, stack(0x000000016fdf4000,0x000000016fff7000)]
  0x000000012ad17000 JavaThread "Cleaner-0" daemon [_thread_blocked, id=71691, stack(0x0000000284864000,0x0000000284a67000)]
  0x000000012a91c600 JavaThread "JFXMedia Player EventQueueThread" daemon [_thread_blocked, id=100135, stack(0x0000000284a70000,0x0000000284c73000)]
  0x000000012ad4f400 JavaThread "Timer-0" [_thread_blocked, id=100611, stack(0x0000000284d94000,0x0000000284f97000)]
  0x000000012eebb400 JavaThread "Timer-1" daemon [_thread_blocked, id=99855, stack(0x0000000284fa0000,0x00000002851a3000)]
  0x000000012e008800 JavaThread "PulseTimer-CVDisplayLink thread" daemon [_thread_in_native, id=1355, stack(0x000000016f538000,0x000000016f5bb000)]

Other Threads:
  0x000000013a608750 VMThread "VM Thread" [stack: 0x000000016bfb8000,0x000000016c1bb000] [id=16387]
  0x000000011fd04580 WatcherThread [stack: 0x000000016d960000,0x000000016db63000] [id=39683]
  0x000000012a606640 GCTaskThread "GC Thread#0" [stack: 0x000000016b57c000,0x000000016b77f000] [id=19459]
  0x000000013b01eda0 GCTaskThread "GC Thread#1" [stack: 0x000000016e4b4000,0x000000016e6b7000] [id=58115]
  0x000000013b01f440 GCTaskThread "GC Thread#2" [stack: 0x000000016e6c0000,0x000000016e8c3000] [id=73219]
  0x000000011fe3f240 GCTaskThread "GC Thread#3" [stack: 0x000000016e8cc000,0x000000016eacf000] [id=58627]
  0x000000011fe3fab0 GCTaskThread "GC Thread#4" [stack: 0x000000016ead8000,0x000000016ecdb000] [id=72963]
  0x000000011fe40320 GCTaskThread "GC Thread#5" [stack: 0x000000016ece4000,0x000000016eee7000] [id=59139]
  0x000000012a6380a0 GCTaskThread "GC Thread#6" [stack: 0x000000016eef0000,0x000000016f0f3000] [id=72195]
  0x000000013a6283d0 GCTaskThread "GC Thread#7" [stack: 0x000000016f7d0000,0x000000016f9d3000] [id=173315]
  0x000000012a606cf0 ConcurrentGCThread "G1 Main Marker" [stack: 0x000000016b788000,0x000000016b98b000] [id=12035]
  0x000000012a607570 ConcurrentGCThread "G1 Conc#0" [stack: 0x000000016b994000,0x000000016bb97000] [id=12547]
  0x000000013b033c40 ConcurrentGCThread "G1 Conc#1" [stack: 0x000000016f9dc000,0x000000016fbdf000] [id=172803]
  0x000000012a6093e0 ConcurrentGCThread "G1 Refine#0" [stack: 0x000000016bba0000,0x000000016bda3000] [id=18179]
  0x000000012a609c80 ConcurrentGCThread "G1 Service" [stack: 0x000000016bdac000,0x000000016bfaf000] [id=17667]

Threads with active compile tasks:

VM state: not at safepoint (normal execution)

VM Mutex/Monitor currently owned by a thread: None

Heap address: 0x0000000780000000, size: 2048 MB, Compressed Oops mode: Zero based, Oop shift amount: 3

CDS archive(s) not mapped
Compressed class space mapped at: 0x0000000800000000-0x0000000840000000, reserved size: 1073741824
Narrow klass base: 0x0000000800000000, Narrow klass shift: 0, Narrow klass range: 0x40000000

GC Precious Log:
 CPUs: 8 total, 8 available
 Memory: 8192M
 Large Page Support: Disabled
 NUMA Support: Disabled
 Compressed Oops: Enabled (Zero based)
 Heap Region Size: 1M
 Heap Min Capacity: 8M
 Heap Initial Capacity: 128M
 Heap Max Capacity: 2G
 Pre-touch: Disabled
 Parallel Workers: 8
 Concurrent Workers: 2
 Concurrent Refinement Workers: 8
 Periodic GC: Disabled

Heap:
 garbage-first heap   total 34816K, used 14090K [0x0000000780000000, 0x0000000800000000)
  region size 1024K, 4 young (4096K), 1 survivors (1024K)
 Metaspace       used 25482K, committed 25728K, reserved 1073152K
  class space    used 3311K, committed 3456K, reserved 1048576K

Heap Regions: E=young(eden), S=young(survivor), O=old, HS=humongous(starts), HC=humongous(continues), CS=collection set, F=free, OA=open archive, CA=closed archive, TAMS=top-at-mark-start (previous, next)
|   0|0x0000000780000000, 0x0000000780100000, 0x0000000780100000|100%| O|  |TAMS 0x0000000780093000, 0x0000000780000000| Untracked 
|   1|0x0000000780100000, 0x0000000780200000, 0x0000000780200000|100%| O|  |TAMS 0x0000000780100000, 0x0000000780100000| Untracked 
|   2|0x0000000780200000, 0x0000000780300000, 0x0000000780300000|100%| O|  |TAMS 0x0000000780200000, 0x0000000780200000| Untracked 
|   3|0x0000000780300000, 0x0000000780300000, 0x0000000780400000|  0%| F|  |TAMS 0x0000000780300000, 0x0000000780300000| Untracked 
|   4|0x0000000780400000, 0x0000000780500000, 0x0000000780500000|100%| O|  |TAMS 0x0000000780400000, 0x0000000780400000| Untracked 
|   5|0x0000000780500000, 0x0000000780600000, 0x0000000780600000|100%| O|  |TAMS 0x0000000780500000, 0x0000000780500000| Untracked 
|   6|0x0000000780600000, 0x0000000780700000, 0x0000000780700000|100%| O|  |TAMS 0x0000000780600000, 0x0000000780600000| Untracked 
|   7|0x0000000780700000, 0x0000000780800000, 0x0000000780800000|100%| O|  |TAMS 0x0000000780700000, 0x0000000780700000| Untracked 
|   8|0x0000000780800000, 0x0000000780900000, 0x0000000780900000|100%| O|  |TAMS 0x0000000780800000, 0x0000000780800000| Untracked 
|   9|0x0000000780900000, 0x0000000780a00000, 0x0000000780a00000|100%|HS|  |TAMS 0x0000000780900000, 0x0000000780900000| Complete 
|  10|0x0000000780a00000, 0x0000000780b00000, 0x0000000780b00000|100%|HC|  |TAMS 0x0000000780a00000, 0x0000000780a00000| Complete 
|  11|0x0000000780b00000, 0x0000000780c00000, 0x0000000780c00000|100%| O|  |TAMS 0x0000000780b00000, 0x0000000780b00000| Untracked 
|  12|0x0000000780c00000, 0x0000000780c00000, 0x0000000780d00000|  0%| F|  |TAMS 0x0000000780c00000, 0x0000000780c00000| Untracked 
|  13|0x0000000780d00000, 0x0000000780d00000, 0x0000000780e00000|  0%| F|  |TAMS 0x0000000780d00000, 0x0000000780d00000| Untracked 
|  14|0x0000000780e00000, 0x0000000780e32600, 0x0000000780f00000| 19%| O|  |TAMS 0x0000000780e00000, 0x0000000780e00000| Untracked 
|  15|0x0000000780f00000, 0x0000000780f00000, 0x0000000781000000|  0%| F|  |TAMS 0x0000000780f00000, 0x0000000780f00000| Untracked 
|  16|0x0000000781000000, 0x0000000781000000, 0x0000000781100000|  0%| F|  |TAMS 0x0000000781000000, 0x0000000781000000| Untracked 
|  17|0x0000000781100000, 0x0000000781100000, 0x0000000781200000|  0%| F|  |TAMS 0x0000000781100000, 0x0000000781100000| Untracked 
|  18|0x0000000781200000, 0x0000000781200000, 0x0000000781300000|  0%| F|  |TAMS 0x0000000781200000, 0x0000000781200000| Untracked 
|  19|0x0000000781300000, 0x0000000781300000, 0x0000000781400000|  0%| F|  |TAMS 0x0000000781300000, 0x0000000781300000| Untracked 
|  20|0x0000000781400000, 0x0000000781400000, 0x0000000781500000|  0%| F|  |TAMS 0x0000000781400000, 0x0000000781400000| Untracked 
|  21|0x0000000781500000, 0x0000000781500000, 0x0000000781600000|  0%| F|  |TAMS 0x0000000781500000, 0x0000000781500000| Untracked 
|  22|0x0000000781600000, 0x0000000781600000, 0x0000000781700000|  0%| F|  |TAMS 0x0000000781600000, 0x0000000781600000| Untracked 
|  23|0x0000000781700000, 0x0000000781700000, 0x0000000781800000|  0%| F|  |TAMS 0x0000000781700000, 0x0000000781700000| Untracked 
|  24|0x0000000781800000, 0x0000000781800000, 0x0000000781900000|  0%| F|  |TAMS 0x0000000781800000, 0x0000000781800000| Untracked 
|  25|0x0000000781900000, 0x0000000781900000, 0x0000000781a00000|  0%| F|  |TAMS 0x0000000781900000, 0x0000000781900000| Untracked 
|  26|0x0000000781a00000, 0x0000000781a00000, 0x0000000781b00000|  0%| F|  |TAMS 0x0000000781a00000, 0x0000000781a00000| Untracked 
|  27|0x0000000781b00000, 0x0000000781b00000, 0x0000000781c00000|  0%| F|  |TAMS 0x0000000781b00000, 0x0000000781b00000| Untracked 
|  97|0x0000000786100000, 0x0000000786100000, 0x0000000786200000|  0%| F|  |TAMS 0x0000000786100000, 0x0000000786100000| Untracked 
|  98|0x0000000786200000, 0x0000000786200000, 0x0000000786300000|  0%| F|  |TAMS 0x0000000786200000, 0x0000000786200000| Untracked 
|  99|0x0000000786300000, 0x00000007863a3c38, 0x0000000786400000| 63%| E|  |TAMS 0x0000000786300000, 0x0000000786300000| Complete 
| 100|0x0000000786400000, 0x0000000786500000, 0x0000000786500000|100%| E|CS|TAMS 0x0000000786400000, 0x0000000786400000| Complete 
| 101|0x0000000786500000, 0x00000007865903b8, 0x0000000786600000| 56%| S|CS|TAMS 0x0000000786500000, 0x0000000786500000| Complete 
| 127|0x0000000787f00000, 0x0000000788000000, 0x0000000788000000|100%| E|CS|TAMS 0x0000000787f00000, 0x0000000787f00000| Complete 

Card table byte_map: [0x000000010548c000,0x000000010588c000] _byte_map_base: 0x000000010188c000

Marking Bits (Prev, Next): (CMBitMap*) 0x000000012a82e050, (CMBitMap*) 0x000000012a82e010
 Prev Bits: [0x0000000128000000, 0x000000012a000000)
 Next Bits: [0x000000011da08000, 0x000000011fa08000)

Polling page: 0x0000000104ca0000

Metaspace:

Usage:
  Non-class:     21.65 MB used.
      Class:      3.23 MB used.
       Both:     24.89 MB used.

Virtual space:
  Non-class space:       24.00 MB reserved,      21.75 MB ( 91%) committed,  3 nodes.
      Class space:        1.00 GB reserved,       3.38 MB ( <1%) committed,  1 nodes.
             Both:        1.02 GB reserved,      25.12 MB (  2%) committed. 

Chunk freelists:
   Non-Class:  1.45 MB
       Class:  636.00 KB
        Both:  2.07 MB

MaxMetaspaceSize: unlimited
CompressedClassSpaceSize: 1.00 GB
Initial GC threshold: 21.00 MB
Current GC threshold: 35.12 MB
CDS: off
MetaspaceReclaimPolicy: balanced
 - commit_granule_bytes: 65536.
 - commit_granule_words: 8192.
 - virtual_space_node_default_size: 1048576.
 - enlarge_chunks_in_place: 1.
 - new_chunks_are_fully_committed: 0.
 - uncommit_free_chunks: 1.
 - use_allocation_guard: 0.
 - handle_deallocations: 1.


Internal statistics:

num_allocs_failed_limit: 3.
num_arena_births: 204.
num_arena_deaths: 0.
num_vsnodes_births: 4.
num_vsnodes_deaths: 0.
num_space_committed: 402.
num_space_uncommitted: 0.
num_chunks_returned_to_freelist: 3.
num_chunks_taken_from_freelist: 774.
num_chunk_merges: 3.
num_chunk_splits: 517.
num_chunks_enlarged: 392.
num_purges: 0.
num_inconsistent_stats: 0.

CodeHeap 'non-profiled nmethods': size=120032Kb used=956Kb max_used=956Kb free=119075Kb
 bounds [0x00000001164d0000, 0x0000000116740000, 0x000000011da08000]
CodeHeap 'profiled nmethods': size=120016Kb used=4452Kb max_used=4452Kb free=115563Kb
 bounds [0x000000010ef9c000, 0x000000010f3fc000, 0x00000001164d0000]
CodeHeap 'non-nmethods': size=5712Kb used=1400Kb max_used=1478Kb free=4312Kb
 bounds [0x000000010ea08000, 0x000000010ec78000, 0x000000010ef9c000]
 total_blobs=3033 nmethods=2235 adapters=714
 compilation: enabled
              stopped_count=0, restarted_count=0
 full_count=0

Compilation events (20 events):
Event: 3.445 Thread 0x000000012a8b0200 nmethod 2287 0x000000010f3e9d90 code [0x000000010f3e9f80, 0x000000010f3ea3a8]
Event: 3.445 Thread 0x000000012a8b0200 2286       1       com.sun.glass.ui.Screen::getY (5 bytes)
Event: 3.445 Thread 0x000000012a8b0200 nmethod 2286 0x00000001165bab10 code [0x00000001165bac80, 0x00000001165bad68]
Event: 3.461 Thread 0x000000012a8b0200 2288       1       com.sun.glass.ui.Screen::getPlatformX (5 bytes)
Event: 3.461 Thread 0x000000013a814600 2291       4       com.sun.javafx.css.BitSet::add (125 bytes)
Event: 3.461 Thread 0x000000012a8b0200 nmethod 2288 0x00000001165bae10 code [0x00000001165baf80, 0x00000001165bb068]
Event: 3.461 Thread 0x000000012a8b0200 2290       3       javafx.scene.Scene$TargetWrapper::set (11 bytes)
Event: 3.461 Thread 0x000000012a8b0200 nmethod 2290 0x000000010f3ea590 code [0x000000010f3ea740, 0x000000010f3ea928]
Event: 3.461 Thread 0x000000012a8b0200 2292       3       java.util.concurrent.locks.ReentrantLock$Sync::tryRelease (51 bytes)
Event: 3.462 Thread 0x000000012a8b0200 nmethod 2292 0x000000010f3eaa10 code [0x000000010f3eac00, 0x000000010f3eafd8]
Event: 3.462 Thread 0x000000012a8b0200 2293       3       java.util.AbstractList$Itr::<init> (31 bytes)
Event: 3.462 Thread 0x000000012a8b0200 nmethod 2293 0x000000010f3eb110 code [0x000000010f3eb2c0, 0x000000010f3eb4e8]
Event: 3.462 Thread 0x000000012a8b0200 2289       1       com.sun.glass.ui.Screen::getPlatformY (5 bytes)
Event: 3.462 Thread 0x000000012a8b0200 nmethod 2289 0x00000001165bb110 code [0x00000001165bb280, 0x00000001165bb368]
Event: 3.462 Thread 0x000000012a8b0200 2294       3       com.sun.javafx.css.CalculatedValue::<init> (20 bytes)
Event: 3.463 Thread 0x000000012a8b0200 nmethod 2294 0x000000010f3eb610 code [0x000000010f3eb7c0, 0x000000010f3eba28]
Event: 3.463 Thread 0x000000012a8b0200 2295       3       javafx.scene.layout.Region::snappedBottomInset (21 bytes)
Event: 3.464 Thread 0x000000012a8b0200 nmethod 2295 0x000000010f3ebb10 code [0x000000010f3ebd80, 0x000000010f3ec728]
Event: 3.464 Thread 0x000000012a8b0200 2296       3       javafx.scene.layout.Region::snappedTopInset (21 bytes)
Event: 3.465 Thread 0x000000012a8b0200 nmethod 2296 0x000000010f3eca10 code [0x000000010f3ecc80, 0x000000010f3ed628]

GC Heap History (8 events):
Event: 0.461 GC heap before
{Heap before GC invocations=0 (full 0):
 garbage-first heap   total 131072K, used 22528K [0x0000000780000000, 0x0000000800000000)
  region size 1024K, 23 young (23552K), 0 survivors (0K)
 Metaspace       used 14287K, committed 14528K, reserved 1064960K
  class space    used 1563K, committed 1664K, reserved 1048576K
}
Event: 0.468 GC heap after
{Heap after GC invocations=1 (full 0):
 garbage-first heap   total 131072K, used 3660K [0x0000000780000000, 0x0000000800000000)
  region size 1024K, 3 young (3072K), 3 survivors (3072K)
 Metaspace       used 14287K, committed 14528K, reserved 1064960K
  class space    used 1563K, committed 1664K, reserved 1048576K
}
Event: 1.038 GC heap before
{Heap before GC invocations=1 (full 0):
 garbage-first heap   total 131072K, used 25164K [0x0000000780000000, 0x0000000800000000)
  region size 1024K, 26 young (26624K), 3 survivors (3072K)
 Metaspace       used 21293K, committed 21504K, reserved 1073152K
  class space    used 2570K, committed 2688K, reserved 1048576K
}
Event: 1.043 GC heap after
{Heap after GC invocations=2 (full 0):
 garbage-first heap   total 131072K, used 7513K [0x0000000780000000, 0x0000000800000000)
  region size 1024K, 5 young (5120K), 5 survivors (5120K)
 Metaspace       used 21293K, committed 21504K, reserved 1073152K
  class space    used 2570K, committed 2688K, reserved 1048576K
}
Event: 1.408 GC heap before
{Heap before GC invocations=3 (full 0):
 garbage-first heap   total 34816K, used 22873K [0x0000000780000000, 0x0000000800000000)
  region size 1024K, 20 young (20480K), 5 survivors (5120K)
 Metaspace       used 24761K, committed 24960K, reserved 1073152K
  class space    used 3231K, committed 3328K, reserved 1048576K
}
Event: 1.411 GC heap after
{Heap after GC invocations=4 (full 0):
 garbage-first heap   total 34816K, used 9393K [0x0000000780000000, 0x0000000800000000)
  region size 1024K, 2 young (2048K), 2 survivors (2048K)
 Metaspace       used 24761K, committed 24960K, reserved 1073152K
  class space    used 3231K, committed 3328K, reserved 1048576K
}
Event: 1.477 GC heap before
{Heap before GC invocations=4 (full 0):
 garbage-first heap   total 34816K, used 11441K [0x0000000780000000, 0x0000000800000000)
  region size 1024K, 3 young (3072K), 2 survivors (2048K)
 Metaspace       used 24992K, committed 25280K, reserved 1073152K
  class space    used 3249K, committed 3392K, reserved 1048576K
}
Event: 1.478 GC heap after
{Heap after GC invocations=5 (full 0):
 garbage-first heap   total 34816K, used 12042K [0x0000000780000000, 0x0000000800000000)
  region size 1024K, 1 young (1024K), 1 survivors (1024K)
 Metaspace       used 24992K, committed 25280K, reserved 1073152K
  class space    used 3249K, committed 3392K, reserved 1048576K
}

Deoptimization events (20 events):
Event: 2.337 Thread 0x000000013a80da00 DEOPT PACKING pc=0x000000010f35b0f4 sp=0x000000016dd6d6c0
Event: 2.337 Thread 0x000000013a80da00 DEOPT UNPACKING pc=0x000000010ea46b7c sp=0x000000016dd6d320 mode 0
Event: 2.337 Thread 0x000000013a80da00 DEOPT PACKING pc=0x000000010f35b1b8 sp=0x000000016dd6d6c0
Event: 2.337 Thread 0x000000013a80da00 DEOPT UNPACKING pc=0x000000010ea46b7c sp=0x000000016dd6d320 mode 0
Event: 2.337 Thread 0x000000013a80da00 DEOPT PACKING pc=0x000000010f35b1b8 sp=0x000000016dd6d6c0
Event: 2.337 Thread 0x000000013a80da00 DEOPT UNPACKING pc=0x000000010ea46b7c sp=0x000000016dd6d320 mode 0
Event: 2.337 Thread 0x000000013a80da00 DEOPT PACKING pc=0x000000010f38cfd4 sp=0x000000016dd6d7f0
Event: 2.337 Thread 0x000000013a80da00 DEOPT UNPACKING pc=0x000000010ea46b7c sp=0x000000016dd6d410 mode 0
Event: 2.338 Thread 0x000000013a80da00 DEOPT PACKING pc=0x000000010f35b0f4 sp=0x000000016dd6d6c0
Event: 2.338 Thread 0x000000013a80da00 DEOPT UNPACKING pc=0x000000010ea46b7c sp=0x000000016dd6d320 mode 0
Event: 2.338 Thread 0x000000013a80da00 DEOPT PACKING pc=0x000000010f35b1b8 sp=0x000000016dd6d6c0
Event: 2.338 Thread 0x000000013a80da00 DEOPT UNPACKING pc=0x000000010ea46b7c sp=0x000000016dd6d320 mode 0
Event: 2.339 Thread 0x000000013a80da00 DEOPT PACKING pc=0x000000010f35b0f4 sp=0x000000016dd6d6c0
Event: 2.339 Thread 0x000000013a80da00 DEOPT UNPACKING pc=0x000000010ea46b7c sp=0x000000016dd6d320 mode 0
Event: 2.339 Thread 0x000000013a80da00 DEOPT PACKING pc=0x000000010f35b1b8 sp=0x000000016dd6d6c0
Event: 2.339 Thread 0x000000013a80da00 DEOPT UNPACKING pc=0x000000010ea46b7c sp=0x000000016dd6d320 mode 0
Event: 2.339 Thread 0x000000013a80da00 DEOPT PACKING pc=0x000000010f35b0f4 sp=0x000000016dd6d6c0
Event: 2.339 Thread 0x000000013a80da00 DEOPT UNPACKING pc=0x000000010ea46b7c sp=0x000000016dd6d320 mode 0
Event: 2.340 Thread 0x000000013a80da00 DEOPT PACKING pc=0x000000010f35b0f4 sp=0x000000016dd6d6c0
Event: 2.340 Thread 0x000000013a80da00 DEOPT UNPACKING pc=0x000000010ea46b7c sp=0x000000016dd6d320 mode 0

Classes unloaded (0 events):
No events

Classes redefined (0 events):
No events

Internal exceptions (20 events):
Event: 0.997 Thread 0x000000013b8efc00 Exception <a 'java/lang/ClassCastException'{0x0000000786bb7248}: class java.lang.Double cannot be cast to class javafx.scene.paint.Paint (java.lang.Double is in module java.base of loader 'bootstrap'; javafx.scene.paint.Paint is in module javafx.graphics of loader 'app')> (0x0000000786bb7248) 
thrown [../../src/hotspot/share/interpreter/interpreterRuntime.cpp, line 444]
Event: 1.002 Thread 0x000000013b8efc00 Exception <a 'sun/nio/fs/UnixException'{0x0000000786bfef90}> (0x0000000786bfef90) 
thrown [../../src/hotspot/share/prims/jni.cpp, line 516]
Event: 1.007 Thread 0x000000013b8efc00 Exception <a 'java/lang/ClassNotFoundException'{0x0000000786a11908}: sun/util/logging/resources/spi/loggingProvider> (0x0000000786a11908) 
thrown [../../src/hotspot/share/classfile/systemDictionary.cpp, line 256]
Event: 1.031 Thread 0x000000013b8efc00 Exception <a 'java/lang/NoSuchMethodError'{0x000000078696d030}: 'java.lang.Object java.lang.invoke.DirectMethodHandle$Holder.invokeInterface(java.lang.Object, java.lang.Object, java.lang.Object)'> (0x000000078696d030) 
thrown [../../src/hotspot/share/interpreter/linkResolver.cpp, line 766]
Event: 1.031 Thread 0x000000013b8efc00 Exception <a 'java/lang/IncompatibleClassChangeError'{0x00000007869709b8}: Found class java.lang.Object, but interface was expected> (0x00000007869709b8) 
thrown [../../src/hotspot/share/interpreter/linkResolver.cpp, line 833]
Event: 1.070 Thread 0x000000013b8efc00 Exception <a 'java/lang/ClassNotFoundException'{0x0000000781b5d0c0}: com/sun/javafx/scene/control/skin/resources/controls> (0x0000000781b5d0c0) 
thrown [../../src/hotspot/share/prims/jni.cpp, line 535]
Event: 1.071 Thread 0x000000013b8efc00 Exception <a 'java/lang/ClassNotFoundException'{0x0000000781b6b060}: com/sun/javafx/scene/control/skin/resources/controls_en> (0x0000000781b6b060) 
thrown [../../src/hotspot/share/prims/jni.cpp, line 535]
Event: 1.071 Thread 0x000000013b8efc00 Exception <a 'java/lang/ClassNotFoundException'{0x0000000781b6bff8}: com/sun/javafx/scene/control/skin/resources/controls_en_IN> (0x0000000781b6bff8) 
thrown [../../src/hotspot/share/prims/jni.cpp, line 535]
Event: 1.158 Thread 0x000000013b8efc00 Exception <a 'java/lang/NoSuchMethodError'{0x000000078163ff00}: 'void java.lang.invoke.DirectMethodHandle$Holder.invokeSpecialIFC(java.lang.Object, java.lang.Object, java.lang.Object, java.lang.Object)'> (0x000000078163ff00) 
thrown [../../src/hotspot/share/interpreter/linkResolver.cpp, line 766]
Event: 1.199 Thread 0x000000013b8efc00 Exception <a 'java/lang/NoSuchMethodError'{0x00000007814c0808}: 'int java.lang.invoke.DirectMethodHandle$Holder.invokeSpecial(java.lang.Object, java.lang.Object, int)'> (0x00000007814c0808) 
thrown [../../src/hotspot/share/interpreter/linkResolver.cpp, line 766]
Event: 1.286 Thread 0x000000013b8efc00 Exception <a 'java/lang/NoSuchMethodError'{0x0000000781116048}: 'java.lang.Object java.lang.invoke.DirectMethodHandle$Holder.newInvokeSpecial(java.lang.Object, java.lang.Object, int)'> (0x0000000781116048) 
thrown [../../src/hotspot/share/interpreter/linkResolver.cpp, line 766]
Event: 1.353 Thread 0x000000013b8efc00 Exception <a 'java/lang/NoSuchMethodError'{0x0000000781131f58}: 'void java.lang.invoke.DirectMethodHandle$Holder.invokeSpecial(java.lang.Object, java.lang.Object, double)'> (0x0000000781131f58) 
thrown [../../src/hotspot/share/interpreter/linkResolver.cpp, line 766]
Event: 1.354 Thread 0x000000013b8efc00 Exception <a 'java/lang/NoSuchMethodError'{0x00000007811383b0}: 'java.lang.Object java.lang.invoke.DirectMethodHandle$Holder.newInvokeSpecial(java.lang.Object, java.lang.Object, double)'> (0x00000007811383b0) 
thrown [../../src/hotspot/share/interpreter/linkResolver.cpp, line 766]
Event: 1.354 Thread 0x000000013b8efc00 Exception <a 'java/lang/NoSuchMethodError'{0x000000078113c278}: 'java.lang.Object java.lang.invoke.DirectMethodHandle$Holder.invokeSpecial(java.lang.Object, java.lang.Object, java.lang.Object, double)'> (0x000000078113c278) 
thrown [../../src/hotspot/share/interpreter/linkResolver.cpp, line 766]
Event: 1.389 Thread 0x000000013a80da00 Exception <a 'java/lang/NoSuchMethodError'{0x0000000780f69810}: 'int java.lang.invoke.DirectMethodHandle$Holder.invokeStaticInit(java.lang.Object, java.lang.Object)'> (0x0000000780f69810) 
thrown [../../src/hotspot/share/interpreter/linkResolver.cpp, line 766]
Event: 1.479 Thread 0x000000013a80da00 Exception <a 'java/lang/NoSuchMethodError'{0x0000000787f16d60}: 'java.lang.Object java.lang.invoke.DirectMethodHandle$Holder.invokeStaticInit(java.lang.Object, int)'> (0x0000000787f16d60) 
thrown [../../src/hotspot/share/interpreter/linkResolver.cpp, line 766]
Event: 2.329 Thread 0x000000013b8efc00 Exception <a 'java/lang/NoSuchMethodError'{0x0000000786497318}: 'long java.lang.invoke.DirectMethodHandle$Holder.invokeStatic(java.lang.Object, java.lang.Object, java.lang.Object)'> (0x0000000786497318) 
thrown [../../src/hotspot/share/interpreter/linkResolver.cpp, line 766]
Event: 2.330 Thread 0x000000013b8efc00 Exception <a 'java/lang/NoSuchMethodError'{0x000000078649aac0}: 'long java.lang.invoke.DirectMethodHandle$Holder.invokeStaticInit(java.lang.Object, java.lang.Object, java.lang.Object)'> (0x000000078649aac0) 
thrown [../../src/hotspot/share/interpreter/linkResolver.cpp, line 766]
Event: 2.332 Thread 0x000000013b8efc00 Exception <a 'java/lang/NoSuchMethodError'{0x00000007864b26c8}: 'java.lang.Object java.lang.invoke.DirectMethodHandle$Holder.newInvokeSpecial(java.lang.Object, java.lang.Object, long)'> (0x00000007864b26c8) 
thrown [../../src/hotspot/share/interpreter/linkResolver.cpp, line 766]
Event: 2.332 Thread 0x000000013b8efc00 Exception <a 'java/lang/NoSuchMethodError'{0x00000007864b5f90}: 'java.lang.Object java.lang.invoke.Invokers$Holder.linkToTargetMethod(java.lang.Object, long, java.lang.Object)'> (0x00000007864b5f90) 
thrown [../../src/hotspot/share/interpreter/linkResolver.cpp, line 766]

VM Operations (20 events):
Event: 1.001 Executing VM operation: ICBufferFull
Event: 1.001 Executing VM operation: ICBufferFull done
Event: 1.038 Executing VM operation: CollectForMetadataAllocation
Event: 1.043 Executing VM operation: CollectForMetadataAllocation done
Event: 1.047 Executing VM operation: G1Concurrent
Event: 1.048 Executing VM operation: G1Concurrent done
Event: 1.050 Executing VM operation: G1Concurrent
Event: 1.050 Executing VM operation: G1Concurrent done
Event: 1.095 Executing VM operation: HandshakeAllThreads
Event: 1.095 Executing VM operation: HandshakeAllThreads done
Event: 1.147 Executing VM operation: HandshakeAllThreads
Event: 1.147 Executing VM operation: HandshakeAllThreads done
Event: 1.209 Executing VM operation: ICBufferFull
Event: 1.210 Executing VM operation: ICBufferFull done
Event: 1.407 Executing VM operation: G1CollectForAllocation
Event: 1.411 Executing VM operation: G1CollectForAllocation done
Event: 1.477 Executing VM operation: G1CollectForAllocation
Event: 1.478 Executing VM operation: G1CollectForAllocation done
Event: 2.483 Executing VM operation: Cleanup
Event: 2.483 Executing VM operation: Cleanup done

Events (20 events):
Event: 2.451 Protecting memory [0x0000000284d08000,0x0000000284d14000] with protection modes 3
Event: 2.451 Thread 0x00000001601cde00 Thread exited: 0x00000001601cde00
Event: 2.451 Protecting memory [0x0000000284d08000,0x0000000284d14000] with protection modes 0
Event: 2.451 Thread 0x00000001601cde00 Thread added: 0x00000001601cde00
Event: 2.451 Protecting memory [0x0000000284d08000,0x0000000284d14000] with protection modes 3
Event: 2.451 Thread 0x00000001601cde00 Thread exited: 0x00000001601cde00
Event: 2.458 Protecting memory [0x000000016e09c000,0x000000016e0a8000] with protection modes 0
Event: 2.458 Thread 0x000000013aad6400 Thread added: 0x000000013aad6400
Event: 2.458 Protecting memory [0x000000016e09c000,0x000000016e0a8000] with protection modes 3
Event: 2.458 Thread 0x000000013aad6400 Thread exited: 0x000000013aad6400
Event: 2.460 Protecting memory [0x000000016e09c000,0x000000016e0a8000] with protection modes 0
Event: 2.460 Thread 0x000000012eebb400 Thread added: 0x000000012eebb400
Event: 2.460 Protecting memory [0x000000016e09c000,0x000000016e0a8000] with protection modes 3
Event: 2.460 Thread 0x000000012eebb400 Thread exited: 0x000000012eebb400
Event: 2.460 Thread 0x000000012eebb400 Thread added: 0x000000012eebb400
Event: 2.460 Protecting memory [0x0000000284fa0000,0x0000000284fac000] with protection modes 0
Event: 2.977 Protecting memory [0x000000016f538000,0x000000016f544000] with protection modes 3
Event: 2.977 Thread 0x000000012f00b000 Thread exited: 0x000000012f00b000
Event: 3.461 Protecting memory [0x000000016f538000,0x000000016f544000] with protection modes 0
Event: 3.461 Thread 0x000000012e008800 Thread added: 0x000000012e008800


Dynamic libraries:
0x0000000104c50000 	/Library/Java/JavaVirtualMachines/temurin-17.jdk/Contents/Home/lib/libjli.dylib
0x00000001be29e000 	/usr/lib/libz.1.dylib
0x00000001be355000 	/usr/lib/libSystem.B.dylib
0x00000001be34f000 	/usr/lib/system/libcache.dylib
0x00000001be30d000 	/usr/lib/system/libcommonCrypto.dylib
0x00000001be336000 	/usr/lib/system/libcompiler_rt.dylib
0x00000001be32d000 	/usr/lib/system/libcopyfile.dylib
0x00000001b357b000 	/usr/lib/system/libcorecrypto.dylib
0x00000001b3630000 	/usr/lib/system/libdispatch.dylib
0x00000001b37fe000 	/usr/lib/system/libdyld.dylib
0x00000001be345000 	/usr/lib/system/libkeymgr.dylib
0x00000001be2e8000 	/usr/lib/system/libmacho.dylib
0x00000001bd9d8000 	/usr/lib/system/libquarantine.dylib
0x00000001be342000 	/usr/lib/system/libremovefile.dylib
0x00000001b8974000 	/usr/lib/system/libsystem_asl.dylib
0x00000001b351d000 	/usr/lib/system/libsystem_blocks.dylib
0x00000001b36b8000 	/usr/lib/system/libsystem_c.dylib
0x00000001be33a000 	/usr/lib/system/libsystem_collections.dylib
0x00000001bce6d000 	/usr/lib/system/libsystem_configuration.dylib
0x00000001bc0c9000 	/usr/lib/system/libsystem_containermanager.dylib
0x00000001be045000 	/usr/lib/system/libsystem_coreservices.dylib
0x00000001b5f2e000 	/usr/lib/system/libsystem_darwin.dylib
0x00000001be346000 	/usr/lib/system/libsystem_dnssd.dylib
0x00000001b36b5000 	/usr/lib/system/libsystem_featureflags.dylib
0x00000001b3813000 	/usr/lib/system/libsystem_info.dylib
0x00000001be2b0000 	/usr/lib/system/libsystem_m.dylib
0x00000001b3605000 	/usr/lib/system/libsystem_malloc.dylib
0x00000001b8902000 	/usr/lib/system/libsystem_networkextension.dylib
0x00000001b6387000 	/usr/lib/system/libsystem_notify.dylib
0x00000001c46a8000 	/usr/lib/system/libsystem_product_info_filter.dylib
0x00000001bce72000 	/usr/lib/system/libsystem_sandbox.dylib
0x00000001be33f000 	/usr/lib/system/libsystem_secinit.dylib
0x00000001b37b9000 	/usr/lib/system/libsystem_kernel.dylib
0x00000001b380b000 	/usr/lib/system/libsystem_platform.dylib
0x00000001b37f1000 	/usr/lib/system/libsystem_pthread.dylib
0x00000001ba0d4000 	/usr/lib/system/libsystem_symptoms.dylib
0x00000001b3561000 	/usr/lib/system/libsystem_trace.dylib
0x00000001be31a000 	/usr/lib/system/libunwind.dylib
0x00000001b351f000 	/usr/lib/system/libxpc.dylib
0x00000001b37a1000 	/usr/lib/libc++abi.dylib
0x00000001b3677000 	/usr/lib/libobjc.A.dylib
0x00000001be325000 	/usr/lib/liboah.dylib
0x00000001b373a000 	/usr/lib/libc++.1.dylib
0x00000001ca1ce000 	/System/Library/Frameworks/Cocoa.framework/Versions/A/Cocoa
0x00000001b63e8000 	/System/Library/Frameworks/AppKit.framework/Versions/C/AppKit
0x00000001b98fb000 	/System/Library/Frameworks/CoreData.framework/Versions/A/CoreData
0x00000001b4743000 	/System/Library/Frameworks/Foundation.framework/Versions/C/Foundation
0x00000001b72a0000 	/System/Library/PrivateFrameworks/UIFoundation.framework/Versions/A/UIFoundation
0x00000001c43a2000 	/System/Library/PrivateFrameworks/RemoteViewServices.framework/Versions/A/RemoteViewServices
0x00000001bc815000 	/System/Library/PrivateFrameworks/XCTTargetBootstrap.framework/Versions/A/XCTTargetBootstrap
0x00000001c0095000 	/System/Library/PrivateFrameworks/InternationalSupport.framework/Versions/A/InternationalSupport
0x00000001c011e000 	/System/Library/PrivateFrameworks/UserActivity.framework/Versions/A/UserActivity
0x00000001bf58c000 	/usr/lib/libspindump.dylib
0x00000001b7511000 	/System/Library/Frameworks/UniformTypeIdentifiers.framework/Versions/A/UniformTypeIdentifiers
0x00000001bad5f000 	/usr/lib/libapp_launch_measurement.dylib
0x00000001ba286000 	/System/Library/PrivateFrameworks/CoreAnalytics.framework/Versions/A/CoreAnalytics
0x00000001bad62000 	/System/Library/PrivateFrameworks/CoreAutoLayout.framework/Versions/A/CoreAutoLayout
0x00000001bc106000 	/System/Library/Frameworks/Metal.framework/Versions/A/Metal
0x00000001bce7d000 	/usr/lib/liblangid.dylib
0x00000001bc81a000 	/System/Library/PrivateFrameworks/CoreSVG.framework/Versions/A/CoreSVG
0x00000001b89a8000 	/System/Library/PrivateFrameworks/SkyLight.framework/Versions/A/SkyLight
0x00000001b8d81000 	/System/Library/Frameworks/CoreGraphics.framework/Versions/A/CoreGraphics
0x00000001c4a6e000 	/System/Library/Frameworks/Accelerate.framework/Versions/A/Accelerate
0x00000001bf003000 	/System/Library/PrivateFrameworks/IconServices.framework/Versions/A/IconServices
0x00000001bc0e8000 	/System/Library/Frameworks/IOSurface.framework/Versions/A/IOSurface
0x00000001ba2b7000 	/usr/lib/libDiagnosticMessagesClient.dylib
0x00000001c7f6f000 	/System/Library/Frameworks/ApplicationServices.framework/Versions/A/ApplicationServices
0x00000001bc7fd000 	/System/Library/PrivateFrameworks/DFRFoundation.framework/Versions/A/DFRFoundation
0x00000001b5c78000 	/usr/lib/libicucore.A.dylib
0x00000001c0f42000 	/System/Library/Frameworks/AudioToolbox.framework/Versions/A/AudioToolbox
0x00000001c00a1000 	/System/Library/PrivateFrameworks/DataDetectorsCore.framework/Versions/A/DataDetectorsCore
0x00000001d6a9b000 	/System/Library/PrivateFrameworks/TextInput.framework/Versions/A/TextInput
0x00000001b891d000 	/usr/lib/libMobileGestalt.dylib
0x00000001bc4c9000 	/System/Library/Frameworks/Carbon.framework/Versions/A/Frameworks/HIToolbox.framework/Versions/A/HIToolbox
0x00000001ba737000 	/System/Library/Frameworks/QuartzCore.framework/Versions/A/QuartzCore
0x00000001b58f9000 	/System/Library/Frameworks/Security.framework/Versions/A/Security
0x00000001c43e2000 	/System/Library/Frameworks/Carbon.framework/Versions/A/Frameworks/SpeechRecognition.framework/Versions/A/SpeechRecognition
0x00000001baab5000 	/System/Library/PrivateFrameworks/CoreUI.framework/Versions/A/CoreUI
0x00000001b51d5000 	/System/Library/Frameworks/CoreAudio.framework/Versions/A/CoreAudio
0x00000001ba3ab000 	/System/Library/Frameworks/DiskArbitration.framework/Versions/A/DiskArbitration
0x00000001bf996000 	/System/Library/PrivateFrameworks/MultitouchSupport.framework/Versions/A/MultitouchSupport
0x00000001b891b000 	/usr/lib/libenergytrace.dylib
0x00000001b62b0000 	/System/Library/Frameworks/IOKit.framework/Versions/A/IOKit
0x00000001c47d1000 	/System/Library/Frameworks/CoreServices.framework/Versions/A/CoreServices
0x00000001bacef000 	/System/Library/PrivateFrameworks/PerformanceAnalysis.framework/Versions/A/PerformanceAnalysis
0x0000000214ed3000 	/System/Library/Frameworks/OpenGL.framework/Versions/A/OpenGL
0x00000001bd8f0000 	/System/Library/PrivateFrameworks/MobileKeyBag.framework/Versions/A/MobileKeyBag
0x00000001b938f000 	/System/Library/Frameworks/ColorSync.framework/Versions/A/ColorSync
0x00000001b3840000 	/System/Library/Frameworks/CoreFoundation.framework/Versions/A/CoreFoundation
0x00000001bca99000 	/System/Library/Frameworks/CoreImage.framework/Versions/A/CoreImage
0x00000001b4ff9000 	/System/Library/Frameworks/CoreText.framework/Versions/A/CoreText
0x00000001bc84a000 	/System/Library/Frameworks/ImageIO.framework/Versions/A/ImageIO
0x00000001be35b000 	/System/Library/PrivateFrameworks/SoftLinking.framework/Versions/A/SoftLinking
0x00000001badad000 	/usr/lib/libxml2.2.dylib
0x00000001be5f4000 	/usr/lib/libcompression.dylib
0x00000001bfff1000 	/System/Library/PrivateFrameworks/TextureIO.framework/Versions/A/TextureIO
0x00000001bed1c000 	/usr/lib/libate.dylib
0x00000001bebe1000 	/usr/lib/liblzma.5.dylib
0x00000001b4436000 	/System/Library/Frameworks/SystemConfiguration.framework/Versions/A/SystemConfiguration
0x00000001be357000 	/usr/lib/libfakelink.dylib
0x00000001b844d000 	/System/Library/Frameworks/CFNetwork.framework/Versions/A/CFNetwork
0x00000001be49d000 	/usr/lib/libarchive.2.dylib
0x00000001bce79000 	/System/Library/PrivateFrameworks/AppleSystemInfo.framework/Versions/A/AppleSystemInfo
0x00000001bda03000 	/usr/lib/libbsm.0.dylib
0x00000001b79ba000 	/usr/lib/libnetwork.dylib
0x00000001be2f1000 	/usr/lib/system/libkxld.dylib
0x00000001bd61d000 	/System/Library/PrivateFrameworks/IOMobileFramebuffer.framework/Versions/A/IOMobileFramebuffer
0x0000000232b9c000 	/usr/lib/libCoreEntitlements.dylib
0x00000001be027000 	/System/Library/PrivateFrameworks/AppleFSCompression.framework/Versions/A/AppleFSCompression
0x00000001bd9eb000 	/usr/lib/libcoretls.dylib
0x00000001bebfa000 	/usr/lib/libcoretls_cfhelpers.dylib
0x00000001be5ef000 	/usr/lib/libpam.2.dylib
0x00000001b9ceb000 	/usr/lib/libsqlite3.dylib
0x00000001bec63000 	/usr/lib/libxar.1.dylib
0x00000001be038000 	/usr/lib/libbz2.1.0.dylib
0x00000001be35c000 	/usr/lib/libpcap.A.dylib
0x00000001ba0cb000 	/usr/lib/libdns_services.dylib
0x00000001be5c2000 	/usr/lib/libapple_nghttp2.dylib
0x00000001be399000 	/usr/lib/libiconv.2.dylib
0x00000001be2e7000 	/usr/lib/libcharset.1.dylib
0x00000001bad2b000 	/System/Library/Frameworks/CoreServices.framework/Versions/A/Frameworks/FSEvents.framework/Versions/A/FSEvents
0x00000001b5f39000 	/System/Library/Frameworks/CoreServices.framework/Versions/A/Frameworks/CarbonCore.framework/Versions/A/CarbonCore
0x00000001ba30b000 	/System/Library/Frameworks/CoreServices.framework/Versions/A/Frameworks/Metadata.framework/Versions/A/Metadata
0x00000001be04b000 	/System/Library/Frameworks/CoreServices.framework/Versions/A/Frameworks/OSServices.framework/Versions/A/OSServices
0x00000001be523000 	/System/Library/Frameworks/CoreServices.framework/Versions/A/Frameworks/SearchKit.framework/Versions/A/SearchKit
0x00000001ba05a000 	/System/Library/Frameworks/CoreServices.framework/Versions/A/Frameworks/AE.framework/Versions/A/AE
0x00000001b3d87000 	/System/Library/Frameworks/CoreServices.framework/Versions/A/Frameworks/LaunchServices.framework/Versions/A/LaunchServices
0x00000001beb8a000 	/System/Library/Frameworks/CoreServices.framework/Versions/A/Frameworks/DictionaryServices.framework/Versions/A/DictionaryServices
0x00000001bad38000 	/System/Library/Frameworks/CoreServices.framework/Versions/A/Frameworks/SharedFileList.framework/Versions/A/SharedFileList
0x00000001bd9db000 	/usr/lib/libCheckFix.dylib
0x00000001b898c000 	/System/Library/PrivateFrameworks/TCC.framework/Versions/A/TCC
0x00000001bce7f000 	/System/Library/PrivateFrameworks/CoreNLP.framework/Versions/A/CoreNLP
0x00000001ba2ba000 	/System/Library/PrivateFrameworks/MetadataUtilities.framework/Versions/A/MetadataUtilities
0x00000001b44f0000 	/usr/lib/libmecabra.dylib
0x00000001bda14000 	/usr/lib/libmecab.dylib
0x00000001b44bc000 	/usr/lib/libCRFSuite.dylib
0x00000001bda71000 	/usr/lib/libgermantok.dylib
0x00000001be59b000 	/usr/lib/libThaiTokenizer.dylib
0x00000001ba3b3000 	/System/Library/Frameworks/Accelerate.framework/Versions/A/Frameworks/vImage.framework/Versions/A/vImage
0x00000001c47a8000 	/System/Library/Frameworks/Accelerate.framework/Versions/A/Frameworks/vecLib.framework/Versions/A/vecLib
0x00000001beca8000 	/System/Library/Frameworks/Accelerate.framework/Versions/A/Frameworks/vecLib.framework/Versions/A/libvMisc.dylib
0x00000001bd524000 	/System/Library/Frameworks/Accelerate.framework/Versions/A/Frameworks/vecLib.framework/Versions/A/libvDSP.dylib
0x00000001b4111000 	/System/Library/Frameworks/Accelerate.framework/Versions/A/Frameworks/vecLib.framework/Versions/A/libBLAS.dylib
0x00000001be6c5000 	/System/Library/Frameworks/Accelerate.framework/Versions/A/Frameworks/vecLib.framework/Versions/A/libLAPACK.dylib
0x00000001bda74000 	/System/Library/Frameworks/Accelerate.framework/Versions/A/Frameworks/vecLib.framework/Versions/A/libLinearAlgebra.dylib
0x00000001be5da000 	/System/Library/Frameworks/Accelerate.framework/Versions/A/Frameworks/vecLib.framework/Versions/A/libSparseBLAS.dylib
0x00000001be6c0000 	/System/Library/Frameworks/Accelerate.framework/Versions/A/Frameworks/vecLib.framework/Versions/A/libQuadrature.dylib
0x00000001bcf78000 	/System/Library/Frameworks/Accelerate.framework/Versions/A/Frameworks/vecLib.framework/Versions/A/libBNNS.dylib
0x00000001b43cf000 	/System/Library/Frameworks/Accelerate.framework/Versions/A/Frameworks/vecLib.framework/Versions/A/libSparse.dylib
0x00000001bcf70000 	/System/Library/PrivateFrameworks/LinguisticData.framework/Versions/A/LinguisticData
0x00000001b4387000 	/System/Library/PrivateFrameworks/Lexicon.framework/Versions/A/Lexicon
0x00000001beca0000 	/usr/lib/libChineseTokenizer.dylib
0x00000001b4b35000 	/System/Library/PrivateFrameworks/LanguageModeling.framework/Versions/A/LanguageModeling
0x00000001be59d000 	/System/Library/PrivateFrameworks/AppleSauce.framework/Versions/A/AppleSauce
0x00000001bd60a000 	/System/Library/PrivateFrameworks/CoreEmoji.framework/Versions/A/CoreEmoji
0x00000001be48b000 	/usr/lib/libcmph.dylib
0x00000001bad0b000 	/System/Library/Frameworks/OpenDirectory.framework/Versions/A/Frameworks/CFOpenDirectory.framework/Versions/A/CFOpenDirectory
0x00000001bacfb000 	/System/Library/Frameworks/OpenDirectory.framework/Versions/A/OpenDirectory
0x00000001bebfc000 	/System/Library/PrivateFrameworks/APFS.framework/Versions/A/APFS
0x00000001bd92b000 	/System/Library/Frameworks/SecurityFoundation.framework/Versions/A/SecurityFoundation
0x00000001bec72000 	/usr/lib/libutil.dylib
0x00000001b6272000 	/System/Library/PrivateFrameworks/CoreServicesStore.framework/Versions/A/CoreServicesStore
0x00000001bec76000 	/usr/lib/libxslt.1.dylib
0x00000001bd9bf000 	/System/Library/PrivateFrameworks/BackgroundTaskManagement.framework/Versions/A/BackgroundTaskManagement
0x00000001bff12000 	/System/Library/Frameworks/ImageIO.framework/Versions/A/Resources/libRadiance.dylib
0x00000001bff1b000 	/System/Library/Frameworks/ImageIO.framework/Versions/A/Resources/libJPEG.dylib
0x00000001bfe6e000 	/System/Library/Frameworks/ImageIO.framework/Versions/A/Resources/libPng.dylib
0x00000001bfe90000 	/System/Library/Frameworks/ImageIO.framework/Versions/A/Resources/libTIFF.dylib
0x00000001bff76000 	/System/Library/Frameworks/ImageIO.framework/Versions/A/Resources/libGIF.dylib
0x00000001bf8a6000 	/System/Library/Frameworks/ImageIO.framework/Versions/A/Resources/libJP2.dylib
0x00000001befc8000 	/usr/lib/libexpat.1.dylib
0x00000001bf861000 	/System/Library/PrivateFrameworks/AppleJPEG.framework/Versions/A/AppleJPEG
0x00000001bc385000 	/System/Library/PrivateFrameworks/FontServices.framework/libFontParser.dylib
0x00000001b9fff000 	/System/Library/PrivateFrameworks/RunningBoardServices.framework/Versions/A/RunningBoardServices
0x00000001ca8a4000 	/System/Library/PrivateFrameworks/IOSurfaceAccelerator.framework/Versions/A/IOSurfaceAccelerator
0x00000001bf992000 	/System/Library/PrivateFrameworks/WatchdogClient.framework/Versions/A/WatchdogClient
0x00000001b4c35000 	/System/Library/Frameworks/CoreDisplay.framework/Versions/A/CoreDisplay
0x00000001bc26f000 	/System/Library/Frameworks/CoreMedia.framework/Versions/A/CoreMedia
0x00000001bc0fc000 	/System/Library/PrivateFrameworks/IOAccelerator.framework/Versions/A/IOAccelerator
0x00000001bae9b000 	/System/Library/Frameworks/CoreVideo.framework/Versions/A/CoreVideo
0x00000001be5ed000 	/System/Library/Frameworks/MetalPerformanceShaders.framework/Versions/A/MetalPerformanceShaders
0x00000001bf9d1000 	/System/Library/Frameworks/VideoToolbox.framework/Versions/A/VideoToolbox
0x00000001b9f43000 	/System/Library/PrivateFrameworks/BaseBoard.framework/Versions/A/BaseBoard
0x00000001b9cd1000 	/System/Library/PrivateFrameworks/ProtocolBuffer.framework/Versions/A/ProtocolBuffer
0x00000001bff0d000 	/System/Library/PrivateFrameworks/GPUWrangler.framework/Versions/A/GPUWrangler
0x00000001bfeed000 	/System/Library/PrivateFrameworks/IOPresentment.framework/Versions/A/IOPresentment
0x00000001bff15000 	/System/Library/PrivateFrameworks/DSExternalDisplay.framework/Versions/A/DSExternalDisplay
0x0000000214ec6000 	/System/Library/Frameworks/OpenGL.framework/Versions/A/Libraries/libCoreFSCache.dylib
0x000000021f68c000 	/System/Library/PrivateFrameworks/GPUCompiler.framework/Versions/31001/Libraries/libGPUCompilerUtils.dylib
0x00000001bff7b000 	/System/Library/PrivateFrameworks/CMCaptureCore.framework/Versions/A/CMCaptureCore
0x00000001bf579000 	/System/Library/PrivateFrameworks/AppServerSupport.framework/Versions/A/AppServerSupport
0x00000001c17ff000 	/System/Library/PrivateFrameworks/perfdata.framework/Versions/A/perfdata
0x00000001b4d55000 	/System/Library/PrivateFrameworks/AudioToolboxCore.framework/Versions/A/AudioToolboxCore
0x00000001bc248000 	/System/Library/PrivateFrameworks/caulk.framework/Versions/A/caulk
0x00000001c10f4000 	/usr/lib/libAudioStatistics.dylib
0x00000001d30f3000 	/System/Library/PrivateFrameworks/SystemPolicy.framework/Versions/A/SystemPolicy
0x00000001c1360000 	/usr/lib/libSMC.dylib
0x00000001ca0ac000 	/System/Library/Frameworks/CoreMIDI.framework/Versions/A/CoreMIDI
0x00000001bfe3c000 	/usr/lib/libAudioToolboxUtility.dylib
0x00000001cf263000 	/System/Library/PrivateFrameworks/OSAServicesClient.framework/Versions/A/OSAServicesClient
0x00000001c180c000 	/usr/lib/libperfcheck.dylib
0x00000001d3c0f000 	/usr/lib/libmis.dylib
0x0000000214f28000 	/System/Library/Frameworks/OpenGL.framework/Versions/A/Libraries/libGLU.dylib
0x0000000214ee7000 	/System/Library/Frameworks/OpenGL.framework/Versions/A/Libraries/libGFXShared.dylib
0x00000002150d4000 	/System/Library/Frameworks/OpenGL.framework/Versions/A/Libraries/libGL.dylib
0x0000000214ef0000 	/System/Library/Frameworks/OpenGL.framework/Versions/A/Libraries/libGLImage.dylib
0x0000000214ee4000 	/System/Library/Frameworks/OpenGL.framework/Versions/A/Libraries/libCVMSPluginSupport.dylib
0x0000000214ecd000 	/System/Library/Frameworks/OpenGL.framework/Versions/A/Libraries/libCoreVMClient.dylib
0x00000001bcdf9000 	/System/Library/Frameworks/MetalPerformanceShaders.framework/Versions/A/Frameworks/MPSCore.framework/Versions/A/MPSCore
0x00000001bdf9a000 	/System/Library/Frameworks/MetalPerformanceShaders.framework/Versions/A/Frameworks/MPSImage.framework/Versions/A/MPSImage
0x00000001bda89000 	/System/Library/Frameworks/MetalPerformanceShaders.framework/Versions/A/Frameworks/MPSNeuralNetwork.framework/Versions/A/MPSNeuralNetwork
0x00000001bdec2000 	/System/Library/Frameworks/MetalPerformanceShaders.framework/Versions/A/Frameworks/MPSMatrix.framework/Versions/A/MPSMatrix
0x00000001bdc9b000 	/System/Library/Frameworks/MetalPerformanceShaders.framework/Versions/A/Frameworks/MPSRayIntersector.framework/Versions/A/MPSRayIntersector
0x00000001bdef3000 	/System/Library/Frameworks/MetalPerformanceShaders.framework/Versions/A/Frameworks/MPSNDArray.framework/Versions/A/MPSNDArray
0x00000002172ef000 	/System/Library/Frameworks/MetalPerformanceShaders.framework/Versions/A/Frameworks/MPSFunctions.framework/Versions/A/MPSFunctions
0x00000001b3fe8000 	/System/Library/PrivateFrameworks/MetalTools.framework/Versions/A/MetalTools
0x00000001bce77000 	/System/Library/PrivateFrameworks/AggregateDictionary.framework/Versions/A/AggregateDictionary
0x00000001bedad000 	/usr/lib/libIOReport.dylib
0x00000001c90c9000 	/System/Library/PrivateFrameworks/ASEProcessing.framework/Versions/A/ASEProcessing
0x00000001bf122000 	/System/Library/PrivateFrameworks/FaceCore.framework/Versions/A/FaceCore
0x00000001bf114000 	/System/Library/PrivateFrameworks/GraphVisualizer.framework/Versions/A/GraphVisualizer
0x000000021f5a3000 	/System/Library/PrivateFrameworks/FontServices.framework/Versions/A/FontServices
0x00000001bf535000 	/System/Library/PrivateFrameworks/OTSVG.framework/Versions/A/OTSVG
0x00000001baa65000 	/System/Library/Frameworks/ApplicationServices.framework/Versions/A/Frameworks/ATS.framework/Versions/A/Resources/libFontRegistry.dylib
0x00000001bf582000 	/System/Library/PrivateFrameworks/FontServices.framework/libhvf.dylib
0x000000021f5a4000 	/System/Library/PrivateFrameworks/FontServices.framework/libXTFontStaticRegistryData.dylib
0x0000000215275000 	/System/Library/Frameworks/OpenCL.framework/Versions/A/OpenCL
0x00000001bef7c000 	/System/Library/PrivateFrameworks/AppleVA.framework/Versions/A/AppleVA
0x00000001c111c000 	/System/Library/Frameworks/ApplicationServices.framework/Versions/A/Frameworks/ATS.framework/Versions/A/ATS
0x00000001b948e000 	/System/Library/Frameworks/ApplicationServices.framework/Versions/A/Frameworks/HIServices.framework/Versions/A/HIServices
0x00000001bff85000 	/System/Library/Frameworks/ApplicationServices.framework/Versions/A/Frameworks/PrintCore.framework/Versions/A/PrintCore
0x00000001c14b3000 	/System/Library/Frameworks/ApplicationServices.framework/Versions/A/Frameworks/QD.framework/Versions/A/QD
0x00000001c14ab000 	/System/Library/Frameworks/ApplicationServices.framework/Versions/A/Frameworks/ColorSyncLegacy.framework/Versions/A/ColorSyncLegacy
0x00000001c1108000 	/System/Library/Frameworks/ApplicationServices.framework/Versions/A/Frameworks/SpeechSynthesis.framework/Versions/A/SpeechSynthesis
0x00000001bff46000 	/System/Library/Frameworks/ApplicationServices.framework/Versions/A/Frameworks/ATSUI.framework/Versions/A/ATSUI
0x00000001c1440000 	/usr/lib/libcups.2.dylib
0x00000001c181a000 	/System/Library/Frameworks/Kerberos.framework/Versions/A/Kerberos
0x00000001c182b000 	/System/Library/Frameworks/GSS.framework/Versions/A/GSS
0x00000001c118c000 	/usr/lib/libresolv.9.dylib
0x00000001bf591000 	/System/Library/PrivateFrameworks/Heimdal.framework/Versions/A/Heimdal
0x00000001c82ff000 	/System/Library/Frameworks/Kerberos.framework/Versions/A/Libraries/libHeimdalProxy.dylib
0x00000001ba0dd000 	/System/Library/Frameworks/Network.framework/Versions/A/Network
0x00000001befe3000 	/usr/lib/libheimdal-asn1.dylib
0x00000001c187b000 	/System/Library/PrivateFrameworks/CommonAuth.framework/Versions/A/CommonAuth
0x00000001c1082000 	/System/Library/PrivateFrameworks/AudioSession.framework/Versions/A/AudioSession
0x00000001bf075000 	/System/Library/PrivateFrameworks/MediaExperience.framework/Versions/A/MediaExperience
0x00000001c0f08000 	/System/Library/PrivateFrameworks/AudioSession.framework/libSessionUtility.dylib
0x00000001c14bf000 	/System/Library/PrivateFrameworks/AudioResourceArbitration.framework/Versions/A/AudioResourceArbitration
0x00000001c5685000 	/System/Library/PrivateFrameworks/PowerLog.framework/Versions/A/PowerLog
0x00000001befed000 	/System/Library/PrivateFrameworks/IconFoundation.framework/Versions/A/IconFoundation
0x00000001c43ce000 	/System/Library/PrivateFrameworks/SpeechRecognitionCore.framework/Versions/A/SpeechRecognitionCore
0x0000000105fa0000 	/Library/Java/JavaVirtualMachines/temurin-17.jdk/Contents/Home/lib/server/libjvm.dylib
0x0000000104cb4000 	/Library/Java/JavaVirtualMachines/temurin-17.jdk/Contents/Home/lib/libjimage.dylib
0x0000000104ce0000 	/Library/Java/JavaVirtualMachines/temurin-17.jdk/Contents/Home/lib/libinstrument.dylib
0x0000000104d2c000 	/Library/Java/JavaVirtualMachines/temurin-17.jdk/Contents/Home/lib/libjava.dylib
0x0000000104e8c000 	/Library/Java/JavaVirtualMachines/temurin-17.jdk/Contents/Home/lib/libnio.dylib
0x0000000104eac000 	/Library/Java/JavaVirtualMachines/temurin-17.jdk/Contents/Home/lib/libnet.dylib
0x0000000104d14000 	/Library/Java/JavaVirtualMachines/temurin-17.jdk/Contents/Home/lib/libzip.dylib
0x0000000104ed0000 	/Users/abheektripathy/.openjfx/cache/17.0.1/libprism_es2.dylib
0x00000001b6235000 	/System/Library/PrivateFrameworks/CoreServicesInternal.framework/Versions/A/CoreServicesInternal
0x00000002150de000 	/System/Library/Frameworks/OpenGL.framework/Versions/A/Resources/GLEngine.bundle/GLEngine
0x0000000214f66000 	/System/Library/Frameworks/OpenGL.framework/Versions/A/Libraries/libGLProgrammability.dylib
0x0000000105ee4000 	/System/Library/Extensions/AppleMetalOpenGLRenderer.bundle/Contents/MacOS/AppleMetalOpenGLRenderer
0x000000021524d000 	/System/Library/Frameworks/OpenGL.framework/Versions/A/Resources/GLRendererFloat.bundle/GLRendererFloat
0x000000021534d000 	/System/Library/Extensions/AGXMetal13_3.bundle/Contents/MacOS/AGXMetal13_3
0x00000001d3c2b000 	/System/Library/PrivateFrameworks/GPURawCounter.framework/Versions/A/GPURawCounter
0x00000001ce3cc000 	/System/Library/PrivateFrameworks/IOGPU.framework/Versions/A/IOGPU
0x000000011fa6c000 	/Users/abheektripathy/.openjfx/cache/17.0.1/libglass.dylib
0x00000001c58dd000 	/System/Library/Frameworks/FileProvider.framework/Versions/A/FileProvider
0x00000001b9eab000 	/System/Library/Frameworks/Accounts.framework/Versions/A/Accounts
0x00000001c5a61000 	/System/Library/PrivateFrameworks/GenerationalStorage.framework/Versions/A/GenerationalStorage
0x00000001c6624000 	/System/Library/PrivateFrameworks/CoreSymbolication.framework/Versions/A/CoreSymbolication
0x00000001c5679000 	/System/Library/PrivateFrameworks/SymptomDiagnosticReporter.framework/Versions/A/SymptomDiagnosticReporter
0x00000001b7525000 	/System/Library/PrivateFrameworks/DesktopServicesPriv.framework/Versions/A/DesktopServicesPriv
0x00000001b6397000 	/usr/lib/libsandbox.1.dylib
0x00000001baf29000 	/System/Library/PrivateFrameworks/UserManagement.framework/Versions/A/UserManagement
0x00000001c65e1000 	/System/Library/PrivateFrameworks/DebugSymbols.framework/Versions/A/DebugSymbols
0x00000001c149e000 	/System/Library/PrivateFrameworks/NetAuth.framework/Versions/A/NetAuth
0x00000001c23bf000 	/System/Library/PrivateFrameworks/Sharing.framework/Versions/A/Sharing
0x00000001baef9000 	/System/Library/PrivateFrameworks/login.framework/Versions/A/Frameworks/loginsupport.framework/Versions/A/loginsupport
0x00000001c7816000 	/System/Library/PrivateFrameworks/Apple80211.framework/Versions/A/Apple80211
0x00000001be07e000 	/System/Library/PrivateFrameworks/AuthKit.framework/Versions/A/AuthKit
0x00000001bd706000 	/System/Library/PrivateFrameworks/CoreUtils.framework/Versions/A/CoreUtils
0x00000001bd629000 	/System/Library/Frameworks/CoreWLAN.framework/Versions/A/CoreWLAN
0x00000001c252f000 	/System/Library/Frameworks/IOBluetooth.framework/Versions/A/IOBluetooth
0x00000001c7876000 	/System/Library/PrivateFrameworks/CoreWiFi.framework/Versions/A/CoreWiFi
0x00000001c61c1000 	/System/Library/PrivateFrameworks/FrontBoardServices.framework/Versions/A/FrontBoardServices
0x00000001c6259000 	/System/Library/PrivateFrameworks/BoardServices.framework/Versions/A/BoardServices
0x00000001bd919000 	/System/Library/PrivateFrameworks/AssertionServices.framework/Versions/A/AssertionServices
0x00000001c79f3000 	/System/Library/PrivateFrameworks/BackBoardServices.framework/Versions/A/BackBoardServices
0x00000001c1912000 	/System/Library/PrivateFrameworks/CorePhoneNumbers.framework/Versions/A/CorePhoneNumbers
0x00000001c11b9000 	/System/Library/PrivateFrameworks/MultiverseSupport.framework/Versions/A/MultiverseSupport
0x00000001c7c74000 	/System/Library/PrivateFrameworks/RemoteServiceDiscovery.framework/Versions/A/RemoteServiceDiscovery
0x00000001c57a9000 	/System/Library/PrivateFrameworks/DiskManagement.framework/Versions/A/DiskManagement
0x00000001c56ac000 	/System/Library/PrivateFrameworks/AppleIDAuthSupport.framework/Versions/A/AppleIDAuthSupport
0x0000000219b2b000 	/System/Library/PrivateFrameworks/AAAFoundation.framework/Versions/A/AAAFoundation
0x00000001c18f1000 	/System/Library/PrivateFrameworks/KeychainCircle.framework/Versions/A/KeychainCircle
0x00000001c7c84000 	/System/Library/PrivateFrameworks/RemoteXPC.framework/Versions/A/RemoteXPC
0x00000001c5775000 	/System/Library/PrivateFrameworks/MediaKit.framework/Versions/A/MediaKit
0x00000001c56b9000 	/System/Library/Frameworks/DiscRecording.framework/Versions/A/DiscRecording
0x00000001beef8000 	/usr/lib/libCoreStorage.dylib
0x00000001c7cf0000 	/usr/lib/libcsfde.dylib
0x00000001c2604000 	/System/Library/PrivateFrameworks/ProtectedCloudStorage.framework/Versions/A/ProtectedCloudStorage
0x00000001c7ce8000 	/System/Library/PrivateFrameworks/EFILogin.framework/Versions/A/EFILogin
0x00000001c5a88000 	/System/Library/PrivateFrameworks/OctagonTrust.framework/Versions/A/OctagonTrust
0x000000021e72a000 	/System/Library/PrivateFrameworks/CoreUtilsExtras.framework/Versions/A/CoreUtilsExtras
0x00000001c55de000 	/System/Library/Frameworks/CoreBluetooth.framework/Versions/A/CoreBluetooth
0x00000001c8384000 	/System/Library/Frameworks/AudioUnit.framework/Versions/A/AudioUnit
0x00000001beef0000 	/usr/lib/libMatch.1.dylib
0x00000001d8111000 	/System/Library/Frameworks/Accelerate.framework/Versions/A/Frameworks/vImage.framework/Versions/A/Libraries/libCGInterfaces.dylib
0x000000011ffe8000 	/usr/lib/libobjc-trampolines.dylib
0x00000001babf3000 	/System/Library/PrivateFrameworks/ViewBridge.framework/Versions/A/ViewBridge
0x00000001bf654000 	/System/Library/PrivateFrameworks/login.framework/Versions/A/login
0x00000001bedb6000 	/System/Library/PrivateFrameworks/CrashReporterSupport.framework/Versions/A/CrashReporterSupport
0x00000001dfbb4000 	/System/Library/PrivateFrameworks/OSAnalytics.framework/Versions/A/OSAnalytics
0x00000001eaf00000 	/System/Library/PrivateFrameworks/Symbolication.framework/Versions/A/Symbolication
0x00000001d3bec000 	/System/Library/PrivateFrameworks/MallocStackLogging.framework/Versions/A/MallocStackLogging
0x0000000232cf9000 	/usr/lib/libRosetta.dylib
0x000000013dcb4000 	/Users/abheektripathy/.openjfx/cache/17.0.1/libjavafx_font.dylib
0x000000013f84c000 	/Users/abheektripathy/.openjfx/cache/17.0.1/libglib-lite.dylib
0x000000013fb50000 	/Users/abheektripathy/.openjfx/cache/17.0.1/libgstreamer-lite.dylib
0x000000013f290000 	/Users/abheektripathy/.openjfx/cache/17.0.1/libjfxmedia.dylib
0x000000013df98000 	/Users/abheektripathy/.openjfx/cache/17.0.1/libjfxmedia_avf.dylib
0x00000001d2eff000 	/System/Library/Frameworks/AVFoundation.framework/Versions/A/AVFoundation
0x0000000215eb5000 	/System/Library/Frameworks/AVFAudio.framework/Versions/A/AVFAudio
0x00000001c5fa1000 	/System/Library/PrivateFrameworks/AVFCore.framework/Versions/A/AVFCore
0x00000001cd20f000 	/System/Library/PrivateFrameworks/AVFCapture.framework/Versions/A/AVFCapture
0x00000001d1acb000 	/System/Library/PrivateFrameworks/AirPlaySync.framework/Versions/A/AirPlaySync
0x00000001c018c000 	/System/Library/Frameworks/MediaToolbox.framework/Versions/A/MediaToolbox
0x00000001c58a9000 	/System/Library/PrivateFrameworks/CoreAVCHD.framework/Versions/A/CoreAVCHD
0x00000001c4ab9000 	/System/Library/Frameworks/MediaAccessibility.framework/Versions/A/MediaAccessibility
0x00000001c58a5000 	/System/Library/PrivateFrameworks/Mangrove.framework/Versions/A/Mangrove
0x00000001c4ac6000 	/System/Library/PrivateFrameworks/AlgosScoreFramework.framework/Versions/A/AlgosScoreFramework
0x000000021b80c000 	/System/Library/PrivateFrameworks/CMPhoto.framework/Versions/A/CMPhoto
0x00000001c5899000 	/System/Library/PrivateFrameworks/CoreAUC.framework/Versions/A/CoreAUC
0x000000021b7f2000 	/System/Library/PrivateFrameworks/CMImaging.framework/Versions/A/CMImaging
0x00000001cd369000 	/System/Library/PrivateFrameworks/Quagga.framework/Versions/A/Quagga
0x00000001cd42d000 	/System/Library/PrivateFrameworks/CMCapture.framework/Versions/A/CMCapture
0x00000001c127d000 	/System/Library/Frameworks/CoreMediaIO.framework/Versions/A/CoreMediaIO
0x00000001c84c0000 	/System/Library/PrivateFrameworks/Espresso.framework/Versions/A/Espresso
0x00000001c7d6e000 	/System/Library/PrivateFrameworks/AppSupport.framework/Versions/A/AppSupport
0x00000001f9bb2000 	/System/Library/PrivateFrameworks/ANECompiler.framework/Versions/A/ANECompiler
0x00000001ca02c000 	/System/Library/PrivateFrameworks/AppleNeuralEngine.framework/Versions/A/AppleNeuralEngine
0x00000002220d6000 	/System/Library/PrivateFrameworks/MIL.framework/Versions/A/MIL
0x0000000217303000 	/System/Library/Frameworks/MetalPerformanceShadersGraph.framework/Versions/A/MetalPerformanceShadersGraph
0x00000001c8f4a000 	/System/Library/PrivateFrameworks/ANEServices.framework/Versions/A/ANEServices
0x00000001d79bd000 	/usr/lib/libncurses.5.4.dylib
0x000000013dfbc000 	/Users/abheektripathy/.openjfx/cache/17.0.1/libfxplugins.dylib
0x0000000219302000 	/System/Library/Frameworks/VideoDecodeAcceleration.framework/Versions/A/VideoDecodeAcceleration
0x000000013f998000 	/System/Library/Components/CoreAudio.component/Contents/MacOS/CoreAudio
0x00000001628f8000 	/System/Library/Components/AudioCodecs.component/Contents/MacOS/AudioCodecs


VM Arguments:
jvm_args: -javaagent:/Applications/IntelliJ IDEA CE.app/Contents/lib/idea_rt.jar=51937:/Applications/IntelliJ IDEA CE.app/Contents/bin -Dfile.encoding=UTF-8 --module-path=/Users/abheektripathy/.m2/repository/org/openjfx/javafx-fxml/17.0.1/javafx-fxml-17.0.1-mac-aarch64.jar:/Users/abheektripathy/.m2/repository/org/openjfx/javafx-controls/17.0.1/javafx-controls-17.0.1-mac-aarch64.jar:/Users/abheektripathy/.m2/repository/org/openjfx/javafx-media/17.0.1/javafx-media-17.0.1-mac-aarch64.jar:/Users/abheektripathy/IdeaProjects/ZeusFx-MP/target/classes:/Users/abheektripathy/.m2/repository/org/openjfx/javafx-graphics/17.0.1/javafx-graphics-17.0.1-mac-aarch64.jar:/Users/abheektripathy/.m2/repository/org/openjfx/javafx-base/17.0.1/javafx-base-17.0.1-mac-aarch64.jar -Djdk.module.main=com.tripathy.zeusfxmp 
java_command: com.tripathy.zeusfxmp/com.tripathy.zeusfxmp.HelloApplication
java_class_path (initial): /Users/abheektripathy/.m2/repository/org/openjfx/javafx-controls/17.0.1/javafx-controls-17.0.1.jar:/Users/abheektripathy/.m2/repository/org/openjfx/javafx-graphics/17.0.1/javafx-graphics-17.0.1.jar:/Users/abheektripathy/.m2/repository/org/openjfx/javafx-base/17.0.1/javafx-base-17.0.1.jar:/Users/abheektripathy/.m2/repository/org/openjfx/javafx-fxml/17.0.1/javafx-fxml-17.0.1.jar:/Users/abheektripathy/.m2/repository/org/openjfx/javafx-media/17.0.1/javafx-media-17.0.1.jar
Launcher Type: SUN_STANDARD

[Global flags]
     intx CICompilerCount                          = 4                                         {product} {ergonomic}
     uint ConcGCThreads                            = 2                                         {product} {ergonomic}
     uint G1ConcRefinementThreads                  = 8                                         {product} {ergonomic}
   size_t G1HeapRegionSize                         = 1048576                                   {product} {ergonomic}
    uintx GCDrainStackTargetSize                   = 64                                        {product} {ergonomic}
   size_t InitialHeapSize                          = 134217728                                 {product} {ergonomic}
   size_t MarkStackSize                            = 4194304                                   {product} {ergonomic}
   size_t MaxHeapSize                              = 2147483648                                {product} {ergonomic}
   size_t MaxNewSize                               = 1287651328                                {product} {ergonomic}
   size_t MinHeapDeltaBytes                        = 1048576                                   {product} {ergonomic}
   size_t MinHeapSize                              = 8388608                                   {product} {ergonomic}
    uintx NonNMethodCodeHeapSize                   = 5839564                                {pd product} {ergonomic}
    uintx NonProfiledCodeHeapSize                  = 122909338                              {pd product} {ergonomic}
    uintx ProfiledCodeHeapSize                     = 122909338                              {pd product} {ergonomic}
    uintx ReservedCodeCacheSize                    = 251658240                              {pd product} {ergonomic}
     bool SegmentedCodeCache                       = true                                      {product} {ergonomic}
   size_t SoftMaxHeapSize                          = 2147483648                             {manageable} {ergonomic}
     bool UseCompressedClassPointers               = true                           {product lp64_product} {ergonomic}
     bool UseCompressedOops                        = true                           {product lp64_product} {ergonomic}
     bool UseG1GC                                  = true                                      {product} {ergonomic}
     bool UseNUMA                                  = false                                     {product} {ergonomic}
     bool UseNUMAInterleaving                      = false                                     {product} {ergonomic}

Logging:
Log output configuration:
 #0: stdout all=warning uptime,level,tags
 #1: stderr all=off uptime,level,tags

Environment Variables:
PATH=/Library/Frameworks/Python.framework/Versions/3.10/bin:/usr/local/bin:/usr/bin:/bin:/usr/sbin:/sbin:/Library/Apple/usr/bin
SHELL=/bin/zsh
LC_CTYPE=en_IN.UTF-8

Signal Handlers:
   SIGSEGV: _ZL13crash_handleriP9__siginfoPv in libjvm.dylib, mask=11100110000111110111111111111111, flags=SA_RESTART|SA_SIGINFO
    SIGBUS: _ZL13crash_handleriP9__siginfoPv in libjvm.dylib, mask=11100110000111110111111111111111, flags=SA_RESTART|SA_SIGINFO
    SIGFPE: _ZL13crash_handleriP9__siginfoPv in libjvm.dylib, mask=11100110000111110111111111111111, flags=SA_RESTART|SA_SIGINFO
   SIGPIPE: _ZL17javaSignalHandleriP9__siginfoPv in libjvm.dylib, mask=11100110000111110111111111111111, flags=SA_RESTART|SA_SIGINFO
   SIGXFSZ: _ZL17javaSignalHandleriP9__siginfoPv in libjvm.dylib, mask=11100110000111110111111111111111, flags=SA_RESTART|SA_SIGINFO
    SIGILL: _ZL13crash_handleriP9__siginfoPv in libjvm.dylib, mask=11100110000111110111111111111111, flags=SA_RESTART|SA_SIGINFO
   SIGUSR2: _ZL10SR_handleriP9__siginfoP17__darwin_ucontext in libjvm.dylib, mask=00100000000000000000000000000000, flags=SA_RESTART|SA_SIGINFO
    SIGHUP: _ZL11UserHandleriPvS_ in libjvm.dylib, mask=11100110000111110111111111111111, flags=SA_RESTART|SA_SIGINFO
    SIGINT: _ZL11UserHandleriPvS_ in libjvm.dylib, mask=11100110000111110111111111111111, flags=SA_RESTART|SA_SIGINFO
   SIGTERM: _ZL11UserHandleriPvS_ in libjvm.dylib, mask=11100110000111110111111111111111, flags=SA_RESTART|SA_SIGINFO
   SIGQUIT: _ZL11UserHandleriPvS_ in libjvm.dylib, mask=11100110000111110111111111111111, flags=SA_RESTART|SA_SIGINFO
   SIGTRAP: _ZL13crash_handleriP9__siginfoPv in libjvm.dylib, mask=11100110000111110111111111111111, flags=SA_RESTART|SA_SIGINFO


---------------  S Y S T E M  ---------------

OS:
uname: Darwin 21.5.0 Darwin Kernel Version 21.5.0: Tue Apr 26 21:08:29 PDT 2022; root:xnu-8020.121.3~4/RELEASE_ARM64_T8101 arm64
OS uptime: 0 days 20:56 hours
rlimit (soft/hard): STACK 8176k/65520k , CORE 0k/infinity , NPROC 1333/2000 , NOFILE 10240/infinity , AS infinity/infinity , CPU infinity/infinity , DATA infinity/infinity , FSIZE infinity/infinity , MEMLOCK infinity/infinity , RSS infinity/infinity
load average: 3.88 3.50 2.68

CPU: total 8 (initial active 8) 0x61:0x0:0x1b588bb3:0, fp, simd, crc, lse

Memory: 16k page, physical 8388608k(98736k free), swap 1048576k(888576k free)

vm_info: OpenJDK 64-Bit Server VM (17.0.2+8) for bsd-aarch64 JRE (17.0.2+8), built on Jan 20 2022 10:58:36 by "jenkins" with clang Apple LLVM 12.0.0 (clang-1200.0.32.29)

END.
