#
# A fatal error has been detected by the Java Runtime Environment:
#
#  SIGBUS (0xa) at pc=0x000000010e7394f0, pid=59418, tid=33803
#
# JRE version: OpenJDK Runtime Environment Temurin-17.0.2+8 (17.0.2+8) (build 17.0.2+8)
# Java VM: OpenJDK 64-Bit Server VM Temurin-17.0.2+8 (17.0.2+8, mixed mode, tiered, compressed oops, compressed class ptrs, g1 gc, bsd-aarch64)
# Problematic frame:
# v  ~StubRoutines::SafeFetchN
#
# No core dump will be written. Core dumps have been disabled. To enable core dumping, try "ulimit -c unlimited" before starting Java again
#
# If you would like to submit a bug report, please visit:
#   https://github.com/adoptium/adoptium-support/issues
# The crash happened outside the Java Virtual Machine in native code.
# See problematic frame for where to report the bug.
#

---------------  S U M M A R Y ------------

Command Line: -javaagent:/Applications/IntelliJ IDEA CE.app/Contents/lib/idea_rt.jar=55510:/Applications/IntelliJ IDEA CE.app/Contents/bin -Dfile.encoding=UTF-8 --module-path=/Users/abheektripathy/.m2/repository/org/openjfx/javafx-graphics/17.0.1/javafx-graphics-17.0.1-mac-aarch64.jar:/Users/abheektripathy/.m2/repository/org/openjfx/javafx-fxml/17.0.1/javafx-fxml-17.0.1-mac-aarch64.jar:/Users/abheektripathy/.m2/repository/org/openjfx/javafx-base/17.0.1/javafx-base-17.0.1-mac-aarch64.jar:/Users/abheektripathy/.m2/repository/org/openjfx/javafx-controls/17.0.1/javafx-controls-17.0.1-mac-aarch64.jar:/Users/abheektripathy/.m2/repository/org/openjfx/javafx-media/17.0.1/javafx-media-17.0.1-mac-aarch64.jar:/Users/abheektripathy/IdeaProjects/ZeusFx-MP/target/classes -Djdk.module.main=com.tripathy.zeusfxmp com.tripathy.zeusfxmp/com.tripathy.zeusfxmp.HelloApplication

Host: "MacBookPro17,1" arm64 1 MHz, 8 cores, 8G, Darwin 21.5.0, macOS 12.4 (21F79)
Time: Mon Jul  4 11:52:05 2022 IST elapsed time: 4.886761 seconds (0d 0h 0m 4s)

---------------  T H R E A D  ---------------

Current thread (0x000000012197b000):  JavaThread "InvokeLaterDispatcher" daemon [_thread_in_native, id=33803, stack(0x000000016de30000,0x000000016e033000)]

Stack: [0x000000016de30000,0x000000016e033000],  sp=0x000000016e032780,  free space=2057k
Native frames: (J=compiled Java code, j=interpreted, Vv=VM code, C=native code)
v  ~StubRoutines::SafeFetchN
V  [libjvm.dylib+0x7ba2dc]  _ZN10OopStorage7releaseEPKP7oopDesc+0x20
V  [libjvm.dylib+0x4c5750]  jni_DeleteGlobalRef+0xd8
C  [libglass.dylib+0xab08]  -[GlassRunnable dealloc]+0x34
C  [Foundation+0x85318]  -[_NSThreadPerformInfo dealloc]+0x30
C  [Foundation+0x518ac]  -[NSObject(NSThreadPerformAdditions) performSelectorOnMainThread:withObject:waitUntilDone:]+0x88
C  0x327400010e7418ac
j  com.sun.glass.ui.mac.MacApplication.submitForLaterInvocation(Ljava/lang/Runnable;)V+2 javafx.graphics
j  com.sun.glass.ui.InvokeLaterDispatcher.run()V+82 javafx.graphics
v  ~StubRoutines::call_stub
V  [libjvm.dylib+0x46a8f0]  _ZN9JavaCalls11call_helperEP9JavaValueRK12methodHandleP17JavaCallArgumentsP10JavaThread+0x38c
V  [libjvm.dylib+0x46990c]  _ZN9JavaCalls12call_virtualEP9JavaValueP5KlassP6SymbolS5_P17JavaCallArgumentsP10JavaThread+0x11c
V  [libjvm.dylib+0x4699d8]  _ZN9JavaCalls12call_virtualEP9JavaValue6HandleP5KlassP6SymbolS6_P10JavaThread+0x64
V  [libjvm.dylib+0x521e64]  _ZL12thread_entryP10JavaThreadS0_+0xc4
V  [libjvm.dylib+0x99aac0]  _ZN10JavaThread17thread_main_innerEv+0x13c
V  [libjvm.dylib+0x99919c]  _ZN6Thread8call_runEv+0x128
V  [libjvm.dylib+0x7c1124]  _ZL19thread_native_entryP6Thread+0x158
C  [libsystem_pthread.dylib+0x726c]  _pthread_start+0x94

Java frames: (J=compiled Java code, j=interpreted, Vv=VM code)
j  com.sun.glass.ui.mac.MacApplication._submitForLaterInvocation(Ljava/lang/Runnable;)V+0 javafx.graphics
j  com.sun.glass.ui.mac.MacApplication.submitForLaterInvocation(Ljava/lang/Runnable;)V+2 javafx.graphics
j  com.sun.glass.ui.InvokeLaterDispatcher.run()V+82 javafx.graphics
v  ~StubRoutines::call_stub

siginfo: si_signo: 10 (SIGBUS), si_code: 1 (BUS_ADRALN), si_addr: 0x000000010e7394f0

Register to memory mapping:

 x0=0x0000000120804b48 points into unknown readable memory: 0x0000000000000000 | 00 00 00 00 00 00 00 00
 x1=0x0 is NULL
 x2=0x0000000787f2a8b0 is an oop: com.sun.glass.ui.InvokeLaterDispatcher$Future 
{0x0000000787f2a8b0} - klass: 'com/sun/glass/ui/InvokeLaterDispatcher$Future'
 - ---- fields (total size 3 words):
 - private 'done' 'Z' @12  true
 - private final 'runnable' 'Ljava/lang/Runnable;' @16  a 'com/sun/javafx/application/PlatformImpl$$Lambda$92+0x0000000800114cf0'{0x0000000786414190} (f0c82832)
 - final synthetic 'this$0' 'Lcom/sun/glass/ui/InvokeLaterDispatcher;' @20  a 'com/sun/glass/ui/InvokeLaterDispatcher'{0x0000000780121680} (f00242d0)
 x3=0x0 is NULL
 x4=0x00000000000130a8 is an unknown value
 x5=0x0 is NULL
 x6=0x0 is NULL
 x7=0x0 is NULL
 x8=0x000000010e7394ec is at begin+0 in a stub
StubRoutines::SafeFetchN [0x000000010e7394ec, 0x000000010e7394f8] (12 bytes)
 x9=0x0 is NULL
x10=0x2010000030300000 is an unknown value
x11=0x0000000000000007 is an unknown value
x12=0x0 is NULL
x13=0x00006000037e2970 points into unknown readable memory: 0x000000006674742e | 2e 74 74 66 00 00 00 00
x14=0x0000070000000000 is an unknown value
x15=0x0000000120af9f98: OBJC_CLASS_$_GlassRunnable+0 in /Users/abheektripathy/.openjfx/cache/17.0.1/libglass.dylib at 0x0000000120ab4000
x16=0x00000001aa3a30fc: pthread_getspecific+0 in /usr/lib/system/libsystem_pthread.dylib at 0x00000001aa3a1000
x17=0x0000600003ddbae0 points into unknown readable memory: 0xfffffffffffffffe | fe ff ff ff ff ff ff ff
x18=0x0 is NULL
x19=0x00006000032c4540 points into unknown readable memory: 0x0000600001bef2f0 | f0 f2 be 01 00 60 00 00
x20=0x0000000120804940 points into unknown readable memory: 0x0000000000000020 | 20 00 00 00 00 00 00 00
x21=0x0000000120804b48 points into unknown readable memory: 0x0000000000000000 | 00 00 00 00 00 00 00 00
x22=0x000000012197b000 is a thread
x23=0x0000000000000001 is an unknown value
x24=0x0000000120804b00 is a global jni handle
x25=0x000000010692ba08: _ZN12StubRoutines17_safefetchN_entryE+0 in /Library/Java/JavaVirtualMachines/temurin-17.jdk/Contents/Home/lib/server/libjvm.dylib at 0x0000000105cd0000
x26=0x0000000120c542c0 is pointing into metadata
x27=0x0 is NULL
x28=0x000000012197b000 is a thread


Registers:
 x0=0x0000000120804b48  x1=0x0000000000000000  x2=0x0000000787f2a8b0  x3=0x0000000000000000
 x4=0x00000000000130a8  x5=0x0000000000000000  x6=0x0000000000000000  x7=0x0000000000000000
 x8=0x000000010e7394ec  x9=0x0000000000000000 x10=0x2010000030300000 x11=0x0000000000000007
x12=0x0000000000000000 x13=0x00006000037e2970 x14=0x0000070000000000 x15=0x0000000120af9f98
x16=0x00000001aa3a30fc x17=0x0000600003ddbae0 x18=0x0000000000000000 x19=0x00006000032c4540
x20=0x0000000120804940 x21=0x0000000120804b48 x22=0x000000012197b000 x23=0x0000000000000001
x24=0x0000000120804b00 x25=0x000000010692ba08 x26=0x0000000120c542c0 x27=0x0000000000000000
x28=0x000000012197b000  fp=0x000000016e0327c0  lr=0x00000001064890ac  sp=0x000000016e032780
pc=0x000000010e7394f0 cpsr=0x0000000060001000
Top of Stack: (sp=0x000000016e032780)
0x000000016e032780:   0000000120c542c0 0000000000000001
0x000000016e032790:   000000016e032988 0000000000000000
0x000000016e0327a0:   000000012197daa8 0000000120804b10
0x000000016e0327b0:   0000000120804b10 00006000032c4540
0x000000016e0327c0:   000000016e032800 000000010648a2dc
0x000000016e0327d0:   0000000000000001 0000000120804b10
0x000000016e0327e0:   000000012197daa8 0000000120804b10
0x000000016e0327f0:   0000000000000001 000000012197d800
0x000000016e032800:   000000016e032840 0000000106195750
0x000000016e032810:   000000016e032988 0000600001b93b70
0x000000016e032820:   0000600001b759d0 00000001f466130c
0x000000016e032830:   0000000000000000 0000600001b759d0
0x000000016e032840:   000000016e032870 0000000120abeb08
0x000000016e032850:   388dae11fff1005d 0000000000000000
0x000000016e032860:   0000000000000000 0000600000c44700
0x000000016e032870:   000000016e0328b0 00000001ab378318
0x000000016e032880:   000000016e032988 0000600001b93b70
0x000000016e032890:   0000600001b759d0 388dae11fff1005d
0x000000016e0328a0:   0000000000000000 0000000000000000
0x000000016e0328b0:   000000016e0328f0 4d380001ab3448ac
0x000000016e0328c0:   000000016e032988 000000010e7407c0
0x000000016e0328d0:   0000000000000000 00000001069333c8
0x000000016e0328e0:   000000016e032900 000000010e73f730
0x000000016e0328f0:   000000016e032960 327400010e7418ac
0x000000016e032900:   000000016e032900 000000011f9a1535
0x000000016e032910:   000000016e032910 0000000000000000
0x000000016e032920:   000000016e032988 0000000120c542c0
0x000000016e032930:   000000078014d170 0000000000000000
0x000000016e032940:   0000000000000000 0000000120c30000
0x000000016e032950:   0000000000000000 000000016e032960
0x000000016e032960:   000000016e0329e0 000000010e73dfc8
0x000000016e032970:   0000000000000000 0000000000000000 

Instructions: (pc=0x000000010e7394f0)
0x000000010e7393f0:   f2a0d1e9 f2c00029 6d425935 1e640886
0x000000010e739400:   0c402d31 1e6408c7 1f5654d0 1e6c1017
0x000000010e739410:   1f5050d0 1f504cd0 1f5048d0 1e650af6
0x000000010e739420:   1f50d8f6 1f5694d6 1f5158f6 1e762880
0x000000010e739430:   36000501 1e614000 14000026 2e251ca5
0x000000010e739440:   d2903009 f2a0d1e9 f2c00029 6d425d36
0x000000010e739450:   1e600806 0c402d32 1f5758c7 1e6c101a
0x000000010e739460:   1f4754c7 1e650805 1f4750c7 d2866668
0x000000010e739470:   f2a7fa68 1f474cc7 1e6608c0 1f4748c7
0x000000010e739480:   1e6e1019 eb08007f 540000ac 1f479400
0x000000010e739490:   1f460340 1e603b20 1400000e d2a7fd29
0x000000010e7394a0:   eb09007f 540000ac 51480069 d3607d29
0x000000010e7394b0:   9e670121 14000002 1e6a5001 1f679417
0x000000010e7394c0:   1f668742 1e613b23 1e773857 1e773860
0x000000010e7394d0:   a8c17ff3 910003bf a8c17bfd d65f03c0
0x000000010e7394e0:   b9400001 aa0103e0 d65f03c0 f9400001
0x000000010e7394f0:   aa0103e0 d65f03c0 00000000 00000000
0x000000010e739500:   00000000 00000000 00000000 00000000
0x000000010e739510:   00000000 00000000 00000000 00000000
0x000000010e739520:   00000000 00000000 00000000 00000000
0x000000010e739530:   00000000 00000000 00000000 00000000
0x000000010e739540:   00000000 00000000 00000000 00000000
0x000000010e739550:   00000000 00000000 00000000 00000000
0x000000010e739560:   00000000 00000000 00000000 00000000
0x000000010e739570:   00000000 00000000 00000000 00000000
0x000000010e739580:   00000000 00000000 00000000 00000000
0x000000010e739590:   00000000 00000000 00000000 00000000
0x000000010e7395a0:   00000000 00000000 00000000 00000000
0x000000010e7395b0:   00000000 00000000 00000000 00000000
0x000000010e7395c0:   00000000 00000000 00000000 00000000
0x000000010e7395d0:   00000000 00000000 00000000 00000000
0x000000010e7395e0:   00000000 00000000 00000000 00000000 


Stack slot to memory mapping:
stack at sp + 0 slots: 0x0000000120c542c0 is pointing into metadata
stack at sp + 1 slots: 0x0000000000000001 is an unknown value
stack at sp + 2 slots: 0x000000016e032988 is pointing into the stack for thread: 0x000000012197b000
stack at sp + 3 slots: 0x0 is NULL
stack at sp + 4 slots: 0x000000012197daa8 points into unknown readable memory: 0x00000001068e6888 | 88 68 8e 06 01 00 00 00
stack at sp + 5 slots: 0x0000000120804b10 is a global jni handle
stack at sp + 6 slots: 0x0000000120804b10 is a global jni handle
stack at sp + 7 slots: 0x00006000032c4540 points into unknown readable memory: 0x0000600001bef2f0 | f0 f2 be 01 00 60 00 00

StubRoutines::SafeFetchN [0x000000010e7394ec, 0x000000010e7394f8] (12 bytes)
[MachCode]
  0x000000010e7394ec: 0100 40f9 | e003 01aa | c003 5fd6 
[/MachCode]

---------------  P R O C E S S  ---------------

Threads class SMR info:
_java_thread_list=0x00006000019b6ce0, length=23, elements={
0x0000000122008a00, 0x0000000132808800, 0x0000000120008200, 0x00000001218b4a00,
0x00000001218b7200, 0x00000001218b7800, 0x00000001218b7e00, 0x0000000120008800,
0x0000000126818200, 0x0000000133808c00, 0x00000001218b6c00, 0x0000000121908400,
0x0000000121897c00, 0x000000012197b000, 0x000000012197d800, 0x00000001220d5400,
0x00000001268bf000, 0x0000000132904600, 0x000000013292aa00, 0x000000012197de00,
0x0000000122165400, 0x00000001219a4000, 0x000000012218ec00
}

Java Threads: ( => current thread )
  0x0000000122008a00 JavaThread "main" [_thread_blocked, id=5891, stack(0x000000016b428000,0x000000016b62b000)]
  0x0000000132808800 JavaThread "Reference Handler" daemon [_thread_blocked, id=17411, stack(0x000000016c27c000,0x000000016c47f000)]
  0x0000000120008200 JavaThread "Finalizer" daemon [_thread_blocked, id=16899, stack(0x000000016c488000,0x000000016c68b000)]
  0x00000001218b4a00 JavaThread "Signal Dispatcher" daemon [_thread_blocked, id=22531, stack(0x000000016c7ac000,0x000000016c9af000)]
  0x00000001218b7200 JavaThread "Service Thread" daemon [_thread_blocked, id=22787, stack(0x000000016c9b8000,0x000000016cbbb000)]
  0x00000001218b7800 JavaThread "Monitor Deflation Thread" daemon [_thread_blocked, id=41475, stack(0x000000016cbc4000,0x000000016cdc7000)]
  0x00000001218b7e00 JavaThread "C2 CompilerThread0" daemon [_thread_blocked, id=23299, stack(0x000000016cdd0000,0x000000016cfd3000)]
  0x0000000120008800 JavaThread "C1 CompilerThread0" daemon [_thread_blocked, id=23811, stack(0x000000016cfdc000,0x000000016d1df000)]
  0x0000000126818200 JavaThread "Sweeper thread" daemon [_thread_blocked, id=40963, stack(0x000000016d1e8000,0x000000016d3eb000)]
  0x0000000133808c00 JavaThread "Common-Cleaner" daemon [_thread_blocked, id=40707, stack(0x000000016d3f4000,0x000000016d5f7000)]
  0x00000001218b6c00 JavaThread "Monitor Ctrl-Break" daemon [_thread_in_native, id=24579, stack(0x000000016d600000,0x000000016d803000)]
  0x0000000121908400 JavaThread "Notification Thread" daemon [_thread_blocked, id=24835, stack(0x000000016d80c000,0x000000016da0f000)]
  0x0000000121897c00 JavaThread "QuantumRenderer-0" daemon [_thread_blocked, id=39427, stack(0x000000016dc24000,0x000000016de27000)]
=>0x000000012197b000 JavaThread "InvokeLaterDispatcher" daemon [_thread_in_native, id=33803, stack(0x000000016de30000,0x000000016e033000)]
  0x000000012197d800 JavaThread "JavaFX Application Thread" [_thread_in_native, id=259, stack(0x000000016aba0000,0x000000016b39c000)]
  0x00000001220d5400 JavaThread "JavaFX-Launcher" [_thread_blocked, id=54023, stack(0x000000016e2d4000,0x000000016e4d7000)]
  0x00000001268bf000 JavaThread "Attach Listener" daemon [_thread_blocked, id=51975, stack(0x000000016f334000,0x000000016f537000)]
  0x0000000132904600 JavaThread "JFXMedia Player EventQueueThread" daemon [_thread_blocked, id=59143, stack(0x000000016f540000,0x000000016f743000)]
  0x000000013292aa00 JavaThread "Prism Font Disposer" daemon [_thread_blocked, id=166919, stack(0x000000016f97c000,0x000000016fb7f000)]
  0x000000012197de00 JavaThread "Media Resource Disposer" daemon [_thread_blocked, id=161043, stack(0x0000000281638000,0x000000028183b000)]
  0x0000000122165400 JavaThread "Cleaner-0" daemon [_thread_blocked, id=157703, stack(0x0000000281844000,0x0000000281a47000)]
  0x00000001219a4000 JavaThread "Timer-0" [_thread_blocked, id=98587, stack(0x0000000283384000,0x0000000283587000)]
  0x000000012218ec00 JavaThread "Timer-1" daemon [_thread_blocked, id=99331, stack(0x000000028361c000,0x000000028381f000)]

Other Threads:
  0x0000000121607640 VMThread "VM Thread" [stack: 0x000000016c070000,0x000000016c273000] [id=15619]
  0x0000000133117e90 WatcherThread [stack: 0x000000016da18000,0x000000016dc1b000] [id=39939]
  0x00000001216065b0 GCTaskThread "GC Thread#0" [stack: 0x000000016b634000,0x000000016b837000] [id=12547]
  0x0000000131629920 GCTaskThread "GC Thread#1" [stack: 0x000000016e4e0000,0x000000016e6e3000] [id=71939]
  0x0000000131629e10 GCTaskThread "GC Thread#2" [stack: 0x000000016e6ec000,0x000000016e8ef000] [id=71427]
  0x000000013162a290 GCTaskThread "GC Thread#3" [stack: 0x000000016e8f8000,0x000000016eafb000] [id=71171]
  0x000000013162a710 GCTaskThread "GC Thread#4" [stack: 0x000000016eb04000,0x000000016ed07000] [id=70915]
  0x00000001208076b0 GCTaskThread "GC Thread#5" [stack: 0x000000016ed10000,0x000000016ef13000] [id=57603]
  0x0000000133018180 GCTaskThread "GC Thread#6" [stack: 0x000000016ef1c000,0x000000016f11f000] [id=57859]
  0x0000000133136ff0 GCTaskThread "GC Thread#7" [stack: 0x000000016f128000,0x000000016f32b000] [id=58371]
  0x0000000133104bc0 ConcurrentGCThread "G1 Main Marker" [stack: 0x000000016b840000,0x000000016ba43000] [id=19715]
  0x0000000133105440 ConcurrentGCThread "G1 Conc#0" [stack: 0x000000016ba4c000,0x000000016bc4f000] [id=13315]
  0x0000000121632460 ConcurrentGCThread "G1 Conc#1" [stack: 0x000000016fb88000,0x000000016fd8b000] [id=166659]
  0x00000001331072b0 ConcurrentGCThread "G1 Refine#0" [stack: 0x000000016bc58000,0x000000016be5b000] [id=13827]
  0x0000000133107b50 ConcurrentGCThread "G1 Service" [stack: 0x000000016be64000,0x000000016c067000] [id=18947]

Threads with active compile tasks:

VM state: not at safepoint (normal execution)

VM Mutex/Monitor currently owned by a thread: None

Heap address: 0x0000000780000000, size: 2048 MB, Compressed Oops mode: Zero based, Oop shift amount: 3

CDS archive(s) not mapped
Compressed class space mapped at: 0x0000000800000000-0x0000000840000000, reserved size: 1073741824
Narrow klass base: 0x0000000800000000, Narrow klass shift: 0, Narrow klass range: 0x40000000

GC Precious Log:
 CPUs: 8 total, 8 available
 Memory: 8192M
 Large Page Support: Disabled
 NUMA Support: Disabled
 Compressed Oops: Enabled (Zero based)
 Heap Region Size: 1M
 Heap Min Capacity: 8M
 Heap Initial Capacity: 128M
 Heap Max Capacity: 2G
 Pre-touch: Disabled
 Parallel Workers: 8
 Concurrent Workers: 2
 Concurrent Refinement Workers: 8
 Periodic GC: Disabled

Heap:
 garbage-first heap   total 34816K, used 13286K [0x0000000780000000, 0x0000000800000000)
  region size 1024K, 3 young (3072K), 1 survivors (1024K)
 Metaspace       used 25460K, committed 25728K, reserved 1073152K
  class space    used 3314K, committed 3456K, reserved 1048576K

Heap Regions: E=young(eden), S=young(survivor), O=old, HS=humongous(starts), HC=humongous(continues), CS=collection set, F=free, OA=open archive, CA=closed archive, TAMS=top-at-mark-start (previous, next)
|   0|0x0000000780000000, 0x0000000780100000, 0x0000000780100000|100%| O|  |TAMS 0x0000000780100000, 0x0000000780000000| Untracked 
|   1|0x0000000780100000, 0x0000000780200000, 0x0000000780200000|100%| O|  |TAMS 0x0000000780121200, 0x0000000780100000| Untracked 
|   2|0x0000000780200000, 0x0000000780300000, 0x0000000780300000|100%| O|  |TAMS 0x0000000780200000, 0x0000000780200000| Untracked 
|   3|0x0000000780300000, 0x0000000780400000, 0x0000000780400000|100%| O|  |TAMS 0x0000000780300000, 0x0000000780300000| Untracked 
|   4|0x0000000780400000, 0x0000000780400000, 0x0000000780500000|  0%| F|  |TAMS 0x0000000780400000, 0x0000000780400000| Untracked 
|   5|0x0000000780500000, 0x0000000780600000, 0x0000000780600000|100%|HS|  |TAMS 0x0000000780500000, 0x0000000780500000| Complete 
|   6|0x0000000780600000, 0x0000000780700000, 0x0000000780700000|100%|HC|  |TAMS 0x0000000780600000, 0x0000000780600000| Complete 
|   7|0x0000000780700000, 0x0000000780800000, 0x0000000780800000|100%| O|  |TAMS 0x0000000780700000, 0x0000000780700000| Untracked 
|   8|0x0000000780800000, 0x0000000780900000, 0x0000000780900000|100%| O|  |TAMS 0x0000000780800000, 0x0000000780800000| Untracked 
|   9|0x0000000780900000, 0x0000000780a00000, 0x0000000780a00000|100%| O|  |TAMS 0x0000000780900000, 0x0000000780900000| Untracked 
|  10|0x0000000780a00000, 0x0000000780b00000, 0x0000000780b00000|100%| O|  |TAMS 0x0000000780a00000, 0x0000000780a00000| Untracked 
|  11|0x0000000780b00000, 0x0000000780c00000, 0x0000000780c00000|100%| O|  |TAMS 0x0000000780b00000, 0x0000000780b00000| Untracked 
|  12|0x0000000780c00000, 0x0000000780ca6400, 0x0000000780d00000| 64%| O|  |TAMS 0x0000000780c00000, 0x0000000780c00000| Untracked 
|  13|0x0000000780d00000, 0x0000000780d00000, 0x0000000780e00000|  0%| F|  |TAMS 0x0000000780d00000, 0x0000000780d00000| Untracked 
|  14|0x0000000780e00000, 0x0000000780e00000, 0x0000000780f00000|  0%| F|  |TAMS 0x0000000780e00000, 0x0000000780e00000| Untracked 
|  15|0x0000000780f00000, 0x0000000780f00000, 0x0000000781000000|  0%| F|  |TAMS 0x0000000780f00000, 0x0000000780f00000| Untracked 
|  16|0x0000000781000000, 0x0000000781000000, 0x0000000781100000|  0%| F|  |TAMS 0x0000000781000000, 0x0000000781000000| Untracked 
|  17|0x0000000781100000, 0x0000000781100000, 0x0000000781200000|  0%| F|  |TAMS 0x0000000781100000, 0x0000000781100000| Untracked 
|  18|0x0000000781200000, 0x0000000781200000, 0x0000000781300000|  0%| F|  |TAMS 0x0000000781200000, 0x0000000781200000| Untracked 
|  19|0x0000000781300000, 0x0000000781300000, 0x0000000781400000|  0%| F|  |TAMS 0x0000000781300000, 0x0000000781300000| Untracked 
|  20|0x0000000781400000, 0x0000000781400000, 0x0000000781500000|  0%| F|  |TAMS 0x0000000781400000, 0x0000000781400000| Untracked 
|  21|0x0000000781500000, 0x0000000781500000, 0x0000000781600000|  0%| F|  |TAMS 0x0000000781500000, 0x0000000781500000| Untracked 
|  22|0x0000000781600000, 0x0000000781600000, 0x0000000781700000|  0%| F|  |TAMS 0x0000000781600000, 0x0000000781600000| Untracked 
|  23|0x0000000781700000, 0x0000000781700000, 0x0000000781800000|  0%| F|  |TAMS 0x0000000781700000, 0x0000000781700000| Untracked 
|  24|0x0000000781800000, 0x0000000781800000, 0x0000000781900000|  0%| F|  |TAMS 0x0000000781800000, 0x0000000781800000| Untracked 
|  25|0x0000000781900000, 0x0000000781900000, 0x0000000781a00000|  0%| F|  |TAMS 0x0000000781900000, 0x0000000781900000| Untracked 
|  26|0x0000000781a00000, 0x0000000781a00000, 0x0000000781b00000|  0%| F|  |TAMS 0x0000000781a00000, 0x0000000781a00000| Untracked 
|  27|0x0000000781b00000, 0x0000000781b00000, 0x0000000781c00000|  0%| F|  |TAMS 0x0000000781b00000, 0x0000000781b00000| Untracked 
|  28|0x0000000781c00000, 0x0000000781c00000, 0x0000000781d00000|  0%| F|  |TAMS 0x0000000781c00000, 0x0000000781c00000| Untracked 
|  98|0x0000000786200000, 0x0000000786200000, 0x0000000786300000|  0%| F|  |TAMS 0x0000000786200000, 0x0000000786200000| Untracked 
|  99|0x0000000786300000, 0x0000000786300000, 0x0000000786400000|  0%| F|  |TAMS 0x0000000786300000, 0x0000000786300000| Untracked 
| 100|0x0000000786400000, 0x0000000786442e80, 0x0000000786500000| 26%| E|  |TAMS 0x0000000786400000, 0x0000000786400000| Complete 
| 101|0x0000000786500000, 0x0000000786553700, 0x0000000786600000| 32%| S|CS|TAMS 0x0000000786500000, 0x0000000786500000| Complete 
| 127|0x0000000787f00000, 0x0000000788000000, 0x0000000788000000|100%| E|CS|TAMS 0x0000000787f00000, 0x0000000787f00000| Complete 

Card table byte_map: [0x0000000105380000,0x0000000105780000] _byte_map_base: 0x0000000101780000

Marking Bits (Prev, Next): (CMBitMap*) 0x0000000121813c50, (CMBitMap*) 0x0000000121813c10
 Prev Bits: [0x0000000122800000, 0x0000000124800000)
 Next Bits: [0x000000011d738000, 0x000000011f738000)

Polling page: 0x0000000104ae8000

Metaspace:

Usage:
  Non-class:     21.63 MB used.
      Class:      3.24 MB used.
       Both:     24.86 MB used.

Virtual space:
  Non-class space:       24.00 MB reserved,      21.75 MB ( 91%) committed,  3 nodes.
      Class space:        1.00 GB reserved,       3.38 MB ( <1%) committed,  1 nodes.
             Both:        1.02 GB reserved,      25.12 MB (  2%) committed. 

Chunk freelists:
   Non-Class:  2.23 MB
       Class:  636.00 KB
        Both:  2.86 MB

MaxMetaspaceSize: unlimited
CompressedClassSpaceSize: 1.00 GB
Initial GC threshold: 21.00 MB
Current GC threshold: 35.25 MB
CDS: off
MetaspaceReclaimPolicy: balanced
 - commit_granule_bytes: 65536.
 - commit_granule_words: 8192.
 - virtual_space_node_default_size: 1048576.
 - enlarge_chunks_in_place: 1.
 - new_chunks_are_fully_committed: 0.
 - uncommit_free_chunks: 1.
 - use_allocation_guard: 0.
 - handle_deallocations: 1.


Internal statistics:

num_allocs_failed_limit: 3.
num_arena_births: 204.
num_arena_deaths: 0.
num_vsnodes_births: 4.
num_vsnodes_deaths: 0.
num_space_committed: 402.
num_space_uncommitted: 0.
num_chunks_returned_to_freelist: 3.
num_chunks_taken_from_freelist: 777.
num_chunk_merges: 3.
num_chunk_splits: 514.
num_chunks_enlarged: 392.
num_purges: 0.
num_inconsistent_stats: 0.

CodeHeap 'non-profiled nmethods': size=120032Kb used=894Kb max_used=894Kb free=119138Kb
 bounds [0x0000000116200000, 0x0000000116470000, 0x000000011d738000]
CodeHeap 'profiled nmethods': size=120016Kb used=4371Kb max_used=4371Kb free=115645Kb
 bounds [0x000000010eccc000, 0x000000010f11c000, 0x0000000116200000]
CodeHeap 'non-nmethods': size=5712Kb used=1402Kb max_used=1481Kb free=4309Kb
 bounds [0x000000010e738000, 0x000000010e9a8000, 0x000000010eccc000]
 total_blobs=2998 nmethods=2200 adapters=714
 compilation: enabled
              stopped_count=0, restarted_count=0
 full_count=0

Compilation events (20 events):
Event: 4.683 Thread 0x0000000120008800 2278       3       java.util.EventObject::<init> (24 bytes)
Event: 4.683 Thread 0x0000000120008800 nmethod 2278 0x000000010f10d090 code [0x000000010f10d240, 0x000000010f10d518]
Event: 4.689 Thread 0x00000001218b7e00 2279       4       com.sun.javafx.geom.Vec3d::set (25 bytes)
Event: 4.690 Thread 0x0000000120008800 2280       3       javafx.scene.input.MouseEvent::<init> (208 bytes)
Event: 4.690 Thread 0x00000001218b7e00 nmethod 2279 0x00000001162deb90 code [0x00000001162ded00, 0x00000001162dedb0]
Event: 4.691 Thread 0x0000000120008800 nmethod 2280 0x000000010f10d610 code [0x000000010f10d840, 0x000000010f10dfb8]
Event: 4.691 Thread 0x0000000120008800 2282       3       javafx.scene.Node::localToScene (17 bytes)
Event: 4.691 Thread 0x0000000120008800 nmethod 2282 0x000000010f10e390 code [0x000000010f10e540, 0x000000010f10e7d8]
Event: 4.691 Thread 0x0000000120008800 2281       3       javafx.scene.input.InputEvent::<init> (8 bytes)
Event: 4.691 Thread 0x0000000120008800 nmethod 2281 0x000000010f10e910 code [0x000000010f10eac0, 0x000000010f10ec58]
Event: 4.697 Thread 0x0000000120008800 2283       3       javafx.scene.input.MouseEvent::<init> (45 bytes)
Event: 4.698 Thread 0x0000000120008800 nmethod 2283 0x000000010f10ed10 code [0x000000010f10eec0, 0x000000010f10f118]
Event: 4.762 Thread 0x0000000120008800 2284       3       com.sun.javafx.geom.transform.Identity::transform (20 bytes)
Event: 4.763 Thread 0x0000000120008800 nmethod 2284 0x000000010f10f290 code [0x000000010f10f480, 0x000000010f10f8a8]
Event: 4.851 Thread 0x0000000120008800 2285       3       com.sun.javafx.event.EventHandlerManager::dispatchCapturingEvent (23 bytes)
Event: 4.852 Thread 0x0000000120008800 nmethod 2285 0x000000010f10fa90 code [0x000000010f10fc80, 0x000000010f110008]
Event: 4.867 Thread 0x00000001218b7e00 2286       4       com.sun.javafx.collections.ObservableListWrapper::size (10 bytes)
Event: 4.868 Thread 0x00000001218b7e00 nmethod 2286 0x00000001162dee90 code [0x00000001162df040, 0x00000001162df140]
Event: 4.884 Thread 0x0000000120008800 2287       1       javafx.scene.Cursor$StandardCursor::getCurrentFrame (5 bytes)
Event: 4.884 Thread 0x0000000120008800 nmethod 2287 0x00000001162df210 code [0x00000001162df380, 0x00000001162df468]

GC Heap History (8 events):
Event: 1.164 GC heap before
{Heap before GC invocations=0 (full 0):
 garbage-first heap   total 131072K, used 22528K [0x0000000780000000, 0x0000000800000000)
  region size 1024K, 23 young (23552K), 0 survivors (0K)
 Metaspace       used 15795K, committed 16000K, reserved 1064960K
  class space    used 1701K, committed 1792K, reserved 1048576K
}
Event: 1.174 GC heap after
{Heap after GC invocations=1 (full 0):
 garbage-first heap   total 131072K, used 4228K [0x0000000780000000, 0x0000000800000000)
  region size 1024K, 3 young (3072K), 3 survivors (3072K)
 Metaspace       used 15795K, committed 16000K, reserved 1064960K
  class space    used 1701K, committed 1792K, reserved 1048576K
}
Event: 2.327 GC heap before
{Heap before GC invocations=1 (full 0):
 garbage-first heap   total 131072K, used 25732K [0x0000000780000000, 0x0000000800000000)
  region size 1024K, 26 young (26624K), 3 survivors (3072K)
 Metaspace       used 21375K, committed 21504K, reserved 1073152K
  class space    used 2565K, committed 2624K, reserved 1048576K
}
Event: 2.331 GC heap after
{Heap after GC invocations=2 (full 0):
 garbage-first heap   total 131072K, used 8185K [0x0000000780000000, 0x0000000800000000)
  region size 1024K, 4 young (4096K), 4 survivors (4096K)
 Metaspace       used 21375K, committed 21504K, reserved 1073152K
  class space    used 2565K, committed 2624K, reserved 1048576K
}
Event: 2.666 GC heap before
{Heap before GC invocations=3 (full 0):
 garbage-first heap   total 34816K, used 24569K [0x0000000780000000, 0x0000000800000000)
  region size 1024K, 19 young (19456K), 4 survivors (4096K)
 Metaspace       used 24947K, committed 25216K, reserved 1073152K
  class space    used 3247K, committed 3392K, reserved 1048576K
}
Event: 2.669 GC heap after
{Heap after GC invocations=4 (full 0):
 garbage-first heap   total 34816K, used 12048K [0x0000000780000000, 0x0000000800000000)
  region size 1024K, 2 young (2048K), 2 survivors (2048K)
 Metaspace       used 24947K, committed 25216K, reserved 1073152K
  class space    used 3247K, committed 3392K, reserved 1048576K
}
Event: 3.677 GC heap before
{Heap before GC invocations=4 (full 0):
 garbage-first heap   total 34816K, used 13072K [0x0000000780000000, 0x0000000800000000)
  region size 1024K, 3 young (3072K), 2 survivors (2048K)
 Metaspace       used 25235K, committed 25472K, reserved 1073152K
  class space    used 3284K, committed 3392K, reserved 1048576K
}
Event: 3.679 GC heap after
{Heap after GC invocations=5 (full 0):
 garbage-first heap   total 34816K, used 12262K [0x0000000780000000, 0x0000000800000000)
  region size 1024K, 1 young (1024K), 1 survivors (1024K)
 Metaspace       used 25235K, committed 25472K, reserved 1073152K
  class space    used 3284K, committed 3392K, reserved 1048576K
}

Deoptimization events (20 events):
Event: 2.655 Thread 0x0000000121897c00 DEOPT PACKING pc=0x000000010f090c38 sp=0x000000016de254b0
Event: 2.655 Thread 0x0000000121897c00 DEOPT UNPACKING pc=0x000000010e776b7c sp=0x000000016de25110 mode 0
Event: 2.655 Thread 0x0000000121897c00 DEOPT PACKING pc=0x000000010f090b74 sp=0x000000016de254b0
Event: 2.655 Thread 0x0000000121897c00 DEOPT UNPACKING pc=0x000000010e776b7c sp=0x000000016de25110 mode 0
Event: 2.656 Thread 0x0000000121897c00 DEOPT PACKING pc=0x000000010f090c38 sp=0x000000016de254b0
Event: 2.656 Thread 0x0000000121897c00 DEOPT UNPACKING pc=0x000000010e776b7c sp=0x000000016de25110 mode 0
Event: 2.657 Thread 0x0000000121897c00 DEOPT PACKING pc=0x000000010f090c38 sp=0x000000016de254b0
Event: 2.657 Thread 0x0000000121897c00 DEOPT UNPACKING pc=0x000000010e776b7c sp=0x000000016de25110 mode 0
Event: 2.662 Thread 0x0000000121897c00 DEOPT PACKING pc=0x000000010f090c38 sp=0x000000016de254b0
Event: 2.662 Thread 0x0000000121897c00 DEOPT UNPACKING pc=0x000000010e776b7c sp=0x000000016de25110 mode 0
Event: 2.662 Thread 0x0000000121897c00 DEOPT PACKING pc=0x000000010f090c38 sp=0x000000016de254b0
Event: 2.662 Thread 0x0000000121897c00 DEOPT UNPACKING pc=0x000000010e776b7c sp=0x000000016de25110 mode 0
Event: 3.922 Thread 0x0000000121897c00 DEOPT PACKING pc=0x000000010f0c1154 sp=0x000000016de257f0
Event: 3.922 Thread 0x0000000121897c00 DEOPT UNPACKING pc=0x000000010e776b7c sp=0x000000016de25410 mode 0
Event: 4.132 Thread 0x0000000121897c00 DEOPT PACKING pc=0x000000010f0bc480 sp=0x000000016de256d0
Event: 4.132 Thread 0x0000000121897c00 DEOPT UNPACKING pc=0x000000010e776b7c sp=0x000000016de252d0 mode 0
Event: 4.132 Thread 0x0000000121897c00 DEOPT PACKING pc=0x000000010f0c0760 sp=0x000000016de257b0
Event: 4.132 Thread 0x0000000121897c00 DEOPT UNPACKING pc=0x000000010e776b7c sp=0x000000016de25450 mode 0
Event: 4.134 Thread 0x0000000121897c00 DEOPT PACKING pc=0x000000010f0c0760 sp=0x000000016de257b0
Event: 4.134 Thread 0x0000000121897c00 DEOPT UNPACKING pc=0x000000010e776b7c sp=0x000000016de25450 mode 0

Classes unloaded (0 events):
No events

Classes redefined (0 events):
No events

Internal exceptions (20 events):
Event: 2.228 Thread 0x000000012197d800 Implicit null exception at 0x0000000116259114 to 0x00000001162594d4
Event: 2.229 Thread 0x000000012197d800 Implicit null exception at 0x00000001162540d4 to 0x0000000116254428
Event: 2.234 Thread 0x000000012197d800 Implicit null exception at 0x0000000116211d54 to 0x0000000116211dc0
Event: 2.327 Thread 0x000000012197d800 Exception <a 'java/lang/NoSuchMethodError'{0x000000078699afe8}: 'java.lang.Object java.lang.invoke.DirectMethodHandle$Holder.invokeInterface(java.lang.Object, java.lang.Object, java.lang.Object)'> (0x000000078699afe8) 
thrown [../../src/hotspot/share/interpreter/linkResolver.cpp, line 766]
Event: 2.331 Thread 0x000000012197d800 Exception <a 'java/lang/IncompatibleClassChangeError'{0x0000000787f00210}: Found class java.lang.Object, but interface was expected> (0x0000000787f00210) 
thrown [../../src/hotspot/share/interpreter/linkResolver.cpp, line 833]
Event: 2.351 Thread 0x000000012197d800 Exception <a 'java/lang/ClassNotFoundException'{0x0000000781c43328}: com/sun/javafx/scene/control/skin/resources/controls> (0x0000000781c43328) 
thrown [../../src/hotspot/share/prims/jni.cpp, line 535]
Event: 2.351 Thread 0x000000012197d800 Exception <a 'java/lang/ClassNotFoundException'{0x0000000781c512c8}: com/sun/javafx/scene/control/skin/resources/controls_en> (0x0000000781c512c8) 
thrown [../../src/hotspot/share/prims/jni.cpp, line 535]
Event: 2.351 Thread 0x000000012197d800 Exception <a 'java/lang/ClassNotFoundException'{0x0000000781c52260}: com/sun/javafx/scene/control/skin/resources/controls_en_IN> (0x0000000781c52260) 
thrown [../../src/hotspot/share/prims/jni.cpp, line 535]
Event: 2.399 Thread 0x000000012197d800 Exception <a 'java/lang/NoSuchMethodError'{0x0000000781726310}: 'void java.lang.invoke.DirectMethodHandle$Holder.invokeSpecialIFC(java.lang.Object, java.lang.Object, java.lang.Object, java.lang.Object)'> (0x0000000781726310) 
thrown [../../src/hotspot/share/interpreter/linkResolver.cpp, line 766]
Event: 2.418 Thread 0x000000012197d800 Exception <a 'java/lang/NoSuchMethodError'{0x00000007815108a8}: 'int java.lang.invoke.DirectMethodHandle$Holder.invokeSpecial(java.lang.Object, java.lang.Object, int)'> (0x00000007815108a8) 
thrown [../../src/hotspot/share/interpreter/linkResolver.cpp, line 766]
Event: 2.494 Thread 0x000000012197d800 Exception <a 'java/lang/NoSuchMethodError'{0x00000007813644c8}: 'java.lang.Object java.lang.invoke.DirectMethodHandle$Holder.newInvokeSpecial(java.lang.Object, java.lang.Object, int)'> (0x00000007813644c8) 
thrown [../../src/hotspot/share/interpreter/linkResolver.cpp, line 766]
Event: 2.569 Thread 0x000000012197d800 Exception <a 'java/lang/NoSuchMethodError'{0x00000007813803d8}: 'void java.lang.invoke.DirectMethodHandle$Holder.invokeSpecial(java.lang.Object, java.lang.Object, double)'> (0x00000007813803d8) 
thrown [../../src/hotspot/share/interpreter/linkResolver.cpp, line 766]
Event: 2.569 Thread 0x000000012197d800 Exception <a 'java/lang/NoSuchMethodError'{0x0000000781386830}: 'java.lang.Object java.lang.invoke.DirectMethodHandle$Holder.newInvokeSpecial(java.lang.Object, java.lang.Object, double)'> (0x0000000781386830) 
thrown [../../src/hotspot/share/interpreter/linkResolver.cpp, line 766]
Event: 2.569 Thread 0x000000012197d800 Exception <a 'java/lang/NoSuchMethodError'{0x000000078138a6f8}: 'java.lang.Object java.lang.invoke.DirectMethodHandle$Holder.invokeSpecial(java.lang.Object, java.lang.Object, java.lang.Object, double)'> (0x000000078138a6f8) 
thrown [../../src/hotspot/share/interpreter/linkResolver.cpp, line 766]
Event: 2.585 Thread 0x0000000121897c00 Exception <a 'java/lang/NoSuchMethodError'{0x00000007812e9c10}: 'int java.lang.invoke.DirectMethodHandle$Holder.invokeStaticInit(java.lang.Object, java.lang.Object)'> (0x00000007812e9c10) 
thrown [../../src/hotspot/share/interpreter/linkResolver.cpp, line 766]
Event: 2.685 Thread 0x0000000121897c00 Exception <a 'java/lang/NoSuchMethodError'{0x0000000787f21550}: 'java.lang.Object java.lang.invoke.DirectMethodHandle$Holder.invokeStaticInit(java.lang.Object, int)'> (0x0000000787f21550) 
thrown [../../src/hotspot/share/interpreter/linkResolver.cpp, line 766]
Event: 4.129 Thread 0x000000012197d800 Exception <a 'java/lang/NoSuchMethodError'{0x0000000787fab240}: 'long java.lang.invoke.DirectMethodHandle$Holder.invokeStatic(java.lang.Object, java.lang.Object, java.lang.Object)'> (0x0000000787fab240) 
thrown [../../src/hotspot/share/interpreter/linkResolver.cpp, line 766]
Event: 4.130 Thread 0x000000012197d800 Exception <a 'java/lang/NoSuchMethodError'{0x0000000787fae9e8}: 'long java.lang.invoke.DirectMethodHandle$Holder.invokeStaticInit(java.lang.Object, java.lang.Object, java.lang.Object)'> (0x0000000787fae9e8) 
thrown [../../src/hotspot/share/interpreter/linkResolver.cpp, line 766]
Event: 4.130 Thread 0x000000012197d800 Exception <a 'java/lang/NoSuchMethodError'{0x0000000787fc6a28}: 'java.lang.Object java.lang.invoke.DirectMethodHandle$Holder.newInvokeSpecial(java.lang.Object, java.lang.Object, long)'> (0x0000000787fc6a28) 
thrown [../../src/hotspot/share/interpreter/linkResolver.cpp, line 766]
Event: 4.131 Thread 0x000000012197d800 Exception <a 'java/lang/NoSuchMethodError'{0x0000000787fca2f0}: 'java.lang.Object java.lang.invoke.Invokers$Holder.linkToTargetMethod(java.lang.Object, long, java.lang.Object)'> (0x0000000787fca2f0) 
thrown [../../src/hotspot/share/interpreter/linkResolver.cpp, line 766]

VM Operations (20 events):
Event: 2.327 Executing VM operation: CollectForMetadataAllocation
Event: 2.331 Executing VM operation: CollectForMetadataAllocation done
Event: 2.336 Executing VM operation: G1Concurrent
Event: 2.336 Executing VM operation: G1Concurrent done
Event: 2.338 Executing VM operation: G1Concurrent
Event: 2.338 Executing VM operation: G1Concurrent done
Event: 2.365 Executing VM operation: HandshakeAllThreads
Event: 2.365 Executing VM operation: HandshakeAllThreads done
Event: 2.392 Executing VM operation: HandshakeAllThreads
Event: 2.392 Executing VM operation: HandshakeAllThreads done
Event: 2.423 Executing VM operation: ICBufferFull
Event: 2.425 Executing VM operation: ICBufferFull done
Event: 2.666 Executing VM operation: G1CollectForAllocation
Event: 2.669 Executing VM operation: G1CollectForAllocation done
Event: 3.674 Executing VM operation: Cleanup
Event: 3.674 Executing VM operation: Cleanup done
Event: 3.677 Executing VM operation: G1CollectForAllocation
Event: 3.679 Executing VM operation: G1CollectForAllocation done
Event: 4.684 Executing VM operation: Cleanup
Event: 4.684 Executing VM operation: Cleanup done

Events (20 events):
Event: 3.582 loading class java/util/EnumMap$EnumMapIterator done
Event: 3.582 loading class java/util/EnumMap$ValueIterator done
Event: 3.911 Protecting memory [0x000000016f8f0000,0x000000016f8fc000] with protection modes 0
Event: 3.911 Thread 0x00000001338ef400 Thread added: 0x00000001338ef400
Event: 4.275 loading class java/util/TaskQueue
Event: 4.275 loading class java/util/TaskQueue done
Event: 4.275 loading class java/util/TimerThread
Event: 4.275 loading class java/util/TimerThread done
Event: 4.275 loading class java/util/Timer$ThreadReaper
Event: 4.275 loading class java/util/Timer$ThreadReaper done
Event: 4.275 Thread 0x00000001219a4000 Thread added: 0x00000001219a4000
Event: 4.275 Protecting memory [0x0000000283384000,0x0000000283390000] with protection modes 0
Event: 4.277 Protecting memory [0x000000016e03c000,0x000000016e048000] with protection modes 0
Event: 4.277 Thread 0x0000000131925600 Thread added: 0x0000000131925600
Event: 4.277 Protecting memory [0x000000016e03c000,0x000000016e048000] with protection modes 3
Event: 4.277 Thread 0x0000000131925600 Thread exited: 0x0000000131925600
Event: 4.278 Thread 0x000000012218ec00 Thread added: 0x000000012218ec00
Event: 4.278 Protecting memory [0x000000028361c000,0x0000000283628000] with protection modes 0
Event: 4.612 Protecting memory [0x000000016f8f0000,0x000000016f8fc000] with protection modes 3
Event: 4.612 Thread 0x00000001338ef400 Thread exited: 0x00000001338ef400


Dynamic libraries:
0x0000000104a98000 	/Library/Java/JavaVirtualMachines/temurin-17.jdk/Contents/Home/lib/libjli.dylib
0x00000001b4e4e000 	/usr/lib/libz.1.dylib
0x00000001b4f05000 	/usr/lib/libSystem.B.dylib
0x00000001b4eff000 	/usr/lib/system/libcache.dylib
0x00000001b4ebd000 	/usr/lib/system/libcommonCrypto.dylib
0x00000001b4ee6000 	/usr/lib/system/libcompiler_rt.dylib
0x00000001b4edd000 	/usr/lib/system/libcopyfile.dylib
0x00000001aa12b000 	/usr/lib/system/libcorecrypto.dylib
0x00000001aa1e0000 	/usr/lib/system/libdispatch.dylib
0x00000001aa3ae000 	/usr/lib/system/libdyld.dylib
0x00000001b4ef5000 	/usr/lib/system/libkeymgr.dylib
0x00000001b4e98000 	/usr/lib/system/libmacho.dylib
0x00000001b4588000 	/usr/lib/system/libquarantine.dylib
0x00000001b4ef2000 	/usr/lib/system/libremovefile.dylib
0x00000001af524000 	/usr/lib/system/libsystem_asl.dylib
0x00000001aa0cd000 	/usr/lib/system/libsystem_blocks.dylib
0x00000001aa268000 	/usr/lib/system/libsystem_c.dylib
0x00000001b4eea000 	/usr/lib/system/libsystem_collections.dylib
0x00000001b3a1d000 	/usr/lib/system/libsystem_configuration.dylib
0x00000001b2c79000 	/usr/lib/system/libsystem_containermanager.dylib
0x00000001b4bf5000 	/usr/lib/system/libsystem_coreservices.dylib
0x00000001acade000 	/usr/lib/system/libsystem_darwin.dylib
0x00000001b4ef6000 	/usr/lib/system/libsystem_dnssd.dylib
0x00000001aa265000 	/usr/lib/system/libsystem_featureflags.dylib
0x00000001aa3c3000 	/usr/lib/system/libsystem_info.dylib
0x00000001b4e60000 	/usr/lib/system/libsystem_m.dylib
0x00000001aa1b5000 	/usr/lib/system/libsystem_malloc.dylib
0x00000001af4b2000 	/usr/lib/system/libsystem_networkextension.dylib
0x00000001acf37000 	/usr/lib/system/libsystem_notify.dylib
0x00000001bb258000 	/usr/lib/system/libsystem_product_info_filter.dylib
0x00000001b3a22000 	/usr/lib/system/libsystem_sandbox.dylib
0x00000001b4eef000 	/usr/lib/system/libsystem_secinit.dylib
0x00000001aa369000 	/usr/lib/system/libsystem_kernel.dylib
0x00000001aa3bb000 	/usr/lib/system/libsystem_platform.dylib
0x00000001aa3a1000 	/usr/lib/system/libsystem_pthread.dylib
0x00000001b0c84000 	/usr/lib/system/libsystem_symptoms.dylib
0x00000001aa111000 	/usr/lib/system/libsystem_trace.dylib
0x00000001b4eca000 	/usr/lib/system/libunwind.dylib
0x00000001aa0cf000 	/usr/lib/system/libxpc.dylib
0x00000001aa351000 	/usr/lib/libc++abi.dylib
0x00000001aa227000 	/usr/lib/libobjc.A.dylib
0x00000001b4ed5000 	/usr/lib/liboah.dylib
0x00000001aa2ea000 	/usr/lib/libc++.1.dylib
0x00000001c0d7e000 	/System/Library/Frameworks/Cocoa.framework/Versions/A/Cocoa
0x00000001acf98000 	/System/Library/Frameworks/AppKit.framework/Versions/C/AppKit
0x00000001b04ab000 	/System/Library/Frameworks/CoreData.framework/Versions/A/CoreData
0x00000001ab2f3000 	/System/Library/Frameworks/Foundation.framework/Versions/C/Foundation
0x00000001ade50000 	/System/Library/PrivateFrameworks/UIFoundation.framework/Versions/A/UIFoundation
0x00000001baf52000 	/System/Library/PrivateFrameworks/RemoteViewServices.framework/Versions/A/RemoteViewServices
0x00000001b33c5000 	/System/Library/PrivateFrameworks/XCTTargetBootstrap.framework/Versions/A/XCTTargetBootstrap
0x00000001b6c45000 	/System/Library/PrivateFrameworks/InternationalSupport.framework/Versions/A/InternationalSupport
0x00000001b6cce000 	/System/Library/PrivateFrameworks/UserActivity.framework/Versions/A/UserActivity
0x00000001b613c000 	/usr/lib/libspindump.dylib
0x00000001ae0c1000 	/System/Library/Frameworks/UniformTypeIdentifiers.framework/Versions/A/UniformTypeIdentifiers
0x00000001b190f000 	/usr/lib/libapp_launch_measurement.dylib
0x00000001b0e36000 	/System/Library/PrivateFrameworks/CoreAnalytics.framework/Versions/A/CoreAnalytics
0x00000001b1912000 	/System/Library/PrivateFrameworks/CoreAutoLayout.framework/Versions/A/CoreAutoLayout
0x00000001b2cb6000 	/System/Library/Frameworks/Metal.framework/Versions/A/Metal
0x00000001b3a2d000 	/usr/lib/liblangid.dylib
0x00000001b33ca000 	/System/Library/PrivateFrameworks/CoreSVG.framework/Versions/A/CoreSVG
0x00000001af558000 	/System/Library/PrivateFrameworks/SkyLight.framework/Versions/A/SkyLight
0x00000001af931000 	/System/Library/Frameworks/CoreGraphics.framework/Versions/A/CoreGraphics
0x00000001bb61e000 	/System/Library/Frameworks/Accelerate.framework/Versions/A/Accelerate
0x00000001b5bb3000 	/System/Library/PrivateFrameworks/IconServices.framework/Versions/A/IconServices
0x00000001b2c98000 	/System/Library/Frameworks/IOSurface.framework/Versions/A/IOSurface
0x00000001b0e67000 	/usr/lib/libDiagnosticMessagesClient.dylib
0x00000001beb1f000 	/System/Library/Frameworks/ApplicationServices.framework/Versions/A/ApplicationServices
0x00000001b33ad000 	/System/Library/PrivateFrameworks/DFRFoundation.framework/Versions/A/DFRFoundation
0x00000001ac828000 	/usr/lib/libicucore.A.dylib
0x00000001b7af2000 	/System/Library/Frameworks/AudioToolbox.framework/Versions/A/AudioToolbox
0x00000001b6c51000 	/System/Library/PrivateFrameworks/DataDetectorsCore.framework/Versions/A/DataDetectorsCore
0x00000001cd64b000 	/System/Library/PrivateFrameworks/TextInput.framework/Versions/A/TextInput
0x00000001af4cd000 	/usr/lib/libMobileGestalt.dylib
0x00000001b3079000 	/System/Library/Frameworks/Carbon.framework/Versions/A/Frameworks/HIToolbox.framework/Versions/A/HIToolbox
0x00000001b12e7000 	/System/Library/Frameworks/QuartzCore.framework/Versions/A/QuartzCore
0x00000001ac4a9000 	/System/Library/Frameworks/Security.framework/Versions/A/Security
0x00000001baf92000 	/System/Library/Frameworks/Carbon.framework/Versions/A/Frameworks/SpeechRecognition.framework/Versions/A/SpeechRecognition
0x00000001b1665000 	/System/Library/PrivateFrameworks/CoreUI.framework/Versions/A/CoreUI
0x00000001abd85000 	/System/Library/Frameworks/CoreAudio.framework/Versions/A/CoreAudio
0x00000001b0f5b000 	/System/Library/Frameworks/DiskArbitration.framework/Versions/A/DiskArbitration
0x00000001b6546000 	/System/Library/PrivateFrameworks/MultitouchSupport.framework/Versions/A/MultitouchSupport
0x00000001af4cb000 	/usr/lib/libenergytrace.dylib
0x00000001ace60000 	/System/Library/Frameworks/IOKit.framework/Versions/A/IOKit
0x00000001bb381000 	/System/Library/Frameworks/CoreServices.framework/Versions/A/CoreServices
0x00000001b189f000 	/System/Library/PrivateFrameworks/PerformanceAnalysis.framework/Versions/A/PerformanceAnalysis
0x000000020ba83000 	/System/Library/Frameworks/OpenGL.framework/Versions/A/OpenGL
0x00000001b44a0000 	/System/Library/PrivateFrameworks/MobileKeyBag.framework/Versions/A/MobileKeyBag
0x00000001aff3f000 	/System/Library/Frameworks/ColorSync.framework/Versions/A/ColorSync
0x00000001aa3f0000 	/System/Library/Frameworks/CoreFoundation.framework/Versions/A/CoreFoundation
0x00000001b3649000 	/System/Library/Frameworks/CoreImage.framework/Versions/A/CoreImage
0x00000001abba9000 	/System/Library/Frameworks/CoreText.framework/Versions/A/CoreText
0x00000001b33fa000 	/System/Library/Frameworks/ImageIO.framework/Versions/A/ImageIO
0x00000001b4f0b000 	/System/Library/PrivateFrameworks/SoftLinking.framework/Versions/A/SoftLinking
0x00000001b195d000 	/usr/lib/libxml2.2.dylib
0x00000001b51a4000 	/usr/lib/libcompression.dylib
0x00000001b6ba1000 	/System/Library/PrivateFrameworks/TextureIO.framework/Versions/A/TextureIO
0x00000001b58cc000 	/usr/lib/libate.dylib
0x00000001b5791000 	/usr/lib/liblzma.5.dylib
0x00000001aafe6000 	/System/Library/Frameworks/SystemConfiguration.framework/Versions/A/SystemConfiguration
0x00000001b4f07000 	/usr/lib/libfakelink.dylib
0x00000001aeffd000 	/System/Library/Frameworks/CFNetwork.framework/Versions/A/CFNetwork
0x00000001b504d000 	/usr/lib/libarchive.2.dylib
0x00000001b3a29000 	/System/Library/PrivateFrameworks/AppleSystemInfo.framework/Versions/A/AppleSystemInfo
0x00000001b45b3000 	/usr/lib/libbsm.0.dylib
0x00000001ae56a000 	/usr/lib/libnetwork.dylib
0x00000001b4ea1000 	/usr/lib/system/libkxld.dylib
0x00000001b41cd000 	/System/Library/PrivateFrameworks/IOMobileFramebuffer.framework/Versions/A/IOMobileFramebuffer
0x000000022974c000 	/usr/lib/libCoreEntitlements.dylib
0x00000001b4bd7000 	/System/Library/PrivateFrameworks/AppleFSCompression.framework/Versions/A/AppleFSCompression
0x00000001b459b000 	/usr/lib/libcoretls.dylib
0x00000001b57aa000 	/usr/lib/libcoretls_cfhelpers.dylib
0x00000001b519f000 	/usr/lib/libpam.2.dylib
0x00000001b089b000 	/usr/lib/libsqlite3.dylib
0x00000001b5813000 	/usr/lib/libxar.1.dylib
0x00000001b4be8000 	/usr/lib/libbz2.1.0.dylib
0x00000001b4f0c000 	/usr/lib/libpcap.A.dylib
0x00000001b0c7b000 	/usr/lib/libdns_services.dylib
0x00000001b5172000 	/usr/lib/libapple_nghttp2.dylib
0x00000001b4f49000 	/usr/lib/libiconv.2.dylib
0x00000001b4e97000 	/usr/lib/libcharset.1.dylib
0x00000001b18db000 	/System/Library/Frameworks/CoreServices.framework/Versions/A/Frameworks/FSEvents.framework/Versions/A/FSEvents
0x00000001acae9000 	/System/Library/Frameworks/CoreServices.framework/Versions/A/Frameworks/CarbonCore.framework/Versions/A/CarbonCore
0x00000001b0ebb000 	/System/Library/Frameworks/CoreServices.framework/Versions/A/Frameworks/Metadata.framework/Versions/A/Metadata
0x00000001b4bfb000 	/System/Library/Frameworks/CoreServices.framework/Versions/A/Frameworks/OSServices.framework/Versions/A/OSServices
0x00000001b50d3000 	/System/Library/Frameworks/CoreServices.framework/Versions/A/Frameworks/SearchKit.framework/Versions/A/SearchKit
0x00000001b0c0a000 	/System/Library/Frameworks/CoreServices.framework/Versions/A/Frameworks/AE.framework/Versions/A/AE
0x00000001aa937000 	/System/Library/Frameworks/CoreServices.framework/Versions/A/Frameworks/LaunchServices.framework/Versions/A/LaunchServices
0x00000001b573a000 	/System/Library/Frameworks/CoreServices.framework/Versions/A/Frameworks/DictionaryServices.framework/Versions/A/DictionaryServices
0x00000001b18e8000 	/System/Library/Frameworks/CoreServices.framework/Versions/A/Frameworks/SharedFileList.framework/Versions/A/SharedFileList
0x00000001b458b000 	/usr/lib/libCheckFix.dylib
0x00000001af53c000 	/System/Library/PrivateFrameworks/TCC.framework/Versions/A/TCC
0x00000001b3a2f000 	/System/Library/PrivateFrameworks/CoreNLP.framework/Versions/A/CoreNLP
0x00000001b0e6a000 	/System/Library/PrivateFrameworks/MetadataUtilities.framework/Versions/A/MetadataUtilities
0x00000001ab0a0000 	/usr/lib/libmecabra.dylib
0x00000001b45c4000 	/usr/lib/libmecab.dylib
0x00000001ab06c000 	/usr/lib/libCRFSuite.dylib
0x00000001b4621000 	/usr/lib/libgermantok.dylib
0x00000001b514b000 	/usr/lib/libThaiTokenizer.dylib
0x00000001b0f63000 	/System/Library/Frameworks/Accelerate.framework/Versions/A/Frameworks/vImage.framework/Versions/A/vImage
0x00000001bb358000 	/System/Library/Frameworks/Accelerate.framework/Versions/A/Frameworks/vecLib.framework/Versions/A/vecLib
0x00000001b5858000 	/System/Library/Frameworks/Accelerate.framework/Versions/A/Frameworks/vecLib.framework/Versions/A/libvMisc.dylib
0x00000001b40d4000 	/System/Library/Frameworks/Accelerate.framework/Versions/A/Frameworks/vecLib.framework/Versions/A/libvDSP.dylib
0x00000001aacc1000 	/System/Library/Frameworks/Accelerate.framework/Versions/A/Frameworks/vecLib.framework/Versions/A/libBLAS.dylib
0x00000001b5275000 	/System/Library/Frameworks/Accelerate.framework/Versions/A/Frameworks/vecLib.framework/Versions/A/libLAPACK.dylib
0x00000001b4624000 	/System/Library/Frameworks/Accelerate.framework/Versions/A/Frameworks/vecLib.framework/Versions/A/libLinearAlgebra.dylib
0x00000001b518a000 	/System/Library/Frameworks/Accelerate.framework/Versions/A/Frameworks/vecLib.framework/Versions/A/libSparseBLAS.dylib
0x00000001b5270000 	/System/Library/Frameworks/Accelerate.framework/Versions/A/Frameworks/vecLib.framework/Versions/A/libQuadrature.dylib
0x00000001b3b28000 	/System/Library/Frameworks/Accelerate.framework/Versions/A/Frameworks/vecLib.framework/Versions/A/libBNNS.dylib
0x00000001aaf7f000 	/System/Library/Frameworks/Accelerate.framework/Versions/A/Frameworks/vecLib.framework/Versions/A/libSparse.dylib
0x00000001b3b20000 	/System/Library/PrivateFrameworks/LinguisticData.framework/Versions/A/LinguisticData
0x00000001aaf37000 	/System/Library/PrivateFrameworks/Lexicon.framework/Versions/A/Lexicon
0x00000001b5850000 	/usr/lib/libChineseTokenizer.dylib
0x00000001ab6e5000 	/System/Library/PrivateFrameworks/LanguageModeling.framework/Versions/A/LanguageModeling
0x00000001b514d000 	/System/Library/PrivateFrameworks/AppleSauce.framework/Versions/A/AppleSauce
0x00000001b41ba000 	/System/Library/PrivateFrameworks/CoreEmoji.framework/Versions/A/CoreEmoji
0x00000001b503b000 	/usr/lib/libcmph.dylib
0x00000001b18bb000 	/System/Library/Frameworks/OpenDirectory.framework/Versions/A/Frameworks/CFOpenDirectory.framework/Versions/A/CFOpenDirectory
0x00000001b18ab000 	/System/Library/Frameworks/OpenDirectory.framework/Versions/A/OpenDirectory
0x00000001b57ac000 	/System/Library/PrivateFrameworks/APFS.framework/Versions/A/APFS
0x00000001b44db000 	/System/Library/Frameworks/SecurityFoundation.framework/Versions/A/SecurityFoundation
0x00000001b5822000 	/usr/lib/libutil.dylib
0x00000001ace22000 	/System/Library/PrivateFrameworks/CoreServicesStore.framework/Versions/A/CoreServicesStore
0x00000001b5826000 	/usr/lib/libxslt.1.dylib
0x00000001b456f000 	/System/Library/PrivateFrameworks/BackgroundTaskManagement.framework/Versions/A/BackgroundTaskManagement
0x00000001b6ac2000 	/System/Library/Frameworks/ImageIO.framework/Versions/A/Resources/libRadiance.dylib
0x00000001b6acb000 	/System/Library/Frameworks/ImageIO.framework/Versions/A/Resources/libJPEG.dylib
0x00000001b6a1e000 	/System/Library/Frameworks/ImageIO.framework/Versions/A/Resources/libPng.dylib
0x00000001b6a40000 	/System/Library/Frameworks/ImageIO.framework/Versions/A/Resources/libTIFF.dylib
0x00000001b6b26000 	/System/Library/Frameworks/ImageIO.framework/Versions/A/Resources/libGIF.dylib
0x00000001b6456000 	/System/Library/Frameworks/ImageIO.framework/Versions/A/Resources/libJP2.dylib
0x00000001b5b78000 	/usr/lib/libexpat.1.dylib
0x00000001b6411000 	/System/Library/PrivateFrameworks/AppleJPEG.framework/Versions/A/AppleJPEG
0x00000001b2f35000 	/System/Library/PrivateFrameworks/FontServices.framework/libFontParser.dylib
0x00000001b0baf000 	/System/Library/PrivateFrameworks/RunningBoardServices.framework/Versions/A/RunningBoardServices
0x00000001c1454000 	/System/Library/PrivateFrameworks/IOSurfaceAccelerator.framework/Versions/A/IOSurfaceAccelerator
0x00000001b6542000 	/System/Library/PrivateFrameworks/WatchdogClient.framework/Versions/A/WatchdogClient
0x00000001ab7e5000 	/System/Library/Frameworks/CoreDisplay.framework/Versions/A/CoreDisplay
0x00000001b2e1f000 	/System/Library/Frameworks/CoreMedia.framework/Versions/A/CoreMedia
0x00000001b2cac000 	/System/Library/PrivateFrameworks/IOAccelerator.framework/Versions/A/IOAccelerator
0x00000001b1a4b000 	/System/Library/Frameworks/CoreVideo.framework/Versions/A/CoreVideo
0x00000001b519d000 	/System/Library/Frameworks/MetalPerformanceShaders.framework/Versions/A/MetalPerformanceShaders
0x00000001b6581000 	/System/Library/Frameworks/VideoToolbox.framework/Versions/A/VideoToolbox
0x00000001b0af3000 	/System/Library/PrivateFrameworks/BaseBoard.framework/Versions/A/BaseBoard
0x00000001b0881000 	/System/Library/PrivateFrameworks/ProtocolBuffer.framework/Versions/A/ProtocolBuffer
0x00000001b6abd000 	/System/Library/PrivateFrameworks/GPUWrangler.framework/Versions/A/GPUWrangler
0x00000001b6a9d000 	/System/Library/PrivateFrameworks/IOPresentment.framework/Versions/A/IOPresentment
0x00000001b6ac5000 	/System/Library/PrivateFrameworks/DSExternalDisplay.framework/Versions/A/DSExternalDisplay
0x000000020ba76000 	/System/Library/Frameworks/OpenGL.framework/Versions/A/Libraries/libCoreFSCache.dylib
0x000000021623c000 	/System/Library/PrivateFrameworks/GPUCompiler.framework/Versions/31001/Libraries/libGPUCompilerUtils.dylib
0x00000001b6b2b000 	/System/Library/PrivateFrameworks/CMCaptureCore.framework/Versions/A/CMCaptureCore
0x00000001b6129000 	/System/Library/PrivateFrameworks/AppServerSupport.framework/Versions/A/AppServerSupport
0x00000001b83af000 	/System/Library/PrivateFrameworks/perfdata.framework/Versions/A/perfdata
0x00000001ab905000 	/System/Library/PrivateFrameworks/AudioToolboxCore.framework/Versions/A/AudioToolboxCore
0x00000001b2df8000 	/System/Library/PrivateFrameworks/caulk.framework/Versions/A/caulk
0x00000001b7ca4000 	/usr/lib/libAudioStatistics.dylib
0x00000001c9ca3000 	/System/Library/PrivateFrameworks/SystemPolicy.framework/Versions/A/SystemPolicy
0x00000001b7f10000 	/usr/lib/libSMC.dylib
0x00000001c0c5c000 	/System/Library/Frameworks/CoreMIDI.framework/Versions/A/CoreMIDI
0x00000001b69ec000 	/usr/lib/libAudioToolboxUtility.dylib
0x00000001c5e13000 	/System/Library/PrivateFrameworks/OSAServicesClient.framework/Versions/A/OSAServicesClient
0x00000001b83bc000 	/usr/lib/libperfcheck.dylib
0x00000001ca7bf000 	/usr/lib/libmis.dylib
0x000000020bad8000 	/System/Library/Frameworks/OpenGL.framework/Versions/A/Libraries/libGLU.dylib
0x000000020ba97000 	/System/Library/Frameworks/OpenGL.framework/Versions/A/Libraries/libGFXShared.dylib
0x000000020bc84000 	/System/Library/Frameworks/OpenGL.framework/Versions/A/Libraries/libGL.dylib
0x000000020baa0000 	/System/Library/Frameworks/OpenGL.framework/Versions/A/Libraries/libGLImage.dylib
0x000000020ba94000 	/System/Library/Frameworks/OpenGL.framework/Versions/A/Libraries/libCVMSPluginSupport.dylib
0x000000020ba7d000 	/System/Library/Frameworks/OpenGL.framework/Versions/A/Libraries/libCoreVMClient.dylib
0x00000001b39a9000 	/System/Library/Frameworks/MetalPerformanceShaders.framework/Versions/A/Frameworks/MPSCore.framework/Versions/A/MPSCore
0x00000001b4b4a000 	/System/Library/Frameworks/MetalPerformanceShaders.framework/Versions/A/Frameworks/MPSImage.framework/Versions/A/MPSImage
0x00000001b4639000 	/System/Library/Frameworks/MetalPerformanceShaders.framework/Versions/A/Frameworks/MPSNeuralNetwork.framework/Versions/A/MPSNeuralNetwork
0x00000001b4a72000 	/System/Library/Frameworks/MetalPerformanceShaders.framework/Versions/A/Frameworks/MPSMatrix.framework/Versions/A/MPSMatrix
0x00000001b484b000 	/System/Library/Frameworks/MetalPerformanceShaders.framework/Versions/A/Frameworks/MPSRayIntersector.framework/Versions/A/MPSRayIntersector
0x00000001b4aa3000 	/System/Library/Frameworks/MetalPerformanceShaders.framework/Versions/A/Frameworks/MPSNDArray.framework/Versions/A/MPSNDArray
0x000000020de9f000 	/System/Library/Frameworks/MetalPerformanceShaders.framework/Versions/A/Frameworks/MPSFunctions.framework/Versions/A/MPSFunctions
0x00000001aab98000 	/System/Library/PrivateFrameworks/MetalTools.framework/Versions/A/MetalTools
0x00000001b3a27000 	/System/Library/PrivateFrameworks/AggregateDictionary.framework/Versions/A/AggregateDictionary
0x00000001b595d000 	/usr/lib/libIOReport.dylib
0x00000001bfc79000 	/System/Library/PrivateFrameworks/ASEProcessing.framework/Versions/A/ASEProcessing
0x00000001b5cd2000 	/System/Library/PrivateFrameworks/FaceCore.framework/Versions/A/FaceCore
0x00000001b5cc4000 	/System/Library/PrivateFrameworks/GraphVisualizer.framework/Versions/A/GraphVisualizer
0x0000000216153000 	/System/Library/PrivateFrameworks/FontServices.framework/Versions/A/FontServices
0x00000001b60e5000 	/System/Library/PrivateFrameworks/OTSVG.framework/Versions/A/OTSVG
0x00000001b1615000 	/System/Library/Frameworks/ApplicationServices.framework/Versions/A/Frameworks/ATS.framework/Versions/A/Resources/libFontRegistry.dylib
0x00000001b6132000 	/System/Library/PrivateFrameworks/FontServices.framework/libhvf.dylib
0x0000000216154000 	/System/Library/PrivateFrameworks/FontServices.framework/libXTFontStaticRegistryData.dylib
0x000000020be25000 	/System/Library/Frameworks/OpenCL.framework/Versions/A/OpenCL
0x00000001b5b2c000 	/System/Library/PrivateFrameworks/AppleVA.framework/Versions/A/AppleVA
0x00000001b7ccc000 	/System/Library/Frameworks/ApplicationServices.framework/Versions/A/Frameworks/ATS.framework/Versions/A/ATS
0x00000001b003e000 	/System/Library/Frameworks/ApplicationServices.framework/Versions/A/Frameworks/HIServices.framework/Versions/A/HIServices
0x00000001b6b35000 	/System/Library/Frameworks/ApplicationServices.framework/Versions/A/Frameworks/PrintCore.framework/Versions/A/PrintCore
0x00000001b8063000 	/System/Library/Frameworks/ApplicationServices.framework/Versions/A/Frameworks/QD.framework/Versions/A/QD
0x00000001b805b000 	/System/Library/Frameworks/ApplicationServices.framework/Versions/A/Frameworks/ColorSyncLegacy.framework/Versions/A/ColorSyncLegacy
0x00000001b7cb8000 	/System/Library/Frameworks/ApplicationServices.framework/Versions/A/Frameworks/SpeechSynthesis.framework/Versions/A/SpeechSynthesis
0x00000001b6af6000 	/System/Library/Frameworks/ApplicationServices.framework/Versions/A/Frameworks/ATSUI.framework/Versions/A/ATSUI
0x00000001b7ff0000 	/usr/lib/libcups.2.dylib
0x00000001b83ca000 	/System/Library/Frameworks/Kerberos.framework/Versions/A/Kerberos
0x00000001b83db000 	/System/Library/Frameworks/GSS.framework/Versions/A/GSS
0x00000001b7d3c000 	/usr/lib/libresolv.9.dylib
0x00000001b6141000 	/System/Library/PrivateFrameworks/Heimdal.framework/Versions/A/Heimdal
0x00000001beeaf000 	/System/Library/Frameworks/Kerberos.framework/Versions/A/Libraries/libHeimdalProxy.dylib
0x00000001b0c8d000 	/System/Library/Frameworks/Network.framework/Versions/A/Network
0x00000001b5b93000 	/usr/lib/libheimdal-asn1.dylib
0x00000001b842b000 	/System/Library/PrivateFrameworks/CommonAuth.framework/Versions/A/CommonAuth
0x00000001b7c32000 	/System/Library/PrivateFrameworks/AudioSession.framework/Versions/A/AudioSession
0x00000001b5c25000 	/System/Library/PrivateFrameworks/MediaExperience.framework/Versions/A/MediaExperience
0x00000001b7ab8000 	/System/Library/PrivateFrameworks/AudioSession.framework/libSessionUtility.dylib
0x00000001b806f000 	/System/Library/PrivateFrameworks/AudioResourceArbitration.framework/Versions/A/AudioResourceArbitration
0x00000001bc235000 	/System/Library/PrivateFrameworks/PowerLog.framework/Versions/A/PowerLog
0x00000001b5b9d000 	/System/Library/PrivateFrameworks/IconFoundation.framework/Versions/A/IconFoundation
0x00000001baf7e000 	/System/Library/PrivateFrameworks/SpeechRecognitionCore.framework/Versions/A/SpeechRecognitionCore
0x0000000105cd0000 	/Library/Java/JavaVirtualMachines/temurin-17.jdk/Contents/Home/lib/server/libjvm.dylib
0x0000000104afc000 	/Library/Java/JavaVirtualMachines/temurin-17.jdk/Contents/Home/lib/libjimage.dylib
0x0000000104ce8000 	/Library/Java/JavaVirtualMachines/temurin-17.jdk/Contents/Home/lib/libinstrument.dylib
0x0000000104d34000 	/Library/Java/JavaVirtualMachines/temurin-17.jdk/Contents/Home/lib/libjava.dylib
0x0000000105be8000 	/Library/Java/JavaVirtualMachines/temurin-17.jdk/Contents/Home/lib/libnio.dylib
0x0000000105c08000 	/Library/Java/JavaVirtualMachines/temurin-17.jdk/Contents/Home/lib/libnet.dylib
0x0000000104d18000 	/Library/Java/JavaVirtualMachines/temurin-17.jdk/Contents/Home/lib/libzip.dylib
0x0000000105c2c000 	/Users/abheektripathy/.openjfx/cache/17.0.1/libprism_es2.dylib
0x00000001acde5000 	/System/Library/PrivateFrameworks/CoreServicesInternal.framework/Versions/A/CoreServicesInternal
0x000000020bc8e000 	/System/Library/Frameworks/OpenGL.framework/Versions/A/Resources/GLEngine.bundle/GLEngine
0x000000020bb16000 	/System/Library/Frameworks/OpenGL.framework/Versions/A/Libraries/libGLProgrammability.dylib
0x0000000120b40000 	/System/Library/Extensions/AppleMetalOpenGLRenderer.bundle/Contents/MacOS/AppleMetalOpenGLRenderer
0x000000020bdfd000 	/System/Library/Frameworks/OpenGL.framework/Versions/A/Resources/GLRendererFloat.bundle/GLRendererFloat
0x000000020befd000 	/System/Library/Extensions/AGXMetal13_3.bundle/Contents/MacOS/AGXMetal13_3
0x00000001ca7db000 	/System/Library/PrivateFrameworks/GPURawCounter.framework/Versions/A/GPURawCounter
0x00000001c4f7c000 	/System/Library/PrivateFrameworks/IOGPU.framework/Versions/A/IOGPU
0x0000000120ab4000 	/Users/abheektripathy/.openjfx/cache/17.0.1/libglass.dylib
0x00000001bc48d000 	/System/Library/Frameworks/FileProvider.framework/Versions/A/FileProvider
0x00000001b0a5b000 	/System/Library/Frameworks/Accounts.framework/Versions/A/Accounts
0x00000001bc611000 	/System/Library/PrivateFrameworks/GenerationalStorage.framework/Versions/A/GenerationalStorage
0x00000001bd1d4000 	/System/Library/PrivateFrameworks/CoreSymbolication.framework/Versions/A/CoreSymbolication
0x00000001bc229000 	/System/Library/PrivateFrameworks/SymptomDiagnosticReporter.framework/Versions/A/SymptomDiagnosticReporter
0x00000001ae0d5000 	/System/Library/PrivateFrameworks/DesktopServicesPriv.framework/Versions/A/DesktopServicesPriv
0x00000001acf47000 	/usr/lib/libsandbox.1.dylib
0x00000001b1ad9000 	/System/Library/PrivateFrameworks/UserManagement.framework/Versions/A/UserManagement
0x00000001bd191000 	/System/Library/PrivateFrameworks/DebugSymbols.framework/Versions/A/DebugSymbols
0x00000001b804e000 	/System/Library/PrivateFrameworks/NetAuth.framework/Versions/A/NetAuth
0x00000001b8f6f000 	/System/Library/PrivateFrameworks/Sharing.framework/Versions/A/Sharing
0x00000001b1aa9000 	/System/Library/PrivateFrameworks/login.framework/Versions/A/Frameworks/loginsupport.framework/Versions/A/loginsupport
0x00000001be3c6000 	/System/Library/PrivateFrameworks/Apple80211.framework/Versions/A/Apple80211
0x00000001b4c2e000 	/System/Library/PrivateFrameworks/AuthKit.framework/Versions/A/AuthKit
0x00000001b42b6000 	/System/Library/PrivateFrameworks/CoreUtils.framework/Versions/A/CoreUtils
0x00000001b41d9000 	/System/Library/Frameworks/CoreWLAN.framework/Versions/A/CoreWLAN
0x00000001b90df000 	/System/Library/Frameworks/IOBluetooth.framework/Versions/A/IOBluetooth
0x00000001be426000 	/System/Library/PrivateFrameworks/CoreWiFi.framework/Versions/A/CoreWiFi
0x00000001bcd71000 	/System/Library/PrivateFrameworks/FrontBoardServices.framework/Versions/A/FrontBoardServices
0x00000001bce09000 	/System/Library/PrivateFrameworks/BoardServices.framework/Versions/A/BoardServices
0x00000001b44c9000 	/System/Library/PrivateFrameworks/AssertionServices.framework/Versions/A/AssertionServices
0x00000001be5a3000 	/System/Library/PrivateFrameworks/BackBoardServices.framework/Versions/A/BackBoardServices
0x00000001b84c2000 	/System/Library/PrivateFrameworks/CorePhoneNumbers.framework/Versions/A/CorePhoneNumbers
0x00000001b7d69000 	/System/Library/PrivateFrameworks/MultiverseSupport.framework/Versions/A/MultiverseSupport
0x00000001be824000 	/System/Library/PrivateFrameworks/RemoteServiceDiscovery.framework/Versions/A/RemoteServiceDiscovery
0x00000001bc359000 	/System/Library/PrivateFrameworks/DiskManagement.framework/Versions/A/DiskManagement
0x00000001bc25c000 	/System/Library/PrivateFrameworks/AppleIDAuthSupport.framework/Versions/A/AppleIDAuthSupport
0x00000002106db000 	/System/Library/PrivateFrameworks/AAAFoundation.framework/Versions/A/AAAFoundation
0x00000001b84a1000 	/System/Library/PrivateFrameworks/KeychainCircle.framework/Versions/A/KeychainCircle
0x00000001be834000 	/System/Library/PrivateFrameworks/RemoteXPC.framework/Versions/A/RemoteXPC
0x00000001bc325000 	/System/Library/PrivateFrameworks/MediaKit.framework/Versions/A/MediaKit
0x00000001bc269000 	/System/Library/Frameworks/DiscRecording.framework/Versions/A/DiscRecording
0x00000001b5aa8000 	/usr/lib/libCoreStorage.dylib
0x00000001be8a0000 	/usr/lib/libcsfde.dylib
0x00000001b91b4000 	/System/Library/PrivateFrameworks/ProtectedCloudStorage.framework/Versions/A/ProtectedCloudStorage
0x00000001be898000 	/System/Library/PrivateFrameworks/EFILogin.framework/Versions/A/EFILogin
0x00000001bc638000 	/System/Library/PrivateFrameworks/OctagonTrust.framework/Versions/A/OctagonTrust
0x00000002152da000 	/System/Library/PrivateFrameworks/CoreUtilsExtras.framework/Versions/A/CoreUtilsExtras
0x00000001bc18e000 	/System/Library/Frameworks/CoreBluetooth.framework/Versions/A/CoreBluetooth
0x00000001bef34000 	/System/Library/Frameworks/AudioUnit.framework/Versions/A/AudioUnit
0x00000001b5aa0000 	/usr/lib/libMatch.1.dylib
0x00000001cecc1000 	/System/Library/Frameworks/Accelerate.framework/Versions/A/Frameworks/vImage.framework/Versions/A/Libraries/libCGInterfaces.dylib
0x00000001217c4000 	/usr/lib/libobjc-trampolines.dylib
0x00000001b17a3000 	/System/Library/PrivateFrameworks/ViewBridge.framework/Versions/A/ViewBridge
0x00000001b6204000 	/System/Library/PrivateFrameworks/login.framework/Versions/A/login
0x00000001315d4000 	/Users/abheektripathy/.openjfx/cache/17.0.1/libjavafx_font.dylib
0x000000013364c000 	/Users/abheektripathy/.openjfx/cache/17.0.1/libglib-lite.dylib
0x0000000137a90000 	/Users/abheektripathy/.openjfx/cache/17.0.1/libgstreamer-lite.dylib
0x0000000133540000 	/Users/abheektripathy/.openjfx/cache/17.0.1/libjfxmedia.dylib
0x0000000133580000 	/Users/abheektripathy/.openjfx/cache/17.0.1/libjfxmedia_avf.dylib
0x00000001c9aaf000 	/System/Library/Frameworks/AVFoundation.framework/Versions/A/AVFoundation
0x000000020ca65000 	/System/Library/Frameworks/AVFAudio.framework/Versions/A/AVFAudio
0x00000001bcb51000 	/System/Library/PrivateFrameworks/AVFCore.framework/Versions/A/AVFCore
0x00000001c3dbf000 	/System/Library/PrivateFrameworks/AVFCapture.framework/Versions/A/AVFCapture
0x00000001c867b000 	/System/Library/PrivateFrameworks/AirPlaySync.framework/Versions/A/AirPlaySync
0x00000001b6d3c000 	/System/Library/Frameworks/MediaToolbox.framework/Versions/A/MediaToolbox
0x00000001bc459000 	/System/Library/PrivateFrameworks/CoreAVCHD.framework/Versions/A/CoreAVCHD
0x00000001bb669000 	/System/Library/Frameworks/MediaAccessibility.framework/Versions/A/MediaAccessibility
0x00000001bc455000 	/System/Library/PrivateFrameworks/Mangrove.framework/Versions/A/Mangrove
0x00000001bb676000 	/System/Library/PrivateFrameworks/AlgosScoreFramework.framework/Versions/A/AlgosScoreFramework
0x00000002123bc000 	/System/Library/PrivateFrameworks/CMPhoto.framework/Versions/A/CMPhoto
0x00000001bc449000 	/System/Library/PrivateFrameworks/CoreAUC.framework/Versions/A/CoreAUC
0x00000002123a2000 	/System/Library/PrivateFrameworks/CMImaging.framework/Versions/A/CMImaging
0x00000001c3f19000 	/System/Library/PrivateFrameworks/Quagga.framework/Versions/A/Quagga
0x00000001c3fdd000 	/System/Library/PrivateFrameworks/CMCapture.framework/Versions/A/CMCapture
0x00000001b7e2d000 	/System/Library/Frameworks/CoreMediaIO.framework/Versions/A/CoreMediaIO
0x00000001bf070000 	/System/Library/PrivateFrameworks/Espresso.framework/Versions/A/Espresso
0x00000001be91e000 	/System/Library/PrivateFrameworks/AppSupport.framework/Versions/A/AppSupport
0x00000001f0762000 	/System/Library/PrivateFrameworks/ANECompiler.framework/Versions/A/ANECompiler
0x00000001c0bdc000 	/System/Library/PrivateFrameworks/AppleNeuralEngine.framework/Versions/A/AppleNeuralEngine
0x0000000218c86000 	/System/Library/PrivateFrameworks/MIL.framework/Versions/A/MIL
0x000000020deb3000 	/System/Library/Frameworks/MetalPerformanceShadersGraph.framework/Versions/A/MetalPerformanceShadersGraph
0x00000001bfafa000 	/System/Library/PrivateFrameworks/ANEServices.framework/Versions/A/ANEServices
0x00000001ce56d000 	/usr/lib/libncurses.5.4.dylib
0x0000000133520000 	/Users/abheektripathy/.openjfx/cache/17.0.1/libfxplugins.dylib
0x000000020feb2000 	/System/Library/Frameworks/VideoDecodeAcceleration.framework/Versions/A/VideoDecodeAcceleration
0x0000000137c4c000 	/System/Library/Components/CoreAudio.component/Contents/MacOS/CoreAudio
0x00000001620f8000 	/System/Library/Components/AudioCodecs.component/Contents/MacOS/AudioCodecs
0x00000002298a9000 	/usr/lib/libRosetta.dylib


VM Arguments:
jvm_args: -javaagent:/Applications/IntelliJ IDEA CE.app/Contents/lib/idea_rt.jar=55510:/Applications/IntelliJ IDEA CE.app/Contents/bin -Dfile.encoding=UTF-8 --module-path=/Users/abheektripathy/.m2/repository/org/openjfx/javafx-graphics/17.0.1/javafx-graphics-17.0.1-mac-aarch64.jar:/Users/abheektripathy/.m2/repository/org/openjfx/javafx-fxml/17.0.1/javafx-fxml-17.0.1-mac-aarch64.jar:/Users/abheektripathy/.m2/repository/org/openjfx/javafx-base/17.0.1/javafx-base-17.0.1-mac-aarch64.jar:/Users/abheektripathy/.m2/repository/org/openjfx/javafx-controls/17.0.1/javafx-controls-17.0.1-mac-aarch64.jar:/Users/abheektripathy/.m2/repository/org/openjfx/javafx-media/17.0.1/javafx-media-17.0.1-mac-aarch64.jar:/Users/abheektripathy/IdeaProjects/ZeusFx-MP/target/classes -Djdk.module.main=com.tripathy.zeusfxmp 
java_command: com.tripathy.zeusfxmp/com.tripathy.zeusfxmp.HelloApplication
java_class_path (initial): /Users/abheektripathy/.m2/repository/org/openjfx/javafx-controls/17.0.1/javafx-controls-17.0.1.jar:/Users/abheektripathy/.m2/repository/org/openjfx/javafx-graphics/17.0.1/javafx-graphics-17.0.1.jar:/Users/abheektripathy/.m2/repository/org/openjfx/javafx-base/17.0.1/javafx-base-17.0.1.jar:/Users/abheektripathy/.m2/repository/org/openjfx/javafx-fxml/17.0.1/javafx-fxml-17.0.1.jar:/Users/abheektripathy/.m2/repository/org/openjfx/javafx-media/17.0.1/javafx-media-17.0.1.jar
Launcher Type: SUN_STANDARD

[Global flags]
     intx CICompilerCount                          = 4                                         {product} {ergonomic}
     uint ConcGCThreads                            = 2                                         {product} {ergonomic}
     uint G1ConcRefinementThreads                  = 8                                         {product} {ergonomic}
   size_t G1HeapRegionSize                         = 1048576                                   {product} {ergonomic}
    uintx GCDrainStackTargetSize                   = 64                                        {product} {ergonomic}
   size_t InitialHeapSize                          = 134217728                                 {product} {ergonomic}
   size_t MarkStackSize                            = 4194304                                   {product} {ergonomic}
   size_t MaxHeapSize                              = 2147483648                                {product} {ergonomic}
   size_t MaxNewSize                               = 1287651328                                {product} {ergonomic}
   size_t MinHeapDeltaBytes                        = 1048576                                   {product} {ergonomic}
   size_t MinHeapSize                              = 8388608                                   {product} {ergonomic}
    uintx NonNMethodCodeHeapSize                   = 5839564                                {pd product} {ergonomic}
    uintx NonProfiledCodeHeapSize                  = 122909338                              {pd product} {ergonomic}
    uintx ProfiledCodeHeapSize                     = 122909338                              {pd product} {ergonomic}
    uintx ReservedCodeCacheSize                    = 251658240                              {pd product} {ergonomic}
     bool SegmentedCodeCache                       = true                                      {product} {ergonomic}
   size_t SoftMaxHeapSize                          = 2147483648                             {manageable} {ergonomic}
     bool UseCompressedClassPointers               = true                           {product lp64_product} {ergonomic}
     bool UseCompressedOops                        = true                           {product lp64_product} {ergonomic}
     bool UseG1GC                                  = true                                      {product} {ergonomic}
     bool UseNUMA                                  = false                                     {product} {ergonomic}
     bool UseNUMAInterleaving                      = false                                     {product} {ergonomic}

Logging:
Log output configuration:
 #0: stdout all=warning uptime,level,tags
 #1: stderr all=off uptime,level,tags

Environment Variables:
PATH=/Library/Frameworks/Python.framework/Versions/3.10/bin:/usr/local/bin:/usr/bin:/bin:/usr/sbin:/sbin:/Library/Apple/usr/bin:/Users/abheektripathy/Dev/flutter/bin
SHELL=/bin/zsh
LC_CTYPE=en_IN.UTF-8

Signal Handlers:
   SIGSEGV: _ZL13crash_handleriP9__siginfoPv in libjvm.dylib, mask=11100110000111110111111111111111, flags=SA_RESTART|SA_SIGINFO
    SIGBUS: _ZL13crash_handleriP9__siginfoPv in libjvm.dylib, mask=11100110000111110111111111111111, flags=SA_RESTART|SA_SIGINFO
    SIGFPE: _ZL13crash_handleriP9__siginfoPv in libjvm.dylib, mask=11100110000111110111111111111111, flags=SA_RESTART|SA_SIGINFO
   SIGPIPE: _ZL17javaSignalHandleriP9__siginfoPv in libjvm.dylib, mask=11100110000111110111111111111111, flags=SA_RESTART|SA_SIGINFO
   SIGXFSZ: _ZL17javaSignalHandleriP9__siginfoPv in libjvm.dylib, mask=11100110000111110111111111111111, flags=SA_RESTART|SA_SIGINFO
    SIGILL: _ZL13crash_handleriP9__siginfoPv in libjvm.dylib, mask=11100110000111110111111111111111, flags=SA_RESTART|SA_SIGINFO
   SIGUSR2: _ZL10SR_handleriP9__siginfoP17__darwin_ucontext in libjvm.dylib, mask=00100000000000000000000000000000, flags=SA_RESTART|SA_SIGINFO
    SIGHUP: _ZL11UserHandleriPvS_ in libjvm.dylib, mask=11100110000111110111111111111111, flags=SA_RESTART|SA_SIGINFO
    SIGINT: _ZL11UserHandleriPvS_ in libjvm.dylib, mask=11100110000111110111111111111111, flags=SA_RESTART|SA_SIGINFO
   SIGTERM: _ZL11UserHandleriPvS_ in libjvm.dylib, mask=11100110000111110111111111111111, flags=SA_RESTART|SA_SIGINFO
   SIGQUIT: _ZL11UserHandleriPvS_ in libjvm.dylib, mask=11100110000111110111111111111111, flags=SA_RESTART|SA_SIGINFO
   SIGTRAP: _ZL13crash_handleriP9__siginfoPv in libjvm.dylib, mask=11100110000111110111111111111111, flags=SA_RESTART|SA_SIGINFO


---------------  S Y S T E M  ---------------

OS:
uname: Darwin 21.5.0 Darwin Kernel Version 21.5.0: Tue Apr 26 21:08:29 PDT 2022; root:xnu-8020.121.3~4/RELEASE_ARM64_T8101 arm64
OS uptime: 2 days 12:32 hours
rlimit (soft/hard): STACK 8176k/65520k , CORE 0k/infinity , NPROC 1333/2000 , NOFILE 10240/infinity , AS infinity/infinity , CPU infinity/infinity , DATA infinity/infinity , FSIZE infinity/infinity , MEMLOCK infinity/infinity , RSS infinity/infinity
load average: 4.36 2.50 2.10

CPU: total 8 (initial active 8) 0x61:0x0:0x1b588bb3:0, fp, simd, crc, lse

Memory: 16k page, physical 8388608k(173376k free), swap 3145728k(1034496k free)

vm_info: OpenJDK 64-Bit Server VM (17.0.2+8) for bsd-aarch64 JRE (17.0.2+8), built on Jan 20 2022 10:58:36 by "jenkins" with clang Apple LLVM 12.0.0 (clang-1200.0.32.29)

END.
