#
# A fatal error has been detected by the Java Runtime Environment:
#
#  SIGBUS (0xa) at pc=0x000000010cecd4f0, pid=927, tid=35587
#
# JRE version: OpenJDK Runtime Environment Temurin-17.0.2+8 (17.0.2+8) (build 17.0.2+8)
# Java VM: OpenJDK 64-Bit Server VM Temurin-17.0.2+8 (17.0.2+8, mixed mode, tiered, compressed oops, compressed class ptrs, g1 gc, bsd-aarch64)
# Problematic frame:
# v  ~StubRoutines::SafeFetchN
#
# No core dump will be written. Core dumps have been disabled. To enable core dumping, try "ulimit -c unlimited" before starting Java again
#
# If you would like to submit a bug report, please visit:
#   https://github.com/adoptium/adoptium-support/issues
# The crash happened outside the Java Virtual Machine in native code.
# See problematic frame for where to report the bug.
#

---------------  S U M M A R Y ------------

Command Line: -javaagent:/Applications/IntelliJ IDEA CE.app/Contents/lib/idea_rt.jar=49228:/Applications/IntelliJ IDEA CE.app/Contents/bin -Dfile.encoding=UTF-8 --module-path=/Users/abheektripathy/IdeaProjects/ZeusFx-MP/target/classes:/Users/abheektripathy/.m2/repository/org/openjfx/javafx-fxml/17.0.1/javafx-fxml-17.0.1-mac-aarch64.jar:/Users/abheektripathy/.m2/repository/org/openjfx/javafx-graphics/17.0.1/javafx-graphics-17.0.1-mac-aarch64.jar:/Users/abheektripathy/.m2/repository/org/openjfx/javafx-base/17.0.1/javafx-base-17.0.1-mac-aarch64.jar:/Users/abheektripathy/.m2/repository/org/openjfx/javafx-controls/17.0.1/javafx-controls-17.0.1-mac-aarch64.jar:/Users/abheektripathy/.m2/repository/org/openjfx/javafx-media/17.0.1/javafx-media-17.0.1-mac-aarch64.jar -Djdk.module.main=com.tripathy.zeusfxmp com.tripathy.zeusfxmp/com.tripathy.zeusfxmp.HelloApplication

Host: "MacBookPro17,1" arm64 1 MHz, 8 cores, 8G, Darwin 21.5.0, macOS 12.4 (21F79)
Time: Tue Jun 14 14:12:00 2022 IST elapsed time: 6.998135 seconds (0d 0h 0m 6s)

---------------  T H R E A D  ---------------

Current thread (0x000000014d008200):  JavaThread "InvokeLaterDispatcher" daemon [_thread_in_native, id=35587, stack(0x000000016f89c000,0x000000016fa9f000)]

Stack: [0x000000016f89c000,0x000000016fa9f000],  sp=0x000000016fa9e780,  free space=2057k
Native frames: (J=compiled Java code, j=interpreted, Vv=VM code, C=native code)
v  ~StubRoutines::SafeFetchN
V  [libjvm.dylib+0x7ba2dc]  _ZN10OopStorage7releaseEPKP7oopDesc+0x20
V  [libjvm.dylib+0x4c5750]  jni_DeleteGlobalRef+0xd8
C  [libglass.dylib+0xab08]  -[GlassRunnable dealloc]+0x34
C  [Foundation+0x85318]  -[_NSThreadPerformInfo dealloc]+0x30
C  [Foundation+0x518ac]  -[NSObject(NSThreadPerformAdditions) performSelectorOnMainThread:withObject:waitUntilDone:]+0x88
C  0x366a00010ced58ac
j  com.sun.glass.ui.mac.MacApplication.submitForLaterInvocation(Ljava/lang/Runnable;)V+2 javafx.graphics
j  com.sun.glass.ui.InvokeLaterDispatcher.run()V+82 javafx.graphics
v  ~StubRoutines::call_stub
V  [libjvm.dylib+0x46a8f0]  _ZN9JavaCalls11call_helperEP9JavaValueRK12methodHandleP17JavaCallArgumentsP10JavaThread+0x38c
V  [libjvm.dylib+0x46990c]  _ZN9JavaCalls12call_virtualEP9JavaValueP5KlassP6SymbolS5_P17JavaCallArgumentsP10JavaThread+0x11c
V  [libjvm.dylib+0x4699d8]  _ZN9JavaCalls12call_virtualEP9JavaValue6HandleP5KlassP6SymbolS6_P10JavaThread+0x64
V  [libjvm.dylib+0x521e64]  _ZL12thread_entryP10JavaThreadS0_+0xc4
V  [libjvm.dylib+0x99aac0]  _ZN10JavaThread17thread_main_innerEv+0x13c
V  [libjvm.dylib+0x99919c]  _ZN6Thread8call_runEv+0x128
V  [libjvm.dylib+0x7c1124]  _ZL19thread_native_entryP6Thread+0x158
C  [libsystem_pthread.dylib+0x726c]  _pthread_start+0x94

Java frames: (J=compiled Java code, j=interpreted, Vv=VM code)
j  com.sun.glass.ui.mac.MacApplication._submitForLaterInvocation(Ljava/lang/Runnable;)V+0 javafx.graphics
j  com.sun.glass.ui.mac.MacApplication.submitForLaterInvocation(Ljava/lang/Runnable;)V+2 javafx.graphics
j  com.sun.glass.ui.InvokeLaterDispatcher.run()V+82 javafx.graphics
v  ~StubRoutines::call_stub

siginfo: si_signo: 10 (SIGBUS), si_code: 1 (BUS_ADRALN), si_addr: 0x000000010cecd4f0

Register to memory mapping:

 x0=0x000000013c8056c8 is a global jni handle
 x1=0x0 is NULL
 x2=0x0000000787f26188 is an oop: com.sun.glass.ui.InvokeLaterDispatcher$Future 
{0x0000000787f26188} - klass: 'com/sun/glass/ui/InvokeLaterDispatcher$Future'
 - ---- fields (total size 3 words):
 - private 'done' 'Z' @12  true
 - private final 'runnable' 'Ljava/lang/Runnable;' @16  a 'com/sun/javafx/application/PlatformImpl$$Lambda$92+0x0000000800114a50'{0x00000007863c4c88} (f0c78991)
 - final synthetic 'this$0' 'Lcom/sun/glass/ui/InvokeLaterDispatcher;' @20  a 'com/sun/glass/ui/InvokeLaterDispatcher'{0x000000078003cf08} (f00079e1)
 x3=0x0 is NULL
 x4=0x00000000000130a8 is an unknown value
 x5=0x0 is NULL
 x6=0x0 is NULL
 x7=0x0 is NULL
 x8=0x000000010cecd4ec is at begin+0 in a stub
StubRoutines::SafeFetchN [0x000000010cecd4ec, 0x000000010cecd4f8] (12 bytes)
 x9=0x0 is NULL
x10=0x2010000030300000 is an unknown value
x11=0x0000000000000007 is an unknown value
x12=0x0 is NULL
x13=0x0000600000328970 points into unknown readable memory: 0x0000000000000000 | 00 00 00 00 00 00 00 00
x14=0x00001d0000000000 is an unknown value
x15=0x00000001246c1f98: OBJC_CLASS_$_GlassRunnable+0 in /Users/abheektripathy/.openjfx/cache/17.0.1/libglass.dylib at 0x000000012467c000
x16=0x000000019c5670fc: pthread_getspecific+0 in /usr/lib/system/libsystem_pthread.dylib at 0x000000019c565000
x17=0x000060000092d320 points into unknown readable memory: 0xfffffffffffffffe | fe ff ff ff ff ff ff ff
x18=0x0 is NULL
x19=0x00006000006381c0 points into unknown readable memory: 0x0000600002f2c490 | 90 c4 f2 02 00 60 00 00
x20=0x000000013c8054c0 points into unknown readable memory: 0x0000000000000000 | 00 00 00 00 00 00 00 00
x21=0x000000013c8056c8 is a global jni handle
x22=0x000000014d008200 is a thread
x23=0x0000000000000001 is an unknown value
x24=0x000000013c805680 is a global jni handle
x25=0x00000001050bfa08: _ZN12StubRoutines17_safefetchN_entryE+0 in /Library/Java/JavaVirtualMachines/temurin-17.jdk/Contents/Home/lib/server/libjvm.dylib at 0x0000000104464000
x26=0x00000001250542d8 is pointing into metadata
x27=0x0 is NULL
x28=0x000000014d008200 is a thread


Registers:
 x0=0x000000013c8056c8  x1=0x0000000000000000  x2=0x0000000787f26188  x3=0x0000000000000000
 x4=0x00000000000130a8  x5=0x0000000000000000  x6=0x0000000000000000  x7=0x0000000000000000
 x8=0x000000010cecd4ec  x9=0x0000000000000000 x10=0x2010000030300000 x11=0x0000000000000007
x12=0x0000000000000000 x13=0x0000600000328970 x14=0x00001d0000000000 x15=0x00000001246c1f98
x16=0x000000019c5670fc x17=0x000060000092d320 x18=0x0000000000000000 x19=0x00006000006381c0
x20=0x000000013c8054c0 x21=0x000000013c8056c8 x22=0x000000014d008200 x23=0x0000000000000001
x24=0x000000013c805680 x25=0x00000001050bfa08 x26=0x00000001250542d8 x27=0x0000000000000000
x28=0x000000014d008200  fp=0x000000016fa9e7c0  lr=0x0000000104c1d0ac  sp=0x000000016fa9e780
pc=0x000000010cecd4f0 cpsr=0x0000000060001000
Top of Stack: (sp=0x000000016fa9e780)
0x000000016fa9e780:   00000001250542d8 0000000000000001
0x000000016fa9e790:   000000016fa9e988 0000000000000000
0x000000016fa9e7a0:   000000012c00b2a8 000000013c8056b0
0x000000016fa9e7b0:   000000013c8056b0 00006000006381c0
0x000000016fa9e7c0:   000000016fa9e800 0000000104c1e2dc
0x000000016fa9e7d0:   0000000000000001 000000013c8056b0
0x000000016fa9e7e0:   000000012c00b2a8 000000013c8056b0
0x000000016fa9e7f0:   0000000000000001 000000012c00b000
0x000000016fa9e800:   000000016fa9e840 0000000104929750
0x000000016fa9e810:   000000016fa9e988 0000600002fedd70
0x000000016fa9e820:   0000600002fedc50 00000001e682530c
0x000000016fa9e830:   0000000000000000 0000600002fedc50
0x000000016fa9e840:   000000016fa9e870 0000000124686b08
0x000000016fa9e850:   520bd8581da800cb 0000000000000000
0x000000016fa9e860:   0000000000000000 00006000038e92c0
0x000000016fa9e870:   000000016fa9e8b0 000000019d53c318
0x000000016fa9e880:   000000016fa9e988 0000600002fedd70
0x000000016fa9e890:   0000600002fedc50 520bd8581da800cb
0x000000016fa9e8a0:   0000000000000000 0000000000000000
0x000000016fa9e8b0:   000000016fa9e8f0 a33100019d5088ac
0x000000016fa9e8c0:   000000016fa9e988 000000010ced47c0
0x000000016fa9e8d0:   0000000000000000 00000001050c73c8
0x000000016fa9e8e0:   000000016fa9e900 000000010ced3730
0x000000016fa9e8f0:   000000016fa9e960 366a00010ced58ac
0x000000016fa9e900:   0000000000000000 00000007801c7cb8
0x000000016fa9e910:   000000016fa9e910 0000000000000000
0x000000016fa9e920:   000000016fa9e988 00000001250542d8
0x000000016fa9e930:   000000078009e8d8 0000000000000000
0x000000016fa9e940:   0000000000000000 0000000125030000
0x000000016fa9e950:   0000000000000000 000000016fa9e960
0x000000016fa9e960:   000000016fa9e9e0 000000010ced1fc8
0x000000016fa9e970:   0000000000000000 0000000000000000 

Instructions: (pc=0x000000010cecd4f0)
0x000000010cecd3f0:   f2a0a109 f2c00029 6d425935 1e640886
0x000000010cecd400:   0c402d31 1e6408c7 1f5654d0 1e6c1017
0x000000010cecd410:   1f5050d0 1f504cd0 1f5048d0 1e650af6
0x000000010cecd420:   1f50d8f6 1f5694d6 1f5158f6 1e762880
0x000000010cecd430:   36000501 1e614000 14000026 2e251ca5
0x000000010cecd440:   d2983009 f2a0a109 f2c00029 6d425d36
0x000000010cecd450:   1e600806 0c402d32 1f5758c7 1e6c101a
0x000000010cecd460:   1f4754c7 1e650805 1f4750c7 d2866668
0x000000010cecd470:   f2a7fa68 1f474cc7 1e6608c0 1f4748c7
0x000000010cecd480:   1e6e1019 eb08007f 540000ac 1f479400
0x000000010cecd490:   1f460340 1e603b20 1400000e d2a7fd29
0x000000010cecd4a0:   eb09007f 540000ac 51480069 d3607d29
0x000000010cecd4b0:   9e670121 14000002 1e6a5001 1f679417
0x000000010cecd4c0:   1f668742 1e613b23 1e773857 1e773860
0x000000010cecd4d0:   a8c17ff3 910003bf a8c17bfd d65f03c0
0x000000010cecd4e0:   b9400001 aa0103e0 d65f03c0 f9400001
0x000000010cecd4f0:   aa0103e0 d65f03c0 00000000 00000000
0x000000010cecd500:   00000000 00000000 00000000 00000000
0x000000010cecd510:   00000000 00000000 00000000 00000000
0x000000010cecd520:   00000000 00000000 00000000 00000000
0x000000010cecd530:   00000000 00000000 00000000 00000000
0x000000010cecd540:   00000000 00000000 00000000 00000000
0x000000010cecd550:   00000000 00000000 00000000 00000000
0x000000010cecd560:   00000000 00000000 00000000 00000000
0x000000010cecd570:   00000000 00000000 00000000 00000000
0x000000010cecd580:   00000000 00000000 00000000 00000000
0x000000010cecd590:   00000000 00000000 00000000 00000000
0x000000010cecd5a0:   00000000 00000000 00000000 00000000
0x000000010cecd5b0:   00000000 00000000 00000000 00000000
0x000000010cecd5c0:   00000000 00000000 00000000 00000000
0x000000010cecd5d0:   00000000 00000000 00000000 00000000
0x000000010cecd5e0:   00000000 00000000 00000000 00000000 


Stack slot to memory mapping:
stack at sp + 0 slots: 0x00000001250542d8 is pointing into metadata
stack at sp + 1 slots: 0x0000000000000001 is an unknown value
stack at sp + 2 slots: 0x000000016fa9e988 is pointing into the stack for thread: 0x000000014d008200
stack at sp + 3 slots: 0x0 is NULL
stack at sp + 4 slots: 0x000000012c00b2a8 points into unknown readable memory: 0x000000010507a888 | 88 a8 07 05 01 00 00 00
stack at sp + 5 slots: 0x000000013c8056b0 is a global jni handle
stack at sp + 6 slots: 0x000000013c8056b0 is a global jni handle
stack at sp + 7 slots: 0x00006000006381c0 points into unknown readable memory: 0x0000600002f2c490 | 90 c4 f2 02 00 60 00 00

StubRoutines::SafeFetchN [0x000000010cecd4ec, 0x000000010cecd4f8] (12 bytes)
[MachCode]
  0x000000010cecd4ec: 0100 40f9 | e003 01aa | c003 5fd6 
[/MachCode]

---------------  P R O C E S S  ---------------

Threads class SMR info:
_java_thread_list=0x0000600002dee060, length=25, elements={
0x000000014c00de00, 0x000000012c008200, 0x000000012c00aa00, 0x000000014c0c9800,
0x000000014c0cc000, 0x000000014c0cc600, 0x000000014c0ccc00, 0x000000014c0cd200,
0x000000014c0d5800, 0x000000013d00be00, 0x000000013c012800, 0x000000013d00c400,
0x000000013c012e00, 0x000000014d008200, 0x000000012c00b000, 0x000000013c0ba200,
0x000000014d079a00, 0x000000014e1d5e00, 0x000000014e20c600, 0x000000013c1d4800,
0x0000000124be7a00, 0x000000014c28e000, 0x000000014e057400, 0x000000014e210600,
0x000000013d179a00
}

Java Threads: ( => current thread )
  0x000000014c00de00 JavaThread "main" [_thread_blocked, id=6147, stack(0x000000016ce94000,0x000000016d097000)]
  0x000000012c008200 JavaThread "Reference Handler" daemon [_thread_blocked, id=14083, stack(0x000000016dce8000,0x000000016deeb000)]
  0x000000012c00aa00 JavaThread "Finalizer" daemon [_thread_blocked, id=14339, stack(0x000000016def4000,0x000000016e0f7000)]
  0x000000014c0c9800 JavaThread "Signal Dispatcher" daemon [_thread_blocked, id=22787, stack(0x000000016e218000,0x000000016e41b000)]
  0x000000014c0cc000 JavaThread "Service Thread" daemon [_thread_blocked, id=23299, stack(0x000000016e424000,0x000000016e627000)]
  0x000000014c0cc600 JavaThread "Monitor Deflation Thread" daemon [_thread_blocked, id=42243, stack(0x000000016e630000,0x000000016e833000)]
  0x000000014c0ccc00 JavaThread "C2 CompilerThread0" daemon [_thread_blocked, id=41987, stack(0x000000016e83c000,0x000000016ea3f000)]
  0x000000014c0cd200 JavaThread "C1 CompilerThread0" daemon [_thread_blocked, id=24323, stack(0x000000016ea48000,0x000000016ec4b000)]
  0x000000014c0d5800 JavaThread "Sweeper thread" daemon [_thread_blocked, id=24579, stack(0x000000016ec54000,0x000000016ee57000)]
  0x000000013d00be00 JavaThread "Common-Cleaner" daemon [_thread_blocked, id=41219, stack(0x000000016ee60000,0x000000016f063000)]
  0x000000013c012800 JavaThread "Monitor Ctrl-Break" daemon [_thread_in_native, id=40963, stack(0x000000016f06c000,0x000000016f26f000)]
  0x000000013d00c400 JavaThread "Notification Thread" daemon [_thread_blocked, id=40451, stack(0x000000016f278000,0x000000016f47b000)]
  0x000000013c012e00 JavaThread "QuantumRenderer-0" daemon [_thread_blocked, id=25603, stack(0x000000016f690000,0x000000016f893000)]
=>0x000000014d008200 JavaThread "InvokeLaterDispatcher" daemon [_thread_in_native, id=35587, stack(0x000000016f89c000,0x000000016fa9f000)]
  0x000000012c00b000 JavaThread "JavaFX Application Thread" [_thread_in_native, id=259, stack(0x000000016c60c000,0x000000016ce08000)]
  0x000000013c0ba200 JavaThread "JavaFX-Launcher" [_thread_blocked, id=53251, stack(0x000000016fd40000,0x000000016ff43000)]
  0x000000014d079a00 JavaThread "Attach Listener" daemon [_thread_blocked, id=78343, stack(0x0000000288c4c000,0x0000000288e4f000)]
  0x000000014e1d5e00 JavaThread "JFXMedia Player EventQueueThread" daemon [_thread_blocked, id=70407, stack(0x0000000288e58000,0x000000028905b000)]
  0x000000014e20c600 JavaThread "Prism Font Disposer" daemon [_thread_blocked, id=170247, stack(0x000000028daf4000,0x000000028dcf7000)]
  0x000000013c1d4800 JavaThread "Media Resource Disposer" daemon [_thread_blocked, id=93191, stack(0x000000028e118000,0x000000028e31b000)]
  0x0000000124be7a00 JavaThread "Cleaner-0" daemon [_thread_blocked, id=161039, stack(0x000000028e3b0000,0x000000028e5b3000)]
  0x000000014c28e000 JavaThread "JFXMedia Player EventQueueThread" daemon [_thread_blocked, id=97079, stack(0x000000028e5bc000,0x000000028e7bf000)]
  0x000000014e057400 JavaThread "Timer-2" [_thread_blocked, id=159235, stack(0x000000028e96c000,0x000000028eb6f000)]
  0x000000014e210600 JavaThread "Timer-3" daemon [_thread_blocked, id=48315, stack(0x000000028eb78000,0x000000028ed7b000)]
  0x000000013d179a00 JavaThread "PulseTimer-CVDisplayLink thread" daemon [_thread_in_native, id=98563, stack(0x0000000289208000,0x000000028928b000)]

Other Threads:
  0x000000013c904680 VMThread "VM Thread" [stack: 0x000000016dadc000,0x000000016dcdf000] [id=15619]
  0x000000014bf07c30 WatcherThread [stack: 0x000000016f484000,0x000000016f687000] [id=40195]
  0x000000014be085a0 GCTaskThread "GC Thread#0" [stack: 0x000000016d0a0000,0x000000016d2a3000] [id=19459]
  0x000000013bf11290 GCTaskThread "GC Thread#1" [stack: 0x0000000288004000,0x0000000288207000] [id=72451]
  0x000000013bf11710 GCTaskThread "GC Thread#2" [stack: 0x0000000288210000,0x0000000288413000] [id=56835]
  0x000000013bf11b90 GCTaskThread "GC Thread#3" [stack: 0x000000028841c000,0x000000028861f000] [id=71683]
  0x000000013c90b900 GCTaskThread "GC Thread#4" [stack: 0x0000000288628000,0x000000028882b000] [id=71427]
  0x000000013bf12400 GCTaskThread "GC Thread#5" [stack: 0x0000000288834000,0x0000000288a37000] [id=71171]
  0x000000014d815cb0 GCTaskThread "GC Thread#6" [stack: 0x0000000288a40000,0x0000000288c43000] [id=70915]
  0x00000001042352b0 GCTaskThread "GC Thread#7" [stack: 0x000000028dd00000,0x000000028df03000] [id=169987]
  0x000000014be08c50 ConcurrentGCThread "G1 Main Marker" [stack: 0x000000016d2ac000,0x000000016d4af000] [id=18947]
  0x000000014be09610 ConcurrentGCThread "G1 Conc#0" [stack: 0x000000016d4b8000,0x000000016d6bb000] [id=12547]
  0x0000000104234d20 ConcurrentGCThread "G1 Conc#1" [stack: 0x000000028df0c000,0x000000028e10f000] [id=169475]
  0x000000014be0b480 ConcurrentGCThread "G1 Refine#0" [stack: 0x000000016d6c4000,0x000000016d8c7000] [id=17923]
  0x000000014be0bd20 ConcurrentGCThread "G1 Service" [stack: 0x000000016d8d0000,0x000000016dad3000] [id=13059]

Threads with active compile tasks:

VM state: not at safepoint (normal execution)

VM Mutex/Monitor currently owned by a thread: None

Heap address: 0x0000000780000000, size: 2048 MB, Compressed Oops mode: Zero based, Oop shift amount: 3

CDS archive(s) not mapped
Compressed class space mapped at: 0x0000000800000000-0x0000000840000000, reserved size: 1073741824
Narrow klass base: 0x0000000800000000, Narrow klass shift: 0, Narrow klass range: 0x40000000

GC Precious Log:
 CPUs: 8 total, 8 available
 Memory: 8192M
 Large Page Support: Disabled
 NUMA Support: Disabled
 Compressed Oops: Enabled (Zero based)
 Heap Region Size: 1M
 Heap Min Capacity: 8M
 Heap Initial Capacity: 128M
 Heap Max Capacity: 2G
 Pre-touch: Disabled
 Parallel Workers: 8
 Concurrent Workers: 2
 Concurrent Refinement Workers: 8
 Periodic GC: Disabled

Heap:
 garbage-first heap   total 34816K, used 14087K [0x0000000780000000, 0x0000000800000000)
  region size 1024K, 4 young (4096K), 1 survivors (1024K)
 Metaspace       used 25699K, committed 25984K, reserved 1073152K
  class space    used 3319K, committed 3456K, reserved 1048576K

Heap Regions: E=young(eden), S=young(survivor), O=old, HS=humongous(starts), HC=humongous(continues), CS=collection set, F=free, OA=open archive, CA=closed archive, TAMS=top-at-mark-start (previous, next)
|   0|0x0000000780000000, 0x0000000780100000, 0x0000000780100000|100%| O|  |TAMS 0x0000000780038000, 0x0000000780000000| Untracked 
|   1|0x0000000780100000, 0x0000000780200000, 0x0000000780200000|100%| O|  |TAMS 0x0000000780100000, 0x0000000780100000| Untracked 
|   2|0x0000000780200000, 0x0000000780300000, 0x0000000780300000|100%| O|  |TAMS 0x0000000780200000, 0x0000000780200000| Untracked 
|   3|0x0000000780300000, 0x0000000780300000, 0x0000000780400000|  0%| F|  |TAMS 0x0000000780300000, 0x0000000780300000| Untracked 
|   4|0x0000000780400000, 0x0000000780500000, 0x0000000780500000|100%|HS|  |TAMS 0x0000000780400000, 0x0000000780400000| Complete 
|   5|0x0000000780500000, 0x0000000780600000, 0x0000000780600000|100%|HC|  |TAMS 0x0000000780500000, 0x0000000780500000| Complete 
|   6|0x0000000780600000, 0x0000000780700000, 0x0000000780700000|100%| O|  |TAMS 0x0000000780600000, 0x0000000780600000| Untracked 
|   7|0x0000000780700000, 0x0000000780800000, 0x0000000780800000|100%| O|  |TAMS 0x0000000780700000, 0x0000000780700000| Untracked 
|   8|0x0000000780800000, 0x0000000780900000, 0x0000000780900000|100%| O|  |TAMS 0x0000000780800000, 0x0000000780800000| Untracked 
|   9|0x0000000780900000, 0x0000000780a00000, 0x0000000780a00000|100%| O|  |TAMS 0x0000000780900000, 0x0000000780900000| Untracked 
|  10|0x0000000780a00000, 0x0000000780b00000, 0x0000000780b00000|100%| O|  |TAMS 0x0000000780a00000, 0x0000000780a00000| Untracked 
|  11|0x0000000780b00000, 0x0000000780c00000, 0x0000000780c00000|100%| O|  |TAMS 0x0000000780b00000, 0x0000000780b00000| Untracked 
|  12|0x0000000780c00000, 0x0000000780c00000, 0x0000000780d00000|  0%| F|  |TAMS 0x0000000780c00000, 0x0000000780c00000| Untracked 
|  13|0x0000000780d00000, 0x0000000780d00000, 0x0000000780e00000|  0%| F|  |TAMS 0x0000000780d00000, 0x0000000780d00000| Untracked 
|  14|0x0000000780e00000, 0x0000000780e6c600, 0x0000000780f00000| 42%| O|  |TAMS 0x0000000780e00000, 0x0000000780e00000| Untracked 
|  15|0x0000000780f00000, 0x0000000780f00000, 0x0000000781000000|  0%| F|  |TAMS 0x0000000780f00000, 0x0000000780f00000| Untracked 
|  16|0x0000000781000000, 0x0000000781000000, 0x0000000781100000|  0%| F|  |TAMS 0x0000000781000000, 0x0000000781000000| Untracked 
|  17|0x0000000781100000, 0x0000000781100000, 0x0000000781200000|  0%| F|  |TAMS 0x0000000781100000, 0x0000000781100000| Untracked 
|  18|0x0000000781200000, 0x0000000781200000, 0x0000000781300000|  0%| F|  |TAMS 0x0000000781200000, 0x0000000781200000| Untracked 
|  19|0x0000000781300000, 0x0000000781300000, 0x0000000781400000|  0%| F|  |TAMS 0x0000000781300000, 0x0000000781300000| Untracked 
|  20|0x0000000781400000, 0x0000000781400000, 0x0000000781500000|  0%| F|  |TAMS 0x0000000781400000, 0x0000000781400000| Untracked 
|  21|0x0000000781500000, 0x0000000781500000, 0x0000000781600000|  0%| F|  |TAMS 0x0000000781500000, 0x0000000781500000| Untracked 
|  22|0x0000000781600000, 0x0000000781600000, 0x0000000781700000|  0%| F|  |TAMS 0x0000000781600000, 0x0000000781600000| Untracked 
|  23|0x0000000781700000, 0x0000000781700000, 0x0000000781800000|  0%| F|  |TAMS 0x0000000781700000, 0x0000000781700000| Untracked 
|  24|0x0000000781800000, 0x0000000781800000, 0x0000000781900000|  0%| F|  |TAMS 0x0000000781800000, 0x0000000781800000| Untracked 
|  25|0x0000000781900000, 0x0000000781900000, 0x0000000781a00000|  0%| F|  |TAMS 0x0000000781900000, 0x0000000781900000| Untracked 
|  26|0x0000000781a00000, 0x0000000781a00000, 0x0000000781b00000|  0%| F|  |TAMS 0x0000000781a00000, 0x0000000781a00000| Untracked 
|  27|0x0000000781b00000, 0x0000000781b00000, 0x0000000781c00000|  0%| F|  |TAMS 0x0000000781b00000, 0x0000000781b00000| Untracked 
|  97|0x0000000786100000, 0x0000000786100000, 0x0000000786200000|  0%| F|  |TAMS 0x0000000786100000, 0x0000000786100000| Untracked 
|  98|0x0000000786200000, 0x0000000786200000, 0x0000000786300000|  0%| F|  |TAMS 0x0000000786200000, 0x0000000786200000| Untracked 
|  99|0x0000000786300000, 0x00000007863e4040, 0x0000000786400000| 89%| E|  |TAMS 0x0000000786300000, 0x0000000786300000| Complete 
| 100|0x0000000786400000, 0x0000000786500000, 0x0000000786500000|100%| E|CS|TAMS 0x0000000786400000, 0x0000000786400000| Complete 
| 101|0x0000000786500000, 0x0000000786555650, 0x0000000786600000| 33%| S|CS|TAMS 0x0000000786500000, 0x0000000786500000| Complete 
| 127|0x0000000787f00000, 0x0000000788000000, 0x0000000788000000|100%| E|CS|TAMS 0x0000000787f00000, 0x0000000787f00000| Complete 

Card table byte_map: [0x0000000103950000,0x0000000103d50000] _byte_map_base: 0x00000000ffd50000

Marking Bits (Prev, Next): (CMBitMap*) 0x000000014c019a50, (CMBitMap*) 0x000000014c019a10
 Prev Bits: [0x000000011decc000, 0x000000011fecc000)
 Next Bits: [0x000000011becc000, 0x000000011decc000)

Polling page: 0x000000010317c000

Metaspace:

Usage:
  Non-class:     21.86 MB used.
      Class:      3.24 MB used.
       Both:     25.10 MB used.

Virtual space:
  Non-class space:       24.00 MB reserved,      22.00 MB ( 92%) committed,  3 nodes.
      Class space:        1.00 GB reserved,       3.38 MB ( <1%) committed,  1 nodes.
             Both:        1.02 GB reserved,      25.38 MB (  2%) committed. 

Chunk freelists:
   Non-Class:  2.02 MB
       Class:  628.00 KB
        Both:  2.63 MB

MaxMetaspaceSize: unlimited
CompressedClassSpaceSize: 1.00 GB
Initial GC threshold: 21.00 MB
Current GC threshold: 35.12 MB
CDS: off
MetaspaceReclaimPolicy: balanced
 - commit_granule_bytes: 65536.
 - commit_granule_words: 8192.
 - virtual_space_node_default_size: 1048576.
 - enlarge_chunks_in_place: 1.
 - new_chunks_are_fully_committed: 0.
 - uncommit_free_chunks: 1.
 - use_allocation_guard: 0.
 - handle_deallocations: 1.


Internal statistics:

num_allocs_failed_limit: 3.
num_arena_births: 220.
num_arena_deaths: 0.
num_vsnodes_births: 4.
num_vsnodes_deaths: 0.
num_space_committed: 406.
num_space_uncommitted: 0.
num_chunks_returned_to_freelist: 3.
num_chunks_taken_from_freelist: 801.
num_chunk_merges: 3.
num_chunk_splits: 531.
num_chunks_enlarged: 404.
num_purges: 0.
num_inconsistent_stats: 0.

CodeHeap 'non-profiled nmethods': size=120032Kb used=1052Kb max_used=1052Kb free=118979Kb
 bounds [0x0000000114994000, 0x0000000114c04000, 0x000000011becc000]
CodeHeap 'profiled nmethods': size=120016Kb used=4850Kb max_used=4850Kb free=115165Kb
 bounds [0x000000010d460000, 0x000000010d920000, 0x0000000114994000]
CodeHeap 'non-nmethods': size=5712Kb used=1403Kb max_used=1459Kb free=4308Kb
 bounds [0x000000010cecc000, 0x000000010d13c000, 0x000000010d460000]
 total_blobs=3266 nmethods=2464 adapters=717
 compilation: enabled
              stopped_count=0, restarted_count=0
 full_count=0

Compilation events (20 events):
Event: 6.821 Thread 0x000000014c0cd200 nmethod 2549 0x000000010d911790 code [0x000000010d911b80, 0x000000010d9134c8]
Event: 6.827 Thread 0x000000014c0cd200 2550       3       javafx.scene.input.MouseEvent::copyFor (7 bytes)
Event: 6.827 Thread 0x000000014c0cd200 nmethod 2550 0x000000010d913c10 code [0x000000010d913dc0, 0x000000010d913fd8]
Event: 6.867 Thread 0x000000014c0cd200 2552       3       com.sun.javafx.event.EventHandlerManager::dispatchBubblingEvent (23 bytes)
Event: 6.868 Thread 0x000000014c0cd200 nmethod 2552 0x000000010d914090 code [0x000000010d914280, 0x000000010d914608]
Event: 6.868 Thread 0x000000014c0cd200 2551       3       com.sun.javafx.event.CompositeEventDispatcher::dispatchBubblingEvent (35 bytes)
Event: 6.868 Thread 0x000000014c0cd200 nmethod 2551 0x000000010d914790 code [0x000000010d914980, 0x000000010d914e88]
Event: 6.940 Thread 0x000000014c0cd200 2553       3       java.util.ArrayDeque::isEmpty (17 bytes)
Event: 6.941 Thread 0x000000014c0cd200 nmethod 2553 0x000000010d915010 code [0x000000010d9151c0, 0x000000010d915368]
Event: 6.965 Thread 0x000000014c0cd200 2554       3       com.sun.javafx.scene.NodeHelper::pickNodeLocalImpl (12 bytes)
Event: 6.965 Thread 0x000000014c0cd200 nmethod 2554 0x000000010d915410 code [0x000000010d915600, 0x000000010d9158d8]
Event: 6.965 Thread 0x000000014c0cd200 2555       3       javafx.scene.Node$1::doPickNodeLocal (7 bytes)
Event: 6.966 Thread 0x000000014c0cd200 nmethod 2555 0x000000010d915a90 code [0x000000010d915c40, 0x000000010d915e58]
Event: 6.988 Thread 0x000000014c0cd200 2556       3       java.util.EnumMap::get (29 bytes)
Event: 6.989 Thread 0x000000014c0cd200 nmethod 2556 0x000000010d915f90 code [0x000000010d916180, 0x000000010d9165d8]
Event: 6.989 Thread 0x000000014c0cd200 2557       3       java.util.EnumMap::isValidKey (36 bytes)
Event: 6.989 Thread 0x000000014c0cd200 nmethod 2557 0x000000010d916790 code [0x000000010d916940, 0x000000010d916c18]
Event: 6.989 Thread 0x000000014c0cd200 2558  s    3       com.sun.javafx.tk.quantum.QuantumToolkit::resumeTimer (13 bytes)
Event: 6.989 Thread 0x000000014c0cd200 nmethod 2558 0x000000010d916d10 code [0x000000010d916ec0, 0x000000010d917358]
Event: 6.996 Thread 0x000000014c0cd200 2559       3       java.util.ArrayList::indexOfRange (71 bytes)

GC Heap History (8 events):
Event: 0.915 GC heap before
{Heap before GC invocations=0 (full 0):
 garbage-first heap   total 131072K, used 22528K [0x0000000780000000, 0x0000000800000000)
  region size 1024K, 23 young (23552K), 0 survivors (0K)
 Metaspace       used 14294K, committed 14528K, reserved 1064960K
  class space    used 1568K, committed 1664K, reserved 1048576K
}
Event: 0.921 GC heap after
{Heap after GC invocations=1 (full 0):
 garbage-first heap   total 131072K, used 3296K [0x0000000780000000, 0x0000000800000000)
  region size 1024K, 3 young (3072K), 3 survivors (3072K)
 Metaspace       used 14294K, committed 14528K, reserved 1064960K
  class space    used 1568K, committed 1664K, reserved 1048576K
}
Event: 1.860 GC heap before
{Heap before GC invocations=1 (full 0):
 garbage-first heap   total 131072K, used 25824K [0x0000000780000000, 0x0000000800000000)
  region size 1024K, 26 young (26624K), 3 survivors (3072K)
 Metaspace       used 21365K, committed 21504K, reserved 1073152K
  class space    used 2556K, committed 2624K, reserved 1048576K
}
Event: 1.865 GC heap after
{Heap after GC invocations=2 (full 0):
 garbage-first heap   total 131072K, used 8176K [0x0000000780000000, 0x0000000800000000)
  region size 1024K, 5 young (5120K), 5 survivors (5120K)
 Metaspace       used 21365K, committed 21504K, reserved 1073152K
  class space    used 2556K, committed 2624K, reserved 1048576K
}
Event: 2.187 GC heap before
{Heap before GC invocations=3 (full 0):
 garbage-first heap   total 34816K, used 24560K [0x0000000780000000, 0x0000000800000000)
  region size 1024K, 20 young (20480K), 5 survivors (5120K)
 Metaspace       used 24936K, committed 25088K, reserved 1073152K
  class space    used 3242K, committed 3328K, reserved 1048576K
}
Event: 2.193 GC heap after
{Heap after GC invocations=4 (full 0):
 garbage-first heap   total 34816K, used 11743K [0x0000000780000000, 0x0000000800000000)
  region size 1024K, 2 young (2048K), 2 survivors (2048K)
 Metaspace       used 24936K, committed 25088K, reserved 1073152K
  class space    used 3242K, committed 3328K, reserved 1048576K
}
Event: 2.385 GC heap before
{Heap before GC invocations=4 (full 0):
 garbage-first heap   total 34816K, used 12767K [0x0000000780000000, 0x0000000800000000)
  region size 1024K, 3 young (3072K), 2 survivors (2048K)
 Metaspace       used 25173K, committed 25408K, reserved 1073152K
  class space    used 3276K, committed 3392K, reserved 1048576K
}
Event: 2.386 GC heap after
{Heap after GC invocations=5 (full 0):
 garbage-first heap   total 34816K, used 12039K [0x0000000780000000, 0x0000000800000000)
  region size 1024K, 1 young (1024K), 1 survivors (1024K)
 Metaspace       used 25173K, committed 25408K, reserved 1073152K
  class space    used 3276K, committed 3392K, reserved 1048576K
}

Deoptimization events (20 events):
Event: 2.424 Thread 0x000000013c012e00 DEOPT PACKING pc=0x000000010d8499e0 sp=0x000000016f8914a0
Event: 2.424 Thread 0x000000013c012e00 DEOPT UNPACKING pc=0x000000010cf0ab7c sp=0x000000016f891140 mode 0
Event: 2.431 Thread 0x000000013c012e00 DEOPT PACKING pc=0x000000010d8499e0 sp=0x000000016f8917b0
Event: 2.431 Thread 0x000000013c012e00 DEOPT UNPACKING pc=0x000000010cf0ab7c sp=0x000000016f891450 mode 0
Event: 2.433 Thread 0x000000013c012e00 DEOPT PACKING pc=0x000000010d8499e0 sp=0x000000016f8917b0
Event: 2.433 Thread 0x000000013c012e00 DEOPT UNPACKING pc=0x000000010cf0ab7c sp=0x000000016f891450 mode 0
Event: 2.434 Thread 0x000000013c012e00 DEOPT PACKING pc=0x000000010d8499e0 sp=0x000000016f8917b0
Event: 2.434 Thread 0x000000013c012e00 DEOPT UNPACKING pc=0x000000010cf0ab7c sp=0x000000016f891450 mode 0
Event: 2.436 Thread 0x000000013c012e00 DEOPT PACKING pc=0x000000010d8499e0 sp=0x000000016f8917b0
Event: 2.436 Thread 0x000000013c012e00 DEOPT UNPACKING pc=0x000000010cf0ab7c sp=0x000000016f891450 mode 0
Event: 2.439 Thread 0x000000013c012e00 DEOPT PACKING pc=0x000000010d84c458 sp=0x000000016f8912a0
Event: 2.439 Thread 0x000000013c012e00 DEOPT UNPACKING pc=0x000000010cf0ab7c sp=0x000000016f890e50 mode 0
Event: 2.443 Thread 0x000000013c012e00 DEOPT PACKING pc=0x000000010d8499e0 sp=0x000000016f8917b0
Event: 2.443 Thread 0x000000013c012e00 DEOPT UNPACKING pc=0x000000010cf0ab7c sp=0x000000016f891450 mode 0
Event: 2.444 Thread 0x000000013c012e00 DEOPT PACKING pc=0x000000010d8499e0 sp=0x000000016f8914a0
Event: 2.444 Thread 0x000000013c012e00 DEOPT UNPACKING pc=0x000000010cf0ab7c sp=0x000000016f891140 mode 0
Event: 2.465 Thread 0x000000013c012e00 DEOPT PACKING pc=0x000000010d8499e0 sp=0x000000016f8917b0
Event: 2.465 Thread 0x000000013c012e00 DEOPT UNPACKING pc=0x000000010cf0ab7c sp=0x000000016f891450 mode 0
Event: 2.465 Thread 0x000000013c012e00 DEOPT PACKING pc=0x000000010d8499e0 sp=0x000000016f8914a0
Event: 2.465 Thread 0x000000013c012e00 DEOPT UNPACKING pc=0x000000010cf0ab7c sp=0x000000016f891140 mode 0

Classes unloaded (0 events):
No events

Classes redefined (0 events):
No events

Internal exceptions (20 events):
Event: 1.867 Thread 0x000000012c00b000 Exception <a 'java/lang/NoSuchMethodError'{0x0000000787f15ae0}: 'java.lang.Object java.lang.invoke.DirectMethodHandle$Holder.invokeInterface(java.lang.Object, java.lang.Object, java.lang.Object)'> (0x0000000787f15ae0) 
thrown [../../src/hotspot/share/interpreter/linkResolver.cpp, line 766]
Event: 1.867 Thread 0x000000012c00b000 Exception <a 'java/lang/IncompatibleClassChangeError'{0x0000000787f19468}: Found class java.lang.Object, but interface was expected> (0x0000000787f19468) 
thrown [../../src/hotspot/share/interpreter/linkResolver.cpp, line 833]
Event: 1.894 Thread 0x000000012c00b000 Exception <a 'java/lang/ClassNotFoundException'{0x0000000781ba3c68}: com/sun/javafx/scene/control/skin/resources/controls> (0x0000000781ba3c68) 
thrown [../../src/hotspot/share/prims/jni.cpp, line 535]
Event: 1.895 Thread 0x000000012c00b000 Exception <a 'java/lang/ClassNotFoundException'{0x0000000781bb1c08}: com/sun/javafx/scene/control/skin/resources/controls_en> (0x0000000781bb1c08) 
thrown [../../src/hotspot/share/prims/jni.cpp, line 535]
Event: 1.895 Thread 0x000000012c00b000 Exception <a 'java/lang/ClassNotFoundException'{0x0000000781bb2ba0}: com/sun/javafx/scene/control/skin/resources/controls_en_IN> (0x0000000781bb2ba0) 
thrown [../../src/hotspot/share/prims/jni.cpp, line 535]
Event: 1.955 Thread 0x000000012c00b000 Exception <a 'java/lang/NoSuchMethodError'{0x0000000781683680}: 'void java.lang.invoke.DirectMethodHandle$Holder.invokeSpecialIFC(java.lang.Object, java.lang.Object, java.lang.Object, java.lang.Object)'> (0x0000000781683680) 
thrown [../../src/hotspot/share/interpreter/linkResolver.cpp, line 766]
Event: 1.978 Thread 0x000000012c00b000 Exception <a 'java/lang/NoSuchMethodError'{0x000000078146afe8}: 'int java.lang.invoke.DirectMethodHandle$Holder.invokeSpecial(java.lang.Object, java.lang.Object, int)'> (0x000000078146afe8) 
thrown [../../src/hotspot/share/interpreter/linkResolver.cpp, line 766]
Event: 2.047 Thread 0x000000012c00b000 Exception <a 'java/lang/NoSuchMethodError'{0x00000007812bf600}: 'java.lang.Object java.lang.invoke.DirectMethodHandle$Holder.newInvokeSpecial(java.lang.Object, java.lang.Object, int)'> (0x00000007812bf600) 
thrown [../../src/hotspot/share/interpreter/linkResolver.cpp, line 766]
Event: 2.083 Thread 0x000000012c00b000 Exception <a 'java/lang/NoSuchMethodError'{0x00000007812db510}: 'void java.lang.invoke.DirectMethodHandle$Holder.invokeSpecial(java.lang.Object, java.lang.Object, double)'> (0x00000007812db510) 
thrown [../../src/hotspot/share/interpreter/linkResolver.cpp, line 766]
Event: 2.084 Thread 0x000000012c00b000 Exception <a 'java/lang/NoSuchMethodError'{0x00000007812e1968}: 'java.lang.Object java.lang.invoke.DirectMethodHandle$Holder.newInvokeSpecial(java.lang.Object, java.lang.Object, double)'> (0x00000007812e1968) 
thrown [../../src/hotspot/share/interpreter/linkResolver.cpp, line 766]
Event: 2.084 Thread 0x000000012c00b000 Exception <a 'java/lang/NoSuchMethodError'{0x00000007812e5830}: 'java.lang.Object java.lang.invoke.DirectMethodHandle$Holder.invokeSpecial(java.lang.Object, java.lang.Object, java.lang.Object, double)'> (0x00000007812e5830) 
thrown [../../src/hotspot/share/interpreter/linkResolver.cpp, line 766]
Event: 2.117 Thread 0x000000013c012e00 Exception <a 'java/lang/NoSuchMethodError'{0x0000000781069900}: 'int java.lang.invoke.DirectMethodHandle$Holder.invokeStaticInit(java.lang.Object, java.lang.Object)'> (0x0000000781069900) 
thrown [../../src/hotspot/share/interpreter/linkResolver.cpp, line 766]
Event: 2.227 Thread 0x000000013c012e00 Exception <a 'java/lang/NoSuchMethodError'{0x0000000787f21e90}: 'java.lang.Object java.lang.invoke.DirectMethodHandle$Holder.invokeStaticInit(java.lang.Object, int)'> (0x0000000787f21e90) 
thrown [../../src/hotspot/share/interpreter/linkResolver.cpp, line 766]
Event: 2.880 Thread 0x000000012c00b000 Exception <a 'java/lang/NoSuchMethodError'{0x000000078641f768}: 'java.lang.Object java.lang.invoke.DirectMethodHandle$Holder.newInvokeSpecial(java.lang.Object, java.lang.Object, int, int, int, int, int, java.lang.Object)'> (0x000000078641f768) 
thrown [../../src/hotspot/share/interpreter/linkResolver.cpp, line 766]
Event: 2.881 Thread 0x000000012c00b000 Exception <a 'java/lang/NoSuchMethodError'{0x0000000786432b58}: 'java.lang.Object java.lang.invoke.DirectMethodHandle$Holder.newInvokeSpecial(java.lang.Object, java.lang.Object, java.lang.Object, int, int, int, int, int)'> (0x0000000786432b58) 
thrown [../../src/hotspot/share/interpreter/linkResolver.cpp, line 766]
Event: 2.881 Thread 0x000000012c00b000 Exception <a 'java/lang/NoSuchMethodError'{0x000000078643a3b8}: 'java.lang.Object java.lang.invoke.Invokers$Holder.linkToTargetMethod(java.lang.Object, java.lang.Object, int, int, int, int, int, java.lang.Object)'> (0x000000078643a3b8) 
thrown [../../src/hotspot/share/interpreter/linkResolver.cpp, line 766]
Event: 2.882 Thread 0x000000012c00b000 Exception <a 'java/lang/NoSuchMethodError'{0x0000000786452998}: 'long java.lang.invoke.DirectMethodHandle$Holder.invokeStatic(java.lang.Object, java.lang.Object, java.lang.Object)'> (0x0000000786452998) 
thrown [../../src/hotspot/share/interpreter/linkResolver.cpp, line 766]
Event: 2.882 Thread 0x000000012c00b000 Exception <a 'java/lang/NoSuchMethodError'{0x0000000786456140}: 'long java.lang.invoke.DirectMethodHandle$Holder.invokeStaticInit(java.lang.Object, java.lang.Object, java.lang.Object)'> (0x0000000786456140) 
thrown [../../src/hotspot/share/interpreter/linkResolver.cpp, line 766]
Event: 2.883 Thread 0x000000012c00b000 Exception <a 'java/lang/NoSuchMethodError'{0x000000078646e250}: 'java.lang.Object java.lang.invoke.DirectMethodHandle$Holder.newInvokeSpecial(java.lang.Object, java.lang.Object, long)'> (0x000000078646e250) 
thrown [../../src/hotspot/share/interpreter/linkResolver.cpp, line 766]
Event: 2.883 Thread 0x000000012c00b000 Exception <a 'java/lang/NoSuchMethodError'{0x0000000786471b18}: 'java.lang.Object java.lang.invoke.Invokers$Holder.linkToTargetMethod(java.lang.Object, long, java.lang.Object)'> (0x0000000786471b18) 
thrown [../../src/hotspot/share/interpreter/linkResolver.cpp, line 766]

VM Operations (20 events):
Event: 1.871 Executing VM operation: G1Concurrent
Event: 1.871 Executing VM operation: G1Concurrent done
Event: 1.912 Executing VM operation: HandshakeAllThreads
Event: 1.912 Executing VM operation: HandshakeAllThreads done
Event: 1.949 Executing VM operation: HandshakeAllThreads
Event: 1.949 Executing VM operation: HandshakeAllThreads done
Event: 1.980 Executing VM operation: ICBufferFull
Event: 1.981 Executing VM operation: ICBufferFull done
Event: 2.186 Executing VM operation: G1CollectForAllocation
Event: 2.193 Executing VM operation: G1CollectForAllocation done
Event: 2.385 Executing VM operation: G1CollectForAllocation
Event: 2.387 Executing VM operation: G1CollectForAllocation done
Event: 3.389 Executing VM operation: Cleanup
Event: 3.389 Executing VM operation: Cleanup done
Event: 4.390 Executing VM operation: Cleanup
Event: 4.390 Executing VM operation: Cleanup done
Event: 5.392 Executing VM operation: Cleanup
Event: 5.392 Executing VM operation: Cleanup done
Event: 6.397 Executing VM operation: Cleanup
Event: 6.398 Executing VM operation: Cleanup done

Events (20 events):
Event: 5.748 Protecting memory [0x000000028e8e0000,0x000000028e8ec000] with protection modes 3
Event: 5.748 Thread 0x000000012a0d1000 Thread exited: 0x000000012a0d1000
Event: 5.748 Protecting memory [0x000000028e8e0000,0x000000028e8ec000] with protection modes 0
Event: 5.748 Thread 0x000000012a0d1000 Thread added: 0x000000012a0d1000
Event: 5.748 Protecting memory [0x000000028e8e0000,0x000000028e8ec000] with protection modes 3
Event: 5.748 Thread 0x000000012a0d1000 Thread exited: 0x000000012a0d1000
Event: 5.753 Protecting memory [0x000000016faa8000,0x000000016fab4000] with protection modes 0
Event: 5.753 Thread 0x0000000124c3ea00 Thread added: 0x0000000124c3ea00
Event: 5.753 Protecting memory [0x000000016faa8000,0x000000016fab4000] with protection modes 3
Event: 5.753 Thread 0x0000000124c3ea00 Thread exited: 0x0000000124c3ea00
Event: 5.753 Protecting memory [0x000000016faa8000,0x000000016fab4000] with protection modes 0
Event: 5.753 Thread 0x000000014c37e800 Thread added: 0x000000014c37e800
Event: 5.753 Protecting memory [0x000000016faa8000,0x000000016fab4000] with protection modes 3
Event: 5.753 Thread 0x000000014c37e800 Thread exited: 0x000000014c37e800
Event: 5.754 Thread 0x000000014e210600 Thread added: 0x000000014e210600
Event: 5.754 Protecting memory [0x000000028eb78000,0x000000028eb84000] with protection modes 0
Event: 6.345 Protecting memory [0x0000000289208000,0x0000000289214000] with protection modes 3
Event: 6.345 Thread 0x000000014c35d600 Thread exited: 0x000000014c35d600
Event: 6.477 Protecting memory [0x0000000289208000,0x0000000289214000] with protection modes 0
Event: 6.477 Thread 0x000000013d179a00 Thread added: 0x000000013d179a00


Dynamic libraries:
0x000000010312c000 	/Library/Java/JavaVirtualMachines/temurin-17.jdk/Contents/Home/lib/libjli.dylib
0x00000001a7012000 	/usr/lib/libz.1.dylib
0x00000001a70c9000 	/usr/lib/libSystem.B.dylib
0x00000001a70c3000 	/usr/lib/system/libcache.dylib
0x00000001a7081000 	/usr/lib/system/libcommonCrypto.dylib
0x00000001a70aa000 	/usr/lib/system/libcompiler_rt.dylib
0x00000001a70a1000 	/usr/lib/system/libcopyfile.dylib
0x000000019c2ef000 	/usr/lib/system/libcorecrypto.dylib
0x000000019c3a4000 	/usr/lib/system/libdispatch.dylib
0x000000019c572000 	/usr/lib/system/libdyld.dylib
0x00000001a70b9000 	/usr/lib/system/libkeymgr.dylib
0x00000001a705c000 	/usr/lib/system/libmacho.dylib
0x00000001a674c000 	/usr/lib/system/libquarantine.dylib
0x00000001a70b6000 	/usr/lib/system/libremovefile.dylib
0x00000001a16e8000 	/usr/lib/system/libsystem_asl.dylib
0x000000019c291000 	/usr/lib/system/libsystem_blocks.dylib
0x000000019c42c000 	/usr/lib/system/libsystem_c.dylib
0x00000001a70ae000 	/usr/lib/system/libsystem_collections.dylib
0x00000001a5be1000 	/usr/lib/system/libsystem_configuration.dylib
0x00000001a4e3d000 	/usr/lib/system/libsystem_containermanager.dylib
0x00000001a6db9000 	/usr/lib/system/libsystem_coreservices.dylib
0x000000019eca2000 	/usr/lib/system/libsystem_darwin.dylib
0x00000001a70ba000 	/usr/lib/system/libsystem_dnssd.dylib
0x000000019c429000 	/usr/lib/system/libsystem_featureflags.dylib
0x000000019c587000 	/usr/lib/system/libsystem_info.dylib
0x00000001a7024000 	/usr/lib/system/libsystem_m.dylib
0x000000019c379000 	/usr/lib/system/libsystem_malloc.dylib
0x00000001a1676000 	/usr/lib/system/libsystem_networkextension.dylib
0x000000019f0fb000 	/usr/lib/system/libsystem_notify.dylib
0x00000001ad41c000 	/usr/lib/system/libsystem_product_info_filter.dylib
0x00000001a5be6000 	/usr/lib/system/libsystem_sandbox.dylib
0x00000001a70b3000 	/usr/lib/system/libsystem_secinit.dylib
0x000000019c52d000 	/usr/lib/system/libsystem_kernel.dylib
0x000000019c57f000 	/usr/lib/system/libsystem_platform.dylib
0x000000019c565000 	/usr/lib/system/libsystem_pthread.dylib
0x00000001a2e48000 	/usr/lib/system/libsystem_symptoms.dylib
0x000000019c2d5000 	/usr/lib/system/libsystem_trace.dylib
0x00000001a708e000 	/usr/lib/system/libunwind.dylib
0x000000019c293000 	/usr/lib/system/libxpc.dylib
0x000000019c515000 	/usr/lib/libc++abi.dylib
0x000000019c3eb000 	/usr/lib/libobjc.A.dylib
0x00000001a7099000 	/usr/lib/liboah.dylib
0x000000019c4ae000 	/usr/lib/libc++.1.dylib
0x00000001b2f42000 	/System/Library/Frameworks/Cocoa.framework/Versions/A/Cocoa
0x000000019f15c000 	/System/Library/Frameworks/AppKit.framework/Versions/C/AppKit
0x00000001a266f000 	/System/Library/Frameworks/CoreData.framework/Versions/A/CoreData
0x000000019d4b7000 	/System/Library/Frameworks/Foundation.framework/Versions/C/Foundation
0x00000001a0014000 	/System/Library/PrivateFrameworks/UIFoundation.framework/Versions/A/UIFoundation
0x00000001ad116000 	/System/Library/PrivateFrameworks/RemoteViewServices.framework/Versions/A/RemoteViewServices
0x00000001a5589000 	/System/Library/PrivateFrameworks/XCTTargetBootstrap.framework/Versions/A/XCTTargetBootstrap
0x00000001a8e09000 	/System/Library/PrivateFrameworks/InternationalSupport.framework/Versions/A/InternationalSupport
0x00000001a8e92000 	/System/Library/PrivateFrameworks/UserActivity.framework/Versions/A/UserActivity
0x00000001a8300000 	/usr/lib/libspindump.dylib
0x00000001a0285000 	/System/Library/Frameworks/UniformTypeIdentifiers.framework/Versions/A/UniformTypeIdentifiers
0x00000001a3ad3000 	/usr/lib/libapp_launch_measurement.dylib
0x00000001a2ffa000 	/System/Library/PrivateFrameworks/CoreAnalytics.framework/Versions/A/CoreAnalytics
0x00000001a3ad6000 	/System/Library/PrivateFrameworks/CoreAutoLayout.framework/Versions/A/CoreAutoLayout
0x00000001a4e7a000 	/System/Library/Frameworks/Metal.framework/Versions/A/Metal
0x00000001a5bf1000 	/usr/lib/liblangid.dylib
0x00000001a558e000 	/System/Library/PrivateFrameworks/CoreSVG.framework/Versions/A/CoreSVG
0x00000001a171c000 	/System/Library/PrivateFrameworks/SkyLight.framework/Versions/A/SkyLight
0x00000001a1af5000 	/System/Library/Frameworks/CoreGraphics.framework/Versions/A/CoreGraphics
0x00000001ad7e2000 	/System/Library/Frameworks/Accelerate.framework/Versions/A/Accelerate
0x00000001a7d77000 	/System/Library/PrivateFrameworks/IconServices.framework/Versions/A/IconServices
0x00000001a4e5c000 	/System/Library/Frameworks/IOSurface.framework/Versions/A/IOSurface
0x00000001a302b000 	/usr/lib/libDiagnosticMessagesClient.dylib
0x00000001b0ce3000 	/System/Library/Frameworks/ApplicationServices.framework/Versions/A/ApplicationServices
0x00000001a5571000 	/System/Library/PrivateFrameworks/DFRFoundation.framework/Versions/A/DFRFoundation
0x000000019e9ec000 	/usr/lib/libicucore.A.dylib
0x00000001a9cb6000 	/System/Library/Frameworks/AudioToolbox.framework/Versions/A/AudioToolbox
0x00000001a8e15000 	/System/Library/PrivateFrameworks/DataDetectorsCore.framework/Versions/A/DataDetectorsCore
0x00000001bf80f000 	/System/Library/PrivateFrameworks/TextInput.framework/Versions/A/TextInput
0x00000001a1691000 	/usr/lib/libMobileGestalt.dylib
0x00000001a523d000 	/System/Library/Frameworks/Carbon.framework/Versions/A/Frameworks/HIToolbox.framework/Versions/A/HIToolbox
0x00000001a34ab000 	/System/Library/Frameworks/QuartzCore.framework/Versions/A/QuartzCore
0x000000019e66d000 	/System/Library/Frameworks/Security.framework/Versions/A/Security
0x00000001ad156000 	/System/Library/Frameworks/Carbon.framework/Versions/A/Frameworks/SpeechRecognition.framework/Versions/A/SpeechRecognition
0x00000001a3829000 	/System/Library/PrivateFrameworks/CoreUI.framework/Versions/A/CoreUI
0x000000019df49000 	/System/Library/Frameworks/CoreAudio.framework/Versions/A/CoreAudio
0x00000001a311f000 	/System/Library/Frameworks/DiskArbitration.framework/Versions/A/DiskArbitration
0x00000001a870a000 	/System/Library/PrivateFrameworks/MultitouchSupport.framework/Versions/A/MultitouchSupport
0x00000001a168f000 	/usr/lib/libenergytrace.dylib
0x000000019f024000 	/System/Library/Frameworks/IOKit.framework/Versions/A/IOKit
0x00000001ad545000 	/System/Library/Frameworks/CoreServices.framework/Versions/A/CoreServices
0x00000001a3a63000 	/System/Library/PrivateFrameworks/PerformanceAnalysis.framework/Versions/A/PerformanceAnalysis
0x00000001fdc47000 	/System/Library/Frameworks/OpenGL.framework/Versions/A/OpenGL
0x00000001a6664000 	/System/Library/PrivateFrameworks/MobileKeyBag.framework/Versions/A/MobileKeyBag
0x00000001a2103000 	/System/Library/Frameworks/ColorSync.framework/Versions/A/ColorSync
0x000000019c5b4000 	/System/Library/Frameworks/CoreFoundation.framework/Versions/A/CoreFoundation
0x00000001a580d000 	/System/Library/Frameworks/CoreImage.framework/Versions/A/CoreImage
0x000000019dd6d000 	/System/Library/Frameworks/CoreText.framework/Versions/A/CoreText
0x00000001a55be000 	/System/Library/Frameworks/ImageIO.framework/Versions/A/ImageIO
0x00000001a70cf000 	/System/Library/PrivateFrameworks/SoftLinking.framework/Versions/A/SoftLinking
0x00000001a3b21000 	/usr/lib/libxml2.2.dylib
0x00000001a7368000 	/usr/lib/libcompression.dylib
0x00000001a8d65000 	/System/Library/PrivateFrameworks/TextureIO.framework/Versions/A/TextureIO
0x00000001a7a90000 	/usr/lib/libate.dylib
0x00000001a7955000 	/usr/lib/liblzma.5.dylib
0x000000019d1aa000 	/System/Library/Frameworks/SystemConfiguration.framework/Versions/A/SystemConfiguration
0x00000001a70cb000 	/usr/lib/libfakelink.dylib
0x00000001a11c1000 	/System/Library/Frameworks/CFNetwork.framework/Versions/A/CFNetwork
0x00000001a7211000 	/usr/lib/libarchive.2.dylib
0x00000001a5bed000 	/System/Library/PrivateFrameworks/AppleSystemInfo.framework/Versions/A/AppleSystemInfo
0x00000001a6777000 	/usr/lib/libbsm.0.dylib
0x00000001a072e000 	/usr/lib/libnetwork.dylib
0x00000001a7065000 	/usr/lib/system/libkxld.dylib
0x00000001a6391000 	/System/Library/PrivateFrameworks/IOMobileFramebuffer.framework/Versions/A/IOMobileFramebuffer
0x000000021b910000 	/usr/lib/libCoreEntitlements.dylib
0x00000001a6d9b000 	/System/Library/PrivateFrameworks/AppleFSCompression.framework/Versions/A/AppleFSCompression
0x00000001a675f000 	/usr/lib/libcoretls.dylib
0x00000001a796e000 	/usr/lib/libcoretls_cfhelpers.dylib
0x00000001a7363000 	/usr/lib/libpam.2.dylib
0x00000001a2a5f000 	/usr/lib/libsqlite3.dylib
0x00000001a79d7000 	/usr/lib/libxar.1.dylib
0x00000001a6dac000 	/usr/lib/libbz2.1.0.dylib
0x00000001a70d0000 	/usr/lib/libpcap.A.dylib
0x00000001a2e3f000 	/usr/lib/libdns_services.dylib
0x00000001a7336000 	/usr/lib/libapple_nghttp2.dylib
0x00000001a710d000 	/usr/lib/libiconv.2.dylib
0x00000001a705b000 	/usr/lib/libcharset.1.dylib
0x00000001a3a9f000 	/System/Library/Frameworks/CoreServices.framework/Versions/A/Frameworks/FSEvents.framework/Versions/A/FSEvents
0x000000019ecad000 	/System/Library/Frameworks/CoreServices.framework/Versions/A/Frameworks/CarbonCore.framework/Versions/A/CarbonCore
0x00000001a307f000 	/System/Library/Frameworks/CoreServices.framework/Versions/A/Frameworks/Metadata.framework/Versions/A/Metadata
0x00000001a6dbf000 	/System/Library/Frameworks/CoreServices.framework/Versions/A/Frameworks/OSServices.framework/Versions/A/OSServices
0x00000001a7297000 	/System/Library/Frameworks/CoreServices.framework/Versions/A/Frameworks/SearchKit.framework/Versions/A/SearchKit
0x00000001a2dce000 	/System/Library/Frameworks/CoreServices.framework/Versions/A/Frameworks/AE.framework/Versions/A/AE
0x000000019cafb000 	/System/Library/Frameworks/CoreServices.framework/Versions/A/Frameworks/LaunchServices.framework/Versions/A/LaunchServices
0x00000001a78fe000 	/System/Library/Frameworks/CoreServices.framework/Versions/A/Frameworks/DictionaryServices.framework/Versions/A/DictionaryServices
0x00000001a3aac000 	/System/Library/Frameworks/CoreServices.framework/Versions/A/Frameworks/SharedFileList.framework/Versions/A/SharedFileList
0x00000001a674f000 	/usr/lib/libCheckFix.dylib
0x00000001a1700000 	/System/Library/PrivateFrameworks/TCC.framework/Versions/A/TCC
0x00000001a5bf3000 	/System/Library/PrivateFrameworks/CoreNLP.framework/Versions/A/CoreNLP
0x00000001a302e000 	/System/Library/PrivateFrameworks/MetadataUtilities.framework/Versions/A/MetadataUtilities
0x000000019d264000 	/usr/lib/libmecabra.dylib
0x00000001a6788000 	/usr/lib/libmecab.dylib
0x000000019d230000 	/usr/lib/libCRFSuite.dylib
0x00000001a67e5000 	/usr/lib/libgermantok.dylib
0x00000001a730f000 	/usr/lib/libThaiTokenizer.dylib
0x00000001a3127000 	/System/Library/Frameworks/Accelerate.framework/Versions/A/Frameworks/vImage.framework/Versions/A/vImage
0x00000001ad51c000 	/System/Library/Frameworks/Accelerate.framework/Versions/A/Frameworks/vecLib.framework/Versions/A/vecLib
0x00000001a7a1c000 	/System/Library/Frameworks/Accelerate.framework/Versions/A/Frameworks/vecLib.framework/Versions/A/libvMisc.dylib
0x00000001a6298000 	/System/Library/Frameworks/Accelerate.framework/Versions/A/Frameworks/vecLib.framework/Versions/A/libvDSP.dylib
0x000000019ce85000 	/System/Library/Frameworks/Accelerate.framework/Versions/A/Frameworks/vecLib.framework/Versions/A/libBLAS.dylib
0x00000001a7439000 	/System/Library/Frameworks/Accelerate.framework/Versions/A/Frameworks/vecLib.framework/Versions/A/libLAPACK.dylib
0x00000001a67e8000 	/System/Library/Frameworks/Accelerate.framework/Versions/A/Frameworks/vecLib.framework/Versions/A/libLinearAlgebra.dylib
0x00000001a734e000 	/System/Library/Frameworks/Accelerate.framework/Versions/A/Frameworks/vecLib.framework/Versions/A/libSparseBLAS.dylib
0x00000001a7434000 	/System/Library/Frameworks/Accelerate.framework/Versions/A/Frameworks/vecLib.framework/Versions/A/libQuadrature.dylib
0x00000001a5cec000 	/System/Library/Frameworks/Accelerate.framework/Versions/A/Frameworks/vecLib.framework/Versions/A/libBNNS.dylib
0x000000019d143000 	/System/Library/Frameworks/Accelerate.framework/Versions/A/Frameworks/vecLib.framework/Versions/A/libSparse.dylib
0x00000001a5ce4000 	/System/Library/PrivateFrameworks/LinguisticData.framework/Versions/A/LinguisticData
0x000000019d0fb000 	/System/Library/PrivateFrameworks/Lexicon.framework/Versions/A/Lexicon
0x00000001a7a14000 	/usr/lib/libChineseTokenizer.dylib
0x000000019d8a9000 	/System/Library/PrivateFrameworks/LanguageModeling.framework/Versions/A/LanguageModeling
0x00000001a7311000 	/System/Library/PrivateFrameworks/AppleSauce.framework/Versions/A/AppleSauce
0x00000001a637e000 	/System/Library/PrivateFrameworks/CoreEmoji.framework/Versions/A/CoreEmoji
0x00000001a71ff000 	/usr/lib/libcmph.dylib
0x00000001a3a7f000 	/System/Library/Frameworks/OpenDirectory.framework/Versions/A/Frameworks/CFOpenDirectory.framework/Versions/A/CFOpenDirectory
0x00000001a3a6f000 	/System/Library/Frameworks/OpenDirectory.framework/Versions/A/OpenDirectory
0x00000001a7970000 	/System/Library/PrivateFrameworks/APFS.framework/Versions/A/APFS
0x00000001a669f000 	/System/Library/Frameworks/SecurityFoundation.framework/Versions/A/SecurityFoundation
0x00000001a79e6000 	/usr/lib/libutil.dylib
0x000000019efe6000 	/System/Library/PrivateFrameworks/CoreServicesStore.framework/Versions/A/CoreServicesStore
0x00000001a79ea000 	/usr/lib/libxslt.1.dylib
0x00000001a6733000 	/System/Library/PrivateFrameworks/BackgroundTaskManagement.framework/Versions/A/BackgroundTaskManagement
0x00000001a8c86000 	/System/Library/Frameworks/ImageIO.framework/Versions/A/Resources/libRadiance.dylib
0x00000001a8c8f000 	/System/Library/Frameworks/ImageIO.framework/Versions/A/Resources/libJPEG.dylib
0x00000001a8be2000 	/System/Library/Frameworks/ImageIO.framework/Versions/A/Resources/libPng.dylib
0x00000001a8c04000 	/System/Library/Frameworks/ImageIO.framework/Versions/A/Resources/libTIFF.dylib
0x00000001a8cea000 	/System/Library/Frameworks/ImageIO.framework/Versions/A/Resources/libGIF.dylib
0x00000001a861a000 	/System/Library/Frameworks/ImageIO.framework/Versions/A/Resources/libJP2.dylib
0x00000001a7d3c000 	/usr/lib/libexpat.1.dylib
0x00000001a85d5000 	/System/Library/PrivateFrameworks/AppleJPEG.framework/Versions/A/AppleJPEG
0x00000001a50f9000 	/System/Library/PrivateFrameworks/FontServices.framework/libFontParser.dylib
0x00000001a2d73000 	/System/Library/PrivateFrameworks/RunningBoardServices.framework/Versions/A/RunningBoardServices
0x00000001b3618000 	/System/Library/PrivateFrameworks/IOSurfaceAccelerator.framework/Versions/A/IOSurfaceAccelerator
0x00000001a8706000 	/System/Library/PrivateFrameworks/WatchdogClient.framework/Versions/A/WatchdogClient
0x000000019d9a9000 	/System/Library/Frameworks/CoreDisplay.framework/Versions/A/CoreDisplay
0x00000001a4fe3000 	/System/Library/Frameworks/CoreMedia.framework/Versions/A/CoreMedia
0x00000001a4e70000 	/System/Library/PrivateFrameworks/IOAccelerator.framework/Versions/A/IOAccelerator
0x00000001a3c0f000 	/System/Library/Frameworks/CoreVideo.framework/Versions/A/CoreVideo
0x00000001a7361000 	/System/Library/Frameworks/MetalPerformanceShaders.framework/Versions/A/MetalPerformanceShaders
0x00000001a8745000 	/System/Library/Frameworks/VideoToolbox.framework/Versions/A/VideoToolbox
0x00000001a2cb7000 	/System/Library/PrivateFrameworks/BaseBoard.framework/Versions/A/BaseBoard
0x00000001a2a45000 	/System/Library/PrivateFrameworks/ProtocolBuffer.framework/Versions/A/ProtocolBuffer
0x00000001a8c81000 	/System/Library/PrivateFrameworks/GPUWrangler.framework/Versions/A/GPUWrangler
0x00000001a8c61000 	/System/Library/PrivateFrameworks/IOPresentment.framework/Versions/A/IOPresentment
0x00000001a8c89000 	/System/Library/PrivateFrameworks/DSExternalDisplay.framework/Versions/A/DSExternalDisplay
0x00000001fdc3a000 	/System/Library/Frameworks/OpenGL.framework/Versions/A/Libraries/libCoreFSCache.dylib
0x0000000208400000 	/System/Library/PrivateFrameworks/GPUCompiler.framework/Versions/31001/Libraries/libGPUCompilerUtils.dylib
0x00000001a8cef000 	/System/Library/PrivateFrameworks/CMCaptureCore.framework/Versions/A/CMCaptureCore
0x00000001a82ed000 	/System/Library/PrivateFrameworks/AppServerSupport.framework/Versions/A/AppServerSupport
0x00000001aa573000 	/System/Library/PrivateFrameworks/perfdata.framework/Versions/A/perfdata
0x000000019dac9000 	/System/Library/PrivateFrameworks/AudioToolboxCore.framework/Versions/A/AudioToolboxCore
0x00000001a4fbc000 	/System/Library/PrivateFrameworks/caulk.framework/Versions/A/caulk
0x00000001a9e68000 	/usr/lib/libAudioStatistics.dylib
0x00000001bbe67000 	/System/Library/PrivateFrameworks/SystemPolicy.framework/Versions/A/SystemPolicy
0x00000001aa0d4000 	/usr/lib/libSMC.dylib
0x00000001b2e20000 	/System/Library/Frameworks/CoreMIDI.framework/Versions/A/CoreMIDI
0x00000001a8bb0000 	/usr/lib/libAudioToolboxUtility.dylib
0x00000001b7fd7000 	/System/Library/PrivateFrameworks/OSAServicesClient.framework/Versions/A/OSAServicesClient
0x00000001aa580000 	/usr/lib/libperfcheck.dylib
0x00000001bc983000 	/usr/lib/libmis.dylib
0x00000001fdc9c000 	/System/Library/Frameworks/OpenGL.framework/Versions/A/Libraries/libGLU.dylib
0x00000001fdc5b000 	/System/Library/Frameworks/OpenGL.framework/Versions/A/Libraries/libGFXShared.dylib
0x00000001fde48000 	/System/Library/Frameworks/OpenGL.framework/Versions/A/Libraries/libGL.dylib
0x00000001fdc64000 	/System/Library/Frameworks/OpenGL.framework/Versions/A/Libraries/libGLImage.dylib
0x00000001fdc58000 	/System/Library/Frameworks/OpenGL.framework/Versions/A/Libraries/libCVMSPluginSupport.dylib
0x00000001fdc41000 	/System/Library/Frameworks/OpenGL.framework/Versions/A/Libraries/libCoreVMClient.dylib
0x00000001a5b6d000 	/System/Library/Frameworks/MetalPerformanceShaders.framework/Versions/A/Frameworks/MPSCore.framework/Versions/A/MPSCore
0x00000001a6d0e000 	/System/Library/Frameworks/MetalPerformanceShaders.framework/Versions/A/Frameworks/MPSImage.framework/Versions/A/MPSImage
0x00000001a67fd000 	/System/Library/Frameworks/MetalPerformanceShaders.framework/Versions/A/Frameworks/MPSNeuralNetwork.framework/Versions/A/MPSNeuralNetwork
0x00000001a6c36000 	/System/Library/Frameworks/MetalPerformanceShaders.framework/Versions/A/Frameworks/MPSMatrix.framework/Versions/A/MPSMatrix
0x00000001a6a0f000 	/System/Library/Frameworks/MetalPerformanceShaders.framework/Versions/A/Frameworks/MPSRayIntersector.framework/Versions/A/MPSRayIntersector
0x00000001a6c67000 	/System/Library/Frameworks/MetalPerformanceShaders.framework/Versions/A/Frameworks/MPSNDArray.framework/Versions/A/MPSNDArray
0x0000000200063000 	/System/Library/Frameworks/MetalPerformanceShaders.framework/Versions/A/Frameworks/MPSFunctions.framework/Versions/A/MPSFunctions
0x000000019cd5c000 	/System/Library/PrivateFrameworks/MetalTools.framework/Versions/A/MetalTools
0x00000001a5beb000 	/System/Library/PrivateFrameworks/AggregateDictionary.framework/Versions/A/AggregateDictionary
0x00000001a7b21000 	/usr/lib/libIOReport.dylib
0x00000001b1e3d000 	/System/Library/PrivateFrameworks/ASEProcessing.framework/Versions/A/ASEProcessing
0x00000001a7e96000 	/System/Library/PrivateFrameworks/FaceCore.framework/Versions/A/FaceCore
0x00000001a7e88000 	/System/Library/PrivateFrameworks/GraphVisualizer.framework/Versions/A/GraphVisualizer
0x0000000208317000 	/System/Library/PrivateFrameworks/FontServices.framework/Versions/A/FontServices
0x00000001a82a9000 	/System/Library/PrivateFrameworks/OTSVG.framework/Versions/A/OTSVG
0x00000001a37d9000 	/System/Library/Frameworks/ApplicationServices.framework/Versions/A/Frameworks/ATS.framework/Versions/A/Resources/libFontRegistry.dylib
0x00000001a82f6000 	/System/Library/PrivateFrameworks/FontServices.framework/libhvf.dylib
0x0000000208318000 	/System/Library/PrivateFrameworks/FontServices.framework/libXTFontStaticRegistryData.dylib
0x00000001fdfe9000 	/System/Library/Frameworks/OpenCL.framework/Versions/A/OpenCL
0x00000001a7cf0000 	/System/Library/PrivateFrameworks/AppleVA.framework/Versions/A/AppleVA
0x00000001a9e90000 	/System/Library/Frameworks/ApplicationServices.framework/Versions/A/Frameworks/ATS.framework/Versions/A/ATS
0x00000001a2202000 	/System/Library/Frameworks/ApplicationServices.framework/Versions/A/Frameworks/HIServices.framework/Versions/A/HIServices
0x00000001a8cf9000 	/System/Library/Frameworks/ApplicationServices.framework/Versions/A/Frameworks/PrintCore.framework/Versions/A/PrintCore
0x00000001aa227000 	/System/Library/Frameworks/ApplicationServices.framework/Versions/A/Frameworks/QD.framework/Versions/A/QD
0x00000001aa21f000 	/System/Library/Frameworks/ApplicationServices.framework/Versions/A/Frameworks/ColorSyncLegacy.framework/Versions/A/ColorSyncLegacy
0x00000001a9e7c000 	/System/Library/Frameworks/ApplicationServices.framework/Versions/A/Frameworks/SpeechSynthesis.framework/Versions/A/SpeechSynthesis
0x00000001a8cba000 	/System/Library/Frameworks/ApplicationServices.framework/Versions/A/Frameworks/ATSUI.framework/Versions/A/ATSUI
0x00000001aa1b4000 	/usr/lib/libcups.2.dylib
0x00000001aa58e000 	/System/Library/Frameworks/Kerberos.framework/Versions/A/Kerberos
0x00000001aa59f000 	/System/Library/Frameworks/GSS.framework/Versions/A/GSS
0x00000001a9f00000 	/usr/lib/libresolv.9.dylib
0x00000001a8305000 	/System/Library/PrivateFrameworks/Heimdal.framework/Versions/A/Heimdal
0x00000001b1073000 	/System/Library/Frameworks/Kerberos.framework/Versions/A/Libraries/libHeimdalProxy.dylib
0x00000001a2e51000 	/System/Library/Frameworks/Network.framework/Versions/A/Network
0x00000001a7d57000 	/usr/lib/libheimdal-asn1.dylib
0x00000001aa5ef000 	/System/Library/PrivateFrameworks/CommonAuth.framework/Versions/A/CommonAuth
0x00000001a9df6000 	/System/Library/PrivateFrameworks/AudioSession.framework/Versions/A/AudioSession
0x00000001a7de9000 	/System/Library/PrivateFrameworks/MediaExperience.framework/Versions/A/MediaExperience
0x00000001a9c7c000 	/System/Library/PrivateFrameworks/AudioSession.framework/libSessionUtility.dylib
0x00000001aa233000 	/System/Library/PrivateFrameworks/AudioResourceArbitration.framework/Versions/A/AudioResourceArbitration
0x00000001ae3f9000 	/System/Library/PrivateFrameworks/PowerLog.framework/Versions/A/PowerLog
0x00000001a7d61000 	/System/Library/PrivateFrameworks/IconFoundation.framework/Versions/A/IconFoundation
0x00000001ad142000 	/System/Library/PrivateFrameworks/SpeechRecognitionCore.framework/Versions/A/SpeechRecognitionCore
0x0000000104464000 	/Library/Java/JavaVirtualMachines/temurin-17.jdk/Contents/Home/lib/server/libjvm.dylib
0x0000000103190000 	/Library/Java/JavaVirtualMachines/temurin-17.jdk/Contents/Home/lib/libjimage.dylib
0x00000001031bc000 	/Library/Java/JavaVirtualMachines/temurin-17.jdk/Contents/Home/lib/libinstrument.dylib
0x0000000103208000 	/Library/Java/JavaVirtualMachines/temurin-17.jdk/Contents/Home/lib/libjava.dylib
0x0000000103368000 	/Library/Java/JavaVirtualMachines/temurin-17.jdk/Contents/Home/lib/libnio.dylib
0x0000000103388000 	/Library/Java/JavaVirtualMachines/temurin-17.jdk/Contents/Home/lib/libnet.dylib
0x00000001031f0000 	/Library/Java/JavaVirtualMachines/temurin-17.jdk/Contents/Home/lib/libzip.dylib
0x00000001041b8000 	/Users/abheektripathy/.openjfx/cache/17.0.1/libprism_es2.dylib
0x000000019efa9000 	/System/Library/PrivateFrameworks/CoreServicesInternal.framework/Versions/A/CoreServicesInternal
0x00000001fde52000 	/System/Library/Frameworks/OpenGL.framework/Versions/A/Resources/GLEngine.bundle/GLEngine
0x00000001fdcda000 	/System/Library/Frameworks/OpenGL.framework/Versions/A/Libraries/libGLProgrammability.dylib
0x0000000104380000 	/System/Library/Extensions/AppleMetalOpenGLRenderer.bundle/Contents/MacOS/AppleMetalOpenGLRenderer
0x00000001fdfc1000 	/System/Library/Frameworks/OpenGL.framework/Versions/A/Resources/GLRendererFloat.bundle/GLRendererFloat
0x00000001fe0c1000 	/System/Library/Extensions/AGXMetal13_3.bundle/Contents/MacOS/AGXMetal13_3
0x00000001bc99f000 	/System/Library/PrivateFrameworks/GPURawCounter.framework/Versions/A/GPURawCounter
0x00000001b7140000 	/System/Library/PrivateFrameworks/IOGPU.framework/Versions/A/IOGPU
0x000000012467c000 	/Users/abheektripathy/.openjfx/cache/17.0.1/libglass.dylib
0x00000001ae651000 	/System/Library/Frameworks/FileProvider.framework/Versions/A/FileProvider
0x00000001a2c1f000 	/System/Library/Frameworks/Accounts.framework/Versions/A/Accounts
0x00000001ae7d5000 	/System/Library/PrivateFrameworks/GenerationalStorage.framework/Versions/A/GenerationalStorage
0x00000001af398000 	/System/Library/PrivateFrameworks/CoreSymbolication.framework/Versions/A/CoreSymbolication
0x00000001ae3ed000 	/System/Library/PrivateFrameworks/SymptomDiagnosticReporter.framework/Versions/A/SymptomDiagnosticReporter
0x00000001a0299000 	/System/Library/PrivateFrameworks/DesktopServicesPriv.framework/Versions/A/DesktopServicesPriv
0x000000019f10b000 	/usr/lib/libsandbox.1.dylib
0x00000001a3c9d000 	/System/Library/PrivateFrameworks/UserManagement.framework/Versions/A/UserManagement
0x00000001af355000 	/System/Library/PrivateFrameworks/DebugSymbols.framework/Versions/A/DebugSymbols
0x00000001aa212000 	/System/Library/PrivateFrameworks/NetAuth.framework/Versions/A/NetAuth
0x00000001ab133000 	/System/Library/PrivateFrameworks/Sharing.framework/Versions/A/Sharing
0x00000001a3c6d000 	/System/Library/PrivateFrameworks/login.framework/Versions/A/Frameworks/loginsupport.framework/Versions/A/loginsupport
0x00000001b058a000 	/System/Library/PrivateFrameworks/Apple80211.framework/Versions/A/Apple80211
0x00000001a6df2000 	/System/Library/PrivateFrameworks/AuthKit.framework/Versions/A/AuthKit
0x00000001a647a000 	/System/Library/PrivateFrameworks/CoreUtils.framework/Versions/A/CoreUtils
0x00000001a639d000 	/System/Library/Frameworks/CoreWLAN.framework/Versions/A/CoreWLAN
0x00000001ab2a3000 	/System/Library/Frameworks/IOBluetooth.framework/Versions/A/IOBluetooth
0x00000001b05ea000 	/System/Library/PrivateFrameworks/CoreWiFi.framework/Versions/A/CoreWiFi
0x00000001aef35000 	/System/Library/PrivateFrameworks/FrontBoardServices.framework/Versions/A/FrontBoardServices
0x00000001aefcd000 	/System/Library/PrivateFrameworks/BoardServices.framework/Versions/A/BoardServices
0x00000001a668d000 	/System/Library/PrivateFrameworks/AssertionServices.framework/Versions/A/AssertionServices
0x00000001b0767000 	/System/Library/PrivateFrameworks/BackBoardServices.framework/Versions/A/BackBoardServices
0x00000001aa686000 	/System/Library/PrivateFrameworks/CorePhoneNumbers.framework/Versions/A/CorePhoneNumbers
0x00000001a9f2d000 	/System/Library/PrivateFrameworks/MultiverseSupport.framework/Versions/A/MultiverseSupport
0x00000001b09e8000 	/System/Library/PrivateFrameworks/RemoteServiceDiscovery.framework/Versions/A/RemoteServiceDiscovery
0x00000001ae51d000 	/System/Library/PrivateFrameworks/DiskManagement.framework/Versions/A/DiskManagement
0x00000001ae420000 	/System/Library/PrivateFrameworks/AppleIDAuthSupport.framework/Versions/A/AppleIDAuthSupport
0x000000020289f000 	/System/Library/PrivateFrameworks/AAAFoundation.framework/Versions/A/AAAFoundation
0x00000001aa665000 	/System/Library/PrivateFrameworks/KeychainCircle.framework/Versions/A/KeychainCircle
0x00000001b09f8000 	/System/Library/PrivateFrameworks/RemoteXPC.framework/Versions/A/RemoteXPC
0x00000001ae4e9000 	/System/Library/PrivateFrameworks/MediaKit.framework/Versions/A/MediaKit
0x00000001ae42d000 	/System/Library/Frameworks/DiscRecording.framework/Versions/A/DiscRecording
0x00000001a7c6c000 	/usr/lib/libCoreStorage.dylib
0x00000001b0a64000 	/usr/lib/libcsfde.dylib
0x00000001ab378000 	/System/Library/PrivateFrameworks/ProtectedCloudStorage.framework/Versions/A/ProtectedCloudStorage
0x00000001b0a5c000 	/System/Library/PrivateFrameworks/EFILogin.framework/Versions/A/EFILogin
0x00000001ae7fc000 	/System/Library/PrivateFrameworks/OctagonTrust.framework/Versions/A/OctagonTrust
0x000000020749e000 	/System/Library/PrivateFrameworks/CoreUtilsExtras.framework/Versions/A/CoreUtilsExtras
0x00000001ae352000 	/System/Library/Frameworks/CoreBluetooth.framework/Versions/A/CoreBluetooth
0x00000001b10f8000 	/System/Library/Frameworks/AudioUnit.framework/Versions/A/AudioUnit
0x00000001a7c64000 	/usr/lib/libMatch.1.dylib
0x00000001c0e85000 	/System/Library/Frameworks/Accelerate.framework/Versions/A/Frameworks/vImage.framework/Versions/A/Libraries/libCGInterfaces.dylib
0x0000000127218000 	/usr/lib/libobjc-trampolines.dylib
0x00000001a3967000 	/System/Library/PrivateFrameworks/ViewBridge.framework/Versions/A/ViewBridge
0x00000001a83c8000 	/System/Library/PrivateFrameworks/login.framework/Versions/A/login
0x000000021ba6d000 	/usr/lib/libRosetta.dylib
0x00000001a7b2a000 	/System/Library/PrivateFrameworks/CrashReporterSupport.framework/Versions/A/CrashReporterSupport
0x00000001c8928000 	/System/Library/PrivateFrameworks/OSAnalytics.framework/Versions/A/OSAnalytics
0x00000001d3c74000 	/System/Library/PrivateFrameworks/Symbolication.framework/Versions/A/Symbolication
0x00000001bc960000 	/System/Library/PrivateFrameworks/MallocStackLogging.framework/Versions/A/MallocStackLogging
0x00000001297bc000 	/Users/abheektripathy/.openjfx/cache/17.0.1/libjavafx_font.dylib
0x0000000129b4c000 	/Users/abheektripathy/.openjfx/cache/17.0.1/libglib-lite.dylib
0x000000012a800000 	/Users/abheektripathy/.openjfx/cache/17.0.1/libgstreamer-lite.dylib
0x0000000129a40000 	/Users/abheektripathy/.openjfx/cache/17.0.1/libjfxmedia.dylib
0x00000001297d8000 	/Users/abheektripathy/.openjfx/cache/17.0.1/libjfxmedia_avf.dylib
0x00000001bbc73000 	/System/Library/Frameworks/AVFoundation.framework/Versions/A/AVFoundation
0x00000001fec29000 	/System/Library/Frameworks/AVFAudio.framework/Versions/A/AVFAudio
0x00000001aed15000 	/System/Library/PrivateFrameworks/AVFCore.framework/Versions/A/AVFCore
0x00000001b5f83000 	/System/Library/PrivateFrameworks/AVFCapture.framework/Versions/A/AVFCapture
0x00000001ba83f000 	/System/Library/PrivateFrameworks/AirPlaySync.framework/Versions/A/AirPlaySync
0x00000001a8f00000 	/System/Library/Frameworks/MediaToolbox.framework/Versions/A/MediaToolbox
0x00000001ae61d000 	/System/Library/PrivateFrameworks/CoreAVCHD.framework/Versions/A/CoreAVCHD
0x00000001ad82d000 	/System/Library/Frameworks/MediaAccessibility.framework/Versions/A/MediaAccessibility
0x00000001ae619000 	/System/Library/PrivateFrameworks/Mangrove.framework/Versions/A/Mangrove
0x00000001ad83a000 	/System/Library/PrivateFrameworks/AlgosScoreFramework.framework/Versions/A/AlgosScoreFramework
0x0000000204580000 	/System/Library/PrivateFrameworks/CMPhoto.framework/Versions/A/CMPhoto
0x00000001ae60d000 	/System/Library/PrivateFrameworks/CoreAUC.framework/Versions/A/CoreAUC
0x0000000204566000 	/System/Library/PrivateFrameworks/CMImaging.framework/Versions/A/CMImaging
0x00000001b60dd000 	/System/Library/PrivateFrameworks/Quagga.framework/Versions/A/Quagga
0x00000001b61a1000 	/System/Library/PrivateFrameworks/CMCapture.framework/Versions/A/CMCapture
0x00000001a9ff1000 	/System/Library/Frameworks/CoreMediaIO.framework/Versions/A/CoreMediaIO
0x00000001b1234000 	/System/Library/PrivateFrameworks/Espresso.framework/Versions/A/Espresso
0x00000001b0ae2000 	/System/Library/PrivateFrameworks/AppSupport.framework/Versions/A/AppSupport
0x00000001e2926000 	/System/Library/PrivateFrameworks/ANECompiler.framework/Versions/A/ANECompiler
0x00000001b2da0000 	/System/Library/PrivateFrameworks/AppleNeuralEngine.framework/Versions/A/AppleNeuralEngine
0x000000020ae4a000 	/System/Library/PrivateFrameworks/MIL.framework/Versions/A/MIL
0x0000000200077000 	/System/Library/Frameworks/MetalPerformanceShadersGraph.framework/Versions/A/MetalPerformanceShadersGraph
0x00000001b1cbe000 	/System/Library/PrivateFrameworks/ANEServices.framework/Versions/A/ANEServices
0x00000001c0731000 	/usr/lib/libncurses.5.4.dylib
0x0000000129a00000 	/Users/abheektripathy/.openjfx/cache/17.0.1/libfxplugins.dylib
0x0000000202076000 	/System/Library/Frameworks/VideoDecodeAcceleration.framework/Versions/A/VideoDecodeAcceleration
0x000000012a9bc000 	/System/Library/Components/CoreAudio.component/Contents/MacOS/CoreAudio
0x000000012b900000 	/System/Library/Components/AudioCodecs.component/Contents/MacOS/AudioCodecs


VM Arguments:
jvm_args: -javaagent:/Applications/IntelliJ IDEA CE.app/Contents/lib/idea_rt.jar=49228:/Applications/IntelliJ IDEA CE.app/Contents/bin -Dfile.encoding=UTF-8 --module-path=/Users/abheektripathy/IdeaProjects/ZeusFx-MP/target/classes:/Users/abheektripathy/.m2/repository/org/openjfx/javafx-fxml/17.0.1/javafx-fxml-17.0.1-mac-aarch64.jar:/Users/abheektripathy/.m2/repository/org/openjfx/javafx-graphics/17.0.1/javafx-graphics-17.0.1-mac-aarch64.jar:/Users/abheektripathy/.m2/repository/org/openjfx/javafx-base/17.0.1/javafx-base-17.0.1-mac-aarch64.jar:/Users/abheektripathy/.m2/repository/org/openjfx/javafx-controls/17.0.1/javafx-controls-17.0.1-mac-aarch64.jar:/Users/abheektripathy/.m2/repository/org/openjfx/javafx-media/17.0.1/javafx-media-17.0.1-mac-aarch64.jar -Djdk.module.main=com.tripathy.zeusfxmp 
java_command: com.tripathy.zeusfxmp/com.tripathy.zeusfxmp.HelloApplication
java_class_path (initial): /Users/abheektripathy/.m2/repository/org/openjfx/javafx-controls/17.0.1/javafx-controls-17.0.1.jar:/Users/abheektripathy/.m2/repository/org/openjfx/javafx-graphics/17.0.1/javafx-graphics-17.0.1.jar:/Users/abheektripathy/.m2/repository/org/openjfx/javafx-base/17.0.1/javafx-base-17.0.1.jar:/Users/abheektripathy/.m2/repository/org/openjfx/javafx-fxml/17.0.1/javafx-fxml-17.0.1.jar:/Users/abheektripathy/.m2/repository/org/openjfx/javafx-media/17.0.1/javafx-media-17.0.1.jar
Launcher Type: SUN_STANDARD

[Global flags]
     intx CICompilerCount                          = 4                                         {product} {ergonomic}
     uint ConcGCThreads                            = 2                                         {product} {ergonomic}
     uint G1ConcRefinementThreads                  = 8                                         {product} {ergonomic}
   size_t G1HeapRegionSize                         = 1048576                                   {product} {ergonomic}
    uintx GCDrainStackTargetSize                   = 64                                        {product} {ergonomic}
   size_t InitialHeapSize                          = 134217728                                 {product} {ergonomic}
   size_t MarkStackSize                            = 4194304                                   {product} {ergonomic}
   size_t MaxHeapSize                              = 2147483648                                {product} {ergonomic}
   size_t MaxNewSize                               = 1287651328                                {product} {ergonomic}
   size_t MinHeapDeltaBytes                        = 1048576                                   {product} {ergonomic}
   size_t MinHeapSize                              = 8388608                                   {product} {ergonomic}
    uintx NonNMethodCodeHeapSize                   = 5839564                                {pd product} {ergonomic}
    uintx NonProfiledCodeHeapSize                  = 122909338                              {pd product} {ergonomic}
    uintx ProfiledCodeHeapSize                     = 122909338                              {pd product} {ergonomic}
    uintx ReservedCodeCacheSize                    = 251658240                              {pd product} {ergonomic}
     bool SegmentedCodeCache                       = true                                      {product} {ergonomic}
   size_t SoftMaxHeapSize                          = 2147483648                             {manageable} {ergonomic}
     bool UseCompressedClassPointers               = true                           {product lp64_product} {ergonomic}
     bool UseCompressedOops                        = true                           {product lp64_product} {ergonomic}
     bool UseG1GC                                  = true                                      {product} {ergonomic}
     bool UseNUMA                                  = false                                     {product} {ergonomic}
     bool UseNUMAInterleaving                      = false                                     {product} {ergonomic}

Logging:
Log output configuration:
 #0: stdout all=warning uptime,level,tags
 #1: stderr all=off uptime,level,tags

Environment Variables:
PATH=/Library/Frameworks/Python.framework/Versions/3.10/bin:/usr/local/bin:/usr/bin:/bin:/usr/sbin:/sbin:/Library/Apple/usr/bin
SHELL=/bin/zsh
LC_CTYPE=en_IN.UTF-8

Signal Handlers:
   SIGSEGV: _ZL13crash_handleriP9__siginfoPv in libjvm.dylib, mask=11100110000111110111111111111111, flags=SA_RESTART|SA_SIGINFO
    SIGBUS: _ZL13crash_handleriP9__siginfoPv in libjvm.dylib, mask=11100110000111110111111111111111, flags=SA_RESTART|SA_SIGINFO
    SIGFPE: _ZL13crash_handleriP9__siginfoPv in libjvm.dylib, mask=11100110000111110111111111111111, flags=SA_RESTART|SA_SIGINFO
   SIGPIPE: _ZL17javaSignalHandleriP9__siginfoPv in libjvm.dylib, mask=11100110000111110111111111111111, flags=SA_RESTART|SA_SIGINFO
   SIGXFSZ: _ZL17javaSignalHandleriP9__siginfoPv in libjvm.dylib, mask=11100110000111110111111111111111, flags=SA_RESTART|SA_SIGINFO
    SIGILL: _ZL13crash_handleriP9__siginfoPv in libjvm.dylib, mask=11100110000111110111111111111111, flags=SA_RESTART|SA_SIGINFO
   SIGUSR2: _ZL10SR_handleriP9__siginfoP17__darwin_ucontext in libjvm.dylib, mask=00100000000000000000000000000000, flags=SA_RESTART|SA_SIGINFO
    SIGHUP: _ZL11UserHandleriPvS_ in libjvm.dylib, mask=11100110000111110111111111111111, flags=SA_RESTART|SA_SIGINFO
    SIGINT: _ZL11UserHandleriPvS_ in libjvm.dylib, mask=11100110000111110111111111111111, flags=SA_RESTART|SA_SIGINFO
   SIGTERM: _ZL11UserHandleriPvS_ in libjvm.dylib, mask=11100110000111110111111111111111, flags=SA_RESTART|SA_SIGINFO
   SIGQUIT: _ZL11UserHandleriPvS_ in libjvm.dylib, mask=11100110000111110111111111111111, flags=SA_RESTART|SA_SIGINFO
   SIGTRAP: _ZL13crash_handleriP9__siginfoPv in libjvm.dylib, mask=11100110000111110111111111111111, flags=SA_RESTART|SA_SIGINFO


---------------  S Y S T E M  ---------------

OS:
uname: Darwin 21.5.0 Darwin Kernel Version 21.5.0: Tue Apr 26 21:08:29 PDT 2022; root:xnu-8020.121.3~4/RELEASE_ARM64_T8101 arm64
OS uptime: 0 days 0:01 hours
rlimit (soft/hard): STACK 8176k/65520k , CORE 0k/infinity , NPROC 1333/2000 , NOFILE 10240/infinity , AS infinity/infinity , CPU infinity/infinity , DATA infinity/infinity , FSIZE infinity/infinity , MEMLOCK infinity/infinity , RSS infinity/infinity
load average: 49.00 19.00 7.45

CPU: total 8 (initial active 8) 0x61:0x0:0x1b588bb3:0, fp, simd, crc, lse

Memory: 16k page, physical 8388608k(225712k free), swap 0k(0k free)

vm_info: OpenJDK 64-Bit Server VM (17.0.2+8) for bsd-aarch64 JRE (17.0.2+8), built on Jan 20 2022 10:58:36 by "jenkins" with clang Apple LLVM 12.0.0 (clang-1200.0.32.29)

END.
