#
# A fatal error has been detected by the Java Runtime Environment:
#
#  SIGBUS (0xa) at pc=0x00000001209014f0, pid=961, tid=28683
#
# JRE version: OpenJDK Runtime Environment Temurin-17.0.2+8 (17.0.2+8) (build 17.0.2+8)
# Java VM: OpenJDK 64-Bit Server VM Temurin-17.0.2+8 (17.0.2+8, mixed mode, tiered, compressed oops, compressed class ptrs, g1 gc, bsd-aarch64)
# Problematic frame:
# v  ~StubRoutines::SafeFetchN
#
# No core dump will be written. Core dumps have been disabled. To enable core dumping, try "ulimit -c unlimited" before starting Java again
#
# If you would like to submit a bug report, please visit:
#   https://github.com/adoptium/adoptium-support/issues
# The crash happened outside the Java Virtual Machine in native code.
# See problematic frame for where to report the bug.
#

---------------  S U M M A R Y ------------

Command Line: -javaagent:/Applications/IntelliJ IDEA CE.app/Contents/lib/idea_rt.jar=49231:/Applications/IntelliJ IDEA CE.app/Contents/bin -Dfile.encoding=UTF-8 --module-path=/Users/abheektripathy/IdeaProjects/ZeusFx-MP/target/classes:/Users/abheektripathy/.m2/repository/org/openjfx/javafx-fxml/17.0.1/javafx-fxml-17.0.1-mac-aarch64.jar:/Users/abheektripathy/.m2/repository/org/openjfx/javafx-graphics/17.0.1/javafx-graphics-17.0.1-mac-aarch64.jar:/Users/abheektripathy/.m2/repository/org/openjfx/javafx-base/17.0.1/javafx-base-17.0.1-mac-aarch64.jar:/Users/abheektripathy/.m2/repository/org/openjfx/javafx-controls/17.0.1/javafx-controls-17.0.1-mac-aarch64.jar:/Users/abheektripathy/.m2/repository/org/openjfx/javafx-media/17.0.1/javafx-media-17.0.1-mac-aarch64.jar -Djdk.module.main=com.tripathy.zeusfxmp com.tripathy.zeusfxmp/com.tripathy.zeusfxmp.HelloApplication

Host: "MacBookPro17,1" arm64 1 MHz, 8 cores, 8G, Darwin 21.5.0, macOS 12.4 (21F79)
Time: Tue Jun 14 14:12:08 2022 IST elapsed time: 5.504197 seconds (0d 0h 0m 5s)

---------------  T H R E A D  ---------------

Current thread (0x0000000120129000):  JavaThread "InvokeLaterDispatcher" daemon [_thread_in_native, id=28683, stack(0x000000016f8a0000,0x000000016faa3000)]

Stack: [0x000000016f8a0000,0x000000016faa3000],  sp=0x000000016faa2780,  free space=2057k
Native frames: (J=compiled Java code, j=interpreted, Vv=VM code, C=native code)
v  ~StubRoutines::SafeFetchN
V  [libjvm.dylib+0x7ba2dc]  _ZN10OopStorage7releaseEPKP7oopDesc+0x20
V  [libjvm.dylib+0x4c5750]  jni_DeleteGlobalRef+0xd8
C  [libglass.dylib+0xab08]  -[GlassRunnable dealloc]+0x34
C  [Foundation+0x85318]  -[_NSThreadPerformInfo dealloc]+0x30
C  [Foundation+0x518ac]  -[NSObject(NSThreadPerformAdditions) performSelectorOnMainThread:withObject:waitUntilDone:]+0x88
C  0x32468001209098ac
j  com.sun.glass.ui.mac.MacApplication.submitForLaterInvocation(Ljava/lang/Runnable;)V+2 javafx.graphics
j  com.sun.glass.ui.InvokeLaterDispatcher.run()V+82 javafx.graphics
v  ~StubRoutines::call_stub
V  [libjvm.dylib+0x46a8f0]  _ZN9JavaCalls11call_helperEP9JavaValueRK12methodHandleP17JavaCallArgumentsP10JavaThread+0x38c
V  [libjvm.dylib+0x46990c]  _ZN9JavaCalls12call_virtualEP9JavaValueP5KlassP6SymbolS5_P17JavaCallArgumentsP10JavaThread+0x11c
V  [libjvm.dylib+0x4699d8]  _ZN9JavaCalls12call_virtualEP9JavaValue6HandleP5KlassP6SymbolS6_P10JavaThread+0x64
V  [libjvm.dylib+0x521e64]  _ZL12thread_entryP10JavaThreadS0_+0xc4
V  [libjvm.dylib+0x99aac0]  _ZN10JavaThread17thread_main_innerEv+0x13c
V  [libjvm.dylib+0x99919c]  _ZN6Thread8call_runEv+0x128
V  [libjvm.dylib+0x7c1124]  _ZL19thread_native_entryP6Thread+0x158
C  [libsystem_pthread.dylib+0x726c]  _pthread_start+0x94

Java frames: (J=compiled Java code, j=interpreted, Vv=VM code)
j  com.sun.glass.ui.mac.MacApplication._submitForLaterInvocation(Ljava/lang/Runnable;)V+0 javafx.graphics
j  com.sun.glass.ui.mac.MacApplication.submitForLaterInvocation(Ljava/lang/Runnable;)V+2 javafx.graphics
j  com.sun.glass.ui.InvokeLaterDispatcher.run()V+82 javafx.graphics
v  ~StubRoutines::call_stub

siginfo: si_signo: 10 (SIGBUS), si_code: 1 (BUS_ADRALN), si_addr: 0x00000001209014f0

Register to memory mapping:

 x0=0x000000010f8065c8 points into unknown readable memory: 0x0000000000000000 | 00 00 00 00 00 00 00 00
 x1=0x0 is NULL
 x2=0x0000000787f48c18 is an oop: com.sun.glass.ui.InvokeLaterDispatcher$Future 
{0x0000000787f48c18} - klass: 'com/sun/glass/ui/InvokeLaterDispatcher$Future'
 - ---- fields (total size 3 words):
 - private 'done' 'Z' @12  true
 - private final 'runnable' 'Ljava/lang/Runnable;' @16  a 'com/sun/javafx/application/PlatformImpl$$Lambda$92+0x0000000800115278'{0x0000000787ff04d0} (f0ffe09a)
 - final synthetic 'this$0' 'Lcom/sun/glass/ui/InvokeLaterDispatcher;' @20  a 'com/sun/glass/ui/InvokeLaterDispatcher'{0x00000007800a4fd8} (f00149fb)
 x3=0x0 is NULL
 x4=0x00000000000130a8 is an unknown value
 x5=0x0 is NULL
 x6=0x0 is NULL
 x7=0x0 is NULL
 x8=0x00000001209014ec is at begin+0 in a stub
StubRoutines::SafeFetchN [0x00000001209014ec, 0x00000001209014f8] (12 bytes)
 x9=0x0 is NULL
x10=0x2010000030300000 is an unknown value
x11=0x0000000000000007 is an unknown value
x12=0x0 is NULL
x13=0x0000600003815070 points into unknown readable memory: 0x0000000000000000 | 00 00 00 00 00 00 00 00
x14=0x0000100000000000 is an unknown value
x15=0x000000010f295f98: OBJC_CLASS_$_GlassRunnable+0 in /Users/abheektripathy/.openjfx/cache/17.0.1/libglass.dylib at 0x000000010f250000
x16=0x000000019c5670fc: pthread_getspecific+0 in /usr/lib/system/libsystem_pthread.dylib at 0x000000019c565000
x17=0x0000600003238660 points into unknown readable memory: 0xfffffffffffffffe | fe ff ff ff ff ff ff ff
x18=0x0 is NULL
x19=0x0000600003d34310 points into unknown readable memory: 0x000060000141b1e0 | e0 b1 41 01 00 60 00 00
x20=0x000000010f8063c0 points into unknown readable memory: 0xa528d2de2dc3fa39 | 39 fa c3 2d de d2 28 a5
x21=0x000000010f8065c8 points into unknown readable memory: 0x0000000000000000 | 00 00 00 00 00 00 00 00
x22=0x0000000120129000 is a thread
x23=0x0000000000000001 is an unknown value
x24=0x000000010f806580 is a global jni handle
x25=0x000000010500ba08: _ZN12StubRoutines17_safefetchN_entryE+0 in /Library/Java/JavaVirtualMachines/temurin-17.jdk/Contents/Home/lib/server/libjvm.dylib at 0x00000001043b0000
x26=0x0000000152854aa8 is pointing into metadata
x27=0x0 is NULL
x28=0x0000000120129000 is a thread


Registers:
 x0=0x000000010f8065c8  x1=0x0000000000000000  x2=0x0000000787f48c18  x3=0x0000000000000000
 x4=0x00000000000130a8  x5=0x0000000000000000  x6=0x0000000000000000  x7=0x0000000000000000
 x8=0x00000001209014ec  x9=0x0000000000000000 x10=0x2010000030300000 x11=0x0000000000000007
x12=0x0000000000000000 x13=0x0000600003815070 x14=0x0000100000000000 x15=0x000000010f295f98
x16=0x000000019c5670fc x17=0x0000600003238660 x18=0x0000000000000000 x19=0x0000600003d34310
x20=0x000000010f8063c0 x21=0x000000010f8065c8 x22=0x0000000120129000 x23=0x0000000000000001
x24=0x000000010f806580 x25=0x000000010500ba08 x26=0x0000000152854aa8 x27=0x0000000000000000
x28=0x0000000120129000  fp=0x000000016faa27c0  lr=0x0000000104b690ac  sp=0x000000016faa2780
pc=0x00000001209014f0 cpsr=0x0000000060001000
Top of Stack: (sp=0x000000016faa2780)
0x000000016faa2780:   0000000152854aa8 0000000000000001
0x000000016faa2790:   000000016faa2988 0000000000000000
0x000000016faa27a0:   000000011e84a0a8 000000010f806590
0x000000016faa27b0:   000000010f806590 0000600003d34310
0x000000016faa27c0:   000000016faa2800 0000000104b6a2dc
0x000000016faa27d0:   0000000000000001 000000010f806590
0x000000016faa27e0:   000000011e84a0a8 000000010f806590
0x000000016faa27f0:   0000000000000001 000000011e849e00
0x000000016faa2800:   000000016faa2840 0000000104875750
0x000000016faa2810:   000000016faa2988 00006000014e6510
0x000000016faa2820:   00006000014e64f0 00000001e682530c
0x000000016faa2830:   0000000000000000 00006000014e64f0
0x000000016faa2840:   000000016faa2870 000000010f25ab08
0x000000016faa2850:   49e00fcc9dc00071 0000000000000000
0x000000016faa2860:   0000000000000000 00006000003a3940
0x000000016faa2870:   000000016faa28b0 000000019d53c318
0x000000016faa2880:   000000016faa2988 00006000014e6510
0x000000016faa2890:   00006000014e64f0 49e00fcc9dc00071
0x000000016faa28a0:   0000000000000000 0000000000000000
0x000000016faa28b0:   000000016faa28f0 2e0e00019d5088ac
0x000000016faa28c0:   000000016faa2988 00000001209087c0
0x000000016faa28d0:   0000000000000000 00000001050133c8
0x000000016faa28e0:   000000016faa2900 0000000120907730
0x000000016faa28f0:   000000016faa2960 32468001209098ac
0x000000016faa2900:   000000016faa2968 0000000152970b08
0x000000016faa2910:   000000016faa2910 0000000000000000
0x000000016faa2920:   000000016faa2988 0000000152854aa8
0x000000016faa2930:   00000007800af828 0000000000000000
0x000000016faa2940:   0000000000000000 000000015282c8f0
0x000000016faa2950:   0000000000000000 000000016faa2960
0x000000016faa2960:   000000016faa29e0 0000000120905fc8
0x000000016faa2970:   0000000000000000 0000000000000000 

Instructions: (pc=0x00000001209014f0)
0x00000001209013f0:   f2a09fa9 f2c00029 6d425935 1e640886
0x0000000120901400:   0c402d31 1e6408c7 1f5654d0 1e6c1017
0x0000000120901410:   1f5050d0 1f504cd0 1f5048d0 1e650af6
0x0000000120901420:   1f50d8f6 1f5694d6 1f5158f6 1e762880
0x0000000120901430:   36000501 1e614000 14000026 2e251ca5
0x0000000120901440:   d2903009 f2a09fa9 f2c00029 6d425d36
0x0000000120901450:   1e600806 0c402d32 1f5758c7 1e6c101a
0x0000000120901460:   1f4754c7 1e650805 1f4750c7 d2866668
0x0000000120901470:   f2a7fa68 1f474cc7 1e6608c0 1f4748c7
0x0000000120901480:   1e6e1019 eb08007f 540000ac 1f479400
0x0000000120901490:   1f460340 1e603b20 1400000e d2a7fd29
0x00000001209014a0:   eb09007f 540000ac 51480069 d3607d29
0x00000001209014b0:   9e670121 14000002 1e6a5001 1f679417
0x00000001209014c0:   1f668742 1e613b23 1e773857 1e773860
0x00000001209014d0:   a8c17ff3 910003bf a8c17bfd d65f03c0
0x00000001209014e0:   b9400001 aa0103e0 d65f03c0 f9400001
0x00000001209014f0:   aa0103e0 d65f03c0 00000000 00000000
0x0000000120901500:   00000000 00000000 00000000 00000000
0x0000000120901510:   00000000 00000000 00000000 00000000
0x0000000120901520:   00000000 00000000 00000000 00000000
0x0000000120901530:   00000000 00000000 00000000 00000000
0x0000000120901540:   00000000 00000000 00000000 00000000
0x0000000120901550:   00000000 00000000 00000000 00000000
0x0000000120901560:   00000000 00000000 00000000 00000000
0x0000000120901570:   00000000 00000000 00000000 00000000
0x0000000120901580:   00000000 00000000 00000000 00000000
0x0000000120901590:   00000000 00000000 00000000 00000000
0x00000001209015a0:   00000000 00000000 00000000 00000000
0x00000001209015b0:   00000000 00000000 00000000 00000000
0x00000001209015c0:   00000000 00000000 00000000 00000000
0x00000001209015d0:   00000000 00000000 00000000 00000000
0x00000001209015e0:   00000000 00000000 00000000 00000000 


Stack slot to memory mapping:
stack at sp + 0 slots: 0x0000000152854aa8 is pointing into metadata
stack at sp + 1 slots: 0x0000000000000001 is an unknown value
stack at sp + 2 slots: 0x000000016faa2988 is pointing into the stack for thread: 0x0000000120129000
stack at sp + 3 slots: 0x0 is NULL
stack at sp + 4 slots: 0x000000011e84a0a8 points into unknown readable memory: 0x0000000104fc6888 | 88 68 fc 04 01 00 00 00
stack at sp + 5 slots: 0x000000010f806590 is a global jni handle
stack at sp + 6 slots: 0x000000010f806590 is a global jni handle
stack at sp + 7 slots: 0x0000600003d34310 points into unknown readable memory: 0x000060000141b1e0 | e0 b1 41 01 00 60 00 00

StubRoutines::SafeFetchN [0x00000001209014ec, 0x00000001209014f8] (12 bytes)
[MachCode]
  0x00000001209014ec: 0100 40f9 | e003 01aa | c003 5fd6 
[/MachCode]

---------------  P R O C E S S  ---------------

Threads class SMR info:
_java_thread_list=0x000060000166f680, length=25, elements={
0x0000000119008200, 0x000000011e808200, 0x000000011e80aa00, 0x000000011e80a400,
0x000000011e809400, 0x000000011e80d200, 0x000000011e80d800, 0x000000011e80de00,
0x000000011800ae00, 0x000000012000da00, 0x000000011e83ce00, 0x000000011f82ea00,
0x0000000119059a00, 0x0000000120129000, 0x000000011e849e00, 0x000000011e918e00,
0x000000011905dc00, 0x0000000120180400, 0x00000001201d6600, 0x000000011da80a00,
0x0000000120306e00, 0x000000011909fa00, 0x000000012031ca00, 0x000000011f8b3000,
0x000000011905d000
}

Java Threads: ( => current thread )
  0x0000000119008200 JavaThread "main" [_thread_blocked, id=10499, stack(0x000000016ce98000,0x000000016d09b000)]
  0x000000011e808200 JavaThread "Reference Handler" daemon [_thread_blocked, id=16899, stack(0x000000016dcec000,0x000000016deef000)]
  0x000000011e80aa00 JavaThread "Finalizer" daemon [_thread_blocked, id=16643, stack(0x000000016def8000,0x000000016e0fb000)]
  0x000000011e80a400 JavaThread "Signal Dispatcher" daemon [_thread_blocked, id=23299, stack(0x000000016e21c000,0x000000016e41f000)]
  0x000000011e809400 JavaThread "Service Thread" daemon [_thread_blocked, id=42499, stack(0x000000016e428000,0x000000016e62b000)]
  0x000000011e80d200 JavaThread "Monitor Deflation Thread" daemon [_thread_blocked, id=41987, stack(0x000000016e634000,0x000000016e837000)]
  0x000000011e80d800 JavaThread "C2 CompilerThread0" daemon [_thread_blocked, id=41731, stack(0x000000016e840000,0x000000016ea43000)]
  0x000000011e80de00 JavaThread "C1 CompilerThread0" daemon [_thread_in_native, id=41219, stack(0x000000016ea4c000,0x000000016ec4f000)]
  0x000000011800ae00 JavaThread "Sweeper thread" daemon [_thread_blocked, id=23811, stack(0x000000016ec58000,0x000000016ee5b000)]
  0x000000012000da00 JavaThread "Common-Cleaner" daemon [_thread_blocked, id=40451, stack(0x000000016ee64000,0x000000016f067000)]
  0x000000011e83ce00 JavaThread "Monitor Ctrl-Break" daemon [_thread_in_native, id=40195, stack(0x000000016f070000,0x000000016f273000)]
  0x000000011f82ea00 JavaThread "Notification Thread" daemon [_thread_blocked, id=24323, stack(0x000000016f27c000,0x000000016f47f000)]
  0x0000000119059a00 JavaThread "QuantumRenderer-0" daemon [_thread_blocked, id=24835, stack(0x000000016f694000,0x000000016f897000)]
=>0x0000000120129000 JavaThread "InvokeLaterDispatcher" daemon [_thread_in_native, id=28683, stack(0x000000016f8a0000,0x000000016faa3000)]
  0x000000011e849e00 JavaThread "JavaFX Application Thread" [_thread_in_vm, id=259, stack(0x000000016c610000,0x000000016ce0c000)]
  0x000000011e918e00 JavaThread "JavaFX-Launcher" [_thread_blocked, id=55299, stack(0x0000000178004000,0x0000000178207000)]
  0x000000011905dc00 JavaThread "Attach Listener" daemon [_thread_blocked, id=51463, stack(0x0000000178e58000,0x000000017905b000)]
  0x0000000120180400 JavaThread "JFXMedia Player EventQueueThread" daemon [_thread_blocked, id=70407, stack(0x0000000179064000,0x0000000179267000)]
  0x00000001201d6600 JavaThread "Prism Font Disposer" daemon [_thread_blocked, id=91655, stack(0x000000017dbe8000,0x000000017ddeb000)]
  0x000000011da80a00 JavaThread "Media Resource Disposer" daemon [_thread_blocked, id=165383, stack(0x000000017f840000,0x000000017fa43000)]
  0x0000000120306e00 JavaThread "Cleaner-0" daemon [_thread_blocked, id=76567, stack(0x000000017fa4c000,0x000000017fc4f000)]
  0x000000011909fa00 JavaThread "JFXMedia Player EventQueueThread" daemon [_thread_blocked, id=164655, stack(0x0000000281d48000,0x0000000281f4b000)]
  0x000000012031ca00 JavaThread "Timer-0" [_thread_blocked, id=99331, stack(0x000000028206c000,0x000000028226f000)]
  0x000000011f8b3000 JavaThread "Timer-1" daemon [_thread_blocked, id=171551, stack(0x0000000282278000,0x000000028247b000)]
  0x000000011905d000 JavaThread "PulseTimer-CVDisplayLink thread" daemon [_thread_in_native, id=97311, stack(0x00000001792fc000,0x000000017937f000)]

Other Threads:
  0x000000010f608aa0 VMThread "VM Thread" [stack: 0x000000016dae0000,0x000000016dce3000] [id=14851]
  0x000000010f707140 WatcherThread [stack: 0x000000016f488000,0x000000016f68b000] [id=24579]
  0x000000011f606a20 GCTaskThread "GC Thread#0" [stack: 0x000000016d0a4000,0x000000016d2a7000] [id=19459]
  0x0000000120828910 GCTaskThread "GC Thread#1" [stack: 0x0000000178210000,0x0000000178413000] [id=71427]
  0x000000011f709280 GCTaskThread "GC Thread#2" [stack: 0x000000017841c000,0x000000017861f000] [id=57091]
  0x000000011f709740 GCTaskThread "GC Thread#3" [stack: 0x0000000178628000,0x000000017882b000] [id=57603]
  0x0000000120828d90 GCTaskThread "GC Thread#4" [stack: 0x0000000178834000,0x0000000178a37000] [id=58115]
  0x0000000120829210 GCTaskThread "GC Thread#5" [stack: 0x0000000178a40000,0x0000000178c43000] [id=70915]
  0x000000011f709bc0 GCTaskThread "GC Thread#6" [stack: 0x0000000178c4c000,0x0000000178e4f000] [id=58371]
  0x000000012085c710 GCTaskThread "GC Thread#7" [stack: 0x000000017ddf4000,0x000000017dff7000] [id=170499]
  0x000000010f704990 ConcurrentGCThread "G1 Main Marker" [stack: 0x000000016d2b0000,0x000000016d4b3000] [id=18947]
  0x000000011f606ea0 ConcurrentGCThread "G1 Conc#0" [stack: 0x000000016d4bc000,0x000000016d6bf000] [id=18435]
  0x000000010f645950 ConcurrentGCThread "G1 Conc#1" [stack: 0x000000017e000000,0x000000017e203000] [id=91907]
  0x000000010f604990 ConcurrentGCThread "G1 Refine#0" [stack: 0x000000016d6c8000,0x000000016d8cb000] [id=13059]
  0x000000010f605060 ConcurrentGCThread "G1 Service" [stack: 0x000000016d8d4000,0x000000016dad7000] [id=13315]

Threads with active compile tasks:

VM state: not at safepoint (normal execution)

VM Mutex/Monitor currently owned by a thread: None

Heap address: 0x0000000780000000, size: 2048 MB, Compressed Oops mode: Zero based, Oop shift amount: 3

CDS archive(s) not mapped
Compressed class space mapped at: 0x0000000800000000-0x0000000840000000, reserved size: 1073741824
Narrow klass base: 0x0000000800000000, Narrow klass shift: 0, Narrow klass range: 0x40000000

GC Precious Log:
 CPUs: 8 total, 8 available
 Memory: 8192M
 Large Page Support: Disabled
 NUMA Support: Disabled
 Compressed Oops: Enabled (Zero based)
 Heap Region Size: 1M
 Heap Min Capacity: 8M
 Heap Initial Capacity: 128M
 Heap Max Capacity: 2G
 Pre-touch: Disabled
 Parallel Workers: 8
 Concurrent Workers: 2
 Concurrent Refinement Workers: 8
 Periodic GC: Disabled

Heap:
 garbage-first heap   total 34816K, used 13158K [0x0000000780000000, 0x0000000800000000)
  region size 1024K, 3 young (3072K), 1 survivors (1024K)
 Metaspace       used 25602K, committed 25856K, reserved 1073152K
  class space    used 3320K, committed 3456K, reserved 1048576K

Heap Regions: E=young(eden), S=young(survivor), O=old, HS=humongous(starts), HC=humongous(continues), CS=collection set, F=free, OA=open archive, CA=closed archive, TAMS=top-at-mark-start (previous, next)
|   0|0x0000000780000000, 0x0000000780100000, 0x0000000780100000|100%| O|  |TAMS 0x000000078009ac00, 0x0000000780000000| Untracked 
|   1|0x0000000780100000, 0x0000000780200000, 0x0000000780200000|100%| O|  |TAMS 0x0000000780100000, 0x0000000780100000| Untracked 
|   2|0x0000000780200000, 0x0000000780300000, 0x0000000780300000|100%| O|  |TAMS 0x0000000780200000, 0x0000000780200000| Untracked 
|   3|0x0000000780300000, 0x0000000780300000, 0x0000000780400000|  0%| F|  |TAMS 0x0000000780300000, 0x0000000780300000| Untracked 
|   4|0x0000000780400000, 0x0000000780500000, 0x0000000780500000|100%|HS|  |TAMS 0x0000000780400000, 0x0000000780400000| Complete 
|   5|0x0000000780500000, 0x0000000780600000, 0x0000000780600000|100%|HC|  |TAMS 0x0000000780500000, 0x0000000780500000| Complete 
|   6|0x0000000780600000, 0x0000000780700000, 0x0000000780700000|100%| O|  |TAMS 0x0000000780600000, 0x0000000780600000| Untracked 
|   7|0x0000000780700000, 0x0000000780800000, 0x0000000780800000|100%| O|  |TAMS 0x0000000780700000, 0x0000000780700000| Untracked 
|   8|0x0000000780800000, 0x0000000780900000, 0x0000000780900000|100%| O|  |TAMS 0x0000000780800000, 0x0000000780800000| Untracked 
|   9|0x0000000780900000, 0x0000000780a00000, 0x0000000780a00000|100%| O|  |TAMS 0x0000000780900000, 0x0000000780900000| Untracked 
|  10|0x0000000780a00000, 0x0000000780b00000, 0x0000000780b00000|100%| O|  |TAMS 0x0000000780a00000, 0x0000000780a00000| Untracked 
|  11|0x0000000780b00000, 0x0000000780b00000, 0x0000000780c00000|  0%| F|  |TAMS 0x0000000780b00000, 0x0000000780b00000| Untracked 
|  12|0x0000000780c00000, 0x0000000780c00000, 0x0000000780d00000|  0%| F|  |TAMS 0x0000000780c00000, 0x0000000780c00000| Untracked 
|  13|0x0000000780d00000, 0x0000000780e00000, 0x0000000780e00000|100%| O|  |TAMS 0x0000000780d00000, 0x0000000780d00000| Untracked 
|  14|0x0000000780e00000, 0x0000000780e85a00, 0x0000000780f00000| 52%| O|  |TAMS 0x0000000780e00000, 0x0000000780e00000| Untracked 
|  15|0x0000000780f00000, 0x0000000780f00000, 0x0000000781000000|  0%| F|  |TAMS 0x0000000780f00000, 0x0000000780f00000| Untracked 
|  16|0x0000000781000000, 0x0000000781000000, 0x0000000781100000|  0%| F|  |TAMS 0x0000000781000000, 0x0000000781000000| Untracked 
|  17|0x0000000781100000, 0x0000000781100000, 0x0000000781200000|  0%| F|  |TAMS 0x0000000781100000, 0x0000000781100000| Untracked 
|  18|0x0000000781200000, 0x0000000781200000, 0x0000000781300000|  0%| F|  |TAMS 0x0000000781200000, 0x0000000781200000| Untracked 
|  19|0x0000000781300000, 0x0000000781300000, 0x0000000781400000|  0%| F|  |TAMS 0x0000000781300000, 0x0000000781300000| Untracked 
|  20|0x0000000781400000, 0x0000000781400000, 0x0000000781500000|  0%| F|  |TAMS 0x0000000781400000, 0x0000000781400000| Untracked 
|  21|0x0000000781500000, 0x0000000781500000, 0x0000000781600000|  0%| F|  |TAMS 0x0000000781500000, 0x0000000781500000| Untracked 
|  22|0x0000000781600000, 0x0000000781600000, 0x0000000781700000|  0%| F|  |TAMS 0x0000000781600000, 0x0000000781600000| Untracked 
|  23|0x0000000781700000, 0x0000000781700000, 0x0000000781800000|  0%| F|  |TAMS 0x0000000781700000, 0x0000000781700000| Untracked 
|  24|0x0000000781800000, 0x0000000781800000, 0x0000000781900000|  0%| F|  |TAMS 0x0000000781800000, 0x0000000781800000| Untracked 
|  25|0x0000000781900000, 0x0000000781900000, 0x0000000781a00000|  0%| F|  |TAMS 0x0000000781900000, 0x0000000781900000| Untracked 
|  26|0x0000000781a00000, 0x0000000781a00000, 0x0000000781b00000|  0%| F|  |TAMS 0x0000000781a00000, 0x0000000781a00000| Untracked 
|  27|0x0000000781b00000, 0x0000000781b00000, 0x0000000781c00000|  0%| F|  |TAMS 0x0000000781b00000, 0x0000000781b00000| Untracked 
|  96|0x0000000786000000, 0x0000000786000000, 0x0000000786100000|  0%| F|  |TAMS 0x0000000786000000, 0x0000000786000000| Untracked 
|  97|0x0000000786100000, 0x0000000786100000, 0x0000000786200000|  0%| F|  |TAMS 0x0000000786100000, 0x0000000786100000| Untracked 
|  98|0x0000000786200000, 0x0000000786200000, 0x0000000786300000|  0%| F|  |TAMS 0x0000000786200000, 0x0000000786200000| Untracked 
|  99|0x0000000786300000, 0x00000007863258c0, 0x0000000786400000| 14%| E|  |TAMS 0x0000000786300000, 0x0000000786300000| Complete 
| 100|0x0000000786400000, 0x0000000786454090, 0x0000000786500000| 32%| S|CS|TAMS 0x0000000786400000, 0x0000000786400000| Complete 
| 127|0x0000000787f00000, 0x0000000788000000, 0x0000000788000000|100%| E|CS|TAMS 0x0000000787f00000, 0x0000000787f00000| Complete 

Card table byte_map: [0x0000000103988000,0x0000000103d88000] _byte_map_base: 0x00000000ffd88000

Marking Bits (Prev, Next): (CMBitMap*) 0x0000000119010850, (CMBitMap*) 0x0000000119010810
 Prev Bits: [0x0000000119800000, 0x000000011b800000)
 Next Bits: [0x000000010ce18000, 0x000000010ee18000)

Polling page: 0x0000000103178000

Metaspace:

Usage:
  Non-class:     21.76 MB used.
      Class:      3.24 MB used.
       Both:     25.00 MB used.

Virtual space:
  Non-class space:       24.00 MB reserved,      21.88 MB ( 91%) committed,  3 nodes.
      Class space:        1.00 GB reserved,       3.38 MB ( <1%) committed,  1 nodes.
             Both:        1.02 GB reserved,      25.25 MB (  2%) committed. 

Chunk freelists:
   Non-Class:  2.17 MB
       Class:  636.00 KB
        Both:  2.79 MB

MaxMetaspaceSize: unlimited
CompressedClassSpaceSize: 1.00 GB
Initial GC threshold: 21.00 MB
Current GC threshold: 35.12 MB
CDS: off
MetaspaceReclaimPolicy: balanced
 - commit_granule_bytes: 65536.
 - commit_granule_words: 8192.
 - virtual_space_node_default_size: 1048576.
 - enlarge_chunks_in_place: 1.
 - new_chunks_are_fully_committed: 0.
 - uncommit_free_chunks: 1.
 - use_allocation_guard: 0.
 - handle_deallocations: 1.


Internal statistics:

num_allocs_failed_limit: 3.
num_arena_births: 206.
num_arena_deaths: 0.
num_vsnodes_births: 4.
num_vsnodes_deaths: 0.
num_space_committed: 404.
num_space_uncommitted: 0.
num_chunks_returned_to_freelist: 3.
num_chunks_taken_from_freelist: 768.
num_chunk_merges: 3.
num_chunk_splits: 519.
num_chunks_enlarged: 396.
num_purges: 0.
num_inconsistent_stats: 0.

CodeHeap 'non-profiled nmethods': size=120032Kb used=878Kb max_used=878Kb free=119153Kb
 bounds [0x00000001283c8000, 0x0000000128638000, 0x000000012f900000]
CodeHeap 'profiled nmethods': size=120016Kb used=4635Kb max_used=4635Kb free=115380Kb
 bounds [0x0000000120e94000, 0x0000000121324000, 0x00000001283c8000]
CodeHeap 'non-nmethods': size=5712Kb used=1401Kb max_used=1459Kb free=4310Kb
 bounds [0x0000000120900000, 0x0000000120b70000, 0x0000000120e94000]
 total_blobs=3133 nmethods=2335 adapters=714
 compilation: enabled
              stopped_count=0, restarted_count=0
 full_count=0

Compilation events (20 events):
Event: 4.720 Thread 0x000000011e80de00 nmethod 2404 0x0000000121314290 code [0x0000000121314440, 0x00000001213145d8]
Event: 4.720 Thread 0x000000011e80de00 2406       3       java.lang.Thread::interrupted (23 bytes)
Event: 4.720 Thread 0x000000011e80de00 nmethod 2406 0x0000000121314690 code [0x0000000121314840, 0x0000000121314a18]
Event: 4.950 Thread 0x000000011e80de00 2407       3       com.sun.javafx.geom.Vec3d::length (33 bytes)
Event: 4.950 Thread 0x000000011e80de00 nmethod 2407 0x0000000121314b10 code [0x0000000121314cc0, 0x0000000121314e28]
Event: 4.950 Thread 0x000000011e80de00 2408       1       javafx.scene.Scene::isDepthBuffer (5 bytes)
Event: 4.950 Thread 0x000000011e80de00 nmethod 2408 0x00000001284a1d90 code [0x00000001284a1f00, 0x00000001284a1fe8]
Event: 4.950 Thread 0x000000011e80de00 2409       1       javafx.scene.Scene$TargetWrapper::getResult (5 bytes)
Event: 4.950 Thread 0x000000011e80de00 nmethod 2409 0x00000001284a2090 code [0x00000001284a2200, 0x00000001284a22e8]
Event: 4.951 Thread 0x000000011e80de00 2410       1       javafx.scene.input.MouseEvent::getClickCount (5 bytes)
Event: 4.951 Thread 0x000000011e80de00 nmethod 2410 0x00000001284a2390 code [0x00000001284a2500, 0x00000001284a25e8]
Event: 4.951 Thread 0x000000011e80de00 2411       1       javafx.scene.input.MouseEvent::isStillSincePress (5 bytes)
Event: 4.951 Thread 0x000000011e80de00 nmethod 2411 0x00000001284a2690 code [0x00000001284a2800, 0x00000001284a28e8]
Event: 5.176 Thread 0x000000011e80de00 2412       3       javafx.scene.Parent::pickChildrenNode (53 bytes)
Event: 5.177 Thread 0x000000011e80de00 nmethod 2412 0x0000000121314f10 code [0x0000000121315140, 0x0000000121315768]
Event: 5.177 Thread 0x000000011e80de00 2413       3       javafx.scene.Node::getCursor (21 bytes)
Event: 5.178 Thread 0x000000011e80de00 nmethod 2413 0x0000000121315990 code [0x0000000121315b80, 0x0000000121316198]
Event: 5.500 Thread 0x000000011e80de00 2414       3       com.sun.javafx.tk.Toolkit::runPulse (26 bytes)
Event: 5.503 Thread 0x000000011e80de00 nmethod 2414 0x0000000121316310 code [0x0000000121316600, 0x00000001213171c8]
Event: 5.503 Thread 0x000000011e80de00 2416       3       javafx.scene.layout.Region::snappedBottomInset (21 bytes)

GC Heap History (8 events):
Event: 0.920 GC heap before
{Heap before GC invocations=0 (full 0):
 garbage-first heap   total 131072K, used 22528K [0x0000000780000000, 0x0000000800000000)
  region size 1024K, 23 young (23552K), 0 survivors (0K)
 Metaspace       used 14284K, committed 14464K, reserved 1064960K
  class space    used 1568K, committed 1664K, reserved 1048576K
}
Event: 0.930 GC heap after
{Heap after GC invocations=1 (full 0):
 garbage-first heap   total 131072K, used 3691K [0x0000000780000000, 0x0000000800000000)
  region size 1024K, 3 young (3072K), 3 survivors (3072K)
 Metaspace       used 14284K, committed 14464K, reserved 1064960K
  class space    used 1568K, committed 1664K, reserved 1048576K
}
Event: 1.833 GC heap before
{Heap before GC invocations=1 (full 0):
 garbage-first heap   total 131072K, used 27243K [0x0000000780000000, 0x0000000800000000)
  region size 1024K, 27 young (27648K), 3 survivors (3072K)
 Metaspace       used 21352K, committed 21504K, reserved 1073152K
  class space    used 2557K, committed 2624K, reserved 1048576K
}
Event: 1.837 GC heap after
{Heap after GC invocations=2 (full 0):
 garbage-first heap   total 131072K, used 7811K [0x0000000780000000, 0x0000000800000000)
  region size 1024K, 5 young (5120K), 5 survivors (5120K)
 Metaspace       used 21352K, committed 21504K, reserved 1073152K
  class space    used 2557K, committed 2624K, reserved 1048576K
}
Event: 2.583 GC heap before
{Heap before GC invocations=3 (full 0):
 garbage-first heap   total 34816K, used 25219K [0x0000000780000000, 0x0000000800000000)
  region size 1024K, 21 young (21504K), 5 survivors (5120K)
 Metaspace       used 25231K, committed 25472K, reserved 1073152K
  class space    used 3282K, committed 3392K, reserved 1048576K
}
Event: 2.587 GC heap after
{Heap after GC invocations=4 (full 0):
 garbage-first heap   total 34816K, used 11854K [0x0000000780000000, 0x0000000800000000)
  region size 1024K, 2 young (2048K), 2 survivors (2048K)
 Metaspace       used 25231K, committed 25472K, reserved 1073152K
  class space    used 3282K, committed 3392K, reserved 1048576K
}
Event: 3.727 GC heap before
{Heap before GC invocations=4 (full 0):
 garbage-first heap   total 34816K, used 12878K [0x0000000780000000, 0x0000000800000000)
  region size 1024K, 3 young (3072K), 2 survivors (2048K)
 Metaspace       used 25461K, committed 25728K, reserved 1073152K
  class space    used 3309K, committed 3456K, reserved 1048576K
}
Event: 3.729 GC heap after
{Heap after GC invocations=5 (full 0):
 garbage-first heap   total 34816K, used 12134K [0x0000000780000000, 0x0000000800000000)
  region size 1024K, 1 young (1024K), 1 survivors (1024K)
 Metaspace       used 25461K, committed 25728K, reserved 1073152K
  class space    used 3309K, committed 3456K, reserved 1048576K
}

Deoptimization events (20 events):
Event: 2.110 Thread 0x0000000119059a00 DEOPT PACKING pc=0x000000012125eef4 sp=0x000000016f8954b0
Event: 2.110 Thread 0x0000000119059a00 DEOPT UNPACKING pc=0x000000012093eb7c sp=0x000000016f895110 mode 0
Event: 2.110 Thread 0x0000000119059a00 DEOPT PACKING pc=0x000000012125efb8 sp=0x000000016f8954b0
Event: 2.110 Thread 0x0000000119059a00 DEOPT UNPACKING pc=0x000000012093eb7c sp=0x000000016f895110 mode 0
Event: 2.111 Thread 0x0000000119059a00 DEOPT PACKING pc=0x000000012125eef4 sp=0x000000016f8954b0
Event: 2.111 Thread 0x0000000119059a00 DEOPT UNPACKING pc=0x000000012093eb7c sp=0x000000016f895110 mode 0
Event: 2.112 Thread 0x0000000119059a00 DEOPT PACKING pc=0x000000012125efb8 sp=0x000000016f8954b0
Event: 2.112 Thread 0x0000000119059a00 DEOPT UNPACKING pc=0x000000012093eb7c sp=0x000000016f895110 mode 0
Event: 2.112 Thread 0x0000000119059a00 DEOPT PACKING pc=0x000000012125eef4 sp=0x000000016f8954b0
Event: 2.112 Thread 0x0000000119059a00 DEOPT UNPACKING pc=0x000000012093eb7c sp=0x000000016f895110 mode 0
Event: 2.113 Thread 0x0000000119059a00 DEOPT PACKING pc=0x000000012125efb8 sp=0x000000016f8954b0
Event: 2.113 Thread 0x0000000119059a00 DEOPT UNPACKING pc=0x000000012093eb7c sp=0x000000016f895110 mode 0
Event: 2.114 Thread 0x0000000119059a00 DEOPT PACKING pc=0x000000012125efb8 sp=0x000000016f8954b0
Event: 2.114 Thread 0x0000000119059a00 DEOPT UNPACKING pc=0x000000012093eb7c sp=0x000000016f895110 mode 0
Event: 2.593 Thread 0x0000000119059a00 DEOPT PACKING pc=0x000000012128a480 sp=0x000000016f8956d0
Event: 2.593 Thread 0x0000000119059a00 DEOPT UNPACKING pc=0x000000012093eb7c sp=0x000000016f8952d0 mode 0
Event: 2.595 Thread 0x0000000119059a00 DEOPT PACKING pc=0x000000012128f154 sp=0x000000016f8957f0
Event: 2.595 Thread 0x0000000119059a00 DEOPT UNPACKING pc=0x000000012093eb7c sp=0x000000016f895410 mode 0
Event: 2.875 Thread 0x0000000119059a00 DEOPT PACKING pc=0x000000012128e760 sp=0x000000016f8957b0
Event: 2.875 Thread 0x0000000119059a00 DEOPT UNPACKING pc=0x000000012093eb7c sp=0x000000016f895450 mode 0

Classes unloaded (0 events):
No events

Classes redefined (0 events):
No events

Internal exceptions (20 events):
Event: 1.810 Thread 0x000000011e849e00 Exception <a 'sun/nio/fs/UnixException'{0x0000000786ab2638}> (0x0000000786ab2638) 
thrown [../../src/hotspot/share/prims/jni.cpp, line 516]
Event: 1.815 Thread 0x000000011e849e00 Exception <a 'java/lang/ClassNotFoundException'{0x0000000786ac4760}: sun/util/logging/resources/spi/loggingProvider> (0x0000000786ac4760) 
thrown [../../src/hotspot/share/classfile/systemDictionary.cpp, line 256]
Event: 1.840 Thread 0x000000011e849e00 Exception <a 'java/lang/NoSuchMethodError'{0x0000000787f18cd8}: 'java.lang.Object java.lang.invoke.DirectMethodHandle$Holder.invokeInterface(java.lang.Object, java.lang.Object, java.lang.Object)'> (0x0000000787f18cd8) 
thrown [../../src/hotspot/share/interpreter/linkResolver.cpp, line 766]
Event: 1.840 Thread 0x000000011e849e00 Exception <a 'java/lang/IncompatibleClassChangeError'{0x0000000787f1c660}: Found class java.lang.Object, but interface was expected> (0x0000000787f1c660) 
thrown [../../src/hotspot/share/interpreter/linkResolver.cpp, line 833]
Event: 1.864 Thread 0x000000011e849e00 Exception <a 'java/lang/ClassNotFoundException'{0x0000000781bd4c70}: com/sun/javafx/scene/control/skin/resources/controls> (0x0000000781bd4c70) 
thrown [../../src/hotspot/share/prims/jni.cpp, line 535]
Event: 1.864 Thread 0x000000011e849e00 Exception <a 'java/lang/ClassNotFoundException'{0x0000000781be2c10}: com/sun/javafx/scene/control/skin/resources/controls_en> (0x0000000781be2c10) 
thrown [../../src/hotspot/share/prims/jni.cpp, line 535]
Event: 1.864 Thread 0x000000011e849e00 Exception <a 'java/lang/ClassNotFoundException'{0x0000000781be3ba8}: com/sun/javafx/scene/control/skin/resources/controls_en_IN> (0x0000000781be3ba8) 
thrown [../../src/hotspot/share/prims/jni.cpp, line 535]
Event: 1.913 Thread 0x000000011e849e00 Exception <a 'java/lang/NoSuchMethodError'{0x00000007816b5540}: 'void java.lang.invoke.DirectMethodHandle$Holder.invokeSpecialIFC(java.lang.Object, java.lang.Object, java.lang.Object, java.lang.Object)'> (0x00000007816b5540) 
thrown [../../src/hotspot/share/interpreter/linkResolver.cpp, line 766]
Event: 1.932 Thread 0x000000011e849e00 Exception <a 'java/lang/NoSuchMethodError'{0x000000078149dc90}: 'int java.lang.invoke.DirectMethodHandle$Holder.invokeSpecial(java.lang.Object, java.lang.Object, int)'> (0x000000078149dc90) 
thrown [../../src/hotspot/share/interpreter/linkResolver.cpp, line 766]
Event: 1.988 Thread 0x000000011e849e00 Exception <a 'java/lang/NoSuchMethodError'{0x00000007812f1680}: 'java.lang.Object java.lang.invoke.DirectMethodHandle$Holder.newInvokeSpecial(java.lang.Object, java.lang.Object, int)'> (0x00000007812f1680) 
thrown [../../src/hotspot/share/interpreter/linkResolver.cpp, line 766]
Event: 2.022 Thread 0x000000011e849e00 Exception <a 'java/lang/NoSuchMethodError'{0x000000078110eb98}: 'void java.lang.invoke.DirectMethodHandle$Holder.invokeSpecial(java.lang.Object, java.lang.Object, double)'> (0x000000078110eb98) 
thrown [../../src/hotspot/share/interpreter/linkResolver.cpp, line 766]
Event: 2.022 Thread 0x000000011e849e00 Exception <a 'java/lang/NoSuchMethodError'{0x0000000781114ff0}: 'java.lang.Object java.lang.invoke.DirectMethodHandle$Holder.newInvokeSpecial(java.lang.Object, java.lang.Object, double)'> (0x0000000781114ff0) 
thrown [../../src/hotspot/share/interpreter/linkResolver.cpp, line 766]
Event: 2.022 Thread 0x000000011e849e00 Exception <a 'java/lang/NoSuchMethodError'{0x0000000781118eb8}: 'java.lang.Object java.lang.invoke.DirectMethodHandle$Holder.invokeSpecial(java.lang.Object, java.lang.Object, java.lang.Object, double)'> (0x0000000781118eb8) 
thrown [../../src/hotspot/share/interpreter/linkResolver.cpp, line 766]
Event: 2.056 Thread 0x0000000119059a00 Exception <a 'java/lang/NoSuchMethodError'{0x000000078108ddc0}: 'int java.lang.invoke.DirectMethodHandle$Holder.invokeStaticInit(java.lang.Object, java.lang.Object)'> (0x000000078108ddc0) 
thrown [../../src/hotspot/share/interpreter/linkResolver.cpp, line 766]
Event: 2.144 Thread 0x0000000119059a00 Exception <a 'java/lang/NoSuchMethodError'{0x0000000780d2cca0}: 'java.lang.Object java.lang.invoke.DirectMethodHandle$Holder.invokeStaticInit(java.lang.Object, int)'> (0x0000000780d2cca0) 
thrown [../../src/hotspot/share/interpreter/linkResolver.cpp, line 766]
Event: 2.868 Thread 0x000000011e849e00 Exception <a 'java/lang/NoSuchMethodError'{0x0000000787f79d38}: 'long java.lang.invoke.DirectMethodHandle$Holder.invokeStatic(java.lang.Object, java.lang.Object, java.lang.Object)'> (0x0000000787f79d38) 
thrown [../../src/hotspot/share/interpreter/linkResolver.cpp, line 766]
Event: 2.868 Thread 0x000000011e849e00 Exception <a 'java/lang/NoSuchMethodError'{0x0000000787f7d8e8}: 'long java.lang.invoke.DirectMethodHandle$Holder.invokeStaticInit(java.lang.Object, java.lang.Object, java.lang.Object)'> (0x0000000787f7d8e8) 
thrown [../../src/hotspot/share/interpreter/linkResolver.cpp, line 766]
Event: 2.870 Thread 0x000000011e849e00 Exception <a 'java/lang/NoSuchMethodError'{0x0000000787f96d48}: 'java.lang.Object java.lang.invoke.DirectMethodHandle$Holder.newInvokeSpecial(java.lang.Object, java.lang.Object, long)'> (0x0000000787f96d48) 
thrown [../../src/hotspot/share/interpreter/linkResolver.cpp, line 766]
Event: 2.870 Thread 0x000000011e849e00 Exception <a 'java/lang/NoSuchMethodError'{0x0000000787f9aa28}: 'java.lang.Object java.lang.invoke.Invokers$Holder.linkToTargetMethod(java.lang.Object, long, java.lang.Object)'> (0x0000000787f9aa28) 
thrown [../../src/hotspot/share/interpreter/linkResolver.cpp, line 766]
Event: 2.954 Thread 0x000000011e849e00 Exception <a 'java/lang/reflect/InvocationTargetException'{0x0000000787fbd7e8}> (0x0000000787fbd7e8) 
thrown [../../src/hotspot/share/runtime/reflection.cpp, line 1121]

VM Operations (20 events):
Event: 1.833 Executing VM operation: CollectForMetadataAllocation
Event: 1.837 Executing VM operation: CollectForMetadataAllocation done
Event: 1.841 Executing VM operation: G1Concurrent
Event: 1.842 Executing VM operation: G1Concurrent done
Event: 1.843 Executing VM operation: G1Concurrent
Event: 1.843 Executing VM operation: G1Concurrent done
Event: 1.881 Executing VM operation: HandshakeAllThreads
Event: 1.881 Executing VM operation: HandshakeAllThreads done
Event: 1.907 Executing VM operation: HandshakeAllThreads
Event: 1.907 Executing VM operation: HandshakeAllThreads done
Event: 1.936 Executing VM operation: ICBufferFull
Event: 1.936 Executing VM operation: ICBufferFull done
Event: 2.583 Executing VM operation: G1CollectForAllocation
Event: 2.587 Executing VM operation: G1CollectForAllocation done
Event: 3.592 Executing VM operation: Cleanup
Event: 3.592 Executing VM operation: Cleanup done
Event: 3.727 Executing VM operation: G1CollectForAllocation
Event: 3.729 Executing VM operation: G1CollectForAllocation done
Event: 4.734 Executing VM operation: Cleanup
Event: 4.734 Executing VM operation: Cleanup done

Events (20 events):
Event: 4.479 loading class sun/text/CompactByteArray
Event: 4.479 Protecting memory [0x000000016fb38000,0x000000016fb44000] with protection modes 0
Event: 4.479 Thread 0x000000011e958c00 Thread added: 0x000000011e958c00
Event: 4.479 Protecting memory [0x000000016fb38000,0x000000016fb44000] with protection modes 3
Event: 4.479 Thread 0x000000011e958c00 Thread exited: 0x000000011e958c00
Event: 4.479 loading class sun/text/CompactByteArray done
Event: 4.479 loading class sun/text/SupplementaryCharacterData
Event: 4.479 loading class sun/text/SupplementaryCharacterData done
Event: 4.479 loading class java/text/BreakIterator$BreakIteratorCache
Event: 4.479 loading class java/text/BreakIterator$BreakIteratorCache done
Event: 4.482 Protecting memory [0x000000016fb38000,0x000000016fb44000] with protection modes 0
Event: 4.482 Thread 0x000000011e958c00 Thread added: 0x000000011e958c00
Event: 4.482 Protecting memory [0x000000016fb38000,0x000000016fb44000] with protection modes 3
Event: 4.482 Thread 0x000000011e958c00 Thread exited: 0x000000011e958c00
Event: 4.483 Thread 0x000000011f8b3000 Thread added: 0x000000011f8b3000
Event: 4.483 Protecting memory [0x0000000282278000,0x0000000282284000] with protection modes 0
Event: 5.133 Protecting memory [0x00000001792fc000,0x0000000179308000] with protection modes 3
Event: 5.133 Thread 0x000000011905d000 Thread exited: 0x000000011905d000
Event: 5.500 Protecting memory [0x00000001792fc000,0x0000000179308000] with protection modes 0
Event: 5.500 Thread 0x000000011905d000 Thread added: 0x000000011905d000


Dynamic libraries:
0x0000000103128000 	/Library/Java/JavaVirtualMachines/temurin-17.jdk/Contents/Home/lib/libjli.dylib
0x00000001a7012000 	/usr/lib/libz.1.dylib
0x00000001a70c9000 	/usr/lib/libSystem.B.dylib
0x00000001a70c3000 	/usr/lib/system/libcache.dylib
0x00000001a7081000 	/usr/lib/system/libcommonCrypto.dylib
0x00000001a70aa000 	/usr/lib/system/libcompiler_rt.dylib
0x00000001a70a1000 	/usr/lib/system/libcopyfile.dylib
0x000000019c2ef000 	/usr/lib/system/libcorecrypto.dylib
0x000000019c3a4000 	/usr/lib/system/libdispatch.dylib
0x000000019c572000 	/usr/lib/system/libdyld.dylib
0x00000001a70b9000 	/usr/lib/system/libkeymgr.dylib
0x00000001a705c000 	/usr/lib/system/libmacho.dylib
0x00000001a674c000 	/usr/lib/system/libquarantine.dylib
0x00000001a70b6000 	/usr/lib/system/libremovefile.dylib
0x00000001a16e8000 	/usr/lib/system/libsystem_asl.dylib
0x000000019c291000 	/usr/lib/system/libsystem_blocks.dylib
0x000000019c42c000 	/usr/lib/system/libsystem_c.dylib
0x00000001a70ae000 	/usr/lib/system/libsystem_collections.dylib
0x00000001a5be1000 	/usr/lib/system/libsystem_configuration.dylib
0x00000001a4e3d000 	/usr/lib/system/libsystem_containermanager.dylib
0x00000001a6db9000 	/usr/lib/system/libsystem_coreservices.dylib
0x000000019eca2000 	/usr/lib/system/libsystem_darwin.dylib
0x00000001a70ba000 	/usr/lib/system/libsystem_dnssd.dylib
0x000000019c429000 	/usr/lib/system/libsystem_featureflags.dylib
0x000000019c587000 	/usr/lib/system/libsystem_info.dylib
0x00000001a7024000 	/usr/lib/system/libsystem_m.dylib
0x000000019c379000 	/usr/lib/system/libsystem_malloc.dylib
0x00000001a1676000 	/usr/lib/system/libsystem_networkextension.dylib
0x000000019f0fb000 	/usr/lib/system/libsystem_notify.dylib
0x00000001ad41c000 	/usr/lib/system/libsystem_product_info_filter.dylib
0x00000001a5be6000 	/usr/lib/system/libsystem_sandbox.dylib
0x00000001a70b3000 	/usr/lib/system/libsystem_secinit.dylib
0x000000019c52d000 	/usr/lib/system/libsystem_kernel.dylib
0x000000019c57f000 	/usr/lib/system/libsystem_platform.dylib
0x000000019c565000 	/usr/lib/system/libsystem_pthread.dylib
0x00000001a2e48000 	/usr/lib/system/libsystem_symptoms.dylib
0x000000019c2d5000 	/usr/lib/system/libsystem_trace.dylib
0x00000001a708e000 	/usr/lib/system/libunwind.dylib
0x000000019c293000 	/usr/lib/system/libxpc.dylib
0x000000019c515000 	/usr/lib/libc++abi.dylib
0x000000019c3eb000 	/usr/lib/libobjc.A.dylib
0x00000001a7099000 	/usr/lib/liboah.dylib
0x000000019c4ae000 	/usr/lib/libc++.1.dylib
0x00000001b2f42000 	/System/Library/Frameworks/Cocoa.framework/Versions/A/Cocoa
0x000000019f15c000 	/System/Library/Frameworks/AppKit.framework/Versions/C/AppKit
0x00000001a266f000 	/System/Library/Frameworks/CoreData.framework/Versions/A/CoreData
0x000000019d4b7000 	/System/Library/Frameworks/Foundation.framework/Versions/C/Foundation
0x00000001a0014000 	/System/Library/PrivateFrameworks/UIFoundation.framework/Versions/A/UIFoundation
0x00000001ad116000 	/System/Library/PrivateFrameworks/RemoteViewServices.framework/Versions/A/RemoteViewServices
0x00000001a5589000 	/System/Library/PrivateFrameworks/XCTTargetBootstrap.framework/Versions/A/XCTTargetBootstrap
0x00000001a8e09000 	/System/Library/PrivateFrameworks/InternationalSupport.framework/Versions/A/InternationalSupport
0x00000001a8e92000 	/System/Library/PrivateFrameworks/UserActivity.framework/Versions/A/UserActivity
0x00000001a8300000 	/usr/lib/libspindump.dylib
0x00000001a0285000 	/System/Library/Frameworks/UniformTypeIdentifiers.framework/Versions/A/UniformTypeIdentifiers
0x00000001a3ad3000 	/usr/lib/libapp_launch_measurement.dylib
0x00000001a2ffa000 	/System/Library/PrivateFrameworks/CoreAnalytics.framework/Versions/A/CoreAnalytics
0x00000001a3ad6000 	/System/Library/PrivateFrameworks/CoreAutoLayout.framework/Versions/A/CoreAutoLayout
0x00000001a4e7a000 	/System/Library/Frameworks/Metal.framework/Versions/A/Metal
0x00000001a5bf1000 	/usr/lib/liblangid.dylib
0x00000001a558e000 	/System/Library/PrivateFrameworks/CoreSVG.framework/Versions/A/CoreSVG
0x00000001a171c000 	/System/Library/PrivateFrameworks/SkyLight.framework/Versions/A/SkyLight
0x00000001a1af5000 	/System/Library/Frameworks/CoreGraphics.framework/Versions/A/CoreGraphics
0x00000001ad7e2000 	/System/Library/Frameworks/Accelerate.framework/Versions/A/Accelerate
0x00000001a7d77000 	/System/Library/PrivateFrameworks/IconServices.framework/Versions/A/IconServices
0x00000001a4e5c000 	/System/Library/Frameworks/IOSurface.framework/Versions/A/IOSurface
0x00000001a302b000 	/usr/lib/libDiagnosticMessagesClient.dylib
0x00000001b0ce3000 	/System/Library/Frameworks/ApplicationServices.framework/Versions/A/ApplicationServices
0x00000001a5571000 	/System/Library/PrivateFrameworks/DFRFoundation.framework/Versions/A/DFRFoundation
0x000000019e9ec000 	/usr/lib/libicucore.A.dylib
0x00000001a9cb6000 	/System/Library/Frameworks/AudioToolbox.framework/Versions/A/AudioToolbox
0x00000001a8e15000 	/System/Library/PrivateFrameworks/DataDetectorsCore.framework/Versions/A/DataDetectorsCore
0x00000001bf80f000 	/System/Library/PrivateFrameworks/TextInput.framework/Versions/A/TextInput
0x00000001a1691000 	/usr/lib/libMobileGestalt.dylib
0x00000001a523d000 	/System/Library/Frameworks/Carbon.framework/Versions/A/Frameworks/HIToolbox.framework/Versions/A/HIToolbox
0x00000001a34ab000 	/System/Library/Frameworks/QuartzCore.framework/Versions/A/QuartzCore
0x000000019e66d000 	/System/Library/Frameworks/Security.framework/Versions/A/Security
0x00000001ad156000 	/System/Library/Frameworks/Carbon.framework/Versions/A/Frameworks/SpeechRecognition.framework/Versions/A/SpeechRecognition
0x00000001a3829000 	/System/Library/PrivateFrameworks/CoreUI.framework/Versions/A/CoreUI
0x000000019df49000 	/System/Library/Frameworks/CoreAudio.framework/Versions/A/CoreAudio
0x00000001a311f000 	/System/Library/Frameworks/DiskArbitration.framework/Versions/A/DiskArbitration
0x00000001a870a000 	/System/Library/PrivateFrameworks/MultitouchSupport.framework/Versions/A/MultitouchSupport
0x00000001a168f000 	/usr/lib/libenergytrace.dylib
0x000000019f024000 	/System/Library/Frameworks/IOKit.framework/Versions/A/IOKit
0x00000001ad545000 	/System/Library/Frameworks/CoreServices.framework/Versions/A/CoreServices
0x00000001a3a63000 	/System/Library/PrivateFrameworks/PerformanceAnalysis.framework/Versions/A/PerformanceAnalysis
0x00000001fdc47000 	/System/Library/Frameworks/OpenGL.framework/Versions/A/OpenGL
0x00000001a6664000 	/System/Library/PrivateFrameworks/MobileKeyBag.framework/Versions/A/MobileKeyBag
0x00000001a2103000 	/System/Library/Frameworks/ColorSync.framework/Versions/A/ColorSync
0x000000019c5b4000 	/System/Library/Frameworks/CoreFoundation.framework/Versions/A/CoreFoundation
0x00000001a580d000 	/System/Library/Frameworks/CoreImage.framework/Versions/A/CoreImage
0x000000019dd6d000 	/System/Library/Frameworks/CoreText.framework/Versions/A/CoreText
0x00000001a55be000 	/System/Library/Frameworks/ImageIO.framework/Versions/A/ImageIO
0x00000001a70cf000 	/System/Library/PrivateFrameworks/SoftLinking.framework/Versions/A/SoftLinking
0x00000001a3b21000 	/usr/lib/libxml2.2.dylib
0x00000001a7368000 	/usr/lib/libcompression.dylib
0x00000001a8d65000 	/System/Library/PrivateFrameworks/TextureIO.framework/Versions/A/TextureIO
0x00000001a7a90000 	/usr/lib/libate.dylib
0x00000001a7955000 	/usr/lib/liblzma.5.dylib
0x000000019d1aa000 	/System/Library/Frameworks/SystemConfiguration.framework/Versions/A/SystemConfiguration
0x00000001a70cb000 	/usr/lib/libfakelink.dylib
0x00000001a11c1000 	/System/Library/Frameworks/CFNetwork.framework/Versions/A/CFNetwork
0x00000001a7211000 	/usr/lib/libarchive.2.dylib
0x00000001a5bed000 	/System/Library/PrivateFrameworks/AppleSystemInfo.framework/Versions/A/AppleSystemInfo
0x00000001a6777000 	/usr/lib/libbsm.0.dylib
0x00000001a072e000 	/usr/lib/libnetwork.dylib
0x00000001a7065000 	/usr/lib/system/libkxld.dylib
0x00000001a6391000 	/System/Library/PrivateFrameworks/IOMobileFramebuffer.framework/Versions/A/IOMobileFramebuffer
0x000000021b910000 	/usr/lib/libCoreEntitlements.dylib
0x00000001a6d9b000 	/System/Library/PrivateFrameworks/AppleFSCompression.framework/Versions/A/AppleFSCompression
0x00000001a675f000 	/usr/lib/libcoretls.dylib
0x00000001a796e000 	/usr/lib/libcoretls_cfhelpers.dylib
0x00000001a7363000 	/usr/lib/libpam.2.dylib
0x00000001a2a5f000 	/usr/lib/libsqlite3.dylib
0x00000001a79d7000 	/usr/lib/libxar.1.dylib
0x00000001a6dac000 	/usr/lib/libbz2.1.0.dylib
0x00000001a70d0000 	/usr/lib/libpcap.A.dylib
0x00000001a2e3f000 	/usr/lib/libdns_services.dylib
0x00000001a7336000 	/usr/lib/libapple_nghttp2.dylib
0x00000001a710d000 	/usr/lib/libiconv.2.dylib
0x00000001a705b000 	/usr/lib/libcharset.1.dylib
0x00000001a3a9f000 	/System/Library/Frameworks/CoreServices.framework/Versions/A/Frameworks/FSEvents.framework/Versions/A/FSEvents
0x000000019ecad000 	/System/Library/Frameworks/CoreServices.framework/Versions/A/Frameworks/CarbonCore.framework/Versions/A/CarbonCore
0x00000001a307f000 	/System/Library/Frameworks/CoreServices.framework/Versions/A/Frameworks/Metadata.framework/Versions/A/Metadata
0x00000001a6dbf000 	/System/Library/Frameworks/CoreServices.framework/Versions/A/Frameworks/OSServices.framework/Versions/A/OSServices
0x00000001a7297000 	/System/Library/Frameworks/CoreServices.framework/Versions/A/Frameworks/SearchKit.framework/Versions/A/SearchKit
0x00000001a2dce000 	/System/Library/Frameworks/CoreServices.framework/Versions/A/Frameworks/AE.framework/Versions/A/AE
0x000000019cafb000 	/System/Library/Frameworks/CoreServices.framework/Versions/A/Frameworks/LaunchServices.framework/Versions/A/LaunchServices
0x00000001a78fe000 	/System/Library/Frameworks/CoreServices.framework/Versions/A/Frameworks/DictionaryServices.framework/Versions/A/DictionaryServices
0x00000001a3aac000 	/System/Library/Frameworks/CoreServices.framework/Versions/A/Frameworks/SharedFileList.framework/Versions/A/SharedFileList
0x00000001a674f000 	/usr/lib/libCheckFix.dylib
0x00000001a1700000 	/System/Library/PrivateFrameworks/TCC.framework/Versions/A/TCC
0x00000001a5bf3000 	/System/Library/PrivateFrameworks/CoreNLP.framework/Versions/A/CoreNLP
0x00000001a302e000 	/System/Library/PrivateFrameworks/MetadataUtilities.framework/Versions/A/MetadataUtilities
0x000000019d264000 	/usr/lib/libmecabra.dylib
0x00000001a6788000 	/usr/lib/libmecab.dylib
0x000000019d230000 	/usr/lib/libCRFSuite.dylib
0x00000001a67e5000 	/usr/lib/libgermantok.dylib
0x00000001a730f000 	/usr/lib/libThaiTokenizer.dylib
0x00000001a3127000 	/System/Library/Frameworks/Accelerate.framework/Versions/A/Frameworks/vImage.framework/Versions/A/vImage
0x00000001ad51c000 	/System/Library/Frameworks/Accelerate.framework/Versions/A/Frameworks/vecLib.framework/Versions/A/vecLib
0x00000001a7a1c000 	/System/Library/Frameworks/Accelerate.framework/Versions/A/Frameworks/vecLib.framework/Versions/A/libvMisc.dylib
0x00000001a6298000 	/System/Library/Frameworks/Accelerate.framework/Versions/A/Frameworks/vecLib.framework/Versions/A/libvDSP.dylib
0x000000019ce85000 	/System/Library/Frameworks/Accelerate.framework/Versions/A/Frameworks/vecLib.framework/Versions/A/libBLAS.dylib
0x00000001a7439000 	/System/Library/Frameworks/Accelerate.framework/Versions/A/Frameworks/vecLib.framework/Versions/A/libLAPACK.dylib
0x00000001a67e8000 	/System/Library/Frameworks/Accelerate.framework/Versions/A/Frameworks/vecLib.framework/Versions/A/libLinearAlgebra.dylib
0x00000001a734e000 	/System/Library/Frameworks/Accelerate.framework/Versions/A/Frameworks/vecLib.framework/Versions/A/libSparseBLAS.dylib
0x00000001a7434000 	/System/Library/Frameworks/Accelerate.framework/Versions/A/Frameworks/vecLib.framework/Versions/A/libQuadrature.dylib
0x00000001a5cec000 	/System/Library/Frameworks/Accelerate.framework/Versions/A/Frameworks/vecLib.framework/Versions/A/libBNNS.dylib
0x000000019d143000 	/System/Library/Frameworks/Accelerate.framework/Versions/A/Frameworks/vecLib.framework/Versions/A/libSparse.dylib
0x00000001a5ce4000 	/System/Library/PrivateFrameworks/LinguisticData.framework/Versions/A/LinguisticData
0x000000019d0fb000 	/System/Library/PrivateFrameworks/Lexicon.framework/Versions/A/Lexicon
0x00000001a7a14000 	/usr/lib/libChineseTokenizer.dylib
0x000000019d8a9000 	/System/Library/PrivateFrameworks/LanguageModeling.framework/Versions/A/LanguageModeling
0x00000001a7311000 	/System/Library/PrivateFrameworks/AppleSauce.framework/Versions/A/AppleSauce
0x00000001a637e000 	/System/Library/PrivateFrameworks/CoreEmoji.framework/Versions/A/CoreEmoji
0x00000001a71ff000 	/usr/lib/libcmph.dylib
0x00000001a3a7f000 	/System/Library/Frameworks/OpenDirectory.framework/Versions/A/Frameworks/CFOpenDirectory.framework/Versions/A/CFOpenDirectory
0x00000001a3a6f000 	/System/Library/Frameworks/OpenDirectory.framework/Versions/A/OpenDirectory
0x00000001a7970000 	/System/Library/PrivateFrameworks/APFS.framework/Versions/A/APFS
0x00000001a669f000 	/System/Library/Frameworks/SecurityFoundation.framework/Versions/A/SecurityFoundation
0x00000001a79e6000 	/usr/lib/libutil.dylib
0x000000019efe6000 	/System/Library/PrivateFrameworks/CoreServicesStore.framework/Versions/A/CoreServicesStore
0x00000001a79ea000 	/usr/lib/libxslt.1.dylib
0x00000001a6733000 	/System/Library/PrivateFrameworks/BackgroundTaskManagement.framework/Versions/A/BackgroundTaskManagement
0x00000001a8c86000 	/System/Library/Frameworks/ImageIO.framework/Versions/A/Resources/libRadiance.dylib
0x00000001a8c8f000 	/System/Library/Frameworks/ImageIO.framework/Versions/A/Resources/libJPEG.dylib
0x00000001a8be2000 	/System/Library/Frameworks/ImageIO.framework/Versions/A/Resources/libPng.dylib
0x00000001a8c04000 	/System/Library/Frameworks/ImageIO.framework/Versions/A/Resources/libTIFF.dylib
0x00000001a8cea000 	/System/Library/Frameworks/ImageIO.framework/Versions/A/Resources/libGIF.dylib
0x00000001a861a000 	/System/Library/Frameworks/ImageIO.framework/Versions/A/Resources/libJP2.dylib
0x00000001a7d3c000 	/usr/lib/libexpat.1.dylib
0x00000001a85d5000 	/System/Library/PrivateFrameworks/AppleJPEG.framework/Versions/A/AppleJPEG
0x00000001a50f9000 	/System/Library/PrivateFrameworks/FontServices.framework/libFontParser.dylib
0x00000001a2d73000 	/System/Library/PrivateFrameworks/RunningBoardServices.framework/Versions/A/RunningBoardServices
0x00000001b3618000 	/System/Library/PrivateFrameworks/IOSurfaceAccelerator.framework/Versions/A/IOSurfaceAccelerator
0x00000001a8706000 	/System/Library/PrivateFrameworks/WatchdogClient.framework/Versions/A/WatchdogClient
0x000000019d9a9000 	/System/Library/Frameworks/CoreDisplay.framework/Versions/A/CoreDisplay
0x00000001a4fe3000 	/System/Library/Frameworks/CoreMedia.framework/Versions/A/CoreMedia
0x00000001a4e70000 	/System/Library/PrivateFrameworks/IOAccelerator.framework/Versions/A/IOAccelerator
0x00000001a3c0f000 	/System/Library/Frameworks/CoreVideo.framework/Versions/A/CoreVideo
0x00000001a7361000 	/System/Library/Frameworks/MetalPerformanceShaders.framework/Versions/A/MetalPerformanceShaders
0x00000001a8745000 	/System/Library/Frameworks/VideoToolbox.framework/Versions/A/VideoToolbox
0x00000001a2cb7000 	/System/Library/PrivateFrameworks/BaseBoard.framework/Versions/A/BaseBoard
0x00000001a2a45000 	/System/Library/PrivateFrameworks/ProtocolBuffer.framework/Versions/A/ProtocolBuffer
0x00000001a8c81000 	/System/Library/PrivateFrameworks/GPUWrangler.framework/Versions/A/GPUWrangler
0x00000001a8c61000 	/System/Library/PrivateFrameworks/IOPresentment.framework/Versions/A/IOPresentment
0x00000001a8c89000 	/System/Library/PrivateFrameworks/DSExternalDisplay.framework/Versions/A/DSExternalDisplay
0x00000001fdc3a000 	/System/Library/Frameworks/OpenGL.framework/Versions/A/Libraries/libCoreFSCache.dylib
0x0000000208400000 	/System/Library/PrivateFrameworks/GPUCompiler.framework/Versions/31001/Libraries/libGPUCompilerUtils.dylib
0x00000001a8cef000 	/System/Library/PrivateFrameworks/CMCaptureCore.framework/Versions/A/CMCaptureCore
0x00000001a82ed000 	/System/Library/PrivateFrameworks/AppServerSupport.framework/Versions/A/AppServerSupport
0x00000001aa573000 	/System/Library/PrivateFrameworks/perfdata.framework/Versions/A/perfdata
0x000000019dac9000 	/System/Library/PrivateFrameworks/AudioToolboxCore.framework/Versions/A/AudioToolboxCore
0x00000001a4fbc000 	/System/Library/PrivateFrameworks/caulk.framework/Versions/A/caulk
0x00000001a9e68000 	/usr/lib/libAudioStatistics.dylib
0x00000001bbe67000 	/System/Library/PrivateFrameworks/SystemPolicy.framework/Versions/A/SystemPolicy
0x00000001aa0d4000 	/usr/lib/libSMC.dylib
0x00000001b2e20000 	/System/Library/Frameworks/CoreMIDI.framework/Versions/A/CoreMIDI
0x00000001a8bb0000 	/usr/lib/libAudioToolboxUtility.dylib
0x00000001b7fd7000 	/System/Library/PrivateFrameworks/OSAServicesClient.framework/Versions/A/OSAServicesClient
0x00000001aa580000 	/usr/lib/libperfcheck.dylib
0x00000001bc983000 	/usr/lib/libmis.dylib
0x00000001fdc9c000 	/System/Library/Frameworks/OpenGL.framework/Versions/A/Libraries/libGLU.dylib
0x00000001fdc5b000 	/System/Library/Frameworks/OpenGL.framework/Versions/A/Libraries/libGFXShared.dylib
0x00000001fde48000 	/System/Library/Frameworks/OpenGL.framework/Versions/A/Libraries/libGL.dylib
0x00000001fdc64000 	/System/Library/Frameworks/OpenGL.framework/Versions/A/Libraries/libGLImage.dylib
0x00000001fdc58000 	/System/Library/Frameworks/OpenGL.framework/Versions/A/Libraries/libCVMSPluginSupport.dylib
0x00000001fdc41000 	/System/Library/Frameworks/OpenGL.framework/Versions/A/Libraries/libCoreVMClient.dylib
0x00000001a5b6d000 	/System/Library/Frameworks/MetalPerformanceShaders.framework/Versions/A/Frameworks/MPSCore.framework/Versions/A/MPSCore
0x00000001a6d0e000 	/System/Library/Frameworks/MetalPerformanceShaders.framework/Versions/A/Frameworks/MPSImage.framework/Versions/A/MPSImage
0x00000001a67fd000 	/System/Library/Frameworks/MetalPerformanceShaders.framework/Versions/A/Frameworks/MPSNeuralNetwork.framework/Versions/A/MPSNeuralNetwork
0x00000001a6c36000 	/System/Library/Frameworks/MetalPerformanceShaders.framework/Versions/A/Frameworks/MPSMatrix.framework/Versions/A/MPSMatrix
0x00000001a6a0f000 	/System/Library/Frameworks/MetalPerformanceShaders.framework/Versions/A/Frameworks/MPSRayIntersector.framework/Versions/A/MPSRayIntersector
0x00000001a6c67000 	/System/Library/Frameworks/MetalPerformanceShaders.framework/Versions/A/Frameworks/MPSNDArray.framework/Versions/A/MPSNDArray
0x0000000200063000 	/System/Library/Frameworks/MetalPerformanceShaders.framework/Versions/A/Frameworks/MPSFunctions.framework/Versions/A/MPSFunctions
0x000000019cd5c000 	/System/Library/PrivateFrameworks/MetalTools.framework/Versions/A/MetalTools
0x00000001a5beb000 	/System/Library/PrivateFrameworks/AggregateDictionary.framework/Versions/A/AggregateDictionary
0x00000001a7b21000 	/usr/lib/libIOReport.dylib
0x00000001b1e3d000 	/System/Library/PrivateFrameworks/ASEProcessing.framework/Versions/A/ASEProcessing
0x00000001a7e96000 	/System/Library/PrivateFrameworks/FaceCore.framework/Versions/A/FaceCore
0x00000001a7e88000 	/System/Library/PrivateFrameworks/GraphVisualizer.framework/Versions/A/GraphVisualizer
0x0000000208317000 	/System/Library/PrivateFrameworks/FontServices.framework/Versions/A/FontServices
0x00000001a82a9000 	/System/Library/PrivateFrameworks/OTSVG.framework/Versions/A/OTSVG
0x00000001a37d9000 	/System/Library/Frameworks/ApplicationServices.framework/Versions/A/Frameworks/ATS.framework/Versions/A/Resources/libFontRegistry.dylib
0x00000001a82f6000 	/System/Library/PrivateFrameworks/FontServices.framework/libhvf.dylib
0x0000000208318000 	/System/Library/PrivateFrameworks/FontServices.framework/libXTFontStaticRegistryData.dylib
0x00000001fdfe9000 	/System/Library/Frameworks/OpenCL.framework/Versions/A/OpenCL
0x00000001a7cf0000 	/System/Library/PrivateFrameworks/AppleVA.framework/Versions/A/AppleVA
0x00000001a9e90000 	/System/Library/Frameworks/ApplicationServices.framework/Versions/A/Frameworks/ATS.framework/Versions/A/ATS
0x00000001a2202000 	/System/Library/Frameworks/ApplicationServices.framework/Versions/A/Frameworks/HIServices.framework/Versions/A/HIServices
0x00000001a8cf9000 	/System/Library/Frameworks/ApplicationServices.framework/Versions/A/Frameworks/PrintCore.framework/Versions/A/PrintCore
0x00000001aa227000 	/System/Library/Frameworks/ApplicationServices.framework/Versions/A/Frameworks/QD.framework/Versions/A/QD
0x00000001aa21f000 	/System/Library/Frameworks/ApplicationServices.framework/Versions/A/Frameworks/ColorSyncLegacy.framework/Versions/A/ColorSyncLegacy
0x00000001a9e7c000 	/System/Library/Frameworks/ApplicationServices.framework/Versions/A/Frameworks/SpeechSynthesis.framework/Versions/A/SpeechSynthesis
0x00000001a8cba000 	/System/Library/Frameworks/ApplicationServices.framework/Versions/A/Frameworks/ATSUI.framework/Versions/A/ATSUI
0x00000001aa1b4000 	/usr/lib/libcups.2.dylib
0x00000001aa58e000 	/System/Library/Frameworks/Kerberos.framework/Versions/A/Kerberos
0x00000001aa59f000 	/System/Library/Frameworks/GSS.framework/Versions/A/GSS
0x00000001a9f00000 	/usr/lib/libresolv.9.dylib
0x00000001a8305000 	/System/Library/PrivateFrameworks/Heimdal.framework/Versions/A/Heimdal
0x00000001b1073000 	/System/Library/Frameworks/Kerberos.framework/Versions/A/Libraries/libHeimdalProxy.dylib
0x00000001a2e51000 	/System/Library/Frameworks/Network.framework/Versions/A/Network
0x00000001a7d57000 	/usr/lib/libheimdal-asn1.dylib
0x00000001aa5ef000 	/System/Library/PrivateFrameworks/CommonAuth.framework/Versions/A/CommonAuth
0x00000001a9df6000 	/System/Library/PrivateFrameworks/AudioSession.framework/Versions/A/AudioSession
0x00000001a7de9000 	/System/Library/PrivateFrameworks/MediaExperience.framework/Versions/A/MediaExperience
0x00000001a9c7c000 	/System/Library/PrivateFrameworks/AudioSession.framework/libSessionUtility.dylib
0x00000001aa233000 	/System/Library/PrivateFrameworks/AudioResourceArbitration.framework/Versions/A/AudioResourceArbitration
0x00000001ae3f9000 	/System/Library/PrivateFrameworks/PowerLog.framework/Versions/A/PowerLog
0x00000001a7d61000 	/System/Library/PrivateFrameworks/IconFoundation.framework/Versions/A/IconFoundation
0x00000001ad142000 	/System/Library/PrivateFrameworks/SpeechRecognitionCore.framework/Versions/A/SpeechRecognitionCore
0x00000001043b0000 	/Library/Java/JavaVirtualMachines/temurin-17.jdk/Contents/Home/lib/server/libjvm.dylib
0x000000010318c000 	/Library/Java/JavaVirtualMachines/temurin-17.jdk/Contents/Home/lib/libjimage.dylib
0x00000001031b8000 	/Library/Java/JavaVirtualMachines/temurin-17.jdk/Contents/Home/lib/libinstrument.dylib
0x0000000103204000 	/Library/Java/JavaVirtualMachines/temurin-17.jdk/Contents/Home/lib/libjava.dylib
0x0000000104188000 	/Library/Java/JavaVirtualMachines/temurin-17.jdk/Contents/Home/lib/libnio.dylib
0x00000001041a8000 	/Library/Java/JavaVirtualMachines/temurin-17.jdk/Contents/Home/lib/libnet.dylib
0x00000001031ec000 	/Library/Java/JavaVirtualMachines/temurin-17.jdk/Contents/Home/lib/libzip.dylib
0x00000001032e0000 	/Users/abheektripathy/.openjfx/cache/17.0.1/libprism_es2.dylib
0x000000019efa9000 	/System/Library/PrivateFrameworks/CoreServicesInternal.framework/Versions/A/CoreServicesInternal
0x00000001fde52000 	/System/Library/Frameworks/OpenGL.framework/Versions/A/Resources/GLEngine.bundle/GLEngine
0x00000001fdcda000 	/System/Library/Frameworks/OpenGL.framework/Versions/A/Libraries/libGLProgrammability.dylib
0x000000010ee18000 	/System/Library/Extensions/AppleMetalOpenGLRenderer.bundle/Contents/MacOS/AppleMetalOpenGLRenderer
0x00000001fdfc1000 	/System/Library/Frameworks/OpenGL.framework/Versions/A/Resources/GLRendererFloat.bundle/GLRendererFloat
0x00000001fe0c1000 	/System/Library/Extensions/AGXMetal13_3.bundle/Contents/MacOS/AGXMetal13_3
0x00000001bc99f000 	/System/Library/PrivateFrameworks/GPURawCounter.framework/Versions/A/GPURawCounter
0x00000001b7140000 	/System/Library/PrivateFrameworks/IOGPU.framework/Versions/A/IOGPU
0x000000010f250000 	/Users/abheektripathy/.openjfx/cache/17.0.1/libglass.dylib
0x00000001ae651000 	/System/Library/Frameworks/FileProvider.framework/Versions/A/FileProvider
0x00000001a2c1f000 	/System/Library/Frameworks/Accounts.framework/Versions/A/Accounts
0x00000001ae7d5000 	/System/Library/PrivateFrameworks/GenerationalStorage.framework/Versions/A/GenerationalStorage
0x00000001af398000 	/System/Library/PrivateFrameworks/CoreSymbolication.framework/Versions/A/CoreSymbolication
0x00000001ae3ed000 	/System/Library/PrivateFrameworks/SymptomDiagnosticReporter.framework/Versions/A/SymptomDiagnosticReporter
0x00000001a0299000 	/System/Library/PrivateFrameworks/DesktopServicesPriv.framework/Versions/A/DesktopServicesPriv
0x000000019f10b000 	/usr/lib/libsandbox.1.dylib
0x00000001a3c9d000 	/System/Library/PrivateFrameworks/UserManagement.framework/Versions/A/UserManagement
0x00000001af355000 	/System/Library/PrivateFrameworks/DebugSymbols.framework/Versions/A/DebugSymbols
0x00000001aa212000 	/System/Library/PrivateFrameworks/NetAuth.framework/Versions/A/NetAuth
0x00000001ab133000 	/System/Library/PrivateFrameworks/Sharing.framework/Versions/A/Sharing
0x00000001a3c6d000 	/System/Library/PrivateFrameworks/login.framework/Versions/A/Frameworks/loginsupport.framework/Versions/A/loginsupport
0x00000001b058a000 	/System/Library/PrivateFrameworks/Apple80211.framework/Versions/A/Apple80211
0x00000001a6df2000 	/System/Library/PrivateFrameworks/AuthKit.framework/Versions/A/AuthKit
0x00000001a647a000 	/System/Library/PrivateFrameworks/CoreUtils.framework/Versions/A/CoreUtils
0x00000001a639d000 	/System/Library/Frameworks/CoreWLAN.framework/Versions/A/CoreWLAN
0x00000001ab2a3000 	/System/Library/Frameworks/IOBluetooth.framework/Versions/A/IOBluetooth
0x00000001b05ea000 	/System/Library/PrivateFrameworks/CoreWiFi.framework/Versions/A/CoreWiFi
0x00000001aef35000 	/System/Library/PrivateFrameworks/FrontBoardServices.framework/Versions/A/FrontBoardServices
0x00000001aefcd000 	/System/Library/PrivateFrameworks/BoardServices.framework/Versions/A/BoardServices
0x00000001a668d000 	/System/Library/PrivateFrameworks/AssertionServices.framework/Versions/A/AssertionServices
0x00000001b0767000 	/System/Library/PrivateFrameworks/BackBoardServices.framework/Versions/A/BackBoardServices
0x00000001aa686000 	/System/Library/PrivateFrameworks/CorePhoneNumbers.framework/Versions/A/CorePhoneNumbers
0x00000001a9f2d000 	/System/Library/PrivateFrameworks/MultiverseSupport.framework/Versions/A/MultiverseSupport
0x00000001b09e8000 	/System/Library/PrivateFrameworks/RemoteServiceDiscovery.framework/Versions/A/RemoteServiceDiscovery
0x00000001ae51d000 	/System/Library/PrivateFrameworks/DiskManagement.framework/Versions/A/DiskManagement
0x00000001ae420000 	/System/Library/PrivateFrameworks/AppleIDAuthSupport.framework/Versions/A/AppleIDAuthSupport
0x000000020289f000 	/System/Library/PrivateFrameworks/AAAFoundation.framework/Versions/A/AAAFoundation
0x00000001aa665000 	/System/Library/PrivateFrameworks/KeychainCircle.framework/Versions/A/KeychainCircle
0x00000001b09f8000 	/System/Library/PrivateFrameworks/RemoteXPC.framework/Versions/A/RemoteXPC
0x00000001ae4e9000 	/System/Library/PrivateFrameworks/MediaKit.framework/Versions/A/MediaKit
0x00000001ae42d000 	/System/Library/Frameworks/DiscRecording.framework/Versions/A/DiscRecording
0x00000001a7c6c000 	/usr/lib/libCoreStorage.dylib
0x00000001b0a64000 	/usr/lib/libcsfde.dylib
0x00000001ab378000 	/System/Library/PrivateFrameworks/ProtectedCloudStorage.framework/Versions/A/ProtectedCloudStorage
0x00000001b0a5c000 	/System/Library/PrivateFrameworks/EFILogin.framework/Versions/A/EFILogin
0x00000001ae7fc000 	/System/Library/PrivateFrameworks/OctagonTrust.framework/Versions/A/OctagonTrust
0x000000020749e000 	/System/Library/PrivateFrameworks/CoreUtilsExtras.framework/Versions/A/CoreUtilsExtras
0x00000001ae352000 	/System/Library/Frameworks/CoreBluetooth.framework/Versions/A/CoreBluetooth
0x00000001b10f8000 	/System/Library/Frameworks/AudioUnit.framework/Versions/A/AudioUnit
0x00000001a7c64000 	/usr/lib/libMatch.1.dylib
0x00000001c0e85000 	/System/Library/Frameworks/Accelerate.framework/Versions/A/Frameworks/vImage.framework/Versions/A/Libraries/libCGInterfaces.dylib
0x000000010f5e4000 	/usr/lib/libobjc-trampolines.dylib
0x00000001a3967000 	/System/Library/PrivateFrameworks/ViewBridge.framework/Versions/A/ViewBridge
0x000000021ba6d000 	/usr/lib/libRosetta.dylib
0x00000001a83c8000 	/System/Library/PrivateFrameworks/login.framework/Versions/A/login
0x0000000151db0000 	/Users/abheektripathy/.openjfx/cache/17.0.1/libjavafx_font.dylib
0x0000000155bdc000 	/Users/abheektripathy/.openjfx/cache/17.0.1/libglib-lite.dylib
0x0000000155ee0000 	/Users/abheektripathy/.openjfx/cache/17.0.1/libgstreamer-lite.dylib
0x0000000155ad0000 	/Users/abheektripathy/.openjfx/cache/17.0.1/libjfxmedia.dylib
0x0000000155a90000 	/Users/abheektripathy/.openjfx/cache/17.0.1/libjfxmedia_avf.dylib
0x00000001bbc73000 	/System/Library/Frameworks/AVFoundation.framework/Versions/A/AVFoundation
0x00000001fec29000 	/System/Library/Frameworks/AVFAudio.framework/Versions/A/AVFAudio
0x00000001aed15000 	/System/Library/PrivateFrameworks/AVFCore.framework/Versions/A/AVFCore
0x00000001b5f83000 	/System/Library/PrivateFrameworks/AVFCapture.framework/Versions/A/AVFCapture
0x00000001ba83f000 	/System/Library/PrivateFrameworks/AirPlaySync.framework/Versions/A/AirPlaySync
0x00000001a8f00000 	/System/Library/Frameworks/MediaToolbox.framework/Versions/A/MediaToolbox
0x00000001ae61d000 	/System/Library/PrivateFrameworks/CoreAVCHD.framework/Versions/A/CoreAVCHD
0x00000001ad82d000 	/System/Library/Frameworks/MediaAccessibility.framework/Versions/A/MediaAccessibility
0x00000001ae619000 	/System/Library/PrivateFrameworks/Mangrove.framework/Versions/A/Mangrove
0x00000001ad83a000 	/System/Library/PrivateFrameworks/AlgosScoreFramework.framework/Versions/A/AlgosScoreFramework
0x0000000204580000 	/System/Library/PrivateFrameworks/CMPhoto.framework/Versions/A/CMPhoto
0x00000001ae60d000 	/System/Library/PrivateFrameworks/CoreAUC.framework/Versions/A/CoreAUC
0x0000000204566000 	/System/Library/PrivateFrameworks/CMImaging.framework/Versions/A/CMImaging
0x00000001b60dd000 	/System/Library/PrivateFrameworks/Quagga.framework/Versions/A/Quagga
0x00000001b61a1000 	/System/Library/PrivateFrameworks/CMCapture.framework/Versions/A/CMCapture
0x00000001a9ff1000 	/System/Library/Frameworks/CoreMediaIO.framework/Versions/A/CoreMediaIO
0x00000001b1234000 	/System/Library/PrivateFrameworks/Espresso.framework/Versions/A/Espresso
0x00000001b0ae2000 	/System/Library/PrivateFrameworks/AppSupport.framework/Versions/A/AppSupport
0x00000001e2926000 	/System/Library/PrivateFrameworks/ANECompiler.framework/Versions/A/ANECompiler
0x00000001b2da0000 	/System/Library/PrivateFrameworks/AppleNeuralEngine.framework/Versions/A/AppleNeuralEngine
0x000000020ae4a000 	/System/Library/PrivateFrameworks/MIL.framework/Versions/A/MIL
0x0000000200077000 	/System/Library/Frameworks/MetalPerformanceShadersGraph.framework/Versions/A/MetalPerformanceShadersGraph
0x00000001b1cbe000 	/System/Library/PrivateFrameworks/ANEServices.framework/Versions/A/ANEServices
0x00000001c0731000 	/usr/lib/libncurses.5.4.dylib
0x0000000155b10000 	/Users/abheektripathy/.openjfx/cache/17.0.1/libfxplugins.dylib
0x0000000202076000 	/System/Library/Frameworks/VideoDecodeAcceleration.framework/Versions/A/VideoDecodeAcceleration
0x0000000155d28000 	/System/Library/Components/CoreAudio.component/Contents/MacOS/CoreAudio
0x0000000157100000 	/System/Library/Components/AudioCodecs.component/Contents/MacOS/AudioCodecs


VM Arguments:
jvm_args: -javaagent:/Applications/IntelliJ IDEA CE.app/Contents/lib/idea_rt.jar=49231:/Applications/IntelliJ IDEA CE.app/Contents/bin -Dfile.encoding=UTF-8 --module-path=/Users/abheektripathy/IdeaProjects/ZeusFx-MP/target/classes:/Users/abheektripathy/.m2/repository/org/openjfx/javafx-fxml/17.0.1/javafx-fxml-17.0.1-mac-aarch64.jar:/Users/abheektripathy/.m2/repository/org/openjfx/javafx-graphics/17.0.1/javafx-graphics-17.0.1-mac-aarch64.jar:/Users/abheektripathy/.m2/repository/org/openjfx/javafx-base/17.0.1/javafx-base-17.0.1-mac-aarch64.jar:/Users/abheektripathy/.m2/repository/org/openjfx/javafx-controls/17.0.1/javafx-controls-17.0.1-mac-aarch64.jar:/Users/abheektripathy/.m2/repository/org/openjfx/javafx-media/17.0.1/javafx-media-17.0.1-mac-aarch64.jar -Djdk.module.main=com.tripathy.zeusfxmp 
java_command: com.tripathy.zeusfxmp/com.tripathy.zeusfxmp.HelloApplication
java_class_path (initial): /Users/abheektripathy/.m2/repository/org/openjfx/javafx-controls/17.0.1/javafx-controls-17.0.1.jar:/Users/abheektripathy/.m2/repository/org/openjfx/javafx-graphics/17.0.1/javafx-graphics-17.0.1.jar:/Users/abheektripathy/.m2/repository/org/openjfx/javafx-base/17.0.1/javafx-base-17.0.1.jar:/Users/abheektripathy/.m2/repository/org/openjfx/javafx-fxml/17.0.1/javafx-fxml-17.0.1.jar:/Users/abheektripathy/.m2/repository/org/openjfx/javafx-media/17.0.1/javafx-media-17.0.1.jar
Launcher Type: SUN_STANDARD

[Global flags]
     intx CICompilerCount                          = 4                                         {product} {ergonomic}
     uint ConcGCThreads                            = 2                                         {product} {ergonomic}
     uint G1ConcRefinementThreads                  = 8                                         {product} {ergonomic}
   size_t G1HeapRegionSize                         = 1048576                                   {product} {ergonomic}
    uintx GCDrainStackTargetSize                   = 64                                        {product} {ergonomic}
   size_t InitialHeapSize                          = 134217728                                 {product} {ergonomic}
   size_t MarkStackSize                            = 4194304                                   {product} {ergonomic}
   size_t MaxHeapSize                              = 2147483648                                {product} {ergonomic}
   size_t MaxNewSize                               = 1287651328                                {product} {ergonomic}
   size_t MinHeapDeltaBytes                        = 1048576                                   {product} {ergonomic}
   size_t MinHeapSize                              = 8388608                                   {product} {ergonomic}
    uintx NonNMethodCodeHeapSize                   = 5839564                                {pd product} {ergonomic}
    uintx NonProfiledCodeHeapSize                  = 122909338                              {pd product} {ergonomic}
    uintx ProfiledCodeHeapSize                     = 122909338                              {pd product} {ergonomic}
    uintx ReservedCodeCacheSize                    = 251658240                              {pd product} {ergonomic}
     bool SegmentedCodeCache                       = true                                      {product} {ergonomic}
   size_t SoftMaxHeapSize                          = 2147483648                             {manageable} {ergonomic}
     bool UseCompressedClassPointers               = true                           {product lp64_product} {ergonomic}
     bool UseCompressedOops                        = true                           {product lp64_product} {ergonomic}
     bool UseG1GC                                  = true                                      {product} {ergonomic}
     bool UseNUMA                                  = false                                     {product} {ergonomic}
     bool UseNUMAInterleaving                      = false                                     {product} {ergonomic}

Logging:
Log output configuration:
 #0: stdout all=warning uptime,level,tags
 #1: stderr all=off uptime,level,tags

Environment Variables:
PATH=/Library/Frameworks/Python.framework/Versions/3.10/bin:/usr/local/bin:/usr/bin:/bin:/usr/sbin:/sbin:/Library/Apple/usr/bin
SHELL=/bin/zsh
LC_CTYPE=en_IN.UTF-8

Signal Handlers:
   SIGSEGV: _ZL13crash_handleriP9__siginfoPv in libjvm.dylib, mask=11100110000111110111111111111111, flags=SA_RESTART|SA_SIGINFO
    SIGBUS: _ZL13crash_handleriP9__siginfoPv in libjvm.dylib, mask=11100110000111110111111111111111, flags=SA_RESTART|SA_SIGINFO
    SIGFPE: _ZL13crash_handleriP9__siginfoPv in libjvm.dylib, mask=11100110000111110111111111111111, flags=SA_RESTART|SA_SIGINFO
   SIGPIPE: _ZL17javaSignalHandleriP9__siginfoPv in libjvm.dylib, mask=11100110000111110111111111111111, flags=SA_RESTART|SA_SIGINFO
   SIGXFSZ: _ZL17javaSignalHandleriP9__siginfoPv in libjvm.dylib, mask=11100110000111110111111111111111, flags=SA_RESTART|SA_SIGINFO
    SIGILL: _ZL13crash_handleriP9__siginfoPv in libjvm.dylib, mask=11100110000111110111111111111111, flags=SA_RESTART|SA_SIGINFO
   SIGUSR2: _ZL10SR_handleriP9__siginfoP17__darwin_ucontext in libjvm.dylib, mask=00100000000000000000000000000000, flags=SA_RESTART|SA_SIGINFO
    SIGHUP: _ZL11UserHandleriPvS_ in libjvm.dylib, mask=11100110000111110111111111111111, flags=SA_RESTART|SA_SIGINFO
    SIGINT: _ZL11UserHandleriPvS_ in libjvm.dylib, mask=11100110000111110111111111111111, flags=SA_RESTART|SA_SIGINFO
   SIGTERM: _ZL11UserHandleriPvS_ in libjvm.dylib, mask=11100110000111110111111111111111, flags=SA_RESTART|SA_SIGINFO
   SIGQUIT: _ZL11UserHandleriPvS_ in libjvm.dylib, mask=11100110000111110111111111111111, flags=SA_RESTART|SA_SIGINFO
   SIGTRAP: _ZL13crash_handleriP9__siginfoPv in libjvm.dylib, mask=11100110000111110111111111111111, flags=SA_RESTART|SA_SIGINFO


---------------  S Y S T E M  ---------------

OS:
uname: Darwin 21.5.0 Darwin Kernel Version 21.5.0: Tue Apr 26 21:08:29 PDT 2022; root:xnu-8020.121.3~4/RELEASE_ARM64_T8101 arm64
OS uptime: 0 days 0:01 hours
rlimit (soft/hard): STACK 8176k/65520k , CORE 0k/infinity , NPROC 1333/2000 , NOFILE 10240/infinity , AS infinity/infinity , CPU infinity/infinity , DATA infinity/infinity , FSIZE infinity/infinity , MEMLOCK infinity/infinity , RSS infinity/infinity
load average: 43.93 18.91 7.56

CPU: total 8 (initial active 8) 0x61:0x0:0x1b588bb3:0, fp, simd, crc, lse

Memory: 16k page, physical 8388608k(411184k free), swap 0k(0k free)

vm_info: OpenJDK 64-Bit Server VM (17.0.2+8) for bsd-aarch64 JRE (17.0.2+8), built on Jan 20 2022 10:58:36 by "jenkins" with clang Apple LLVM 12.0.0 (clang-1200.0.32.29)

END.
