#
# A fatal error has been detected by the Java Runtime Environment:
#
#  SIGBUS (0xa) at pc=0x000000010a8354f0, pid=2059, tid=34827
#
# JRE version: OpenJDK Runtime Environment Temurin-17.0.2+8 (17.0.2+8) (build 17.0.2+8)
# Java VM: OpenJDK 64-Bit Server VM Temurin-17.0.2+8 (17.0.2+8, mixed mode, tiered, compressed oops, compressed class ptrs, g1 gc, bsd-aarch64)
# Problematic frame:
# v  ~StubRoutines::SafeFetchN
#
# No core dump will be written. Core dumps have been disabled. To enable core dumping, try "ulimit -c unlimited" before starting Java again
#
# If you would like to submit a bug report, please visit:
#   https://github.com/adoptium/adoptium-support/issues
# The crash happened outside the Java Virtual Machine in native code.
# See problematic frame for where to report the bug.
#

---------------  S U M M A R Y ------------

Command Line: -javaagent:/Applications/IntelliJ IDEA CE.app/Contents/lib/idea_rt.jar=49861:/Applications/IntelliJ IDEA CE.app/Contents/bin -Dfile.encoding=UTF-8 --module-path=/Users/abheektripathy/IdeaProjects/ZeusFx-MP/target/classes:/Users/abheektripathy/.m2/repository/org/openjfx/javafx-controls/17.0.1/javafx-controls-17.0.1-mac-aarch64.jar:/Users/abheektripathy/.m2/repository/org/openjfx/javafx-fxml/17.0.1/javafx-fxml-17.0.1-mac-aarch64.jar:/Users/abheektripathy/.m2/repository/org/openjfx/javafx-base/17.0.1/javafx-base-17.0.1-mac-aarch64.jar:/Users/abheektripathy/.m2/repository/org/openjfx/javafx-graphics/17.0.1/javafx-graphics-17.0.1-mac-aarch64.jar:/Users/abheektripathy/.m2/repository/org/openjfx/javafx-media/17.0.1/javafx-media-17.0.1-mac-aarch64.jar -Djdk.module.main=com.tripathy.zeusfxmp com.tripathy.zeusfxmp/com.tripathy.zeusfxmp.HelloApplication

Host: "MacBookPro17,1" arm64 1 MHz, 8 cores, 8G, Darwin 21.5.0, macOS 12.4 (21F79)
Time: Tue Jun 14 15:30:04 2022 IST elapsed time: 2.622809 seconds (0d 0h 0m 2s)

---------------  T H R E A D  ---------------

Current thread (0x000000012c103400):  JavaThread "InvokeLaterDispatcher" daemon [_thread_in_native, id=34827, stack(0x0000000171d0c000,0x0000000171f0f000)]

Stack: [0x0000000171d0c000,0x0000000171f0f000],  sp=0x0000000171f0e780,  free space=2057k
Native frames: (J=compiled Java code, j=interpreted, Vv=VM code, C=native code)
v  ~StubRoutines::SafeFetchN
V  [libjvm.dylib+0x7ba2dc]  _ZN10OopStorage7releaseEPKP7oopDesc+0x20
V  [libjvm.dylib+0x4c5750]  jni_DeleteGlobalRef+0xd8
C  [libglass.dylib+0xab08]  -[GlassRunnable dealloc]+0x34
C  [Foundation+0x85318]  -[_NSThreadPerformInfo dealloc]+0x30
C  [Foundation+0x518ac]  -[NSObject(NSThreadPerformAdditions) performSelectorOnMainThread:withObject:waitUntilDone:]+0x88
C  0x746900010a83d8ac
j  com.sun.glass.ui.mac.MacApplication.submitForLaterInvocation(Ljava/lang/Runnable;)V+2 javafx.graphics
j  com.sun.glass.ui.InvokeLaterDispatcher.run()V+82 javafx.graphics
v  ~StubRoutines::call_stub
V  [libjvm.dylib+0x46a8f0]  _ZN9JavaCalls11call_helperEP9JavaValueRK12methodHandleP17JavaCallArgumentsP10JavaThread+0x38c
V  [libjvm.dylib+0x46990c]  _ZN9JavaCalls12call_virtualEP9JavaValueP5KlassP6SymbolS5_P17JavaCallArgumentsP10JavaThread+0x11c
V  [libjvm.dylib+0x4699d8]  _ZN9JavaCalls12call_virtualEP9JavaValue6HandleP5KlassP6SymbolS6_P10JavaThread+0x64
V  [libjvm.dylib+0x521e64]  _ZL12thread_entryP10JavaThreadS0_+0xc4
V  [libjvm.dylib+0x99aac0]  _ZN10JavaThread17thread_main_innerEv+0x13c
V  [libjvm.dylib+0x99919c]  _ZN6Thread8call_runEv+0x128
V  [libjvm.dylib+0x7c1124]  _ZL19thread_native_entryP6Thread+0x158
C  [libsystem_pthread.dylib+0x726c]  _pthread_start+0x94

Java frames: (J=compiled Java code, j=interpreted, Vv=VM code)
j  com.sun.glass.ui.mac.MacApplication._submitForLaterInvocation(Ljava/lang/Runnable;)V+0 javafx.graphics
j  com.sun.glass.ui.mac.MacApplication.submitForLaterInvocation(Ljava/lang/Runnable;)V+2 javafx.graphics
j  com.sun.glass.ui.InvokeLaterDispatcher.run()V+82 javafx.graphics
v  ~StubRoutines::call_stub

siginfo: si_signo: 10 (SIGBUS), si_code: 1 (BUS_ADRALN), si_addr: 0x000000010a8354f0

Register to memory mapping:

 x0=0x000000011fb05a48 is a global jni handle
 x1=0x0 is NULL
 x2=0x0000000787f9dc28 is an oop: com.sun.glass.ui.InvokeLaterDispatcher$Future 
{0x0000000787f9dc28} - klass: 'com/sun/glass/ui/InvokeLaterDispatcher$Future'
 - ---- fields (total size 3 words):
 - private 'done' 'Z' @12  true
 - private final 'runnable' 'Ljava/lang/Runnable;' @16  a 'com/sun/javafx/application/PlatformImpl$$Lambda$92+0x0000000800115090'{0x00000007862c0860} (f0c5810c)
 - final synthetic 'this$0' 'Lcom/sun/glass/ui/InvokeLaterDispatcher;' @20  a 'com/sun/glass/ui/InvokeLaterDispatcher'{0x00000007800ea7c8} (f001d4f9)
 x3=0x0 is NULL
 x4=0x00000000000130a8 is an unknown value
 x5=0x0 is NULL
 x6=0x0 is NULL
 x7=0x0 is NULL
 x8=0x000000010a8354ec is at begin+0 in a stub
StubRoutines::SafeFetchN [0x000000010a8354ec, 0x000000010a8354f8] (12 bytes)
 x9=0x0 is NULL
x10=0x2010000030300000 is an unknown value
x11=0x0000000000000007 is an unknown value
x12=0x0 is NULL
x13=0x00006000025383f0 points into unknown readable memory: 0x0000000300000000 | 00 00 00 00 03 00 00 00
x14=0x0000050000000000 is an unknown value
x15=0x000000011fd19f98: OBJC_CLASS_$_GlassRunnable+0 in /Users/abheektripathy/.openjfx/cache/17.0.1/libglass.dylib at 0x000000011fcd4000
x16=0x000000019c5670fc: pthread_getspecific+0 in /usr/lib/system/libsystem_pthread.dylib at 0x000000019c565000
x17=0x0000600002f13d80 points into unknown readable memory: 0xfffffffffffffffe | fe ff ff ff ff ff ff ff
x18=0x0 is NULL
x19=0x00006000020184d0 points into unknown readable memory: 0x000060000092b5e0 | e0 b5 92 00 00 60 00 00
x20=0x000000011fb05840 points into unknown readable memory: 0x0000000000000000 | 00 00 00 00 00 00 00 00
x21=0x000000011fb05a48 is a global jni handle
x22=0x000000012c103400 is a thread
x23=0x0000000000000001 is an unknown value
x24=0x000000011fb05a00 is a global jni handle
x25=0x0000000102a27a08: _ZN12StubRoutines17_safefetchN_entryE+0 in /Library/Java/JavaVirtualMachines/temurin-17.jdk/Contents/Home/lib/server/libjvm.dylib at 0x0000000101dcc000
x26=0x000000012f0542c8 is pointing into metadata
x27=0x0 is NULL
x28=0x000000012c103400 is a thread


Registers:
 x0=0x000000011fb05a48  x1=0x0000000000000000  x2=0x0000000787f9dc28  x3=0x0000000000000000
 x4=0x00000000000130a8  x5=0x0000000000000000  x6=0x0000000000000000  x7=0x0000000000000000
 x8=0x000000010a8354ec  x9=0x0000000000000000 x10=0x2010000030300000 x11=0x0000000000000007
x12=0x0000000000000000 x13=0x00006000025383f0 x14=0x0000050000000000 x15=0x000000011fd19f98
x16=0x000000019c5670fc x17=0x0000600002f13d80 x18=0x0000000000000000 x19=0x00006000020184d0
x20=0x000000011fb05840 x21=0x000000011fb05a48 x22=0x000000012c103400 x23=0x0000000000000001
x24=0x000000011fb05a00 x25=0x0000000102a27a08 x26=0x000000012f0542c8 x27=0x0000000000000000
x28=0x000000012c103400  fp=0x0000000171f0e7c0  lr=0x00000001025850ac  sp=0x0000000171f0e780
pc=0x000000010a8354f0 cpsr=0x0000000060001000
Top of Stack: (sp=0x0000000171f0e780)
0x0000000171f0e780:   000000012f0542c8 0000000000000001
0x0000000171f0e790:   0000000171f0e988 0000000000000000
0x0000000171f0e7a0:   000000012c102aa8 000000011fb05a30
0x0000000171f0e7b0:   000000011fb05a30 00006000020184d0
0x0000000171f0e7c0:   0000000171f0e800 00000001025862dc
0x0000000171f0e7d0:   0000000000000001 000000011fb05a30
0x0000000171f0e7e0:   000000012c102aa8 000000011fb05a30
0x0000000171f0e7f0:   0000000000000001 000000012c102800
0x0000000171f0e800:   0000000171f0e840 0000000102291750
0x0000000171f0e810:   0000000171f0e988 0000600000919a60
0x0000000171f0e820:   00006000009199d0 00000001e682530c
0x0000000171f0e830:   0000000000000000 00006000009199d0
0x0000000171f0e840:   0000000171f0e870 000000011fcdeb08
0x0000000171f0e850:   2a058b189b1e0072 0000000000000000
0x0000000171f0e860:   0000000000000000 0000600001e16a80
0x0000000171f0e870:   0000000171f0e8b0 000000019d53c318
0x0000000171f0e880:   0000000171f0e988 0000600000919a60
0x0000000171f0e890:   00006000009199d0 2a058b189b1e0072
0x0000000171f0e8a0:   0000000000000000 0000000000000000
0x0000000171f0e8b0:   0000000171f0e8f0 756f00019d5088ac
0x0000000171f0e8c0:   0000000171f0e988 000000010a83c7c0
0x0000000171f0e8d0:   0000000000000000 0000000102a2f3c8
0x0000000171f0e8e0:   0000000171f0e900 000000010a83b730
0x0000000171f0e8f0:   0000000171f0e960 746900010a83d8ac
0x0000000171f0e900:   0000000171f0e900 00000001281a1535
0x0000000171f0e910:   0000000171f0e910 0000000000000000
0x0000000171f0e920:   0000000171f0e988 000000012f0542c8
0x0000000171f0e930:   00000007800d7650 0000000000000000
0x0000000171f0e940:   0000000000000000 000000012f030000
0x0000000171f0e950:   0000000000000000 0000000171f0e960
0x0000000171f0e960:   0000000171f0e9e0 000000010a839fc8
0x0000000171f0e970:   0000000000000000 0000000000000000 

Instructions: (pc=0x000000010a8354f0)
0x000000010a8353f0:   f2a053e9 f2c00029 6d425935 1e640886
0x000000010a835400:   0c402d31 1e6408c7 1f5654d0 1e6c1017
0x000000010a835410:   1f5050d0 1f504cd0 1f5048d0 1e650af6
0x000000010a835420:   1f50d8f6 1f5694d6 1f5158f6 1e762880
0x000000010a835430:   36000501 1e614000 14000026 2e251ca5
0x000000010a835440:   d2883009 f2a053e9 f2c00029 6d425d36
0x000000010a835450:   1e600806 0c402d32 1f5758c7 1e6c101a
0x000000010a835460:   1f4754c7 1e650805 1f4750c7 d2866668
0x000000010a835470:   f2a7fa68 1f474cc7 1e6608c0 1f4748c7
0x000000010a835480:   1e6e1019 eb08007f 540000ac 1f479400
0x000000010a835490:   1f460340 1e603b20 1400000e d2a7fd29
0x000000010a8354a0:   eb09007f 540000ac 51480069 d3607d29
0x000000010a8354b0:   9e670121 14000002 1e6a5001 1f679417
0x000000010a8354c0:   1f668742 1e613b23 1e773857 1e773860
0x000000010a8354d0:   a8c17ff3 910003bf a8c17bfd d65f03c0
0x000000010a8354e0:   b9400001 aa0103e0 d65f03c0 f9400001
0x000000010a8354f0:   aa0103e0 d65f03c0 00000000 00000000
0x000000010a835500:   00000000 00000000 00000000 00000000
0x000000010a835510:   00000000 00000000 00000000 00000000
0x000000010a835520:   00000000 00000000 00000000 00000000
0x000000010a835530:   00000000 00000000 00000000 00000000
0x000000010a835540:   00000000 00000000 00000000 00000000
0x000000010a835550:   00000000 00000000 00000000 00000000
0x000000010a835560:   00000000 00000000 00000000 00000000
0x000000010a835570:   00000000 00000000 00000000 00000000
0x000000010a835580:   00000000 00000000 00000000 00000000
0x000000010a835590:   00000000 00000000 00000000 00000000
0x000000010a8355a0:   00000000 00000000 00000000 00000000
0x000000010a8355b0:   00000000 00000000 00000000 00000000
0x000000010a8355c0:   00000000 00000000 00000000 00000000
0x000000010a8355d0:   00000000 00000000 00000000 00000000
0x000000010a8355e0:   00000000 00000000 00000000 00000000 


Stack slot to memory mapping:
stack at sp + 0 slots: 0x000000012f0542c8 is pointing into metadata
stack at sp + 1 slots: 0x0000000000000001 is an unknown value
stack at sp + 2 slots: 0x0000000171f0e988 is pointing into the stack for thread: 0x000000012c103400
stack at sp + 3 slots: 0x0 is NULL
stack at sp + 4 slots: 0x000000012c102aa8 points into unknown readable memory: 0x00000001029e2888 | 88 28 9e 02 01 00 00 00
stack at sp + 5 slots: 0x000000011fb05a30 is a global jni handle
stack at sp + 6 slots: 0x000000011fb05a30 is a global jni handle
stack at sp + 7 slots: 0x00006000020184d0 points into unknown readable memory: 0x000060000092b5e0 | e0 b5 92 00 00 60 00 00

StubRoutines::SafeFetchN [0x000000010a8354ec, 0x000000010a8354f8] (12 bytes)
[MachCode]
  0x000000010a8354ec: 0100 40f9 | e003 01aa | c003 5fd6 
[/MachCode]

---------------  P R O C E S S  ---------------

Threads class SMR info:
_java_thread_list=0x0000600000b2d3c0, length=22, elements={
0x000000012d808a00, 0x000000012c80ee00, 0x000000012c80d600, 0x000000012880a000,
0x0000000128811c00, 0x0000000128812200, 0x000000012d88a200, 0x000000012c80dc00,
0x0000000129008200, 0x000000012d907400, 0x0000000128810c00, 0x0000000128815e00,
0x000000012c040000, 0x000000012c103400, 0x000000012c102800, 0x0000000129009400,
0x000000012d99e200, 0x000000012d9d5800, 0x000000012dda0e00, 0x000000012c1e7600,
0x000000012de1aa00, 0x000000012e018200
}

Java Threads: ( => current thread )
  0x000000012d808a00 JavaThread "main" [_thread_blocked, id=6147, stack(0x000000016f304000,0x000000016f507000)]
  0x000000012c80ee00 JavaThread "Reference Handler" daemon [_thread_blocked, id=16387, stack(0x0000000170158000,0x000000017035b000)]
  0x000000012c80d600 JavaThread "Finalizer" daemon [_thread_blocked, id=15875, stack(0x0000000170364000,0x0000000170567000)]
  0x000000012880a000 JavaThread "Signal Dispatcher" daemon [_thread_blocked, id=42243, stack(0x0000000170688000,0x000000017088b000)]
  0x0000000128811c00 JavaThread "Service Thread" daemon [_thread_blocked, id=22787, stack(0x0000000170894000,0x0000000170a97000)]
  0x0000000128812200 JavaThread "Monitor Deflation Thread" daemon [_thread_blocked, id=23299, stack(0x0000000170aa0000,0x0000000170ca3000)]
  0x000000012d88a200 JavaThread "C2 CompilerThread0" daemon [_thread_in_native, id=23811, stack(0x0000000170cac000,0x0000000170eaf000)]
  0x000000012c80dc00 JavaThread "C1 CompilerThread0" daemon [_thread_blocked, id=24323, stack(0x0000000170eb8000,0x00000001710bb000)]
  0x0000000129008200 JavaThread "Sweeper thread" daemon [_thread_blocked, id=41475, stack(0x00000001710c4000,0x00000001712c7000)]
  0x000000012d907400 JavaThread "Common-Cleaner" daemon [_thread_blocked, id=24835, stack(0x00000001712d0000,0x00000001714d3000)]
  0x0000000128810c00 JavaThread "Monitor Ctrl-Break" daemon [_thread_in_native, id=40963, stack(0x00000001714dc000,0x00000001716df000)]
  0x0000000128815e00 JavaThread "Notification Thread" daemon [_thread_blocked, id=25347, stack(0x00000001716e8000,0x00000001718eb000)]
  0x000000012c040000 JavaThread "QuantumRenderer-0" daemon [_thread_blocked, id=39939, stack(0x0000000171b00000,0x0000000171d03000)]
=>0x000000012c103400 JavaThread "InvokeLaterDispatcher" daemon [_thread_in_native, id=34827, stack(0x0000000171d0c000,0x0000000171f0f000)]
  0x000000012c102800 JavaThread "JavaFX Application Thread" [_thread_in_native, id=259, stack(0x000000016ea7c000,0x000000016f278000)]
  0x0000000129009400 JavaThread "JavaFX-Launcher" [_thread_blocked, id=78343, stack(0x00000001721b0000,0x00000001723b3000)]
  0x000000012d99e200 JavaThread "JFXMedia Player EventQueueThread" daemon [_thread_blocked, id=80395, stack(0x0000000173210000,0x0000000173413000)]
  0x000000012d9d5800 JavaThread "Prism Font Disposer" daemon [_thread_blocked, id=167175, stack(0x0000000280004000,0x0000000280207000)]
  0x000000012dda0e00 JavaThread "Media Resource Disposer" daemon [_thread_blocked, id=96775, stack(0x00000002804a8000,0x00000002806ab000)]
  0x000000012c1e7600 JavaThread "Cleaner-0" daemon [_thread_blocked, id=57867, stack(0x00000002806b4000,0x00000002808b7000)]
  0x000000012de1aa00 JavaThread "Attach Listener" daemon [_thread_blocked, id=1363, stack(0x00000002808c0000,0x0000000280ac3000)]
  0x000000012e018200 JavaThread "PulseTimer-CVDisplayLink thread" daemon [_thread_in_native, id=167943, stack(0x000000017364c000,0x00000001736cf000)]

Other Threads:
  0x000000012be09240 VMThread "VM Thread" [stack: 0x000000016ff4c000,0x000000017014f000] [id=16899]
  0x000000011fb09d60 WatcherThread [stack: 0x00000001718f4000,0x0000000171af7000] [id=40451]
  0x000000012d1065b0 GCTaskThread "GC Thread#0" [stack: 0x000000016f510000,0x000000016f713000] [id=19715]
  0x000000012d0070e0 GCTaskThread "GC Thread#1" [stack: 0x00000001723bc000,0x00000001725bf000] [id=73731]
  0x000000012d007560 GCTaskThread "GC Thread#2" [stack: 0x00000001725c8000,0x00000001727cb000] [id=58627]
  0x000000012d0079e0 GCTaskThread "GC Thread#3" [stack: 0x00000001727d4000,0x00000001729d7000] [id=73219]
  0x000000012d2048f0 GCTaskThread "GC Thread#4" [stack: 0x00000001729e0000,0x0000000172be3000] [id=72963]
  0x000000012d205160 GCTaskThread "GC Thread#5" [stack: 0x0000000172bec000,0x0000000172def000] [id=59395]
  0x000000012bf24c10 GCTaskThread "GC Thread#6" [stack: 0x0000000172df8000,0x0000000172ffb000] [id=59651]
  0x000000012bf25580 GCTaskThread "GC Thread#7" [stack: 0x0000000173004000,0x0000000173207000] [id=60163]
  0x000000012d106c60 ConcurrentGCThread "G1 Main Marker" [stack: 0x000000016f71c000,0x000000016f91f000] [id=19203]
  0x000000012d1074e0 ConcurrentGCThread "G1 Conc#0" [stack: 0x000000016f928000,0x000000016fb2b000] [id=12803]
  0x000000012bf3a7b0 ConcurrentGCThread "G1 Conc#1" [stack: 0x0000000280210000,0x0000000280413000] [id=166915]
  0x000000012be050b0 ConcurrentGCThread "G1 Refine#0" [stack: 0x000000016fb34000,0x000000016fd37000] [id=18179]
  0x000000012be05950 ConcurrentGCThread "G1 Service" [stack: 0x000000016fd40000,0x000000016ff43000] [id=13059]

Threads with active compile tasks:
C2 CompilerThread0     2636 2452       4       javafx.scene.CssStyleHelper::resolveLookups (463 bytes)

VM state: not at safepoint (normal execution)

VM Mutex/Monitor currently owned by a thread: None

Heap address: 0x0000000780000000, size: 2048 MB, Compressed Oops mode: Zero based, Oop shift amount: 3

CDS archive(s) not mapped
Compressed class space mapped at: 0x0000000800000000-0x0000000840000000, reserved size: 1073741824
Narrow klass base: 0x0000000800000000, Narrow klass shift: 0, Narrow klass range: 0x40000000

GC Precious Log:
 CPUs: 8 total, 8 available
 Memory: 8192M
 Large Page Support: Disabled
 NUMA Support: Disabled
 Compressed Oops: Enabled (Zero based)
 Heap Region Size: 1M
 Heap Min Capacity: 8M
 Heap Initial Capacity: 128M
 Heap Max Capacity: 2G
 Pre-touch: Disabled
 Parallel Workers: 8
 Concurrent Workers: 2
 Concurrent Refinement Workers: 8
 Periodic GC: Disabled

Heap:
 garbage-first heap   total 30720K, used 13675K [0x0000000780000000, 0x0000000800000000)
  region size 1024K, 4 young (4096K), 1 survivors (1024K)
 Metaspace       used 25603K, committed 25856K, reserved 1073152K
  class space    used 3319K, committed 3456K, reserved 1048576K

Heap Regions: E=young(eden), S=young(survivor), O=old, HS=humongous(starts), HC=humongous(continues), CS=collection set, F=free, OA=open archive, CA=closed archive, TAMS=top-at-mark-start (previous, next)
|   0|0x0000000780000000, 0x0000000780100000, 0x0000000780100000|100%| O|  |TAMS 0x00000007800cf600, 0x0000000780000000| Untracked 
|   1|0x0000000780100000, 0x0000000780200000, 0x0000000780200000|100%| O|  |TAMS 0x0000000780100000, 0x0000000780100000| Untracked 
|   2|0x0000000780200000, 0x0000000780300000, 0x0000000780300000|100%| O|  |TAMS 0x0000000780200000, 0x0000000780200000| Untracked 
|   3|0x0000000780300000, 0x0000000780300000, 0x0000000780400000|  0%| F|  |TAMS 0x0000000780300000, 0x0000000780300000| Untracked 
|   4|0x0000000780400000, 0x0000000780500000, 0x0000000780500000|100%| O|  |TAMS 0x0000000780400000, 0x0000000780400000| Untracked 
|   5|0x0000000780500000, 0x0000000780500000, 0x0000000780600000|  0%| F|  |TAMS 0x0000000780500000, 0x0000000780500000| Untracked 
|   6|0x0000000780600000, 0x0000000780600000, 0x0000000780700000|  0%| F|  |TAMS 0x0000000780600000, 0x0000000780600000| Untracked 
|   7|0x0000000780700000, 0x0000000780700000, 0x0000000780800000|  0%| F|  |TAMS 0x0000000780700000, 0x0000000780700000| Untracked 
|   8|0x0000000780800000, 0x0000000780800000, 0x0000000780900000|  0%| F|  |TAMS 0x0000000780800000, 0x0000000780800000| Untracked 
|   9|0x0000000780900000, 0x0000000780900000, 0x0000000780a00000|  0%| F|  |TAMS 0x0000000780900000, 0x0000000780900000| Untracked 
|  10|0x0000000780a00000, 0x0000000780a00000, 0x0000000780b00000|  0%| F|  |TAMS 0x0000000780a00000, 0x0000000780a00000| Untracked 
|  11|0x0000000780b00000, 0x0000000780c00000, 0x0000000780c00000|100%|HS|  |TAMS 0x0000000780b00000, 0x0000000780b00000| Complete 
|  12|0x0000000780c00000, 0x0000000780d00000, 0x0000000780d00000|100%|HC|  |TAMS 0x0000000780c00000, 0x0000000780c00000| Complete 
|  13|0x0000000780d00000, 0x0000000780e00000, 0x0000000780e00000|100%| O|  |TAMS 0x0000000780d00000, 0x0000000780d00000| Untracked 
|  14|0x0000000780e00000, 0x0000000780f00000, 0x0000000780f00000|100%| O|  |TAMS 0x0000000780e00000, 0x0000000780e00000| Untracked 
|  15|0x0000000780f00000, 0x0000000781000000, 0x0000000781000000|100%| O|  |TAMS 0x0000000780f00000, 0x0000000780f00000| Untracked 
|  16|0x0000000781000000, 0x0000000781100000, 0x0000000781100000|100%| O|  |TAMS 0x0000000781000000, 0x0000000781000000| Untracked 
|  17|0x0000000781100000, 0x0000000781191e00, 0x0000000781200000| 56%| O|  |TAMS 0x0000000781100000, 0x0000000781100000| Untracked 
|  18|0x0000000781200000, 0x0000000781200000, 0x0000000781300000|  0%| F|  |TAMS 0x0000000781200000, 0x0000000781200000| Untracked 
|  19|0x0000000781300000, 0x0000000781300000, 0x0000000781400000|  0%| F|  |TAMS 0x0000000781300000, 0x0000000781300000| Untracked 
|  20|0x0000000781400000, 0x0000000781400000, 0x0000000781500000|  0%| F|  |TAMS 0x0000000781400000, 0x0000000781400000| Untracked 
|  21|0x0000000781500000, 0x0000000781500000, 0x0000000781600000|  0%| F|  |TAMS 0x0000000781500000, 0x0000000781500000| Untracked 
|  22|0x0000000781600000, 0x0000000781600000, 0x0000000781700000|  0%| F|  |TAMS 0x0000000781600000, 0x0000000781600000| Untracked 
|  23|0x0000000781700000, 0x0000000781700000, 0x0000000781800000|  0%| F|  |TAMS 0x0000000781700000, 0x0000000781700000| Untracked 
|  24|0x0000000781800000, 0x0000000781800000, 0x0000000781900000|  0%| F|  |TAMS 0x0000000781800000, 0x0000000781800000| Untracked 
|  97|0x0000000786100000, 0x0000000786100000, 0x0000000786200000|  0%| F|  |TAMS 0x0000000786100000, 0x0000000786100000| Untracked 
|  98|0x0000000786200000, 0x00000007862e1750, 0x0000000786300000| 88%| E|  |TAMS 0x0000000786200000, 0x0000000786200000| Complete 
|  99|0x0000000786300000, 0x0000000786400000, 0x0000000786400000|100%| E|CS|TAMS 0x0000000786300000, 0x0000000786300000| Complete 
| 100|0x0000000786400000, 0x00000007864c9000, 0x0000000786500000| 78%| S|CS|TAMS 0x0000000786400000, 0x0000000786400000| Complete 
| 127|0x0000000787f00000, 0x0000000788000000, 0x0000000788000000|100%| E|CS|TAMS 0x0000000787f00000, 0x0000000787f00000| Complete 

Card table byte_map: [0x00000001014a4000,0x00000001018a4000] _byte_map_base: 0x00000000fd8a4000

Marking Bits (Prev, Next): (CMBitMap*) 0x000000012d82dc50, (CMBitMap*) 0x000000012d82dc10
 Prev Bits: [0x000000011b834000, 0x000000011d834000)
 Next Bits: [0x0000000119834000, 0x000000011b834000)

Polling page: 0x0000000100c0c000

Metaspace:

Usage:
  Non-class:     21.76 MB used.
      Class:      3.24 MB used.
       Both:     25.00 MB used.

Virtual space:
  Non-class space:       24.00 MB reserved,      21.88 MB ( 91%) committed,  3 nodes.
      Class space:        1.00 GB reserved,       3.38 MB ( <1%) committed,  1 nodes.
             Both:        1.02 GB reserved,      25.25 MB (  2%) committed. 

Chunk freelists:
   Non-Class:  1.58 MB
       Class:  611.00 KB
        Both:  2.17 MB

MaxMetaspaceSize: unlimited
CompressedClassSpaceSize: 1.00 GB
Initial GC threshold: 21.00 MB
Current GC threshold: 35.25 MB
CDS: off
MetaspaceReclaimPolicy: balanced
 - commit_granule_bytes: 65536.
 - commit_granule_words: 8192.
 - virtual_space_node_default_size: 1048576.
 - enlarge_chunks_in_place: 1.
 - new_chunks_are_fully_committed: 0.
 - uncommit_free_chunks: 1.
 - use_allocation_guard: 0.
 - handle_deallocations: 1.


Internal statistics:

num_allocs_failed_limit: 3.
num_arena_births: 222.
num_arena_deaths: 0.
num_vsnodes_births: 4.
num_vsnodes_deaths: 0.
num_space_committed: 404.
num_space_uncommitted: 0.
num_chunks_returned_to_freelist: 3.
num_chunks_taken_from_freelist: 801.
num_chunk_merges: 0.
num_chunk_splits: 530.
num_chunks_enlarged: 405.
num_purges: 0.
num_inconsistent_stats: 0.

CodeHeap 'non-profiled nmethods': size=120032Kb used=926Kb max_used=926Kb free=119105Kb
 bounds [0x00000001122fc000, 0x000000011256c000, 0x0000000119834000]
CodeHeap 'profiled nmethods': size=120016Kb used=4747Kb max_used=4747Kb free=115268Kb
 bounds [0x000000010adc8000, 0x000000010b278000, 0x00000001122fc000]
CodeHeap 'non-nmethods': size=5712Kb used=1408Kb max_used=1462Kb free=4303Kb
 bounds [0x000000010a834000, 0x000000010aaa4000, 0x000000010adc8000]
 total_blobs=3171 nmethods=2370 adapters=717
 compilation: enabled
              stopped_count=0, restarted_count=0
 full_count=0

Compilation events (20 events):
Event: 2.543 Thread 0x000000012c80dc00 2443       1       javafx.scene.input.MouseEvent::getClickCount (5 bytes)
Event: 2.543 Thread 0x000000012c80dc00 nmethod 2443 0x00000001123e1d10 code [0x00000001123e1e80, 0x00000001123e1f68]
Event: 2.543 Thread 0x000000012c80dc00 2444       1       javafx.scene.input.MouseEvent::isStillSincePress (5 bytes)
Event: 2.543 Thread 0x000000012c80dc00 nmethod 2444 0x00000001123e2010 code [0x00000001123e2180, 0x00000001123e2268]
Event: 2.559 Thread 0x000000012c80dc00 2445       3       com.sun.glass.ui.View::getWindow (8 bytes)
Event: 2.559 Thread 0x000000012c80dc00 nmethod 2445 0x000000010b266610 code [0x000000010b266800, 0x000000010b266bc8]
Event: 2.567 Thread 0x000000012c80dc00 2446       1       java.util.EventObject::getSource (5 bytes)
Event: 2.567 Thread 0x000000012c80dc00 nmethod 2446 0x00000001123e2310 code [0x00000001123e2480, 0x00000001123e2568]
Event: 2.607 Thread 0x000000012c80dc00 2447       1       com.sun.glass.ui.Screen::getX (5 bytes)
Event: 2.608 Thread 0x000000012c80dc00 nmethod 2447 0x00000001123e2610 code [0x00000001123e2780, 0x00000001123e2868]
Event: 2.608 Thread 0x000000012c80dc00 2449       3       javafx.scene.input.MouseEvent::<init> (208 bytes)
Event: 2.609 Thread 0x000000012c80dc00 nmethod 2449 0x000000010b266d90 code [0x000000010b266fc0, 0x000000010b267738]
Event: 2.609 Thread 0x000000012c80dc00 2450       3       javafx.scene.input.InputEvent::<init> (8 bytes)
Event: 2.609 Thread 0x000000012c80dc00 nmethod 2450 0x000000010b267b10 code [0x000000010b267cc0, 0x000000010b267e58]
Event: 2.609 Thread 0x000000012c80dc00 2451       3       javafx.scene.input.MouseEvent$Flags::<init> (10 bytes)
Event: 2.609 Thread 0x000000012c80dc00 nmethod 2451 0x000000010b267f10 code [0x000000010b2680c0, 0x000000010b268268]
Event: 2.609 Thread 0x000000012c80dc00 2448       1       com.sun.glass.ui.Screen::getY (5 bytes)
Event: 2.610 Thread 0x000000012c80dc00 nmethod 2448 0x00000001123e2910 code [0x00000001123e2a80, 0x00000001123e2b68]
Event: 2.619 Thread 0x000000012d88a200 2452       4       javafx.scene.CssStyleHelper::resolveLookups (463 bytes)
Event: 2.620 Thread 0x000000012c80dc00 2454       3       javafx.scene.CssStyleHelper::getTransitionStates (144 bytes)

GC Heap History (8 events):
Event: 0.335 GC heap before
{Heap before GC invocations=0 (full 0):
 garbage-first heap   total 131072K, used 22528K [0x0000000780000000, 0x0000000800000000)
  region size 1024K, 23 young (23552K), 0 survivors (0K)
 Metaspace       used 15712K, committed 15936K, reserved 1064960K
  class space    used 1690K, committed 1792K, reserved 1048576K
}
Event: 0.339 GC heap after
{Heap after GC invocations=1 (full 0):
 garbage-first heap   total 131072K, used 3901K [0x0000000780000000, 0x0000000800000000)
  region size 1024K, 3 young (3072K), 3 survivors (3072K)
 Metaspace       used 15712K, committed 15936K, reserved 1064960K
  class space    used 1690K, committed 1792K, reserved 1048576K
}
Event: 0.670 GC heap before
{Heap before GC invocations=1 (full 0):
 garbage-first heap   total 131072K, used 26429K [0x0000000780000000, 0x0000000800000000)
  region size 1024K, 27 young (27648K), 3 survivors (3072K)
 Metaspace       used 21346K, committed 21504K, reserved 1073152K
  class space    used 2591K, committed 2688K, reserved 1048576K
}
Event: 0.673 GC heap after
{Heap after GC invocations=2 (full 0):
 garbage-first heap   total 131072K, used 7651K [0x0000000780000000, 0x0000000800000000)
  region size 1024K, 4 young (4096K), 4 survivors (4096K)
 Metaspace       used 21346K, committed 21504K, reserved 1073152K
  class space    used 2591K, committed 2688K, reserved 1048576K
}
Event: 0.834 GC heap before
{Heap before GC invocations=3 (full 0):
 garbage-first heap   total 30720K, used 21987K [0x0000000780000000, 0x0000000800000000)
  region size 1024K, 19 young (19456K), 4 survivors (4096K)
 Metaspace       used 24662K, committed 24896K, reserved 1073152K
  class space    used 3226K, committed 3328K, reserved 1048576K
}
Event: 0.836 GC heap after
{Heap after GC invocations=4 (full 0):
 garbage-first heap   total 30720K, used 9225K [0x0000000780000000, 0x0000000800000000)
  region size 1024K, 6 young (6144K), 6 survivors (6144K)
 Metaspace       used 24662K, committed 24896K, reserved 1073152K
  class space    used 3226K, committed 3328K, reserved 1048576K
}
Event: 0.871 GC heap before
{Heap before GC invocations=4 (full 0):
 garbage-first heap   total 30720K, used 12297K [0x0000000780000000, 0x0000000800000000)
  region size 1024K, 7 young (7168K), 6 survivors (6144K)
 Metaspace       used 24925K, committed 25152K, reserved 1073152K
  class space    used 3258K, committed 3392K, reserved 1048576K
}
Event: 0.873 GC heap after
{Heap after GC invocations=5 (full 0):
 garbage-first heap   total 30720K, used 11627K [0x0000000780000000, 0x0000000800000000)
  region size 1024K, 1 young (1024K), 1 survivors (1024K)
 Metaspace       used 24925K, committed 25152K, reserved 1073152K
  class space    used 3258K, committed 3392K, reserved 1048576K
}

Deoptimization events (20 events):
Event: 0.867 Thread 0x000000012c040000 DEOPT PACKING pc=0x000000010b1922cc sp=0x0000000171d011a0
Event: 0.867 Thread 0x000000012c040000 DEOPT UNPACKING pc=0x000000010a872b7c sp=0x0000000171d00e00 mode 0
Event: 0.867 Thread 0x000000012c040000 DEOPT PACKING pc=0x000000010b1922cc sp=0x0000000171d011a0
Event: 0.867 Thread 0x000000012c040000 DEOPT UNPACKING pc=0x000000010a872b7c sp=0x0000000171d00e00 mode 0
Event: 0.868 Thread 0x000000012c040000 DEOPT PACKING pc=0x000000010b1922f4 sp=0x0000000171d011a0
Event: 0.868 Thread 0x000000012c040000 DEOPT UNPACKING pc=0x000000010a872b7c sp=0x0000000171d00e00 mode 0
Event: 0.868 Thread 0x000000012c040000 DEOPT PACKING pc=0x000000010b1923b8 sp=0x0000000171d011a0
Event: 0.868 Thread 0x000000012c040000 DEOPT UNPACKING pc=0x000000010a872b7c sp=0x0000000171d00e00 mode 0
Event: 0.868 Thread 0x000000012c040000 DEOPT PACKING pc=0x000000010b1922cc sp=0x0000000171d011a0
Event: 0.868 Thread 0x000000012c040000 DEOPT UNPACKING pc=0x000000010a872b7c sp=0x0000000171d00e00 mode 0
Event: 0.896 Thread 0x000000012c040000 DEOPT PACKING pc=0x000000010b1c1354 sp=0x0000000171d017f0
Event: 0.896 Thread 0x000000012c040000 DEOPT UNPACKING pc=0x000000010a872b7c sp=0x0000000171d01410 mode 0
Event: 0.897 Thread 0x000000012c040000 DEOPT PACKING pc=0x000000010b1c0960 sp=0x0000000171d01440
Event: 0.897 Thread 0x000000012c040000 DEOPT UNPACKING pc=0x000000010a872b7c sp=0x0000000171d01100 mode 0
Event: 1.161 Thread 0x000000012de1aa00 Uncommon trap: trap_request=0xffffff45 fr.pc=0x0000000112341178 relative=0x0000000000000e38
Event: 1.161 Thread 0x000000012de1aa00 Uncommon trap: reason=unstable_if action=reinterpret pc=0x0000000112341178 method=java.util.concurrent.ConcurrentHashMap.putVal(Ljava/lang/Object;Ljava/lang/Object;Z)Ljava/lang/Object; @ 148 c2
Event: 1.161 Thread 0x000000012de1aa00 DEOPT PACKING pc=0x0000000112341178 sp=0x0000000280ac18c0
Event: 1.161 Thread 0x000000012de1aa00 DEOPT UNPACKING pc=0x000000010a872d1c sp=0x0000000280ac17d0 mode 2
Event: 1.623 Thread 0x000000012c040000 DEOPT PACKING pc=0x000000010b1d1594 sp=0x0000000171d016d0
Event: 1.623 Thread 0x000000012c040000 DEOPT UNPACKING pc=0x000000010a872b7c sp=0x0000000171d012d0 mode 0

Classes unloaded (0 events):
No events

Classes redefined (0 events):
No events

Internal exceptions (20 events):
Event: 0.665 Thread 0x000000012c102800 Exception <a 'java/lang/NoSuchMethodError'{0x0000000786979ac8}: 'java.lang.Object java.lang.invoke.DirectMethodHandle$Holder.invokeInterface(java.lang.Object, java.lang.Object, java.lang.Object)'> (0x0000000786979ac8) 
thrown [../../src/hotspot/share/interpreter/linkResolver.cpp, line 766]
Event: 0.665 Thread 0x000000012c102800 Exception <a 'java/lang/IncompatibleClassChangeError'{0x000000078697d450}: Found class java.lang.Object, but interface was expected> (0x000000078697d450) 
thrown [../../src/hotspot/share/interpreter/linkResolver.cpp, line 833]
Event: 0.679 Thread 0x000000012c102800 Exception <a 'java/lang/ClassNotFoundException'{0x0000000787f79e40}: com/sun/javafx/scene/control/skin/resources/controls> (0x0000000787f79e40) 
thrown [../../src/hotspot/share/prims/jni.cpp, line 535]
Event: 0.680 Thread 0x000000012c102800 Exception <a 'java/lang/ClassNotFoundException'{0x0000000787fe3438}: com/sun/javafx/scene/control/skin/resources/controls_en> (0x0000000787fe3438) 
thrown [../../src/hotspot/share/prims/jni.cpp, line 535]
Event: 0.680 Thread 0x000000012c102800 Exception <a 'java/lang/ClassNotFoundException'{0x0000000787fe49a0}: com/sun/javafx/scene/control/skin/resources/controls_en_IN> (0x0000000787fe49a0) 
thrown [../../src/hotspot/share/prims/jni.cpp, line 535]
Event: 0.707 Thread 0x000000012c102800 Exception <a 'java/lang/NoSuchMethodError'{0x00000007814bb8c0}: 'void java.lang.invoke.DirectMethodHandle$Holder.invokeSpecialIFC(java.lang.Object, java.lang.Object, java.lang.Object, java.lang.Object)'> (0x00000007814bb8c0) 
thrown [../../src/hotspot/share/interpreter/linkResolver.cpp, line 766]
Event: 0.718 Thread 0x000000012c102800 Exception <a 'java/lang/NoSuchMethodError'{0x00000007812a4938}: 'int java.lang.invoke.DirectMethodHandle$Holder.invokeSpecial(java.lang.Object, java.lang.Object, int)'> (0x00000007812a4938) 
thrown [../../src/hotspot/share/interpreter/linkResolver.cpp, line 766]
Event: 0.756 Thread 0x000000012c102800 Exception <a 'java/lang/NoSuchMethodError'{0x00000007810f9dd0}: 'java.lang.Object java.lang.invoke.DirectMethodHandle$Holder.newInvokeSpecial(java.lang.Object, java.lang.Object, int)'> (0x00000007810f9dd0) 
thrown [../../src/hotspot/share/interpreter/linkResolver.cpp, line 766]
Event: 0.796 Thread 0x000000012c102800 Exception <a 'java/lang/NoSuchMethodError'{0x0000000780f16650}: 'void java.lang.invoke.DirectMethodHandle$Holder.invokeSpecial(java.lang.Object, java.lang.Object, double)'> (0x0000000780f16650) 
thrown [../../src/hotspot/share/interpreter/linkResolver.cpp, line 766]
Event: 0.797 Thread 0x000000012c102800 Exception <a 'java/lang/NoSuchMethodError'{0x0000000780f1caa8}: 'java.lang.Object java.lang.invoke.DirectMethodHandle$Holder.newInvokeSpecial(java.lang.Object, java.lang.Object, double)'> (0x0000000780f1caa8) 
thrown [../../src/hotspot/share/interpreter/linkResolver.cpp, line 766]
Event: 0.797 Thread 0x000000012c102800 Exception <a 'java/lang/NoSuchMethodError'{0x0000000780f20970}: 'java.lang.Object java.lang.invoke.DirectMethodHandle$Holder.invokeSpecial(java.lang.Object, java.lang.Object, java.lang.Object, double)'> (0x0000000780f20970) 
thrown [../../src/hotspot/share/interpreter/linkResolver.cpp, line 766]
Event: 0.819 Thread 0x000000012c040000 Exception <a 'java/lang/NoSuchMethodError'{0x0000000780ee9c10}: 'int java.lang.invoke.DirectMethodHandle$Holder.invokeStaticInit(java.lang.Object, java.lang.Object)'> (0x0000000780ee9c10) 
thrown [../../src/hotspot/share/interpreter/linkResolver.cpp, line 766]
Event: 0.869 Thread 0x000000012c040000 Exception <a 'java/lang/NoSuchMethodError'{0x0000000787fa4568}: 'java.lang.Object java.lang.invoke.DirectMethodHandle$Holder.invokeStaticInit(java.lang.Object, int)'> (0x0000000787fa4568) 
thrown [../../src/hotspot/share/interpreter/linkResolver.cpp, line 766]
Event: 1.619 Thread 0x000000012c102800 Exception <a 'java/lang/NoSuchMethodError'{0x00000007863db660}: 'long java.lang.invoke.DirectMethodHandle$Holder.invokeStatic(java.lang.Object, java.lang.Object, java.lang.Object)'> (0x00000007863db660) 
thrown [../../src/hotspot/share/interpreter/linkResolver.cpp, line 766]
Event: 1.620 Thread 0x000000012c102800 Exception <a 'java/lang/NoSuchMethodError'{0x00000007863df210}: 'long java.lang.invoke.DirectMethodHandle$Holder.invokeStaticInit(java.lang.Object, java.lang.Object, java.lang.Object)'> (0x00000007863df210) 
thrown [../../src/hotspot/share/interpreter/linkResolver.cpp, line 766]
Event: 1.621 Thread 0x000000012c102800 Exception <a 'java/lang/NoSuchMethodError'{0x00000007863f6e18}: 'java.lang.Object java.lang.invoke.DirectMethodHandle$Holder.newInvokeSpecial(java.lang.Object, java.lang.Object, long)'> (0x00000007863f6e18) 
thrown [../../src/hotspot/share/interpreter/linkResolver.cpp, line 766]
Event: 1.621 Thread 0x000000012c102800 Exception <a 'java/lang/NoSuchMethodError'{0x00000007863fa6e0}: 'java.lang.Object java.lang.invoke.Invokers$Holder.linkToTargetMethod(java.lang.Object, long, java.lang.Object)'> (0x00000007863fa6e0) 
thrown [../../src/hotspot/share/interpreter/linkResolver.cpp, line 766]
Event: 1.700 Thread 0x000000012c102800 Exception <a 'java/lang/NoSuchMethodError'{0x0000000786259bc8}: 'java.lang.Object java.lang.invoke.DirectMethodHandle$Holder.newInvokeSpecial(java.lang.Object, java.lang.Object, int, int, int, int, int, java.lang.Object)'> (0x0000000786259bc8) 
thrown [../../src/hotspot/share/interpreter/linkResolver.cpp, line 766]
Event: 1.700 Thread 0x000000012c102800 Exception <a 'java/lang/NoSuchMethodError'{0x000000078626cba8}: 'java.lang.Object java.lang.invoke.DirectMethodHandle$Holder.newInvokeSpecial(java.lang.Object, java.lang.Object, java.lang.Object, int, int, int, int, int)'> (0x000000078626cba8) 
thrown [../../src/hotspot/share/interpreter/linkResolver.cpp, line 766]
Event: 1.701 Thread 0x000000012c102800 Exception <a 'java/lang/NoSuchMethodError'{0x0000000786274408}: 'java.lang.Object java.lang.invoke.Invokers$Holder.linkToTargetMethod(java.lang.Object, java.lang.Object, int, int, int, int, int, java.lang.Object)'> (0x0000000786274408) 
thrown [../../src/hotspot/share/interpreter/linkResolver.cpp, line 766]

VM Operations (20 events):
Event: 0.577 Executing VM operation: HandshakeAllThreads
Event: 0.577 Executing VM operation: HandshakeAllThreads done
Event: 0.670 Executing VM operation: CollectForMetadataAllocation
Event: 0.673 Executing VM operation: CollectForMetadataAllocation done
Event: 0.675 Executing VM operation: G1Concurrent
Event: 0.676 Executing VM operation: G1Concurrent done
Event: 0.677 Executing VM operation: G1Concurrent
Event: 0.677 Executing VM operation: G1Concurrent done
Event: 0.688 Executing VM operation: HandshakeAllThreads
Event: 0.688 Executing VM operation: HandshakeAllThreads done
Event: 0.703 Executing VM operation: HandshakeAllThreads
Event: 0.703 Executing VM operation: HandshakeAllThreads done
Event: 0.752 Executing VM operation: ICBufferFull
Event: 0.752 Executing VM operation: ICBufferFull done
Event: 0.834 Executing VM operation: G1CollectForAllocation
Event: 0.836 Executing VM operation: G1CollectForAllocation done
Event: 0.871 Executing VM operation: G1CollectForAllocation
Event: 0.874 Executing VM operation: G1CollectForAllocation done
Event: 1.754 Executing VM operation: ICBufferFull
Event: 1.754 Executing VM operation: ICBufferFull done

Events (20 events):
Event: 1.163 loading class sun/util/resources/cldr/TimeZoneNames_en_US
Event: 1.163 loading class sun/util/resources/cldr/TimeZoneNames_en_US done
Event: 1.165 loading class sun/util/cldr/CLDRBaseLocaleDataMetaInfo$TZCanonicalIDMapHolder
Event: 1.165 loading class sun/util/cldr/CLDRBaseLocaleDataMetaInfo$TZCanonicalIDMapHolder done
Event: 1.166 loading class sun/util/resources/TimeZoneNames
Event: 1.167 loading class sun/util/resources/TimeZoneNames done
Event: 1.167 loading class sun/util/resources/TimeZoneNames_en
Event: 1.167 loading class sun/util/resources/TimeZoneNames_en done
Event: 1.168 Protecting memory [0x000000017364c000,0x0000000173658000] with protection modes 3
Event: 1.168 Thread 0x000000012d9bca00 Thread exited: 0x000000012d9bca00
Event: 1.402 Protecting memory [0x000000017364c000,0x0000000173658000] with protection modes 0
Event: 1.402 Thread 0x000000012e018200 Thread added: 0x000000012e018200
Event: 2.355 Protecting memory [0x00000001735c0000,0x00000001735cc000] with protection modes 0
Event: 2.355 Thread 0x000000012e01b400 Thread added: 0x000000012e01b400
Event: 2.355 Protecting memory [0x00000001735c0000,0x00000001735cc000] with protection modes 3
Event: 2.355 Thread 0x000000012e01b400 Thread exited: 0x000000012e01b400
Event: 2.355 Protecting memory [0x00000001735c0000,0x00000001735cc000] with protection modes 0
Event: 2.355 Thread 0x000000012e01b400 Thread added: 0x000000012e01b400
Event: 2.355 Protecting memory [0x00000001735c0000,0x00000001735cc000] with protection modes 3
Event: 2.355 Thread 0x000000012e01b400 Thread exited: 0x000000012e01b400


Dynamic libraries:
0x0000000100bbc000 	/Library/Java/JavaVirtualMachines/temurin-17.jdk/Contents/Home/lib/libjli.dylib
0x00000001a7012000 	/usr/lib/libz.1.dylib
0x00000001a70c9000 	/usr/lib/libSystem.B.dylib
0x00000001a70c3000 	/usr/lib/system/libcache.dylib
0x00000001a7081000 	/usr/lib/system/libcommonCrypto.dylib
0x00000001a70aa000 	/usr/lib/system/libcompiler_rt.dylib
0x00000001a70a1000 	/usr/lib/system/libcopyfile.dylib
0x000000019c2ef000 	/usr/lib/system/libcorecrypto.dylib
0x000000019c3a4000 	/usr/lib/system/libdispatch.dylib
0x000000019c572000 	/usr/lib/system/libdyld.dylib
0x00000001a70b9000 	/usr/lib/system/libkeymgr.dylib
0x00000001a705c000 	/usr/lib/system/libmacho.dylib
0x00000001a674c000 	/usr/lib/system/libquarantine.dylib
0x00000001a70b6000 	/usr/lib/system/libremovefile.dylib
0x00000001a16e8000 	/usr/lib/system/libsystem_asl.dylib
0x000000019c291000 	/usr/lib/system/libsystem_blocks.dylib
0x000000019c42c000 	/usr/lib/system/libsystem_c.dylib
0x00000001a70ae000 	/usr/lib/system/libsystem_collections.dylib
0x00000001a5be1000 	/usr/lib/system/libsystem_configuration.dylib
0x00000001a4e3d000 	/usr/lib/system/libsystem_containermanager.dylib
0x00000001a6db9000 	/usr/lib/system/libsystem_coreservices.dylib
0x000000019eca2000 	/usr/lib/system/libsystem_darwin.dylib
0x00000001a70ba000 	/usr/lib/system/libsystem_dnssd.dylib
0x000000019c429000 	/usr/lib/system/libsystem_featureflags.dylib
0x000000019c587000 	/usr/lib/system/libsystem_info.dylib
0x00000001a7024000 	/usr/lib/system/libsystem_m.dylib
0x000000019c379000 	/usr/lib/system/libsystem_malloc.dylib
0x00000001a1676000 	/usr/lib/system/libsystem_networkextension.dylib
0x000000019f0fb000 	/usr/lib/system/libsystem_notify.dylib
0x00000001ad41c000 	/usr/lib/system/libsystem_product_info_filter.dylib
0x00000001a5be6000 	/usr/lib/system/libsystem_sandbox.dylib
0x00000001a70b3000 	/usr/lib/system/libsystem_secinit.dylib
0x000000019c52d000 	/usr/lib/system/libsystem_kernel.dylib
0x000000019c57f000 	/usr/lib/system/libsystem_platform.dylib
0x000000019c565000 	/usr/lib/system/libsystem_pthread.dylib
0x00000001a2e48000 	/usr/lib/system/libsystem_symptoms.dylib
0x000000019c2d5000 	/usr/lib/system/libsystem_trace.dylib
0x00000001a708e000 	/usr/lib/system/libunwind.dylib
0x000000019c293000 	/usr/lib/system/libxpc.dylib
0x000000019c515000 	/usr/lib/libc++abi.dylib
0x000000019c3eb000 	/usr/lib/libobjc.A.dylib
0x00000001a7099000 	/usr/lib/liboah.dylib
0x000000019c4ae000 	/usr/lib/libc++.1.dylib
0x00000001b2f42000 	/System/Library/Frameworks/Cocoa.framework/Versions/A/Cocoa
0x000000019f15c000 	/System/Library/Frameworks/AppKit.framework/Versions/C/AppKit
0x00000001a266f000 	/System/Library/Frameworks/CoreData.framework/Versions/A/CoreData
0x000000019d4b7000 	/System/Library/Frameworks/Foundation.framework/Versions/C/Foundation
0x00000001a0014000 	/System/Library/PrivateFrameworks/UIFoundation.framework/Versions/A/UIFoundation
0x00000001ad116000 	/System/Library/PrivateFrameworks/RemoteViewServices.framework/Versions/A/RemoteViewServices
0x00000001a5589000 	/System/Library/PrivateFrameworks/XCTTargetBootstrap.framework/Versions/A/XCTTargetBootstrap
0x00000001a8e09000 	/System/Library/PrivateFrameworks/InternationalSupport.framework/Versions/A/InternationalSupport
0x00000001a8e92000 	/System/Library/PrivateFrameworks/UserActivity.framework/Versions/A/UserActivity
0x00000001a8300000 	/usr/lib/libspindump.dylib
0x00000001a0285000 	/System/Library/Frameworks/UniformTypeIdentifiers.framework/Versions/A/UniformTypeIdentifiers
0x00000001a3ad3000 	/usr/lib/libapp_launch_measurement.dylib
0x00000001a2ffa000 	/System/Library/PrivateFrameworks/CoreAnalytics.framework/Versions/A/CoreAnalytics
0x00000001a3ad6000 	/System/Library/PrivateFrameworks/CoreAutoLayout.framework/Versions/A/CoreAutoLayout
0x00000001a4e7a000 	/System/Library/Frameworks/Metal.framework/Versions/A/Metal
0x00000001a5bf1000 	/usr/lib/liblangid.dylib
0x00000001a558e000 	/System/Library/PrivateFrameworks/CoreSVG.framework/Versions/A/CoreSVG
0x00000001a171c000 	/System/Library/PrivateFrameworks/SkyLight.framework/Versions/A/SkyLight
0x00000001a1af5000 	/System/Library/Frameworks/CoreGraphics.framework/Versions/A/CoreGraphics
0x00000001ad7e2000 	/System/Library/Frameworks/Accelerate.framework/Versions/A/Accelerate
0x00000001a7d77000 	/System/Library/PrivateFrameworks/IconServices.framework/Versions/A/IconServices
0x00000001a4e5c000 	/System/Library/Frameworks/IOSurface.framework/Versions/A/IOSurface
0x00000001a302b000 	/usr/lib/libDiagnosticMessagesClient.dylib
0x00000001b0ce3000 	/System/Library/Frameworks/ApplicationServices.framework/Versions/A/ApplicationServices
0x00000001a5571000 	/System/Library/PrivateFrameworks/DFRFoundation.framework/Versions/A/DFRFoundation
0x000000019e9ec000 	/usr/lib/libicucore.A.dylib
0x00000001a9cb6000 	/System/Library/Frameworks/AudioToolbox.framework/Versions/A/AudioToolbox
0x00000001a8e15000 	/System/Library/PrivateFrameworks/DataDetectorsCore.framework/Versions/A/DataDetectorsCore
0x00000001bf80f000 	/System/Library/PrivateFrameworks/TextInput.framework/Versions/A/TextInput
0x00000001a1691000 	/usr/lib/libMobileGestalt.dylib
0x00000001a523d000 	/System/Library/Frameworks/Carbon.framework/Versions/A/Frameworks/HIToolbox.framework/Versions/A/HIToolbox
0x00000001a34ab000 	/System/Library/Frameworks/QuartzCore.framework/Versions/A/QuartzCore
0x000000019e66d000 	/System/Library/Frameworks/Security.framework/Versions/A/Security
0x00000001ad156000 	/System/Library/Frameworks/Carbon.framework/Versions/A/Frameworks/SpeechRecognition.framework/Versions/A/SpeechRecognition
0x00000001a3829000 	/System/Library/PrivateFrameworks/CoreUI.framework/Versions/A/CoreUI
0x000000019df49000 	/System/Library/Frameworks/CoreAudio.framework/Versions/A/CoreAudio
0x00000001a311f000 	/System/Library/Frameworks/DiskArbitration.framework/Versions/A/DiskArbitration
0x00000001a870a000 	/System/Library/PrivateFrameworks/MultitouchSupport.framework/Versions/A/MultitouchSupport
0x00000001a168f000 	/usr/lib/libenergytrace.dylib
0x000000019f024000 	/System/Library/Frameworks/IOKit.framework/Versions/A/IOKit
0x00000001ad545000 	/System/Library/Frameworks/CoreServices.framework/Versions/A/CoreServices
0x00000001a3a63000 	/System/Library/PrivateFrameworks/PerformanceAnalysis.framework/Versions/A/PerformanceAnalysis
0x00000001fdc47000 	/System/Library/Frameworks/OpenGL.framework/Versions/A/OpenGL
0x00000001a6664000 	/System/Library/PrivateFrameworks/MobileKeyBag.framework/Versions/A/MobileKeyBag
0x00000001a2103000 	/System/Library/Frameworks/ColorSync.framework/Versions/A/ColorSync
0x000000019c5b4000 	/System/Library/Frameworks/CoreFoundation.framework/Versions/A/CoreFoundation
0x00000001a580d000 	/System/Library/Frameworks/CoreImage.framework/Versions/A/CoreImage
0x000000019dd6d000 	/System/Library/Frameworks/CoreText.framework/Versions/A/CoreText
0x00000001a55be000 	/System/Library/Frameworks/ImageIO.framework/Versions/A/ImageIO
0x00000001a70cf000 	/System/Library/PrivateFrameworks/SoftLinking.framework/Versions/A/SoftLinking
0x00000001a3b21000 	/usr/lib/libxml2.2.dylib
0x00000001a7368000 	/usr/lib/libcompression.dylib
0x00000001a8d65000 	/System/Library/PrivateFrameworks/TextureIO.framework/Versions/A/TextureIO
0x00000001a7a90000 	/usr/lib/libate.dylib
0x00000001a7955000 	/usr/lib/liblzma.5.dylib
0x000000019d1aa000 	/System/Library/Frameworks/SystemConfiguration.framework/Versions/A/SystemConfiguration
0x00000001a70cb000 	/usr/lib/libfakelink.dylib
0x00000001a11c1000 	/System/Library/Frameworks/CFNetwork.framework/Versions/A/CFNetwork
0x00000001a7211000 	/usr/lib/libarchive.2.dylib
0x00000001a5bed000 	/System/Library/PrivateFrameworks/AppleSystemInfo.framework/Versions/A/AppleSystemInfo
0x00000001a6777000 	/usr/lib/libbsm.0.dylib
0x00000001a072e000 	/usr/lib/libnetwork.dylib
0x00000001a7065000 	/usr/lib/system/libkxld.dylib
0x00000001a6391000 	/System/Library/PrivateFrameworks/IOMobileFramebuffer.framework/Versions/A/IOMobileFramebuffer
0x000000021b910000 	/usr/lib/libCoreEntitlements.dylib
0x00000001a6d9b000 	/System/Library/PrivateFrameworks/AppleFSCompression.framework/Versions/A/AppleFSCompression
0x00000001a675f000 	/usr/lib/libcoretls.dylib
0x00000001a796e000 	/usr/lib/libcoretls_cfhelpers.dylib
0x00000001a7363000 	/usr/lib/libpam.2.dylib
0x00000001a2a5f000 	/usr/lib/libsqlite3.dylib
0x00000001a79d7000 	/usr/lib/libxar.1.dylib
0x00000001a6dac000 	/usr/lib/libbz2.1.0.dylib
0x00000001a70d0000 	/usr/lib/libpcap.A.dylib
0x00000001a2e3f000 	/usr/lib/libdns_services.dylib
0x00000001a7336000 	/usr/lib/libapple_nghttp2.dylib
0x00000001a710d000 	/usr/lib/libiconv.2.dylib
0x00000001a705b000 	/usr/lib/libcharset.1.dylib
0x00000001a3a9f000 	/System/Library/Frameworks/CoreServices.framework/Versions/A/Frameworks/FSEvents.framework/Versions/A/FSEvents
0x000000019ecad000 	/System/Library/Frameworks/CoreServices.framework/Versions/A/Frameworks/CarbonCore.framework/Versions/A/CarbonCore
0x00000001a307f000 	/System/Library/Frameworks/CoreServices.framework/Versions/A/Frameworks/Metadata.framework/Versions/A/Metadata
0x00000001a6dbf000 	/System/Library/Frameworks/CoreServices.framework/Versions/A/Frameworks/OSServices.framework/Versions/A/OSServices
0x00000001a7297000 	/System/Library/Frameworks/CoreServices.framework/Versions/A/Frameworks/SearchKit.framework/Versions/A/SearchKit
0x00000001a2dce000 	/System/Library/Frameworks/CoreServices.framework/Versions/A/Frameworks/AE.framework/Versions/A/AE
0x000000019cafb000 	/System/Library/Frameworks/CoreServices.framework/Versions/A/Frameworks/LaunchServices.framework/Versions/A/LaunchServices
0x00000001a78fe000 	/System/Library/Frameworks/CoreServices.framework/Versions/A/Frameworks/DictionaryServices.framework/Versions/A/DictionaryServices
0x00000001a3aac000 	/System/Library/Frameworks/CoreServices.framework/Versions/A/Frameworks/SharedFileList.framework/Versions/A/SharedFileList
0x00000001a674f000 	/usr/lib/libCheckFix.dylib
0x00000001a1700000 	/System/Library/PrivateFrameworks/TCC.framework/Versions/A/TCC
0x00000001a5bf3000 	/System/Library/PrivateFrameworks/CoreNLP.framework/Versions/A/CoreNLP
0x00000001a302e000 	/System/Library/PrivateFrameworks/MetadataUtilities.framework/Versions/A/MetadataUtilities
0x000000019d264000 	/usr/lib/libmecabra.dylib
0x00000001a6788000 	/usr/lib/libmecab.dylib
0x000000019d230000 	/usr/lib/libCRFSuite.dylib
0x00000001a67e5000 	/usr/lib/libgermantok.dylib
0x00000001a730f000 	/usr/lib/libThaiTokenizer.dylib
0x00000001a3127000 	/System/Library/Frameworks/Accelerate.framework/Versions/A/Frameworks/vImage.framework/Versions/A/vImage
0x00000001ad51c000 	/System/Library/Frameworks/Accelerate.framework/Versions/A/Frameworks/vecLib.framework/Versions/A/vecLib
0x00000001a7a1c000 	/System/Library/Frameworks/Accelerate.framework/Versions/A/Frameworks/vecLib.framework/Versions/A/libvMisc.dylib
0x00000001a6298000 	/System/Library/Frameworks/Accelerate.framework/Versions/A/Frameworks/vecLib.framework/Versions/A/libvDSP.dylib
0x000000019ce85000 	/System/Library/Frameworks/Accelerate.framework/Versions/A/Frameworks/vecLib.framework/Versions/A/libBLAS.dylib
0x00000001a7439000 	/System/Library/Frameworks/Accelerate.framework/Versions/A/Frameworks/vecLib.framework/Versions/A/libLAPACK.dylib
0x00000001a67e8000 	/System/Library/Frameworks/Accelerate.framework/Versions/A/Frameworks/vecLib.framework/Versions/A/libLinearAlgebra.dylib
0x00000001a734e000 	/System/Library/Frameworks/Accelerate.framework/Versions/A/Frameworks/vecLib.framework/Versions/A/libSparseBLAS.dylib
0x00000001a7434000 	/System/Library/Frameworks/Accelerate.framework/Versions/A/Frameworks/vecLib.framework/Versions/A/libQuadrature.dylib
0x00000001a5cec000 	/System/Library/Frameworks/Accelerate.framework/Versions/A/Frameworks/vecLib.framework/Versions/A/libBNNS.dylib
0x000000019d143000 	/System/Library/Frameworks/Accelerate.framework/Versions/A/Frameworks/vecLib.framework/Versions/A/libSparse.dylib
0x00000001a5ce4000 	/System/Library/PrivateFrameworks/LinguisticData.framework/Versions/A/LinguisticData
0x000000019d0fb000 	/System/Library/PrivateFrameworks/Lexicon.framework/Versions/A/Lexicon
0x00000001a7a14000 	/usr/lib/libChineseTokenizer.dylib
0x000000019d8a9000 	/System/Library/PrivateFrameworks/LanguageModeling.framework/Versions/A/LanguageModeling
0x00000001a7311000 	/System/Library/PrivateFrameworks/AppleSauce.framework/Versions/A/AppleSauce
0x00000001a637e000 	/System/Library/PrivateFrameworks/CoreEmoji.framework/Versions/A/CoreEmoji
0x00000001a71ff000 	/usr/lib/libcmph.dylib
0x00000001a3a7f000 	/System/Library/Frameworks/OpenDirectory.framework/Versions/A/Frameworks/CFOpenDirectory.framework/Versions/A/CFOpenDirectory
0x00000001a3a6f000 	/System/Library/Frameworks/OpenDirectory.framework/Versions/A/OpenDirectory
0x00000001a7970000 	/System/Library/PrivateFrameworks/APFS.framework/Versions/A/APFS
0x00000001a669f000 	/System/Library/Frameworks/SecurityFoundation.framework/Versions/A/SecurityFoundation
0x00000001a79e6000 	/usr/lib/libutil.dylib
0x000000019efe6000 	/System/Library/PrivateFrameworks/CoreServicesStore.framework/Versions/A/CoreServicesStore
0x00000001a79ea000 	/usr/lib/libxslt.1.dylib
0x00000001a6733000 	/System/Library/PrivateFrameworks/BackgroundTaskManagement.framework/Versions/A/BackgroundTaskManagement
0x00000001a8c86000 	/System/Library/Frameworks/ImageIO.framework/Versions/A/Resources/libRadiance.dylib
0x00000001a8c8f000 	/System/Library/Frameworks/ImageIO.framework/Versions/A/Resources/libJPEG.dylib
0x00000001a8be2000 	/System/Library/Frameworks/ImageIO.framework/Versions/A/Resources/libPng.dylib
0x00000001a8c04000 	/System/Library/Frameworks/ImageIO.framework/Versions/A/Resources/libTIFF.dylib
0x00000001a8cea000 	/System/Library/Frameworks/ImageIO.framework/Versions/A/Resources/libGIF.dylib
0x00000001a861a000 	/System/Library/Frameworks/ImageIO.framework/Versions/A/Resources/libJP2.dylib
0x00000001a7d3c000 	/usr/lib/libexpat.1.dylib
0x00000001a85d5000 	/System/Library/PrivateFrameworks/AppleJPEG.framework/Versions/A/AppleJPEG
0x00000001a50f9000 	/System/Library/PrivateFrameworks/FontServices.framework/libFontParser.dylib
0x00000001a2d73000 	/System/Library/PrivateFrameworks/RunningBoardServices.framework/Versions/A/RunningBoardServices
0x00000001b3618000 	/System/Library/PrivateFrameworks/IOSurfaceAccelerator.framework/Versions/A/IOSurfaceAccelerator
0x00000001a8706000 	/System/Library/PrivateFrameworks/WatchdogClient.framework/Versions/A/WatchdogClient
0x000000019d9a9000 	/System/Library/Frameworks/CoreDisplay.framework/Versions/A/CoreDisplay
0x00000001a4fe3000 	/System/Library/Frameworks/CoreMedia.framework/Versions/A/CoreMedia
0x00000001a4e70000 	/System/Library/PrivateFrameworks/IOAccelerator.framework/Versions/A/IOAccelerator
0x00000001a3c0f000 	/System/Library/Frameworks/CoreVideo.framework/Versions/A/CoreVideo
0x00000001a7361000 	/System/Library/Frameworks/MetalPerformanceShaders.framework/Versions/A/MetalPerformanceShaders
0x00000001a8745000 	/System/Library/Frameworks/VideoToolbox.framework/Versions/A/VideoToolbox
0x00000001a2cb7000 	/System/Library/PrivateFrameworks/BaseBoard.framework/Versions/A/BaseBoard
0x00000001a2a45000 	/System/Library/PrivateFrameworks/ProtocolBuffer.framework/Versions/A/ProtocolBuffer
0x00000001a8c81000 	/System/Library/PrivateFrameworks/GPUWrangler.framework/Versions/A/GPUWrangler
0x00000001a8c61000 	/System/Library/PrivateFrameworks/IOPresentment.framework/Versions/A/IOPresentment
0x00000001a8c89000 	/System/Library/PrivateFrameworks/DSExternalDisplay.framework/Versions/A/DSExternalDisplay
0x00000001fdc3a000 	/System/Library/Frameworks/OpenGL.framework/Versions/A/Libraries/libCoreFSCache.dylib
0x0000000208400000 	/System/Library/PrivateFrameworks/GPUCompiler.framework/Versions/31001/Libraries/libGPUCompilerUtils.dylib
0x00000001a8cef000 	/System/Library/PrivateFrameworks/CMCaptureCore.framework/Versions/A/CMCaptureCore
0x00000001a82ed000 	/System/Library/PrivateFrameworks/AppServerSupport.framework/Versions/A/AppServerSupport
0x00000001aa573000 	/System/Library/PrivateFrameworks/perfdata.framework/Versions/A/perfdata
0x000000019dac9000 	/System/Library/PrivateFrameworks/AudioToolboxCore.framework/Versions/A/AudioToolboxCore
0x00000001a4fbc000 	/System/Library/PrivateFrameworks/caulk.framework/Versions/A/caulk
0x00000001a9e68000 	/usr/lib/libAudioStatistics.dylib
0x00000001bbe67000 	/System/Library/PrivateFrameworks/SystemPolicy.framework/Versions/A/SystemPolicy
0x00000001aa0d4000 	/usr/lib/libSMC.dylib
0x00000001b2e20000 	/System/Library/Frameworks/CoreMIDI.framework/Versions/A/CoreMIDI
0x00000001a8bb0000 	/usr/lib/libAudioToolboxUtility.dylib
0x00000001b7fd7000 	/System/Library/PrivateFrameworks/OSAServicesClient.framework/Versions/A/OSAServicesClient
0x00000001aa580000 	/usr/lib/libperfcheck.dylib
0x00000001bc983000 	/usr/lib/libmis.dylib
0x00000001fdc9c000 	/System/Library/Frameworks/OpenGL.framework/Versions/A/Libraries/libGLU.dylib
0x00000001fdc5b000 	/System/Library/Frameworks/OpenGL.framework/Versions/A/Libraries/libGFXShared.dylib
0x00000001fde48000 	/System/Library/Frameworks/OpenGL.framework/Versions/A/Libraries/libGL.dylib
0x00000001fdc64000 	/System/Library/Frameworks/OpenGL.framework/Versions/A/Libraries/libGLImage.dylib
0x00000001fdc58000 	/System/Library/Frameworks/OpenGL.framework/Versions/A/Libraries/libCVMSPluginSupport.dylib
0x00000001fdc41000 	/System/Library/Frameworks/OpenGL.framework/Versions/A/Libraries/libCoreVMClient.dylib
0x00000001a5b6d000 	/System/Library/Frameworks/MetalPerformanceShaders.framework/Versions/A/Frameworks/MPSCore.framework/Versions/A/MPSCore
0x00000001a6d0e000 	/System/Library/Frameworks/MetalPerformanceShaders.framework/Versions/A/Frameworks/MPSImage.framework/Versions/A/MPSImage
0x00000001a67fd000 	/System/Library/Frameworks/MetalPerformanceShaders.framework/Versions/A/Frameworks/MPSNeuralNetwork.framework/Versions/A/MPSNeuralNetwork
0x00000001a6c36000 	/System/Library/Frameworks/MetalPerformanceShaders.framework/Versions/A/Frameworks/MPSMatrix.framework/Versions/A/MPSMatrix
0x00000001a6a0f000 	/System/Library/Frameworks/MetalPerformanceShaders.framework/Versions/A/Frameworks/MPSRayIntersector.framework/Versions/A/MPSRayIntersector
0x00000001a6c67000 	/System/Library/Frameworks/MetalPerformanceShaders.framework/Versions/A/Frameworks/MPSNDArray.framework/Versions/A/MPSNDArray
0x0000000200063000 	/System/Library/Frameworks/MetalPerformanceShaders.framework/Versions/A/Frameworks/MPSFunctions.framework/Versions/A/MPSFunctions
0x000000019cd5c000 	/System/Library/PrivateFrameworks/MetalTools.framework/Versions/A/MetalTools
0x00000001a5beb000 	/System/Library/PrivateFrameworks/AggregateDictionary.framework/Versions/A/AggregateDictionary
0x00000001a7b21000 	/usr/lib/libIOReport.dylib
0x00000001b1e3d000 	/System/Library/PrivateFrameworks/ASEProcessing.framework/Versions/A/ASEProcessing
0x00000001a7e96000 	/System/Library/PrivateFrameworks/FaceCore.framework/Versions/A/FaceCore
0x00000001a7e88000 	/System/Library/PrivateFrameworks/GraphVisualizer.framework/Versions/A/GraphVisualizer
0x0000000208317000 	/System/Library/PrivateFrameworks/FontServices.framework/Versions/A/FontServices
0x00000001a82a9000 	/System/Library/PrivateFrameworks/OTSVG.framework/Versions/A/OTSVG
0x00000001a37d9000 	/System/Library/Frameworks/ApplicationServices.framework/Versions/A/Frameworks/ATS.framework/Versions/A/Resources/libFontRegistry.dylib
0x00000001a82f6000 	/System/Library/PrivateFrameworks/FontServices.framework/libhvf.dylib
0x0000000208318000 	/System/Library/PrivateFrameworks/FontServices.framework/libXTFontStaticRegistryData.dylib
0x00000001fdfe9000 	/System/Library/Frameworks/OpenCL.framework/Versions/A/OpenCL
0x00000001a7cf0000 	/System/Library/PrivateFrameworks/AppleVA.framework/Versions/A/AppleVA
0x00000001a9e90000 	/System/Library/Frameworks/ApplicationServices.framework/Versions/A/Frameworks/ATS.framework/Versions/A/ATS
0x00000001a2202000 	/System/Library/Frameworks/ApplicationServices.framework/Versions/A/Frameworks/HIServices.framework/Versions/A/HIServices
0x00000001a8cf9000 	/System/Library/Frameworks/ApplicationServices.framework/Versions/A/Frameworks/PrintCore.framework/Versions/A/PrintCore
0x00000001aa227000 	/System/Library/Frameworks/ApplicationServices.framework/Versions/A/Frameworks/QD.framework/Versions/A/QD
0x00000001aa21f000 	/System/Library/Frameworks/ApplicationServices.framework/Versions/A/Frameworks/ColorSyncLegacy.framework/Versions/A/ColorSyncLegacy
0x00000001a9e7c000 	/System/Library/Frameworks/ApplicationServices.framework/Versions/A/Frameworks/SpeechSynthesis.framework/Versions/A/SpeechSynthesis
0x00000001a8cba000 	/System/Library/Frameworks/ApplicationServices.framework/Versions/A/Frameworks/ATSUI.framework/Versions/A/ATSUI
0x00000001aa1b4000 	/usr/lib/libcups.2.dylib
0x00000001aa58e000 	/System/Library/Frameworks/Kerberos.framework/Versions/A/Kerberos
0x00000001aa59f000 	/System/Library/Frameworks/GSS.framework/Versions/A/GSS
0x00000001a9f00000 	/usr/lib/libresolv.9.dylib
0x00000001a8305000 	/System/Library/PrivateFrameworks/Heimdal.framework/Versions/A/Heimdal
0x00000001b1073000 	/System/Library/Frameworks/Kerberos.framework/Versions/A/Libraries/libHeimdalProxy.dylib
0x00000001a2e51000 	/System/Library/Frameworks/Network.framework/Versions/A/Network
0x00000001a7d57000 	/usr/lib/libheimdal-asn1.dylib
0x00000001aa5ef000 	/System/Library/PrivateFrameworks/CommonAuth.framework/Versions/A/CommonAuth
0x00000001a9df6000 	/System/Library/PrivateFrameworks/AudioSession.framework/Versions/A/AudioSession
0x00000001a7de9000 	/System/Library/PrivateFrameworks/MediaExperience.framework/Versions/A/MediaExperience
0x00000001a9c7c000 	/System/Library/PrivateFrameworks/AudioSession.framework/libSessionUtility.dylib
0x00000001aa233000 	/System/Library/PrivateFrameworks/AudioResourceArbitration.framework/Versions/A/AudioResourceArbitration
0x00000001ae3f9000 	/System/Library/PrivateFrameworks/PowerLog.framework/Versions/A/PowerLog
0x00000001a7d61000 	/System/Library/PrivateFrameworks/IconFoundation.framework/Versions/A/IconFoundation
0x00000001ad142000 	/System/Library/PrivateFrameworks/SpeechRecognitionCore.framework/Versions/A/SpeechRecognitionCore
0x0000000101dcc000 	/Library/Java/JavaVirtualMachines/temurin-17.jdk/Contents/Home/lib/server/libjvm.dylib
0x0000000100de0000 	/Library/Java/JavaVirtualMachines/temurin-17.jdk/Contents/Home/lib/libjimage.dylib
0x0000000100e0c000 	/Library/Java/JavaVirtualMachines/temurin-17.jdk/Contents/Home/lib/libinstrument.dylib
0x0000000100e58000 	/Library/Java/JavaVirtualMachines/temurin-17.jdk/Contents/Home/lib/libjava.dylib
0x0000000101d0c000 	/Library/Java/JavaVirtualMachines/temurin-17.jdk/Contents/Home/lib/libnio.dylib
0x0000000101d2c000 	/Library/Java/JavaVirtualMachines/temurin-17.jdk/Contents/Home/lib/libnet.dylib
0x0000000100e3c000 	/Library/Java/JavaVirtualMachines/temurin-17.jdk/Contents/Home/lib/libzip.dylib
0x0000000101d50000 	/Users/abheektripathy/.openjfx/cache/17.0.1/libprism_es2.dylib
0x000000019efa9000 	/System/Library/PrivateFrameworks/CoreServicesInternal.framework/Versions/A/CoreServicesInternal
0x00000001fde52000 	/System/Library/Frameworks/OpenGL.framework/Versions/A/Resources/GLEngine.bundle/GLEngine
0x00000001fdcda000 	/System/Library/Frameworks/OpenGL.framework/Versions/A/Libraries/libGLProgrammability.dylib
0x000000011fd40000 	/System/Library/Extensions/AppleMetalOpenGLRenderer.bundle/Contents/MacOS/AppleMetalOpenGLRenderer
0x00000001fdfc1000 	/System/Library/Frameworks/OpenGL.framework/Versions/A/Resources/GLRendererFloat.bundle/GLRendererFloat
0x00000001fe0c1000 	/System/Library/Extensions/AGXMetal13_3.bundle/Contents/MacOS/AGXMetal13_3
0x00000001bc99f000 	/System/Library/PrivateFrameworks/GPURawCounter.framework/Versions/A/GPURawCounter
0x00000001b7140000 	/System/Library/PrivateFrameworks/IOGPU.framework/Versions/A/IOGPU
0x000000011fcd4000 	/Users/abheektripathy/.openjfx/cache/17.0.1/libglass.dylib
0x00000001ae651000 	/System/Library/Frameworks/FileProvider.framework/Versions/A/FileProvider
0x00000001a2c1f000 	/System/Library/Frameworks/Accounts.framework/Versions/A/Accounts
0x00000001ae7d5000 	/System/Library/PrivateFrameworks/GenerationalStorage.framework/Versions/A/GenerationalStorage
0x00000001af398000 	/System/Library/PrivateFrameworks/CoreSymbolication.framework/Versions/A/CoreSymbolication
0x00000001ae3ed000 	/System/Library/PrivateFrameworks/SymptomDiagnosticReporter.framework/Versions/A/SymptomDiagnosticReporter
0x00000001a0299000 	/System/Library/PrivateFrameworks/DesktopServicesPriv.framework/Versions/A/DesktopServicesPriv
0x000000019f10b000 	/usr/lib/libsandbox.1.dylib
0x00000001a3c9d000 	/System/Library/PrivateFrameworks/UserManagement.framework/Versions/A/UserManagement
0x00000001af355000 	/System/Library/PrivateFrameworks/DebugSymbols.framework/Versions/A/DebugSymbols
0x00000001aa212000 	/System/Library/PrivateFrameworks/NetAuth.framework/Versions/A/NetAuth
0x00000001ab133000 	/System/Library/PrivateFrameworks/Sharing.framework/Versions/A/Sharing
0x00000001a3c6d000 	/System/Library/PrivateFrameworks/login.framework/Versions/A/Frameworks/loginsupport.framework/Versions/A/loginsupport
0x00000001b058a000 	/System/Library/PrivateFrameworks/Apple80211.framework/Versions/A/Apple80211
0x00000001a6df2000 	/System/Library/PrivateFrameworks/AuthKit.framework/Versions/A/AuthKit
0x00000001a647a000 	/System/Library/PrivateFrameworks/CoreUtils.framework/Versions/A/CoreUtils
0x00000001a639d000 	/System/Library/Frameworks/CoreWLAN.framework/Versions/A/CoreWLAN
0x00000001ab2a3000 	/System/Library/Frameworks/IOBluetooth.framework/Versions/A/IOBluetooth
0x00000001b05ea000 	/System/Library/PrivateFrameworks/CoreWiFi.framework/Versions/A/CoreWiFi
0x00000001aef35000 	/System/Library/PrivateFrameworks/FrontBoardServices.framework/Versions/A/FrontBoardServices
0x00000001aefcd000 	/System/Library/PrivateFrameworks/BoardServices.framework/Versions/A/BoardServices
0x00000001a668d000 	/System/Library/PrivateFrameworks/AssertionServices.framework/Versions/A/AssertionServices
0x00000001b0767000 	/System/Library/PrivateFrameworks/BackBoardServices.framework/Versions/A/BackBoardServices
0x00000001aa686000 	/System/Library/PrivateFrameworks/CorePhoneNumbers.framework/Versions/A/CorePhoneNumbers
0x00000001a9f2d000 	/System/Library/PrivateFrameworks/MultiverseSupport.framework/Versions/A/MultiverseSupport
0x00000001b09e8000 	/System/Library/PrivateFrameworks/RemoteServiceDiscovery.framework/Versions/A/RemoteServiceDiscovery
0x00000001ae51d000 	/System/Library/PrivateFrameworks/DiskManagement.framework/Versions/A/DiskManagement
0x00000001ae420000 	/System/Library/PrivateFrameworks/AppleIDAuthSupport.framework/Versions/A/AppleIDAuthSupport
0x000000020289f000 	/System/Library/PrivateFrameworks/AAAFoundation.framework/Versions/A/AAAFoundation
0x00000001aa665000 	/System/Library/PrivateFrameworks/KeychainCircle.framework/Versions/A/KeychainCircle
0x00000001b09f8000 	/System/Library/PrivateFrameworks/RemoteXPC.framework/Versions/A/RemoteXPC
0x00000001ae4e9000 	/System/Library/PrivateFrameworks/MediaKit.framework/Versions/A/MediaKit
0x00000001ae42d000 	/System/Library/Frameworks/DiscRecording.framework/Versions/A/DiscRecording
0x00000001a7c6c000 	/usr/lib/libCoreStorage.dylib
0x00000001b0a64000 	/usr/lib/libcsfde.dylib
0x00000001ab378000 	/System/Library/PrivateFrameworks/ProtectedCloudStorage.framework/Versions/A/ProtectedCloudStorage
0x00000001b0a5c000 	/System/Library/PrivateFrameworks/EFILogin.framework/Versions/A/EFILogin
0x00000001ae7fc000 	/System/Library/PrivateFrameworks/OctagonTrust.framework/Versions/A/OctagonTrust
0x000000020749e000 	/System/Library/PrivateFrameworks/CoreUtilsExtras.framework/Versions/A/CoreUtilsExtras
0x00000001ae352000 	/System/Library/Frameworks/CoreBluetooth.framework/Versions/A/CoreBluetooth
0x00000001b10f8000 	/System/Library/Frameworks/AudioUnit.framework/Versions/A/AudioUnit
0x00000001a7c64000 	/usr/lib/libMatch.1.dylib
0x00000001c0e85000 	/System/Library/Frameworks/Accelerate.framework/Versions/A/Frameworks/vImage.framework/Versions/A/Libraries/libCGInterfaces.dylib
0x000000012bde4000 	/usr/lib/libobjc-trampolines.dylib
0x000000021ba6d000 	/usr/lib/libRosetta.dylib
0x00000001a3967000 	/System/Library/PrivateFrameworks/ViewBridge.framework/Versions/A/ViewBridge
0x00000001a83c8000 	/System/Library/PrivateFrameworks/login.framework/Versions/A/login
0x00000001a7b2a000 	/System/Library/PrivateFrameworks/CrashReporterSupport.framework/Versions/A/CrashReporterSupport
0x00000001c8928000 	/System/Library/PrivateFrameworks/OSAnalytics.framework/Versions/A/OSAnalytics
0x00000001d3c74000 	/System/Library/PrivateFrameworks/Symbolication.framework/Versions/A/Symbolication
0x00000001bc960000 	/System/Library/PrivateFrameworks/MallocStackLogging.framework/Versions/A/MallocStackLogging
0x00000001597b0000 	/Users/abheektripathy/.openjfx/cache/17.0.1/libjavafx_font.dylib
0x000000015c000000 	/Users/abheektripathy/.openjfx/cache/17.0.1/libglib-lite.dylib
0x000000015c14c000 	/Users/abheektripathy/.openjfx/cache/17.0.1/libgstreamer-lite.dylib
0x000000015b600000 	/Users/abheektripathy/.openjfx/cache/17.0.1/libjfxmedia.dylib
0x000000015b290000 	/Users/abheektripathy/.openjfx/cache/17.0.1/libjfxmedia_avf.dylib
0x00000001bbc73000 	/System/Library/Frameworks/AVFoundation.framework/Versions/A/AVFoundation
0x00000001fec29000 	/System/Library/Frameworks/AVFAudio.framework/Versions/A/AVFAudio
0x00000001aed15000 	/System/Library/PrivateFrameworks/AVFCore.framework/Versions/A/AVFCore
0x00000001b5f83000 	/System/Library/PrivateFrameworks/AVFCapture.framework/Versions/A/AVFCapture
0x00000001ba83f000 	/System/Library/PrivateFrameworks/AirPlaySync.framework/Versions/A/AirPlaySync
0x00000001a8f00000 	/System/Library/Frameworks/MediaToolbox.framework/Versions/A/MediaToolbox
0x00000001ae61d000 	/System/Library/PrivateFrameworks/CoreAVCHD.framework/Versions/A/CoreAVCHD
0x00000001ad82d000 	/System/Library/Frameworks/MediaAccessibility.framework/Versions/A/MediaAccessibility
0x00000001ae619000 	/System/Library/PrivateFrameworks/Mangrove.framework/Versions/A/Mangrove
0x00000001ad83a000 	/System/Library/PrivateFrameworks/AlgosScoreFramework.framework/Versions/A/AlgosScoreFramework
0x0000000204580000 	/System/Library/PrivateFrameworks/CMPhoto.framework/Versions/A/CMPhoto
0x00000001ae60d000 	/System/Library/PrivateFrameworks/CoreAUC.framework/Versions/A/CoreAUC
0x0000000204566000 	/System/Library/PrivateFrameworks/CMImaging.framework/Versions/A/CMImaging
0x00000001b60dd000 	/System/Library/PrivateFrameworks/Quagga.framework/Versions/A/Quagga
0x00000001b61a1000 	/System/Library/PrivateFrameworks/CMCapture.framework/Versions/A/CMCapture
0x00000001a9ff1000 	/System/Library/Frameworks/CoreMediaIO.framework/Versions/A/CoreMediaIO
0x00000001b1234000 	/System/Library/PrivateFrameworks/Espresso.framework/Versions/A/Espresso
0x00000001b0ae2000 	/System/Library/PrivateFrameworks/AppSupport.framework/Versions/A/AppSupport
0x00000001e2926000 	/System/Library/PrivateFrameworks/ANECompiler.framework/Versions/A/ANECompiler
0x00000001b2da0000 	/System/Library/PrivateFrameworks/AppleNeuralEngine.framework/Versions/A/AppleNeuralEngine
0x000000020ae4a000 	/System/Library/PrivateFrameworks/MIL.framework/Versions/A/MIL
0x0000000200077000 	/System/Library/Frameworks/MetalPerformanceShadersGraph.framework/Versions/A/MetalPerformanceShadersGraph
0x00000001b1cbe000 	/System/Library/PrivateFrameworks/ANEServices.framework/Versions/A/ANEServices
0x00000001c0731000 	/usr/lib/libncurses.5.4.dylib
0x000000015b2b4000 	/Users/abheektripathy/.openjfx/cache/17.0.1/libfxplugins.dylib
0x0000000202076000 	/System/Library/Frameworks/VideoDecodeAcceleration.framework/Versions/A/VideoDecodeAcceleration
0x000000015b640000 	/System/Library/Components/CoreAudio.component/Contents/MacOS/CoreAudio
0x000000015dc00000 	/System/Library/Components/AudioCodecs.component/Contents/MacOS/AudioCodecs


VM Arguments:
jvm_args: -javaagent:/Applications/IntelliJ IDEA CE.app/Contents/lib/idea_rt.jar=49861:/Applications/IntelliJ IDEA CE.app/Contents/bin -Dfile.encoding=UTF-8 --module-path=/Users/abheektripathy/IdeaProjects/ZeusFx-MP/target/classes:/Users/abheektripathy/.m2/repository/org/openjfx/javafx-controls/17.0.1/javafx-controls-17.0.1-mac-aarch64.jar:/Users/abheektripathy/.m2/repository/org/openjfx/javafx-fxml/17.0.1/javafx-fxml-17.0.1-mac-aarch64.jar:/Users/abheektripathy/.m2/repository/org/openjfx/javafx-base/17.0.1/javafx-base-17.0.1-mac-aarch64.jar:/Users/abheektripathy/.m2/repository/org/openjfx/javafx-graphics/17.0.1/javafx-graphics-17.0.1-mac-aarch64.jar:/Users/abheektripathy/.m2/repository/org/openjfx/javafx-media/17.0.1/javafx-media-17.0.1-mac-aarch64.jar -Djdk.module.main=com.tripathy.zeusfxmp 
java_command: com.tripathy.zeusfxmp/com.tripathy.zeusfxmp.HelloApplication
java_class_path (initial): /Users/abheektripathy/.m2/repository/org/openjfx/javafx-controls/17.0.1/javafx-controls-17.0.1.jar:/Users/abheektripathy/.m2/repository/org/openjfx/javafx-graphics/17.0.1/javafx-graphics-17.0.1.jar:/Users/abheektripathy/.m2/repository/org/openjfx/javafx-base/17.0.1/javafx-base-17.0.1.jar:/Users/abheektripathy/.m2/repository/org/openjfx/javafx-fxml/17.0.1/javafx-fxml-17.0.1.jar:/Users/abheektripathy/.m2/repository/org/openjfx/javafx-media/17.0.1/javafx-media-17.0.1.jar
Launcher Type: SUN_STANDARD

[Global flags]
     intx CICompilerCount                          = 4                                         {product} {ergonomic}
     uint ConcGCThreads                            = 2                                         {product} {ergonomic}
     uint G1ConcRefinementThreads                  = 8                                         {product} {ergonomic}
   size_t G1HeapRegionSize                         = 1048576                                   {product} {ergonomic}
    uintx GCDrainStackTargetSize                   = 64                                        {product} {ergonomic}
   size_t InitialHeapSize                          = 134217728                                 {product} {ergonomic}
   size_t MarkStackSize                            = 4194304                                   {product} {ergonomic}
   size_t MaxHeapSize                              = 2147483648                                {product} {ergonomic}
   size_t MaxNewSize                               = 1287651328                                {product} {ergonomic}
   size_t MinHeapDeltaBytes                        = 1048576                                   {product} {ergonomic}
   size_t MinHeapSize                              = 8388608                                   {product} {ergonomic}
    uintx NonNMethodCodeHeapSize                   = 5839564                                {pd product} {ergonomic}
    uintx NonProfiledCodeHeapSize                  = 122909338                              {pd product} {ergonomic}
    uintx ProfiledCodeHeapSize                     = 122909338                              {pd product} {ergonomic}
    uintx ReservedCodeCacheSize                    = 251658240                              {pd product} {ergonomic}
     bool SegmentedCodeCache                       = true                                      {product} {ergonomic}
   size_t SoftMaxHeapSize                          = 2147483648                             {manageable} {ergonomic}
     bool UseCompressedClassPointers               = true                           {product lp64_product} {ergonomic}
     bool UseCompressedOops                        = true                           {product lp64_product} {ergonomic}
     bool UseG1GC                                  = true                                      {product} {ergonomic}
     bool UseNUMA                                  = false                                     {product} {ergonomic}
     bool UseNUMAInterleaving                      = false                                     {product} {ergonomic}

Logging:
Log output configuration:
 #0: stdout all=warning uptime,level,tags
 #1: stderr all=off uptime,level,tags

Environment Variables:
PATH=/Library/Frameworks/Python.framework/Versions/3.10/bin:/usr/local/bin:/usr/bin:/bin:/usr/sbin:/sbin:/Library/Apple/usr/bin
SHELL=/bin/zsh
LC_CTYPE=en_IN.UTF-8

Signal Handlers:
   SIGSEGV: _ZL13crash_handleriP9__siginfoPv in libjvm.dylib, mask=11100110000111110111111111111111, flags=SA_RESTART|SA_SIGINFO
    SIGBUS: _ZL13crash_handleriP9__siginfoPv in libjvm.dylib, mask=11100110000111110111111111111111, flags=SA_RESTART|SA_SIGINFO
    SIGFPE: _ZL13crash_handleriP9__siginfoPv in libjvm.dylib, mask=11100110000111110111111111111111, flags=SA_RESTART|SA_SIGINFO
   SIGPIPE: _ZL17javaSignalHandleriP9__siginfoPv in libjvm.dylib, mask=11100110000111110111111111111111, flags=SA_RESTART|SA_SIGINFO
   SIGXFSZ: _ZL17javaSignalHandleriP9__siginfoPv in libjvm.dylib, mask=11100110000111110111111111111111, flags=SA_RESTART|SA_SIGINFO
    SIGILL: _ZL13crash_handleriP9__siginfoPv in libjvm.dylib, mask=11100110000111110111111111111111, flags=SA_RESTART|SA_SIGINFO
   SIGUSR2: _ZL10SR_handleriP9__siginfoP17__darwin_ucontext in libjvm.dylib, mask=00100000000000000000000000000000, flags=SA_RESTART|SA_SIGINFO
    SIGHUP: _ZL11UserHandleriPvS_ in libjvm.dylib, mask=11100110000111110111111111111111, flags=SA_RESTART|SA_SIGINFO
    SIGINT: _ZL11UserHandleriPvS_ in libjvm.dylib, mask=11100110000111110111111111111111, flags=SA_RESTART|SA_SIGINFO
   SIGTERM: _ZL11UserHandleriPvS_ in libjvm.dylib, mask=11100110000111110111111111111111, flags=SA_RESTART|SA_SIGINFO
   SIGQUIT: _ZL11UserHandleriPvS_ in libjvm.dylib, mask=11100110000111110111111111111111, flags=SA_RESTART|SA_SIGINFO
   SIGTRAP: _ZL13crash_handleriP9__siginfoPv in libjvm.dylib, mask=11100110000111110111111111111111, flags=SA_RESTART|SA_SIGINFO


---------------  S Y S T E M  ---------------

OS:
uname: Darwin 21.5.0 Darwin Kernel Version 21.5.0: Tue Apr 26 21:08:29 PDT 2022; root:xnu-8020.121.3~4/RELEASE_ARM64_T8101 arm64
OS uptime: 0 days 1:19 hours
rlimit (soft/hard): STACK 8176k/65520k , CORE 0k/infinity , NPROC 1333/2000 , NOFILE 10240/infinity , AS infinity/infinity , CPU infinity/infinity , DATA infinity/infinity , FSIZE infinity/infinity , MEMLOCK infinity/infinity , RSS infinity/infinity
load average: 1.31 2.25 3.18

CPU: total 8 (initial active 8) 0x61:0x0:0x1b588bb3:0, fp, simd, crc, lse

Memory: 16k page, physical 8388608k(153152k free), swap 1048576k(1029376k free)

vm_info: OpenJDK 64-Bit Server VM (17.0.2+8) for bsd-aarch64 JRE (17.0.2+8), built on Jan 20 2022 10:58:36 by "jenkins" with clang Apple LLVM 12.0.0 (clang-1200.0.32.29)

END.
